#
# There is insufficient memory for the Java Runtime Environment to continue.
# Native memory allocation (mmap) failed to map 251658240 bytes for committing reserved memory.
# Possible reasons:
#   The system is out of physical RAM or swap space
#   In 32 bit mode, the process size limit was hit
# Possible solutions:
#   Reduce memory load on the system
#   Increase physical memory or swap space
#   Check if swap backing store is full
#   Use 64 bit Java on a 64 bit OS
#   Decrease Java heap size (-Xmx/-Xms)
#   Decrease number of Java threads
#   Decrease Java thread stack sizes (-Xss)
#   Set larger code cache with -XX:ReservedCodeCacheSize=
# This output file may be truncated or incomplete.
#
#  Out of Memory Error (os_linux.cpp:2630), pid=12709, tid=140321121801984
#
# JRE version: OpenJDK Runtime Environment (8.0_91-b14) (build 1.8.0_91-8u91-b14-3ubuntu1~16.04.1-b14)
# Java VM: OpenJDK 64-Bit Server VM (25.91-b14 mixed mode linux-amd64 compressed oops)
# Failed to write core dump. Core dumps have been disabled. To enable core dumping, try "ulimit -c unlimited" before starting Java again
#

---------------  T H R E A D  ---------------

Current thread (0x00007f9f44080800):  VMThread [stack: 0x00007f9f0e8e9000,0x00007f9f0e9ea000] [id=12723]

Stack: [0x00007f9f0e8e9000,0x00007f9f0e9ea000],  sp=0x00007f9f0e9e84c0,  free space=1021k
Native frames: (J=compiled Java code, j=interpreted, Vv=VM code, C=native code)
V  [libjvm.so+0xa5de1b]
V  [libjvm.so+0x4c178c]
V  [libjvm.so+0x8ae9d0]
V  [libjvm.so+0x8a8e4e]
V  [libjvm.so+0x922f46]
V  [libjvm.so+0x924273]
V  [libjvm.so+0x920923]
V  [libjvm.so+0x920bec]
V  [libjvm.so+0x8d3263]
V  [libjvm.so+0xa5fad2]
V  [libjvm.so+0xa64b57]
V  [libjvm.so+0xa62327]
V  [libjvm.so+0xa637af]
V  [libjvm.so+0xa63ca1]
V  [libjvm.so+0x8abeb2]

VM_Operation (0x00007f9ee72604b0): ParallelGCFailedAllocation, mode: safepoint, requested by thread 0x00007f9f443b8800


---------------  P R O C E S S  ---------------

Java Threads: ( => current thread )
  0x00007f9f4400b000 JavaThread "DestroyJavaVM" [_thread_blocked, id=12714, stack(0x00007f9f4c7f9000,0x00007f9f4c8fa000)]
  0x00007f9f443b8800 JavaThread "AWT-EventQueue-0" [_thread_blocked, id=12736, stack(0x00007f9ee7163000,0x00007f9ee7264000)]
  0x00007f9f443b5000 JavaThread "AWT-Shutdown" [_thread_blocked, id=12735, stack(0x00007f9ee7264000,0x00007f9ee7365000)]
  0x00007f9f4427e800 JavaThread "AWT-XAWT" daemon [_thread_blocked, id=12734, stack(0x00007f9ee77c9000,0x00007f9ee78ca000)]
  0x00007f9f44260000 JavaThread "Java2D Disposer" daemon [_thread_blocked, id=12733, stack(0x00007f9ee7cda000,0x00007f9ee7ddb000)]
  0x00007f9f440cd800 JavaThread "Service Thread" daemon [_thread_blocked, id=12731, stack(0x00007f9f0ddbb000,0x00007f9f0debc000)]
  0x00007f9f440c0800 JavaThread "C1 CompilerThread3" daemon [_thread_blocked, id=12730, stack(0x00007f9f0debc000,0x00007f9f0dfbd000)]
  0x00007f9f440bc000 JavaThread "C2 CompilerThread2" daemon [_thread_blocked, id=12729, stack(0x00007f9f0dfbd000,0x00007f9f0e0be000)]
  0x00007f9f440ba000 JavaThread "C2 CompilerThread1" daemon [_thread_blocked, id=12728, stack(0x00007f9f0e0be000,0x00007f9f0e1bf000)]
  0x00007f9f440b7800 JavaThread "C2 CompilerThread0" daemon [_thread_blocked, id=12727, stack(0x00007f9f0e1bf000,0x00007f9f0e2c0000)]
  0x00007f9f440b5000 JavaThread "Signal Dispatcher" daemon [_thread_blocked, id=12726, stack(0x00007f9f0e2c0000,0x00007f9f0e3c1000)]
  0x00007f9f4408d000 JavaThread "Finalizer" daemon [_thread_blocked, id=12725, stack(0x00007f9f0e6e7000,0x00007f9f0e7e8000)]
  0x00007f9f44088000 JavaThread "Reference Handler" daemon [_thread_blocked, id=12724, stack(0x00007f9f0e7e8000,0x00007f9f0e8e9000)]

Other Threads:
=>0x00007f9f44080800 VMThread [stack: 0x00007f9f0e8e9000,0x00007f9f0e9ea000] [id=12723]
  0x00007f9f440d0000 WatcherThread [stack: 0x00007f9f0dcba000,0x00007f9f0ddbb000] [id=12732]

VM state:at safepoint (normal execution)

VM Mutex/Monitor currently owned by a thread:  ([mutex/lock_event])
[0x00007f9f44007540] Threads_lock - owner thread: 0x00007f9f44080800
[0x00007f9f44007a40] Heap_lock - owner thread: 0x00007f9f443b8800

Heap:
 PSYoungGen      total 262656K, used 13699K [0x00000000d8000000, 0x00000000e9200000, 0x0000000100000000)
  eden space 245248K, 0% used [0x00000000d8000000,0x00000000d8000000,0x00000000e6f80000)
  from space 17408K, 78% used [0x00000000e6f80000,0x00000000e7ce0da0,0x00000000e8080000)
  to   space 16896K, 0% used [0x00000000e8080000,0x00000000e8080000,0x00000000e9100000)
 ParOldGen       total 81920K, used 36242K [0x0000000088000000, 0x000000008d000000, 0x00000000d8000000)
  object space 81920K, 44% used [0x0000000088000000,0x000000008a364868,0x000000008d000000)
 Metaspace       used 9876K, capacity 10080K, committed 10112K, reserved 1058816K
  class space    used 1062K, capacity 1125K, committed 1152K, reserved 1048576K

Card table byte_map: [0x00007f9f48b0f000,0x00007f9f48ed0000] byte_map_base: 0x00007f9f486cf000

Marking Bits: (ParMarkBitMap*) 0x00007f9f4bad6fc0
 Begin Bits: [0x00007f9f24400000, 0x00007f9f26200000)
 End Bits:   [0x00007f9f26200000, 0x00007f9f28000000)

Polling page: 0x00007f9f4c928000

CodeCache: size=245760Kb used=2632Kb max_used=2632Kb free=243127Kb
 bounds [0x00007f9f35000000, 0x00007f9f352a0000, 0x00007f9f44000000]
 total_blobs=1159 nmethods=657 adapters=417
 compilation: enabled

Compilation events (10 events):
Event: 1.942 Thread 0x00007f9f440c0800  653       1       java.awt.image.ComponentSampleModel::getPixelStride (5 bytes)
Event: 1.942 Thread 0x00007f9f440c0800 nmethod 653 0x00007f9f35288d10 code [0x00007f9f35288e60, 0x00007f9f35288f70]
Event: 1.942 Thread 0x00007f9f440c0800  654       1       java.awt.image.DataBuffer::getOffset (5 bytes)
Event: 1.942 Thread 0x00007f9f440c0800 nmethod 654 0x00007f9f35288a50 code [0x00007f9f35288ba0, 0x00007f9f35288cb0]
Event: 1.951 Thread 0x00007f9f440c0800  655       3       java.awt.event.MouseEvent::<init> (250 bytes)
Event: 1.956 Thread 0x00007f9f440c0800 nmethod 655 0x00007f9f35290250 code [0x00007f9f35290660, 0x00007f9f35292d58]
Event: 1.956 Thread 0x00007f9f440c0800  656       3       java.awt.event.InputEvent::<init> (26 bytes)
Event: 1.956 Thread 0x00007f9f440c0800 nmethod 656 0x00007f9f35288550 code [0x00007f9f352886e0, 0x00007f9f35288938]
Event: 1.956 Thread 0x00007f9f440c0800  657       3       javax.vecmath.Vector3f::cross (76 bytes)
Event: 1.956 Thread 0x00007f9f440c0800 nmethod 657 0x00007f9f35288150 code [0x00007f9f352882c0, 0x00007f9f35288470]

GC Heap History (10 events):
Event: 1.208 GC heap after
Heap after GC invocations=2 (full 0):
 PSYoungGen      total 66560K, used 5093K [0x00000000d8000000, 0x00000000dc600000, 0x0000000100000000)
  eden space 61440K, 0% used [0x00000000d8000000,0x00000000d8000000,0x00000000dbc00000)
  from space 5120K, 99% used [0x00000000dc100000,0x00000000dc5f96f0,0x00000000dc600000)
  to   space 5120K, 0% used [0x00000000dbc00000,0x00000000dbc00000,0x00000000dc100000)
 ParOldGen       total 81920K, used 17416K [0x0000000088000000, 0x000000008d000000, 0x00000000d8000000)
  object space 81920K, 21% used [0x0000000088000000,0x0000000089102320,0x000000008d000000)
 Metaspace       used 9802K, capacity 10012K, committed 10112K, reserved 1058816K
  class space    used 1062K, capacity 1125K, committed 1152K, reserved 1048576K
}
Event: 1.341 GC heap before
{Heap before GC invocations=3 (full 0):
 PSYoungGen      total 66560K, used 66533K [0x00000000d8000000, 0x00000000dc600000, 0x0000000100000000)
  eden space 61440K, 100% used [0x00000000d8000000,0x00000000dbc00000,0x00000000dbc00000)
  from space 5120K, 99% used [0x00000000dc100000,0x00000000dc5f96f0,0x00000000dc600000)
  to   space 5120K, 0% used [0x00000000dbc00000,0x00000000dbc00000,0x00000000dc100000)
 ParOldGen       total 81920K, used 17417K [0x0000000088000000, 0x000000008d000000, 0x00000000d8000000)
  object space 81920K, 21% used [0x0000000088000000,0x00000000891024d8,0x000000008d000000)
 Metaspace       used 9815K, capacity 10012K, committed 10112K, reserved 1058816K
  class space    used 1062K, capacity 1125K, committed 1152K, reserved 1048576K
Event: 1.348 GC heap after
Heap after GC invocations=3 (full 0):
 PSYoungGen      total 66560K, used 4949K [0x00000000d8000000, 0x00000000e0200000, 0x0000000100000000)
  eden space 61440K, 0% used [0x00000000d8000000,0x00000000d8000000,0x00000000dbc00000)
  from space 5120K, 96% used [0x00000000dbc00000,0x00000000dc0d56e0,0x00000000dc100000)
  to   space 5120K, 0% used [0x00000000dfd00000,0x00000000dfd00000,0x00000000e0200000)
 ParOldGen       total 81920K, used 23284K [0x0000000088000000, 0x000000008d000000, 0x00000000d8000000)
  object space 81920K, 28% used [0x0000000088000000,0x00000000896bd278,0x000000008d000000)
 Metaspace       used 9815K, capacity 10012K, committed 10112K, reserved 1058816K
  class space    used 1062K, capacity 1125K, committed 1152K, reserved 1048576K
}
Event: 1.414 GC heap before
{Heap before GC invocations=4 (full 0):
 PSYoungGen      total 66560K, used 66389K [0x00000000d8000000, 0x00000000e0200000, 0x0000000100000000)
  eden space 61440K, 100% used [0x00000000d8000000,0x00000000dbc00000,0x00000000dbc00000)
  from space 5120K, 96% used [0x00000000dbc00000,0x00000000dc0d56e0,0x00000000dc100000)
  to   space 5120K, 0% used [0x00000000dfd00000,0x00000000dfd00000,0x00000000e0200000)
 ParOldGen       total 81920K, used 23777K [0x0000000088000000, 0x000000008d000000, 0x00000000d8000000)
  object space 81920K, 29% used [0x0000000088000000,0x0000000089738728,0x000000008d000000)
 Metaspace       used 9822K, capacity 10012K, committed 10112K, reserved 1058816K
  class space    used 1062K, capacity 1125K, committed 1152K, reserved 1048576K
Event: 1.432 GC heap after
Heap after GC invocations=4 (full 0):
 PSYoungGen      total 128000K, used 5109K [0x00000000d8000000, 0x00000000e0200000, 0x0000000100000000)
  eden space 122880K, 0% used [0x00000000d8000000,0x00000000d8000000,0x00000000df800000)
  from space 5120K, 99% used [0x00000000dfd00000,0x00000000e01fd6e0,0x00000000e0200000)
  to   space 5120K, 0% used [0x00000000df800000,0x00000000df800000,0x00000000dfd00000)
 ParOldGen       total 81920K, used 30256K [0x0000000088000000, 0x000000008d000000, 0x00000000d8000000)
  object space 81920K, 36% used [0x0000000088000000,0x0000000089d8c208,0x000000008d000000)
 Metaspace       used 9822K, capacity 10012K, committed 10112K, reserved 1058816K
  class space    used 1062K, capacity 1125K, committed 1152K, reserved 1048576K
}
Event: 1.545 GC heap before
{Heap before GC invocations=5 (full 0):
 PSYoungGen      total 128000K, used 127989K [0x00000000d8000000, 0x00000000e0200000, 0x0000000100000000)
  eden space 122880K, 100% used [0x00000000d8000000,0x00000000df800000,0x00000000df800000)
  from space 5120K, 99% used [0x00000000dfd00000,0x00000000e01fd6e0,0x00000000e0200000)
  to   space 5120K, 0% used [0x00000000df800000,0x00000000df800000,0x00000000dfd00000)
 ParOldGen       total 81920K, used 30256K [0x0000000088000000, 0x000000008d000000, 0x00000000d8000000)
  object space 81920K, 36% used [0x0000000088000000,0x0000000089d8c208,0x000000008d000000)
 Metaspace       used 9833K, capacity 10012K, committed 10112K, reserved 1058816K
  class space    used 1062K, capacity 1125K, committed 1152K, reserved 1048576K
Event: 1.558 GC heap after
Heap after GC invocations=5 (full 0):
 PSYoungGen      total 128000K, used 5109K [0x00000000d8000000, 0x00000000e9100000, 0x0000000100000000)
  eden space 122880K, 0% used [0x00000000d8000000,0x00000000d8000000,0x00000000df800000)
  from space 5120K, 99% used [0x00000000df800000,0x00000000dfcfd6e0,0x00000000dfd00000)
  to   space 16896K, 0% used [0x00000000e8080000,0x00000000e8080000,0x00000000e9100000)
 ParOldGen       total 81920K, used 34557K [0x0000000088000000, 0x000000008d000000, 0x00000000d8000000)
  object space 81920K, 42% used [0x0000000088000000,0x000000008a1bf708,0x000000008d000000)
 Metaspace       used 9833K, capacity 10012K, committed 10112K, reserved 1058816K
  class space    used 1062K, capacity 1125K, committed 1152K, reserved 1048576K
}
Event: 1.723 GC heap before
{Heap before GC invocations=6 (full 0):
 PSYoungGen      total 128000K, used 127989K [0x00000000d8000000, 0x00000000e9100000, 0x0000000100000000)
  eden space 122880K, 100% used [0x00000000d8000000,0x00000000df800000,0x00000000df800000)
  from space 5120K, 99% used [0x00000000df800000,0x00000000dfcfd6e0,0x00000000dfd00000)
  to   space 16896K, 0% used [0x00000000e8080000,0x00000000e8080000,0x00000000e9100000)
 ParOldGen       total 81920K, used 34557K [0x0000000088000000, 0x000000008d000000, 0x00000000d8000000)
  object space 81920K, 42% used [0x0000000088000000,0x000000008a1bf708,0x000000008d000000)
 Metaspace       used 9844K, capacity 10012K, committed 10112K, reserved 1058816K
  class space    used 1062K, capacity 1125K, committed 1152K, reserved 1048576K
Event: 1.739 GC heap after
Heap after GC invocations=6 (full 0):
 PSYoungGen      total 262144K, used 13591K [0x00000000d8000000, 0x00000000e9200000, 0x0000000100000000)
  eden space 245248K, 0% used [0x00000000d8000000,0x00000000d8000000,0x00000000e6f80000)
  from space 16896K, 80% used [0x00000000e8080000,0x00000000e8dc5dc0,0x00000000e9100000)
  to   space 17408K, 0% used [0x00000000e6f80000,0x00000000e6f80000,0x00000000e8080000)
 ParOldGen       total 81920K, used 34557K [0x0000000088000000, 0x000000008d000000, 0x00000000d8000000)
  object space 81920K, 42% used [0x0000000088000000,0x000000008a1bf708,0x000000008d000000)
 Metaspace       used 9844K, capacity 10012K, committed 10112K, reserved 1058816K
  class space    used 1062K, capacity 1125K, committed 1152K, reserved 1048576K
}
Event: 1.959 GC heap before
{Heap before GC invocations=7 (full 0):
 PSYoungGen      total 262144K, used 258839K [0x00000000d8000000, 0x00000000e9200000, 0x0000000100000000)
  eden space 245248K, 100% used [0x00000000d8000000,0x00000000e6f80000,0x00000000e6f80000)
  from space 16896K, 80% used [0x00000000e8080000,0x00000000e8dc5dc0,0x00000000e9100000)
  to   space 17408K, 0% used [0x00000000e6f80000,0x00000000e6f80000,0x00000000e8080000)
 ParOldGen       total 81920K, used 34557K [0x0000000088000000, 0x000000008d000000, 0x00000000d8000000)
  object space 81920K, 42% used [0x0000000088000000,0x000000008a1bf708,0x000000008d000000)
 Metaspace       used 9876K, capacity 10080K, committed 10112K, reserved 1058816K
  class space    used 1062K, capacity 1125K, committed 1152K, reserved 1048576K

Deoptimization events (2 events):
Event: 1.151 Thread 0x00007f9f443b8800 Uncommon trap: reason=unreached action=reinterpret pc=0x00007f9f35205e08 method=jrtr.swrenderer.SWRenderContext.draw(Ljrtr/RenderItem;)V @ 947
Event: 1.151 Thread 0x00007f9f443b8800 Uncommon trap: reason=unstable_if action=reinterpret pc=0x00007f9f35219cc4 method=java.awt.image.ComponentColorModel.getDataElements(ILjava/lang/Object;)Ljava/lang/Object; @ 30

Internal exceptions (10 events):
Event: 0.054 Thread 0x00007f9f4400b000 Exception <a 'java/security/PrivilegedActionException'> (0x00000000d8175768) thrown at [/build/openjdk-8-W1Ghxo/openjdk-8-8u91-b14/src/hotspot/src/share/vm/prims/jvm.cpp, line 1386]
Event: 0.054 Thread 0x00007f9f4400b000 Exception <a 'java/security/PrivilegedActionException'> (0x00000000d8175978) thrown at [/build/openjdk-8-W1Ghxo/openjdk-8-8u91-b14/src/hotspot/src/share/vm/prims/jvm.cpp, line 1386]
Event: 0.054 Thread 0x00007f9f4400b000 Exception <a 'java/security/PrivilegedActionException'> (0x00000000d8176448) thrown at [/build/openjdk-8-W1Ghxo/openjdk-8-8u91-b14/src/hotspot/src/share/vm/prims/jvm.cpp, line 1386]
Event: 0.054 Thread 0x00007f9f4400b000 Exception <a 'java/security/PrivilegedActionException'> (0x00000000d8176658) thrown at [/build/openjdk-8-W1Ghxo/openjdk-8-8u91-b14/src/hotspot/src/share/vm/prims/jvm.cpp, line 1386]
Event: 0.079 Thread 0x00007f9f4400b000 Exception <a 'java/lang/NoSuchFieldError': method resolution failed> (0x00000000d82435d8) thrown at [/build/openjdk-8-W1Ghxo/openjdk-8-8u91-b14/src/hotspot/src/share/vm/prims/methodHandles.cpp, line 1146]
Event: 0.081 Thread 0x00007f9f4400b000 Exception <a 'java/lang/NoSuchFieldError': method resolution failed> (0x00000000d8250dd8) thrown at [/build/openjdk-8-W1Ghxo/openjdk-8-8u91-b14/src/hotspot/src/share/vm/prims/methodHandles.cpp, line 1146]
Event: 0.094 Thread 0x00007f9f4400b000 Exception <a 'java/io/FileNotFoundException'> (0x00000000d82d0ad0) thrown at [/build/openjdk-8-W1Ghxo/openjdk-8-8u91-b14/src/hotspot/src/share/vm/prims/jni.cpp, line 709]
Event: 0.094 Thread 0x00007f9f4400b000 Exception <a 'java/io/FileNotFoundException'> (0x00000000d82d14e8) thrown at [/build/openjdk-8-W1Ghxo/openjdk-8-8u91-b14/src/hotspot/src/share/vm/prims/jni.cpp, line 709]
Event: 0.108 Thread 0x00007f9f4400b000 Exception <a 'java/lang/ClassNotFoundException': sun/dc/DuctusRenderingEngine> (0x00000000d82fce18) thrown at [/build/openjdk-8-W1Ghxo/openjdk-8-8u91-b14/src/hotspot/src/share/vm/classfile/systemDictionary.cpp, line 210]
Event: 0.367 Thread 0x00007f9f443b8800 Exception <a 'java/lang/UnsupportedOperationException': > (0x00000000d801ea18) thrown at [/build/openjdk-8-W1Ghxo/openjdk-8-8u91-b14/src/hotspot/src/share/vm/prims/jni.cpp, line 735]

Events (10 events):
Event: 1.349 Executing VM operation: ParallelGCSystemGC done
Event: 1.414 Executing VM operation: ParallelGCFailedAllocation
Event: 1.432 Executing VM operation: ParallelGCFailedAllocation done
Event: 1.545 Executing VM operation: ParallelGCFailedAllocation
Event: 1.558 Executing VM operation: ParallelGCFailedAllocation done
Event: 1.723 Executing VM operation: ParallelGCFailedAllocation
Event: 1.739 Executing VM operation: ParallelGCFailedAllocation done
Event: 1.751 Thread 0x00007f9f443b8800 DEOPT PACKING pc=0x00007f9f3523ebba sp=0x00007f9ee72605d0
Event: 1.751 Thread 0x00007f9f443b8800 DEOPT UNPACKING pc=0x00007f9f35047373 sp=0x00007f9ee72602c0 mode 0
Event: 1.959 Executing VM operation: ParallelGCFailedAllocation


Dynamic libraries:
00400000-00401000 r-xp 00000000 08:08 3940258                            /usr/lib/jvm/java-8-openjdk-amd64/jre/bin/java
00600000-00601000 r--p 00000000 08:08 3940258                            /usr/lib/jvm/java-8-openjdk-amd64/jre/bin/java
00601000-00602000 rw-p 00001000 08:08 3940258                            /usr/lib/jvm/java-8-openjdk-amd64/jre/bin/java
01e77000-01e98000 rw-p 00000000 00:00 0                                  [heap]
88000000-8d000000 rw-p 00000000 00:00 0 
8d000000-d8000000 ---p 00000000 00:00 0 
d8000000-e9200000 rw-p 00000000 00:00 0 
f8200000-100000000 ---p 00000000 00:00 0 
100000000-100120000 rw-p 00000000 00:00 0 
100120000-140000000 ---p 00000000 00:00 0 
7f9ecc000000-7f9ecc109000 rw-p 00000000 00:00 0 
7f9ecc109000-7f9ed0000000 ---p 00000000 00:00 0 
7f9ed4000000-7f9ed4021000 rw-p 00000000 00:00 0 
7f9ed4021000-7f9ed8000000 ---p 00000000 00:00 0 
7f9ed8000000-7f9ed8021000 rw-p 00000000 00:00 0 
7f9ed8021000-7f9edc000000 ---p 00000000 00:00 0 
7f9edc000000-7f9edc021000 rw-p 00000000 00:00 0 
7f9edc021000-7f9ee0000000 ---p 00000000 00:00 0 
7f9ee0000000-7f9ee0021000 rw-p 00000000 00:00 0 
7f9ee0021000-7f9ee4000000 ---p 00000000 00:00 0 
7f9ee6b92000-7f9ee6f63000 rw-s 00000000 00:05 7766062                    /SYSV00000000 (deleted)
7f9ee6f63000-7f9ee7023000 rw-p 00000000 00:00 0 
7f9ee7023000-7f9ee7163000 ---p 00000000 00:00 0 
7f9ee7163000-7f9ee7166000 ---p 00000000 00:00 0 
7f9ee7166000-7f9ee7264000 rw-p 00000000 00:00 0 
7f9ee7264000-7f9ee7267000 ---p 00000000 00:00 0 
7f9ee7267000-7f9ee7365000 rw-p 00000000 00:00 0 
7f9ee7365000-7f9ee73bc000 r-xp 00000000 08:08 2365083                    /usr/lib/x86_64-linux-gnu/libjpeg.so.8.0.2
7f9ee73bc000-7f9ee75bc000 ---p 00057000 08:08 2365083                    /usr/lib/x86_64-linux-gnu/libjpeg.so.8.0.2
7f9ee75bc000-7f9ee75bd000 r--p 00057000 08:08 2365083                    /usr/lib/x86_64-linux-gnu/libjpeg.so.8.0.2
7f9ee75bd000-7f9ee75be000 rw-p 00058000 08:08 2365083                    /usr/lib/x86_64-linux-gnu/libjpeg.so.8.0.2
7f9ee75be000-7f9ee75c8000 r-xp 00000000 08:08 3945188                    /usr/lib/jvm/java-8-openjdk-amd64/jre/lib/amd64/libjavajpeg.so
7f9ee75c8000-7f9ee77c7000 ---p 0000a000 08:08 3945188                    /usr/lib/jvm/java-8-openjdk-amd64/jre/lib/amd64/libjavajpeg.so
7f9ee77c7000-7f9ee77c8000 r--p 00009000 08:08 3945188                    /usr/lib/jvm/java-8-openjdk-amd64/jre/lib/amd64/libjavajpeg.so
7f9ee77c8000-7f9ee77c9000 rw-p 0000a000 08:08 3945188                    /usr/lib/jvm/java-8-openjdk-amd64/jre/lib/amd64/libjavajpeg.so
7f9ee77c9000-7f9ee77cc000 ---p 00000000 00:00 0 
7f9ee77cc000-7f9ee78ca000 rw-p 00000000 00:00 0 
7f9ee78ca000-7f9ee78cf000 r-xp 00000000 08:08 2363442                    /usr/lib/x86_64-linux-gnu/libXfixes.so.3.1.0
7f9ee78cf000-7f9ee7ace000 ---p 00005000 08:08 2363442                    /usr/lib/x86_64-linux-gnu/libXfixes.so.3.1.0
7f9ee7ace000-7f9ee7acf000 r--p 00004000 08:08 2363442                    /usr/lib/x86_64-linux-gnu/libXfixes.so.3.1.0
7f9ee7acf000-7f9ee7ad0000 rw-p 00005000 08:08 2363442                    /usr/lib/x86_64-linux-gnu/libXfixes.so.3.1.0
7f9ee7ad0000-7f9ee7ad9000 r-xp 00000000 08:08 2367425                    /usr/lib/x86_64-linux-gnu/libXcursor.so.1.0.2
7f9ee7ad9000-7f9ee7cd8000 ---p 00009000 08:08 2367425                    /usr/lib/x86_64-linux-gnu/libXcursor.so.1.0.2
7f9ee7cd8000-7f9ee7cd9000 r--p 00008000 08:08 2367425                    /usr/lib/x86_64-linux-gnu/libXcursor.so.1.0.2
7f9ee7cd9000-7f9ee7cda000 rw-p 00009000 08:08 2367425                    /usr/lib/x86_64-linux-gnu/libXcursor.so.1.0.2
7f9ee7cda000-7f9ee7cdd000 ---p 00000000 00:00 0 
7f9ee7cdd000-7f9ee7ddb000 rw-p 00000000 00:00 0 
7f9ee7ddb000-7f9ee7dff000 r-xp 00000000 08:08 6291537                    /lib/x86_64-linux-gnu/libpng12.so.0.54.0
7f9ee7dff000-7f9ee7ffe000 ---p 00024000 08:08 6291537                    /lib/x86_64-linux-gnu/libpng12.so.0.54.0
7f9ee7ffe000-7f9ee7fff000 r--p 00023000 08:08 6291537                    /lib/x86_64-linux-gnu/libpng12.so.0.54.0
7f9ee7fff000-7f9ee8000000 rw-p 00024000 08:08 6291537                    /lib/x86_64-linux-gnu/libpng12.so.0.54.0
7f9ee8000000-7f9ee8252000 rw-p 00000000 00:00 0 
7f9ee8252000-7f9eec000000 ---p 00000000 00:00 0 
7f9eec000000-7f9eec021000 rw-p 00000000 00:00 0 
7f9eec021000-7f9ef0000000 ---p 00000000 00:00 0 
7f9ef0000000-7f9ef0452000 rw-p 00000000 00:00 0 
7f9ef0452000-7f9ef4000000 ---p 00000000 00:00 0 
7f9ef4000000-7f9ef4348000 rw-p 00000000 00:00 0 
7f9ef4348000-7f9ef8000000 ---p 00000000 00:00 0 
7f9ef8000000-7f9ef8021000 rw-p 00000000 00:00 0 
7f9ef8021000-7f9efc000000 ---p 00000000 00:00 0 
7f9efc000000-7f9efc2f6000 rw-p 00000000 00:00 0 
7f9efc2f6000-7f9f00000000 ---p 00000000 00:00 0 
7f9f00000000-7f9f00021000 rw-p 00000000 00:00 0 
7f9f00021000-7f9f04000000 ---p 00000000 00:00 0 
7f9f04000000-7f9f04021000 rw-p 00000000 00:00 0 
7f9f04021000-7f9f08000000 ---p 00000000 00:00 0 
7f9f08000000-7f9f08021000 rw-p 00000000 00:00 0 
7f9f08021000-7f9f0c000000 ---p 00000000 00:00 0 
7f9f0c098000-7f9f0c13c000 r-xp 00000000 08:08 2360087                    /usr/lib/x86_64-linux-gnu/libfreetype.so.6.12.1
7f9f0c13c000-7f9f0c33b000 ---p 000a4000 08:08 2360087                    /usr/lib/x86_64-linux-gnu/libfreetype.so.6.12.1
7f9f0c33b000-7f9f0c341000 r--p 000a3000 08:08 2360087                    /usr/lib/x86_64-linux-gnu/libfreetype.so.6.12.1
7f9f0c341000-7f9f0c342000 rw-p 000a9000 08:08 2360087                    /usr/lib/x86_64-linux-gnu/libfreetype.so.6.12.1
7f9f0c342000-7f9f0c394000 r-xp 00000000 08:08 3941756                    /usr/lib/jvm/java-8-openjdk-amd64/jre/lib/amd64/libfontmanager.so
7f9f0c394000-7f9f0c594000 ---p 00052000 08:08 3941756                    /usr/lib/jvm/java-8-openjdk-amd64/jre/lib/amd64/libfontmanager.so
7f9f0c594000-7f9f0c596000 r--p 00052000 08:08 3941756                    /usr/lib/jvm/java-8-openjdk-amd64/jre/lib/amd64/libfontmanager.so
7f9f0c596000-7f9f0c597000 rw-p 00054000 08:08 3941756                    /usr/lib/jvm/java-8-openjdk-amd64/jre/lib/amd64/libfontmanager.so
7f9f0c597000-7f9f0c59c000 r-xp 00000000 08:08 2365923                    /usr/lib/x86_64-linux-gnu/libXdmcp.so.6.0.0
7f9f0c59c000-7f9f0c79b000 ---p 00005000 08:08 2365923                    /usr/lib/x86_64-linux-gnu/libXdmcp.so.6.0.0
7f9f0c79b000-7f9f0c79c000 r--p 00004000 08:08 2365923                    /usr/lib/x86_64-linux-gnu/libXdmcp.so.6.0.0
7f9f0c79c000-7f9f0c79d000 rw-p 00005000 08:08 2365923                    /usr/lib/x86_64-linux-gnu/libXdmcp.so.6.0.0
7f9f0c79d000-7f9f0c79f000 r-xp 00000000 08:08 2367418                    /usr/lib/x86_64-linux-gnu/libXau.so.6.0.0
7f9f0c79f000-7f9f0c99f000 ---p 00002000 08:08 2367418                    /usr/lib/x86_64-linux-gnu/libXau.so.6.0.0
7f9f0c99f000-7f9f0c9a0000 r--p 00002000 08:08 2367418                    /usr/lib/x86_64-linux-gnu/libXau.so.6.0.0
7f9f0c9a0000-7f9f0c9a1000 rw-p 00003000 08:08 2367418                    /usr/lib/x86_64-linux-gnu/libXau.so.6.0.0
7f9f0c9a1000-7f9f0c9c2000 r-xp 00000000 08:08 2370568                    /usr/lib/x86_64-linux-gnu/libxcb.so.1.1.0
7f9f0c9c2000-7f9f0cbc1000 ---p 00021000 08:08 2370568                    /usr/lib/x86_64-linux-gnu/libxcb.so.1.1.0
7f9f0cbc1000-7f9f0cbc2000 r--p 00020000 08:08 2370568                    /usr/lib/x86_64-linux-gnu/libxcb.so.1.1.0
7f9f0cbc2000-7f9f0cbc3000 rw-p 00021000 08:08 2370568                    /usr/lib/x86_64-linux-gnu/libxcb.so.1.1.0
7f9f0cbc3000-7f9f0cbd2000 r-xp 00000000 08:08 2365926                    /usr/lib/x86_64-linux-gnu/libXi.so.6.1.0
7f9f0cbd2000-7f9f0cdd1000 ---p 0000f000 08:08 2365926                    /usr/lib/x86_64-linux-gnu/libXi.so.6.1.0
7f9f0cdd1000-7f9f0cdd2000 r--p 0000e000 08:08 2365926                    /usr/lib/x86_64-linux-gnu/libXi.so.6.1.0
7f9f0cdd2000-7f9f0cdd3000 rw-p 0000f000 08:08 2365926                    /usr/lib/x86_64-linux-gnu/libXi.so.6.1.0
7f9f0cdd3000-7f9f0cdd8000 r-xp 00000000 08:08 2367459                    /usr/lib/x86_64-linux-gnu/libXtst.so.6.1.0
7f9f0cdd8000-7f9f0cfd7000 ---p 00005000 08:08 2367459                    /usr/lib/x86_64-linux-gnu/libXtst.so.6.1.0
7f9f0cfd7000-7f9f0cfd8000 r--p 00004000 08:08 2367459                    /usr/lib/x86_64-linux-gnu/libXtst.so.6.1.0
7f9f0cfd8000-7f9f0cfd9000 rw-p 00005000 08:08 2367459                    /usr/lib/x86_64-linux-gnu/libXtst.so.6.1.0
7f9f0cfd9000-7f9f0cfe2000 r-xp 00000000 08:08 2360412                    /usr/lib/x86_64-linux-gnu/libXrender.so.1.3.0
7f9f0cfe2000-7f9f0d1e1000 ---p 00009000 08:08 2360412                    /usr/lib/x86_64-linux-gnu/libXrender.so.1.3.0
7f9f0d1e1000-7f9f0d1e2000 r--p 00008000 08:08 2360412                    /usr/lib/x86_64-linux-gnu/libXrender.so.1.3.0
7f9f0d1e2000-7f9f0d1e3000 rw-p 00009000 08:08 2360412                    /usr/lib/x86_64-linux-gnu/libXrender.so.1.3.0
7f9f0d1e3000-7f9f0d318000 r-xp 00000000 08:08 2370583                    /usr/lib/x86_64-linux-gnu/libX11.so.6.3.0
7f9f0d318000-7f9f0d518000 ---p 00135000 08:08 2370583                    /usr/lib/x86_64-linux-gnu/libX11.so.6.3.0
7f9f0d518000-7f9f0d519000 r--p 00135000 08:08 2370583                    /usr/lib/x86_64-linux-gnu/libX11.so.6.3.0
7f9f0d519000-7f9f0d51d000 rw-p 00136000 08:08 2370583                    /usr/lib/x86_64-linux-gnu/libX11.so.6.3.0
7f9f0d51d000-7f9f0d52e000 r-xp 00000000 08:08 2364800                    /usr/lib/x86_64-linux-gnu/libXext.so.6.4.0
7f9f0d52e000-7f9f0d72d000 ---p 00011000 08:08 2364800                    /usr/lib/x86_64-linux-gnu/libXext.so.6.4.0
7f9f0d72d000-7f9f0d72e000 r--p 00010000 08:08 2364800                    /usr/lib/x86_64-linux-gnu/libXext.so.6.4.0
7f9f0d72e000-7f9f0d72f000 rw-p 00011000 08:08 2364800                    /usr/lib/x86_64-linux-gnu/libXext.so.6.4.0
7f9f0d739000-7f9f0d73a000 r--s 00001000 00:2e 5243486                    /home/simon/.m2/repository/org/jogamp/gluegen/gluegen-rt/2.0.2/gluegen-rt-2.0.2-natives-windows-i586.jar
7f9f0d73a000-7f9f0d759000 r--s 00408000 00:2e 5243442                    /home/simon/.m2/repository/org/jogamp/jogl/jogl-all/2.0.2/jogl-all-2.0.2.jar
7f9f0d759000-7f9f0d7ad000 r-xp 00000000 08:08 3945192                    /usr/lib/jvm/java-8-openjdk-amd64/jre/lib/amd64/libawt_xawt.so
7f9f0d7ad000-7f9f0d9ad000 ---p 00054000 08:08 3945192                    /usr/lib/jvm/java-8-openjdk-amd64/jre/lib/amd64/libawt_xawt.so
7f9f0d9ad000-7f9f0d9ae000 r--p 00054000 08:08 3945192                    /usr/lib/jvm/java-8-openjdk-amd64/jre/lib/amd64/libawt_xawt.so
7f9f0d9ae000-7f9f0d9b1000 rw-p 00055000 08:08 3945192                    /usr/lib/jvm/java-8-openjdk-amd64/jre/lib/amd64/libawt_xawt.so
7f9f0d9b1000-7f9f0d9b2000 rw-p 00000000 00:00 0 
7f9f0d9b2000-7f9f0da52000 r-xp 00000000 08:08 3941750                    /usr/lib/jvm/java-8-openjdk-amd64/jre/lib/amd64/libawt.so
7f9f0da52000-7f9f0dc52000 ---p 000a0000 08:08 3941750                    /usr/lib/jvm/java-8-openjdk-amd64/jre/lib/amd64/libawt.so
7f9f0dc52000-7f9f0dc53000 r--p 000a0000 08:08 3941750                    /usr/lib/jvm/java-8-openjdk-amd64/jre/lib/amd64/libawt.so
7f9f0dc53000-7f9f0dc5e000 rw-p 000a1000 08:08 3941750                    /usr/lib/jvm/java-8-openjdk-amd64/jre/lib/amd64/libawt.so
7f9f0dc5e000-7f9f0dc83000 rw-p 00000000 00:00 0 
7f9f0dc83000-7f9f0dc9f000 r--s 00393000 08:08 3946089                    /usr/lib/jvm/java-8-openjdk-amd64/jre/lib/ext/cldrdata.jar
7f9f0dc9f000-7f9f0dcba000 r--s 001d7000 08:08 3945970                    /usr/lib/jvm/java-8-openjdk-amd64/jre/lib/ext/nashorn.jar
7f9f0dcba000-7f9f0dcbb000 ---p 00000000 00:00 0 
7f9f0dcbb000-7f9f0ddbb000 rw-p 00000000 00:00 0 
7f9f0ddbb000-7f9f0ddbe000 ---p 00000000 00:00 0 
7f9f0ddbe000-7f9f0debc000 rw-p 00000000 00:00 0 
7f9f0debc000-7f9f0debf000 ---p 00000000 00:00 0 
7f9f0debf000-7f9f0dfbd000 rw-p 00000000 00:00 0 
7f9f0dfbd000-7f9f0dfc0000 ---p 00000000 00:00 0 
7f9f0dfc0000-7f9f0e0be000 rw-p 00000000 00:00 0 
7f9f0e0be000-7f9f0e0c1000 ---p 00000000 00:00 0 
7f9f0e0c1000-7f9f0e1bf000 rw-p 00000000 00:00 0 
7f9f0e1bf000-7f9f0e1c2000 ---p 00000000 00:00 0 
7f9f0e1c2000-7f9f0e2c0000 rw-p 00000000 00:00 0 
7f9f0e2c0000-7f9f0e2c3000 ---p 00000000 00:00 0 
7f9f0e2c3000-7f9f0e3c1000 rw-p 00000000 00:00 0 
7f9f0e3c1000-7f9f0e6e7000 r--p 00000000 08:08 2359486                    /usr/lib/locale/locale-archive
7f9f0e6e7000-7f9f0e6ea000 ---p 00000000 00:00 0 
7f9f0e6ea000-7f9f0e7e8000 rw-p 00000000 00:00 0 
7f9f0e7e8000-7f9f0e7eb000 ---p 00000000 00:00 0 
7f9f0e7eb000-7f9f0e8e9000 rw-p 00000000 00:00 0 
7f9f0e8e9000-7f9f0e8ea000 ---p 00000000 00:00 0 
7f9f0e8ea000-7f9f10000000 rw-p 00000000 00:00 0 
7f9f10000000-7f9f10021000 rw-p 00000000 00:00 0 
7f9f10021000-7f9f14000000 ---p 00000000 00:00 0 
7f9f14000000-7f9f14021000 rw-p 00000000 00:00 0 
7f9f14021000-7f9f18000000 ---p 00000000 00:00 0 
7f9f18000000-7f9f18021000 rw-p 00000000 00:00 0 
7f9f18021000-7f9f1c000000 ---p 00000000 00:00 0 
7f9f1c000000-7f9f1c021000 rw-p 00000000 00:00 0 
7f9f1c021000-7f9f20000000 ---p 00000000 00:00 0 
7f9f20000000-7f9f20021000 rw-p 00000000 00:00 0 
7f9f20021000-7f9f24000000 ---p 00000000 00:00 0 
7f9f24000000-7f9f24001000 r--s 00001000 00:2e 5243484                    /home/simon/.m2/repository/org/jogamp/gluegen/gluegen-rt/2.0.2/gluegen-rt-2.0.2-natives-windows-amd64.jar
7f9f24001000-7f9f24002000 r--s 00000000 00:2e 5243482                    /home/simon/.m2/repository/org/jogamp/gluegen/gluegen-rt/2.0.2/gluegen-rt-2.0.2-natives-solaris-i586.jar
7f9f24002000-7f9f24003000 r--s 00000000 00:2e 5243480                    /home/simon/.m2/repository/org/jogamp/gluegen/gluegen-rt/2.0.2/gluegen-rt-2.0.2-natives-solaris-amd64.jar
7f9f24003000-7f9f24016000 r--s 00345000 08:08 3945258                    /usr/lib/jvm/java-8-openjdk-amd64/jre/lib/resources.jar
7f9f24016000-7f9f28000000 rw-p 00000000 00:00 0 
7f9f28000000-7f9f28021000 rw-p 00000000 00:00 0 
7f9f28021000-7f9f2c000000 ---p 00000000 00:00 0 
7f9f2c000000-7f9f2c021000 rw-p 00000000 00:00 0 
7f9f2c021000-7f9f30000000 ---p 00000000 00:00 0 
7f9f30000000-7f9f30021000 rw-p 00000000 00:00 0 
7f9f30021000-7f9f34000000 ---p 00000000 00:00 0 
7f9f34000000-7f9f34001000 r--s 00000000 00:2e 5243478                    /home/simon/.m2/repository/org/jogamp/gluegen/gluegen-rt/2.0.2/gluegen-rt-2.0.2-natives-macosx-universal.jar
7f9f34001000-7f9f34002000 r--s 00000000 00:2e 5243476                    /home/simon/.m2/repository/org/jogamp/gluegen/gluegen-rt/2.0.2/gluegen-rt-2.0.2-natives-linux-i586.jar
7f9f34002000-7f9f34272000 rw-p 00000000 00:00 0 
7f9f34272000-7f9f34440000 r--s 03beb000 08:08 3945930                    /usr/lib/jvm/java-8-openjdk-amd64/jre/lib/rt.jar
7f9f34440000-7f9f35000000 rw-p 00000000 00:00 0 
7f9f35000000-7f9f352a0000 rwxp 00000000 00:00 0 
7f9f352a0000-7f9f44000000 ---p 00000000 00:00 0 
7f9f44000000-7f9f444b6000 rw-p 00000000 00:00 0 
7f9f444b6000-7f9f48000000 ---p 00000000 00:00 0 
7f9f48000000-7f9f48001000 r--s 00000000 00:2e 5243474                    /home/simon/.m2/repository/org/jogamp/gluegen/gluegen-rt/2.0.2/gluegen-rt-2.0.2-natives-linux-armv6hf.jar
7f9f48001000-7f9f48002000 r--s 00000000 00:2e 5243472                    /home/simon/.m2/repository/org/jogamp/gluegen/gluegen-rt/2.0.2/gluegen-rt-2.0.2-natives-linux-armv6.jar
7f9f48002000-7f9f48003000 r--s 00000000 00:2e 5243470                    /home/simon/.m2/repository/org/jogamp/gluegen/gluegen-rt/2.0.2/gluegen-rt-2.0.2-natives-linux-amd64.jar
7f9f48003000-7f9f48004000 r--s 00001000 00:2e 5243468                    /home/simon/.m2/repository/org/jogamp/gluegen/gluegen-rt/2.0.2/gluegen-rt-2.0.2-natives-android-armv6.jar
7f9f48004000-7f9f48009000 r--s 0003a000 00:2e 5243466                    /home/simon/.m2/repository/org/jogamp/gluegen/gluegen-rt/2.0.2/gluegen-rt-2.0.2.jar
7f9f48009000-7f9f4800a000 r--s 00000000 00:2e 5243464                    /home/simon/.m2/repository/org/jogamp/gluegen/gluegen-rt-main/2.0.2/gluegen-rt-main-2.0.2.jar
7f9f4800a000-7f9f4800b000 r--s 00023000 00:2e 5243462                    /home/simon/.m2/repository/org/jogamp/jogl/jogl-all/2.0.2/jogl-all-2.0.2-natives-windows-i586.jar
7f9f4800b000-7f9f4800c000 r--s 0001f000 00:2e 5243460                    /home/simon/.m2/repository/org/jogamp/jogl/jogl-all/2.0.2/jogl-all-2.0.2-natives-windows-amd64.jar
7f9f4800c000-7f9f4800d000 r--s 0001c000 00:2e 5243458                    /home/simon/.m2/repository/org/jogamp/jogl/jogl-all/2.0.2/jogl-all-2.0.2-natives-solaris-i586.jar
7f9f4800d000-7f9f4800e000 r--s 00027000 00:2e 5243456                    /home/simon/.m2/repository/org/jogamp/jogl/jogl-all/2.0.2/jogl-all-2.0.2-natives-solaris-amd64.jar
7f9f4800e000-7f9f48010000 r--s 00059000 00:2e 5243454                    /home/simon/.m2/repository/org/jogamp/jogl/jogl-all/2.0.2/jogl-all-2.0.2-natives-macosx-universal.jar
7f9f48010000-7f9f48011000 r--s 0002a000 00:2e 5243452                    /home/simon/.m2/repository/org/jogamp/jogl/jogl-all/2.0.2/jogl-all-2.0.2-natives-linux-i586.jar
7f9f48011000-7f9f48087000 rw-p 00000000 00:00 0 
7f9f48087000-7f9f48088000 ---p 00000000 00:00 0 
7f9f48088000-7f9f48188000 rw-p 00000000 00:00 0 
7f9f48188000-7f9f48189000 ---p 00000000 00:00 0 
7f9f48189000-7f9f48289000 rw-p 00000000 00:00 0 
7f9f48289000-7f9f4828a000 ---p 00000000 00:00 0 
7f9f4828a000-7f9f4838a000 rw-p 00000000 00:00 0 
7f9f4838a000-7f9f4838b000 ---p 00000000 00:00 0 
7f9f4838b000-7f9f4848b000 rw-p 00000000 00:00 0 
7f9f4848b000-7f9f4848c000 ---p 00000000 00:00 0 
7f9f4848c000-7f9f4858c000 rw-p 00000000 00:00 0 
7f9f4858c000-7f9f4858d000 ---p 00000000 00:00 0 
7f9f4858d000-7f9f4868d000 rw-p 00000000 00:00 0 
7f9f4868d000-7f9f4868e000 ---p 00000000 00:00 0 
7f9f4868e000-7f9f4878e000 rw-p 00000000 00:00 0 
7f9f4878e000-7f9f4878f000 ---p 00000000 00:00 0 
7f9f4878f000-7f9f488b7000 rw-p 00000000 00:00 0 
7f9f488b7000-7f9f48b0f000 ---p 00000000 00:00 0 
7f9f48b0f000-7f9f48b37000 rw-p 00000000 00:00 0 
7f9f48b37000-7f9f48d8f000 ---p 00000000 00:00 0 
7f9f48d8f000-7f9f48e18000 rw-p 00000000 00:00 0 
7f9f48e18000-7f9f48ecf000 ---p 00000000 00:00 0 
7f9f48ecf000-7f9f48edb000 rw-p 00000000 00:00 0 
7f9f48edb000-7f9f49290000 ---p 00000000 00:00 0 
7f9f49290000-7f9f49298000 r-xp 00000000 08:08 3941773                    /usr/lib/jvm/java-8-openjdk-amd64/jre/lib/amd64/libzip.so
7f9f49298000-7f9f49497000 ---p 00008000 08:08 3941773                    /usr/lib/jvm/java-8-openjdk-amd64/jre/lib/amd64/libzip.so
7f9f49497000-7f9f49498000 r--p 00007000 08:08 3941773                    /usr/lib/jvm/java-8-openjdk-amd64/jre/lib/amd64/libzip.so
7f9f49498000-7f9f49499000 rw-p 00008000 08:08 3941773                    /usr/lib/jvm/java-8-openjdk-amd64/jre/lib/amd64/libzip.so
7f9f49499000-7f9f494a4000 r-xp 00000000 08:08 6291930                    /lib/x86_64-linux-gnu/libnss_files-2.23.so
7f9f494a4000-7f9f496a3000 ---p 0000b000 08:08 6291930                    /lib/x86_64-linux-gnu/libnss_files-2.23.so
7f9f496a3000-7f9f496a4000 r--p 0000a000 08:08 6291930                    /lib/x86_64-linux-gnu/libnss_files-2.23.so
7f9f496a4000-7f9f496a5000 rw-p 0000b000 08:08 6291930                    /lib/x86_64-linux-gnu/libnss_files-2.23.so
7f9f496a5000-7f9f496ab000 rw-p 00000000 00:00 0 
7f9f496ab000-7f9f496b6000 r-xp 00000000 08:08 6291924                    /lib/x86_64-linux-gnu/libnss_nis-2.23.so
7f9f496b6000-7f9f498b5000 ---p 0000b000 08:08 6291924                    /lib/x86_64-linux-gnu/libnss_nis-2.23.so
7f9f498b5000-7f9f498b6000 r--p 0000a000 08:08 6291924                    /lib/x86_64-linux-gnu/libnss_nis-2.23.so
7f9f498b6000-7f9f498b7000 rw-p 0000b000 08:08 6291924                    /lib/x86_64-linux-gnu/libnss_nis-2.23.so
7f9f498b7000-7f9f498cd000 r-xp 00000000 08:08 6291920                    /lib/x86_64-linux-gnu/libnsl-2.23.so
7f9f498cd000-7f9f49acc000 ---p 00016000 08:08 6291920                    /lib/x86_64-linux-gnu/libnsl-2.23.so
7f9f49acc000-7f9f49acd000 r--p 00015000 08:08 6291920                    /lib/x86_64-linux-gnu/libnsl-2.23.so
7f9f49acd000-7f9f49ace000 rw-p 00016000 08:08 6291920                    /lib/x86_64-linux-gnu/libnsl-2.23.so
7f9f49ace000-7f9f49ad0000 rw-p 00000000 00:00 0 
7f9f49ad0000-7f9f49ad8000 r-xp 00000000 08:08 6291916                    /lib/x86_64-linux-gnu/libnss_compat-2.23.so
7f9f49ad8000-7f9f49cd7000 ---p 00008000 08:08 6291916                    /lib/x86_64-linux-gnu/libnss_compat-2.23.so
7f9f49cd7000-7f9f49cd8000 r--p 00007000 08:08 6291916                    /lib/x86_64-linux-gnu/libnss_compat-2.23.so
7f9f49cd8000-7f9f49cd9000 rw-p 00008000 08:08 6291916                    /lib/x86_64-linux-gnu/libnss_compat-2.23.so
7f9f49cd9000-7f9f49d06000 r-xp 00000000 08:08 3941293                    /usr/lib/jvm/java-8-openjdk-amd64/jre/lib/amd64/libjava.so
7f9f49d06000-7f9f49f05000 ---p 0002d000 08:08 3941293                    /usr/lib/jvm/java-8-openjdk-amd64/jre/lib/amd64/libjava.so
7f9f49f05000-7f9f49f06000 r--p 0002c000 08:08 3941293                    /usr/lib/jvm/java-8-openjdk-amd64/jre/lib/amd64/libjava.so
7f9f49f06000-7f9f49f08000 rw-p 0002d000 08:08 3941293                    /usr/lib/jvm/java-8-openjdk-amd64/jre/lib/amd64/libjava.so
7f9f49f08000-7f9f49f17000 r-xp 00000000 08:08 3941294                    /usr/lib/jvm/java-8-openjdk-amd64/jre/lib/amd64/libverify.so
7f9f49f17000-7f9f4a116000 ---p 0000f000 08:08 3941294                    /usr/lib/jvm/java-8-openjdk-amd64/jre/lib/amd64/libverify.so
7f9f4a116000-7f9f4a118000 r--p 0000e000 08:08 3941294                    /usr/lib/jvm/java-8-openjdk-amd64/jre/lib/amd64/libverify.so
7f9f4a118000-7f9f4a119000 rw-p 00010000 08:08 3941294                    /usr/lib/jvm/java-8-openjdk-amd64/jre/lib/amd64/libverify.so
7f9f4a119000-7f9f4a120000 r-xp 00000000 08:08 6291950                    /lib/x86_64-linux-gnu/librt-2.23.so
7f9f4a120000-7f9f4a31f000 ---p 00007000 08:08 6291950                    /lib/x86_64-linux-gnu/librt-2.23.so
7f9f4a31f000-7f9f4a320000 r--p 00006000 08:08 6291950                    /lib/x86_64-linux-gnu/librt-2.23.so
7f9f4a320000-7f9f4a321000 rw-p 00007000 08:08 6291950                    /lib/x86_64-linux-gnu/librt-2.23.so
7f9f4a321000-7f9f4a337000 r-xp 00000000 08:08 6292349                    /lib/x86_64-linux-gnu/libgcc_s.so.1
7f9f4a337000-7f9f4a536000 ---p 00016000 08:08 6292349                    /lib/x86_64-linux-gnu/libgcc_s.so.1
7f9f4a536000-7f9f4a537000 rw-p 00015000 08:08 6292349                    /lib/x86_64-linux-gnu/libgcc_s.so.1
7f9f4a537000-7f9f4a63f000 r-xp 00000000 08:08 6291944                    /lib/x86_64-linux-gnu/libm-2.23.so
7f9f4a63f000-7f9f4a83e000 ---p 00108000 08:08 6291944                    /lib/x86_64-linux-gnu/libm-2.23.so
7f9f4a83e000-7f9f4a83f000 r--p 00107000 08:08 6291944                    /lib/x86_64-linux-gnu/libm-2.23.so
7f9f4a83f000-7f9f4a840000 rw-p 00108000 08:08 6291944                    /lib/x86_64-linux-gnu/libm-2.23.so
7f9f4a840000-7f9f4a9b2000 r-xp 00000000 08:08 2360049                    /usr/lib/x86_64-linux-gnu/libstdc++.so.6.0.21
7f9f4a9b2000-7f9f4abb2000 ---p 00172000 08:08 2360049                    /usr/lib/x86_64-linux-gnu/libstdc++.so.6.0.21
7f9f4abb2000-7f9f4abbc000 r--p 00172000 08:08 2360049                    /usr/lib/x86_64-linux-gnu/libstdc++.so.6.0.21
7f9f4abbc000-7f9f4abbe000 rw-p 0017c000 08:08 2360049                    /usr/lib/x86_64-linux-gnu/libstdc++.so.6.0.21
7f9f4abbe000-7f9f4abc2000 rw-p 00000000 00:00 0 
7f9f4abc2000-7f9f4b808000 r-xp 00000000 08:08 3941769                    /usr/lib/jvm/java-8-openjdk-amd64/jre/lib/amd64/server/libjvm.so
7f9f4b808000-7f9f4ba08000 ---p 00c46000 08:08 3941769                    /usr/lib/jvm/java-8-openjdk-amd64/jre/lib/amd64/server/libjvm.so
7f9f4ba08000-7f9f4ba9b000 r--p 00c46000 08:08 3941769                    /usr/lib/jvm/java-8-openjdk-amd64/jre/lib/amd64/server/libjvm.so
7f9f4ba9b000-7f9f4bac3000 rw-p 00cd9000 08:08 3941769                    /usr/lib/jvm/java-8-openjdk-amd64/jre/lib/amd64/server/libjvm.so
7f9f4bac3000-7f9f4baf3000 rw-p 00000000 00:00 0 
7f9f4baf3000-7f9f4bb0b000 r-xp 00000000 08:08 6291957                    /lib/x86_64-linux-gnu/libpthread-2.23.so
7f9f4bb0b000-7f9f4bd0a000 ---p 00018000 08:08 6291957                    /lib/x86_64-linux-gnu/libpthread-2.23.so
7f9f4bd0a000-7f9f4bd0b000 r--p 00017000 08:08 6291957                    /lib/x86_64-linux-gnu/libpthread-2.23.so
7f9f4bd0b000-7f9f4bd0c000 rw-p 00018000 08:08 6291957                    /lib/x86_64-linux-gnu/libpthread-2.23.so
7f9f4bd0c000-7f9f4bd10000 rw-p 00000000 00:00 0 
7f9f4bd10000-7f9f4bd13000 r-xp 00000000 08:08 6291959                    /lib/x86_64-linux-gnu/libdl-2.23.so
7f9f4bd13000-7f9f4bf12000 ---p 00003000 08:08 6291959                    /lib/x86_64-linux-gnu/libdl-2.23.so
7f9f4bf12000-7f9f4bf13000 r--p 00002000 08:08 6291959                    /lib/x86_64-linux-gnu/libdl-2.23.so
7f9f4bf13000-7f9f4bf14000 rw-p 00003000 08:08 6291959                    /lib/x86_64-linux-gnu/libdl-2.23.so
7f9f4bf14000-7f9f4bf2d000 r-xp 00000000 08:08 6291533                    /lib/x86_64-linux-gnu/libz.so.1.2.8
7f9f4bf2d000-7f9f4c12c000 ---p 00019000 08:08 6291533                    /lib/x86_64-linux-gnu/libz.so.1.2.8
7f9f4c12c000-7f9f4c12d000 r--p 00018000 08:08 6291533                    /lib/x86_64-linux-gnu/libz.so.1.2.8
7f9f4c12d000-7f9f4c12e000 rw-p 00019000 08:08 6291533                    /lib/x86_64-linux-gnu/libz.so.1.2.8
7f9f4c12e000-7f9f4c2ed000 r-xp 00000000 08:08 6291958                    /lib/x86_64-linux-gnu/libc-2.23.so
7f9f4c2ed000-7f9f4c4ed000 ---p 001bf000 08:08 6291958                    /lib/x86_64-linux-gnu/libc-2.23.so
7f9f4c4ed000-7f9f4c4f1000 r--p 001bf000 08:08 6291958                    /lib/x86_64-linux-gnu/libc-2.23.so
7f9f4c4f1000-7f9f4c4f3000 rw-p 001c3000 08:08 6291958                    /lib/x86_64-linux-gnu/libc-2.23.so
7f9f4c4f3000-7f9f4c4f7000 rw-p 00000000 00:00 0 
7f9f4c4f7000-7f9f4c504000 r-xp 00000000 08:08 3945183                    /usr/lib/jvm/java-8-openjdk-amd64/jre/lib/amd64/jli/libjli.so
7f9f4c504000-7f9f4c704000 ---p 0000d000 08:08 3945183                    /usr/lib/jvm/java-8-openjdk-amd64/jre/lib/amd64/jli/libjli.so
7f9f4c704000-7f9f4c705000 r--p 0000d000 08:08 3945183                    /usr/lib/jvm/java-8-openjdk-amd64/jre/lib/amd64/jli/libjli.so
7f9f4c705000-7f9f4c706000 rw-p 0000e000 08:08 3945183                    /usr/lib/jvm/java-8-openjdk-amd64/jre/lib/amd64/jli/libjli.so
7f9f4c706000-7f9f4c72c000 r-xp 00000000 08:08 6291952                    /lib/x86_64-linux-gnu/ld-2.23.so
7f9f4c72c000-7f9f4c72e000 r--s 0001b000 00:2e 5243450                    /home/simon/.m2/repository/org/jogamp/jogl/jogl-all/2.0.2/jogl-all-2.0.2-natives-linux-armv6hf.jar
7f9f4c72e000-7f9f4c72f000 r--s 0001b000 00:2e 5243448                    /home/simon/.m2/repository/org/jogamp/jogl/jogl-all/2.0.2/jogl-all-2.0.2-natives-linux-armv6.jar
7f9f4c72f000-7f9f4c7f9000 rw-p 00000000 00:00 0 
7f9f4c7f9000-7f9f4c7fc000 ---p 00000000 00:00 0 
7f9f4c7fc000-7f9f4c8ff000 rw-p 00000000 00:00 0 
7f9f4c8ff000-7f9f4c900000 r--s 0002a000 00:2e 5243446                    /home/simon/.m2/repository/org/jogamp/jogl/jogl-all/2.0.2/jogl-all-2.0.2-natives-linux-amd64.jar
7f9f4c900000-7f9f4c901000 r--s 00009000 00:2e 5243444                    /home/simon/.m2/repository/org/jogamp/jogl/jogl-all/2.0.2/jogl-all-2.0.2-natives-android-armv6.jar
7f9f4c901000-7f9f4c902000 r--s 00000000 00:2e 5243440                    /home/simon/.m2/repository/org/jogamp/jogl/jogl-all-main/2.0.2/jogl-all-main-2.0.2.jar
7f9f4c902000-7f9f4c904000 r--s 00045000 00:2e 5243438                    /home/simon/.m2/repository/java3d/vecmath/1.3.1/vecmath-1.3.1.jar
7f9f4c904000-7f9f4c906000 r--s 00001000 08:08 3946082                    /usr/lib/jvm/java-8-openjdk-amd64/jre/lib/ext/dnsns.jar
7f9f4c906000-7f9f4c907000 r--s 0000a000 08:08 3946095                    /usr/lib/jvm/java-8-openjdk-amd64/jre/lib/ext/jaccess.jar
7f9f4c907000-7f9f4c908000 r--s 00010000 08:08 3946097                    /usr/lib/jvm/java-8-openjdk-amd64/jre/lib/ext/zipfs.jar
7f9f4c908000-7f9f4c912000 r--s 00116000 08:08 3968043                    /usr/lib/jvm/java-8-openjdk-amd64/jre/lib/ext/localedata.jar
7f9f4c912000-7f9f4c913000 r--s 00008000 08:08 3946093                    /usr/lib/jvm/java-8-openjdk-amd64/jre/lib/ext/sunec.jar
7f9f4c913000-7f9f4c918000 r--s 0003b000 08:08 3946099                    /usr/lib/jvm/java-8-openjdk-amd64/jre/lib/ext/sunjce_provider.jar
7f9f4c918000-7f9f4c91b000 r--s 0000f000 08:08 3946103                    /usr/lib/jvm/java-8-openjdk-amd64/jre/lib/ext/icedtea-sound.jar
7f9f4c91b000-7f9f4c91f000 r--s 00037000 08:08 3968045                    /usr/lib/jvm/java-8-openjdk-amd64/jre/lib/ext/sunpkcs11.jar
7f9f4c91f000-7f9f4c927000 rw-s 00000000 08:08 5244139                    /tmp/hsperfdata_simon/12709
7f9f4c927000-7f9f4c928000 rw-p 00000000 00:00 0 
7f9f4c928000-7f9f4c929000 ---p 00000000 00:00 0 
7f9f4c929000-7f9f4c92b000 rw-p 00000000 00:00 0 
7f9f4c92b000-7f9f4c92c000 r--p 00025000 08:08 6291952                    /lib/x86_64-linux-gnu/ld-2.23.so
7f9f4c92c000-7f9f4c92d000 rw-p 00026000 08:08 6291952                    /lib/x86_64-linux-gnu/ld-2.23.so
7f9f4c92d000-7f9f4c92e000 rw-p 00000000 00:00 0 
7ffe52d82000-7ffe52da4000 rw-p 00000000 00:00 0                          [stack]
7ffe52dc2000-7ffe52dc4000 r--p 00000000 00:00 0                          [vvar]
7ffe52dc4000-7ffe52dc6000 r-xp 00000000 00:00 0                          [vdso]
ffffffffff600000-ffffffffff601000 r-xp 00000000 00:00 0                  [vsyscall]

VM Arguments:
jvm_args: -Dfile.encoding=UTF-8 
java_command: assignment3.RasterizerScene
java_class_path (initial): /home/simon/Documents/Computer-Graphics-HS16/simple/target/classes:/home/simon/Documents/Computer-Graphics-HS16/jrtr/target/classes:/home/simon/.m2/repository/java3d/vecmath/1.3.1/vecmath-1.3.1.jar:/home/simon/.m2/repository/org/jogamp/jogl/jogl-all-main/2.0.2/jogl-all-main-2.0.2.jar:/home/simon/.m2/repository/org/jogamp/jogl/jogl-all/2.0.2/jogl-all-2.0.2.jar:/home/simon/.m2/repository/org/jogamp/jogl/jogl-all/2.0.2/jogl-all-2.0.2-natives-android-armv6.jar:/home/simon/.m2/repository/org/jogamp/jogl/jogl-all/2.0.2/jogl-all-2.0.2-natives-linux-amd64.jar:/home/simon/.m2/repository/org/jogamp/jogl/jogl-all/2.0.2/jogl-all-2.0.2-natives-linux-armv6.jar:/home/simon/.m2/repository/org/jogamp/jogl/jogl-all/2.0.2/jogl-all-2.0.2-natives-linux-armv6hf.jar:/home/simon/.m2/repository/org/jogamp/jogl/jogl-all/2.0.2/jogl-all-2.0.2-natives-linux-i586.jar:/home/simon/.m2/repository/org/jogamp/jogl/jogl-all/2.0.2/jogl-all-2.0.2-natives-macosx-universal.jar:/home/simon/.m2/repository/org/jogamp/jogl/jogl-all/2.0.2/jogl-all-2.0.2-natives-solaris-amd64.jar:/home/simon/.m2/repository/org/jogamp/jogl/jogl-all/2.0.2/jogl-all-2.0.2-natives-solaris-i586.jar:/home/simon/.m2/repository/org/jogamp/jogl/jogl-all/2.0.2/jogl-all-2.0.2-natives-windows-amd64.jar:/home/simon/.m2/repository/org/jogamp/jogl/jogl-all/2.0.2/jogl-all-2.0.2-natives-windows-i586.jar:/home/simon/.m2/repository/org/jogamp/gluegen/gluegen-rt-main/2.0.2/gluegen-rt-main-2.0.2.jar:/home/simon/.m2/repository/org/jogamp/gluegen/gluegen-rt/2.0.2/gluegen-rt-2.0.2.jar:/home/simon/.m2/repository/org/jogamp/gluegen/gluegen-rt/2.0.2/gluegen-rt-2.0.2-natives-android-armv6.jar:/home/simon/.m2/repository/org/jogamp/gluegen/gluegen-rt/2.0.2/gluegen-rt-2.0.2-natives-linux-amd64.jar:/home/simon/.m2/repository/org/jogamp/gluegen/gluegen-rt/2.0.2/gluegen-rt-2.0.2-natives-linux-armv6.jar:/home/simon/.m2/repository/org/jogamp/gluegen/gluegen-rt/2.0.2/gluegen-rt-2.0.2-natives-linux-armv6hf.jar:/home/simon/.m2/repository/
Launcher Type: SUN_STANDARD

Environment Variables:
PATH=/usr/local/sbin:/usr/local/bin:/usr/sbin:/usr/bin:/sbin:/bin:/usr/games:/usr/local/games:/opt/apache-maven-3.3.3/bin:/snap/bin:/home/simon/.rvm/bin
SHELL=/bin/bash
DISPLAY=:0

Signal Handlers:
SIGSEGV: [libjvm.so+0xa5e970], sa_mask[0]=11111111011111111101111111111110, sa_flags=SA_RESTART|SA_SIGINFO
SIGBUS: [libjvm.so+0xa5e970], sa_mask[0]=11111111011111111101111111111110, sa_flags=SA_RESTART|SA_SIGINFO
SIGFPE: [libjvm.so+0x8a9ff0], sa_mask[0]=11111111011111111101111111111110, sa_flags=SA_RESTART|SA_SIGINFO
SIGPIPE: [libjvm.so+0x8a9ff0], sa_mask[0]=11111111011111111101111111111110, sa_flags=SA_RESTART|SA_SIGINFO
SIGXFSZ: [libjvm.so+0x8a9ff0], sa_mask[0]=11111111011111111101111111111110, sa_flags=SA_RESTART|SA_SIGINFO
SIGILL: [libjvm.so+0x8a9ff0], sa_mask[0]=11111111011111111101111111111110, sa_flags=SA_RESTART|SA_SIGINFO
SIGUSR1: SIG_DFL, sa_mask[0]=00000000000000000000000000000000, sa_flags=none
SIGUSR2: [libjvm.so+0x8a9ea0], sa_mask[0]=00100000000000000000000000000000, sa_flags=SA_RESTART|SA_SIGINFO
SIGHUP: [libjvm.so+0x8aa370], sa_mask[0]=11111111011111111101111111111110, sa_flags=SA_RESTART|SA_SIGINFO
SIGINT: [libjvm.so+0x8aa370], sa_mask[0]=11111111011111111101111111111110, sa_flags=SA_RESTART|SA_SIGINFO
SIGTERM: [libjvm.so+0x8aa370], sa_mask[0]=11111111011111111101111111111110, sa_flags=SA_RESTART|SA_SIGINFO
SIGQUIT: [libjvm.so+0x8aa370], sa_mask[0]=11111111011111111101111111111110, sa_flags=SA_RESTART|SA_SIGINFO


---------------  S Y S T E M  ---------------

OS:DISTRIB_ID=Ubuntu
DISTRIB_RELEASE=16.04
DISTRIB_CODENAME=xenial
DISTRIB_DESCRIPTION="Ubuntu 16.04.1 LTS"

uname:Linux 4.4.0-45-generic #66-Ubuntu SMP Wed Oct 19 14:12:37 UTC 2016 x86_64
libc:glibc 2.23 NPTL 2.23 
rlimit: STACK 8192k, CORE 0k, NPROC 30542, NOFILE 65536, AS infinity
load average:1.37 0.77 0.60

/proc/meminfo:
MemTotal:        7859440 kB
MemFree:          137464 kB
MemAvailable:     104308 kB
Buffers:           17244 kB
Cached:          1203068 kB
SwapCached:            0 kB
Active:          6483524 kB
Inactive:         996528 kB
Active(anon):    6395512 kB
Inactive(anon):   923016 kB
Active(file):      88012 kB
Inactive(file):    73512 kB
Unevictable:          64 kB
Mlocked:              64 kB
SwapTotal:             0 kB
SwapFree:              0 kB
Dirty:               848 kB
Writeback:             0 kB
AnonPages:       6260228 kB
Mapped:           779424 kB
Shmem:           1058784 kB
Slab:             103508 kB
SReclaimable:      46028 kB
SUnreclaim:        57480 kB
KernelStack:       23088 kB
PageTables:        60644 kB
NFS_Unstable:          0 kB
Bounce:                0 kB
WritebackTmp:          0 kB
CommitLimit:     3929720 kB
Committed_AS:   16219308 kB
VmallocTotal:   34359738367 kB
VmallocUsed:           0 kB
VmallocChunk:          0 kB
HardwareCorrupted:     0 kB
AnonHugePages:   2918400 kB
CmaTotal:              0 kB
CmaFree:               0 kB
HugePages_Total:       0
HugePages_Free:        0
HugePages_Rsvd:        0
HugePages_Surp:        0
Hugepagesize:       2048 kB
DirectMap4k:      112784 kB
DirectMap2M:     2713600 kB
DirectMap1G:     5242880 kB


CPU:total 8 (4 cores per cpu, 2 threads per core) family 6 model 60 stepping 3, cmov, cx8, fxsr, mmx, sse, sse2, sse3, ssse3, sse4.1, sse4.2, popcnt, avx, avx2, aes, clmul, erms, lzcnt, ht, tsc, tscinvbit, bmi1, bmi2

/proc/cpuinfo:
processor	: 0
vendor_id	: GenuineIntel
cpu family	: 6
model		: 60
model name	: Intel(R) Core(TM) i7-4710MQ CPU @ 2.50GHz
stepping	: 3
microcode	: 0x19
cpu MHz		: 3333.691
cache size	: 6144 KB
physical id	: 0
siblings	: 8
core id		: 0
cpu cores	: 4
apicid		: 0
initial apicid	: 0
fpu		: yes
fpu_exception	: yes
cpuid level	: 13
wp		: yes
flags		: fpu vme de pse tsc msr pae mce cx8 apic sep mtrr pge mca cmov pat pse36 clflush dts acpi mmx fxsr sse sse2 ss ht tm pbe syscall nx pdpe1gb rdtscp lm constant_tsc arch_perfmon pebs bts rep_good nopl xtopology nonstop_tsc aperfmperf eagerfpu pni pclmulqdq dtes64 monitor ds_cpl vmx est tm2 ssse3 sdbg fma cx16 xtpr pdcm pcid sse4_1 sse4_2 movbe popcnt tsc_deadline_timer aes xsave avx f16c rdrand lahf_lm abm epb tpr_shadow vnmi flexpriority ept vpid fsgsbase tsc_adjust bmi1 avx2 smep bmi2 erms invpcid xsaveopt dtherm ida arat pln pts
bugs		:
bogomips	: 4988.44
clflush size	: 64
cache_alignment	: 64
address sizes	: 39 bits physical, 48 bits virtual
power management:

processor	: 1
vendor_id	: GenuineIntel
cpu family	: 6
model		: 60
model name	: Intel(R) Core(TM) i7-4710MQ CPU @ 2.50GHz
stepping	: 3
microcode	: 0x19
cpu MHz		: 3280.957
cache size	: 6144 KB
physical id	: 0
siblings	: 8
core id		: 0
cpu cores	: 4
apicid		: 1
initial apicid	: 1
fpu		: yes
fpu_exception	: yes
cpuid level	: 13
wp		: yes
flags		: fpu vme de pse tsc msr pae mce cx8 apic sep mtrr pge mca cmov pat pse36 clflush dts acpi mmx fxsr sse sse2 ss ht tm pbe syscall nx pdpe1gb rdtscp lm constant_tsc arch_perfmon pebs bts rep_good nopl xtopology nonstop_tsc aperfmperf eagerfpu pni pclmulqdq dtes64 monitor ds_cpl vmx est tm2 ssse3 sdbg fma cx16 xtpr pdcm pcid sse4_1 sse4_2 movbe popcnt tsc_deadline_timer aes xsave avx f16c rdrand lahf_lm abm epb tpr_shadow vnmi flexpriority ept vpid fsgsbase tsc_adjust bmi1 avx2 smep bmi2 erms invpcid xsaveopt dtherm ida arat pln pts
bugs		:
bogomips	: 4988.44
clflush size	: 64
cache_alignment	: 64
address sizes	: 39 bits physical, 48 bits virtual
power management:

processor	: 2
vendor_id	: GenuineIntel
cpu family	: 6
model		: 60
model name	: Intel(R) Core(TM) i7-4710MQ CPU @ 2.50GHz
stepping	: 3
microcode	: 0x19
cpu MHz		: 3283.984
cache size	: 6144 KB
physical id	: 0
siblings	: 8
core id		: 1
cpu cores	: 4
apicid		: 2
initial apicid	: 2
fpu		: yes
fpu_exception	: yes
cpuid level	: 13
wp		: yes
flags		: fpu vme de pse tsc msr pae mce cx8 apic sep mtrr pge mca cmov pat pse36 clflush dts acpi mmx fxsr sse sse2 ss ht tm pbe syscall nx pdpe1gb rdtscp lm constant_tsc arch_perfmon pebs bts rep_good nopl xtopology nonstop_tsc aperfmperf eagerfpu pni pclmulqdq dtes64 monitor ds_cpl vmx est tm2 ssse3 sdbg fma cx16 xtpr pdcm pcid sse4_1 sse4_2 movbe popcnt tsc_deadline_timer aes xsave avx f16c rdrand lahf_lm abm epb tpr_shadow vnmi flexpriority ept vpid fsgsbase tsc_adjust bmi1 avx2 smep bmi2 erms invpcid xsaveopt dtherm ida arat pln pts
bugs		:
bogomips	: 4988.44
clflush size	: 64
cache_alignment	: 64
address sizes	: 39 bits physical, 48 bits virtual
power management:

processor	: 3
vendor_id	: GenuineIntel
cpu family	: 6
model		: 60
model name	: Intel(R) Core(TM) i7-4710MQ CPU @ 2.50GHz
stepping	: 3
microcode	: 0x19
cpu MHz		: 3266.503
cache size	: 6144 KB
physical id	: 0
siblings	: 8
core id		: 1
cpu cores	: 4
apicid		: 3
initial apicid	: 3
fpu		: yes
fpu_exception	: yes
cpuid level	: 13
wp		: yes
flags		: fpu vme de pse tsc msr pae mce cx8 apic sep mtrr pge mca cmov pat pse36 clflush dts acpi mmx fxsr sse sse2 ss ht tm pbe syscall nx pdpe1gb rdtscp lm constant_tsc arch_perfmon pebs bts rep_good nopl xtopology nonstop_tsc aperfmperf eagerfpu pni pclmulqdq dtes64 monitor ds_cpl vmx est tm2 ssse3 sdbg fma cx16 xtpr pdcm pcid sse4_1 sse4_2 movbe popcnt tsc_deadline_timer aes xsave avx f16c rdrand lahf_lm abm epb tpr_shadow vnmi flexpriority ept vpid fsgsbase tsc_adjust bmi1 avx2 smep bmi2 erms invpcid xsaveopt dtherm ida arat pln pts
bugs		:
bogomips	: 4988.44
clflush size	: 64
cache_alignment	: 64
address sizes	: 39 bits physical, 48 bits virtual
power management:

processor	: 4
vendor_id	: GenuineIntel
cpu family	: 6
model		: 60
model name	: Intel(R) Core(TM) i7-4710MQ CPU @ 2.50GHz
stepping	: 3
microcode	: 0x19
cpu MHz		: 3265.527
cache size	: 6144 KB
physical id	: 0
siblings	: 8
core id		: 2
cpu cores	: 4
apicid		: 4
initial apicid	: 4
fpu		: yes
fpu_exception	: yes
cpuid level	: 13
wp		: yes
flags		: fpu vme de pse tsc msr pae mce cx8 apic sep mtrr pge mca cmov pat pse36 clflush dts acpi mmx fxsr sse sse2 ss ht tm pbe syscall nx pdpe1gb rdtscp lm constant_tsc arch_perfmon pebs bts rep_good nopl xtopology nonstop_tsc aperfmperf eagerfpu pni pclmulqdq dtes64 monitor ds_cpl vmx est tm2 ssse3 sdbg fma cx16 xtpr pdcm pcid sse4_1 sse4_2 movbe popcnt tsc_deadline_timer aes xsave avx f16c rdrand lahf_lm abm epb tpr_shadow vnmi flexpriority ept vpid fsgsbase tsc_adjust bmi1 avx2 smep bmi2 erms invpcid xsaveopt dtherm ida arat pln pts
bugs		:
bogomips	: 4988.44
clflush size	: 64
cache_alignment	: 64
address sizes	: 39 bits physical, 48 bits virtual
power management:

processor	: 5
vendor_id	: GenuineIntel
cpu family	: 6
model		: 60
model name	: Intel(R) Core(TM) i7-4710MQ CPU @ 2.50GHz
stepping	: 3
microcode	: 0x19
cpu MHz		: 3261.523
cache size	: 6144 KB
physical id	: 0
siblings	: 8
core id		: 2
cpu cores	: 4
apicid		: 5
initial apicid	: 5
fpu		: yes
fpu_exception	: yes
cpuid level	: 13
wp		: yes
flags		: fpu vme de pse tsc msr pae mce cx8 apic sep mtrr pge mca cmov pat pse36 clflush dts acpi mmx fxsr sse sse2 ss ht tm pbe syscall nx pdpe1gb rdtscp lm constant_tsc arch_perfmon pebs bts rep_good nopl xtopology nonstop_tsc aperfmperf eagerfpu pni pclmulqdq dtes64 monitor ds_cpl vmx est tm2 ssse3 sdbg fma cx16 xtpr pdcm pcid sse4_1 sse4_2 movbe popcnt tsc_deadline_timer aes xsave avx f16c rdrand lahf_lm abm epb tpr_shadow vnmi flexpriority ept vpid fsgsbase tsc_adjust bmi1 avx2 smep bmi2 erms invpcid xsaveopt dtherm ida arat pln pts
bugs		:
bogomips	: 4988.44
clflush size	: 64
cache_alignment	: 64
address sizes	: 39 bits physical, 48 bits virtual
power management:

processor	: 6
vendor_id	: GenuineIntel
cpu family	: 6
model		: 60
model name	: Intel(R) Core(TM) i7-4710MQ CPU @ 2.50GHz
stepping	: 3
microcode	: 0x19
cpu MHz		: 3335.546
cache size	: 6144 KB
physical id	: 0
siblings	: 8
core id		: 3
cpu cores	: 4
apicid		: 6
initial apicid	: 6
fpu		: yes
fpu_exception	: yes
cpuid level	: 13
wp		: yes
flags		: fpu vme de pse tsc msr pae mce cx8 apic sep mtrr pge mca cmov pat pse36 clflush dts acpi mmx fxsr sse sse2 ss ht tm pbe syscall nx pdpe1gb rdtscp lm constant_tsc arch_perfmon pebs bts rep_good nopl xtopology nonstop_tsc aperfmperf eagerfpu pni pclmulqdq dtes64 monitor ds_cpl vmx est tm2 ssse3 sdbg fma cx16 xtpr pdcm pcid sse4_1 sse4_2 movbe popcnt tsc_deadline_timer aes xsave avx f16c rdrand lahf_lm abm epb tpr_shadow vnmi flexpriority ept vpid fsgsbase tsc_adjust bmi1 avx2 smep bmi2 erms invpcid xsaveopt dtherm ida arat pln pts
bugs		:
bogomips	: 4988.44
clflush size	: 64
cache_alignment	: 64
address sizes	: 39 bits physical, 48 bits virtual
power management:

processor	: 7
vendor_id	: GenuineIntel
cpu family	: 6
model		: 60
model name	: Intel(R) Core(TM) i7-4710MQ CPU @ 2.50GHz
stepping	: 3
microcode	: 0x19
cpu MHz		: 3236.425
cache size	: 6144 KB
physical id	: 0
siblings	: 8
core id		: 3
cpu cores	: 4
apicid		: 7
initial apicid	: 7
fpu		: yes
fpu_exception	: yes
cpuid level	: 13
wp		: yes
flags		: fpu vme de pse tsc msr pae mce cx8 apic sep mtrr pge mca cmov pat pse36 clflush dts acpi mmx fxsr sse sse2 ss ht tm pbe syscall nx pdpe1gb rdtscp lm constant_tsc arch_perfmon pebs bts rep_good nopl xtopology nonstop_tsc aperfmperf eagerfpu pni pclmulqdq dtes64 monitor ds_cpl vmx est tm2 ssse3 sdbg fma cx16 xtpr pdcm pcid sse4_1 sse4_2 movbe popcnt tsc_deadline_timer aes xsave avx f16c rdrand lahf_lm abm epb tpr_shadow vnmi flexpriority ept vpid fsgsbase tsc_adjust bmi1 avx2 smep bmi2 erms invpcid xsaveopt dtherm ida arat pln pts
bugs		:
bogomips	: 4988.44
clflush size	: 64
cache_alignment	: 64
address sizes	: 39 bits physical, 48 bits virtual
power management:



Memory: 4k page, physical 7859440k(137464k free), swap 0k(0k free)

vm_info: OpenJDK 64-Bit Server VM (25.91-b14) for linux-amd64 JRE (1.8.0_91-8u91-b14-3ubuntu1~16.04.1-b14), built on Jul 21 2016 04:13:34 by "buildd" with gcc 5.3.1 20160413

time: Wed Nov  2 14:15:09 2016
elapsed time: 1 seconds (0d 0h 0m 1s)

