#
# There is insufficient memory for the Java Runtime Environment to continue.
# Native memory allocation (mmap) failed to map 250609664 bytes for committing reserved memory.
# Possible reasons:
#   The system is out of physical RAM or swap space
#   In 32 bit mode, the process size limit was hit
# Possible solutions:
#   Reduce memory load on the system
#   Increase physical memory or swap space
#   Check if swap backing store is full
#   Use 64 bit Java on a 64 bit OS
#   Decrease Java heap size (-Xmx/-Xms)
#   Decrease number of Java threads
#   Decrease Java thread stack sizes (-Xss)
#   Set larger code cache with -XX:ReservedCodeCacheSize=
# This output file may be truncated or incomplete.
#
#  Out of Memory Error (os_linux.cpp:2630), pid=6289, tid=139632106571520
#
# JRE version: OpenJDK Runtime Environment (8.0_91-b14) (build 1.8.0_91-8u91-b14-3ubuntu1~16.04.1-b14)
# Java VM: OpenJDK 64-Bit Server VM (25.91-b14 mixed mode linux-amd64 compressed oops)
# Failed to write core dump. Core dumps have been disabled. To enable core dumping, try "ulimit -c unlimited" before starting Java again
#

---------------  T H R E A D  ---------------

Current thread (0x00007efec8080800):  VMThread [stack: 0x00007efea20c8000,0x00007efea21c9000] [id=6305]

Stack: [0x00007efea20c8000,0x00007efea21c9000],  sp=0x00007efea21c74c0,  free space=1021k
Native frames: (J=compiled Java code, j=interpreted, Vv=VM code, C=native code)
V  [libjvm.so+0xa5de1b]
V  [libjvm.so+0x4c178c]
V  [libjvm.so+0x8ae9d0]
V  [libjvm.so+0x8a8e4e]
V  [libjvm.so+0x922f46]
V  [libjvm.so+0x924273]
V  [libjvm.so+0x920923]
V  [libjvm.so+0x920bec]
V  [libjvm.so+0x8d3263]
V  [libjvm.so+0xa5fad2]
V  [libjvm.so+0xa64b57]
V  [libjvm.so+0xa62327]
V  [libjvm.so+0xa637af]
V  [libjvm.so+0xa63ca1]
V  [libjvm.so+0x8abeb2]

VM_Operation (0x00007efe9a8584a0): ParallelGCFailedAllocation, mode: safepoint, requested by thread 0x00007efe54008800


---------------  P R O C E S S  ---------------

Java Threads: ( => current thread )
  0x00007efec800b000 JavaThread "DestroyJavaVM" [_thread_blocked, id=6296, stack(0x00007efecffff000,0x00007efed0100000)]
  0x00007efe54008800 JavaThread "AWT-EventQueue-0" [_thread_blocked, id=6318, stack(0x00007efe9a75b000,0x00007efe9a85c000)]
  0x00007efec83a5000 JavaThread "AWT-Shutdown" [_thread_blocked, id=6317, stack(0x00007efe9aa5c000,0x00007efe9ab5d000)]
  0x00007efec8266800 JavaThread "AWT-XAWT" daemon [_thread_blocked, id=6316, stack(0x00007efe9afc1000,0x00007efe9b0c2000)]
  0x00007efec8247800 JavaThread "Java2D Disposer" daemon [_thread_blocked, id=6315, stack(0x00007efea009a000,0x00007efea019b000)]
  0x00007efec80cd800 JavaThread "Service Thread" daemon [_thread_blocked, id=6313, stack(0x00007efea159a000,0x00007efea169b000)]
  0x00007efec80c0800 JavaThread "C1 CompilerThread3" daemon [_thread_blocked, id=6312, stack(0x00007efea169b000,0x00007efea179c000)]
  0x00007efec80bc000 JavaThread "C2 CompilerThread2" daemon [_thread_in_native, id=6311, stack(0x00007efea179c000,0x00007efea189d000)]
  0x00007efec80ba000 JavaThread "C2 CompilerThread1" daemon [_thread_blocked, id=6310, stack(0x00007efea189d000,0x00007efea199e000)]
  0x00007efec80b7800 JavaThread "C2 CompilerThread0" daemon [_thread_blocked, id=6309, stack(0x00007efea199e000,0x00007efea1a9f000)]
  0x00007efec80b5000 JavaThread "Signal Dispatcher" daemon [_thread_blocked, id=6308, stack(0x00007efea1a9f000,0x00007efea1ba0000)]
  0x00007efec808d000 JavaThread "Finalizer" daemon [_thread_blocked, id=6307, stack(0x00007efea1ec6000,0x00007efea1fc7000)]
  0x00007efec8088000 JavaThread "Reference Handler" daemon [_thread_blocked, id=6306, stack(0x00007efea1fc7000,0x00007efea20c8000)]

Other Threads:
=>0x00007efec8080800 VMThread [stack: 0x00007efea20c8000,0x00007efea21c9000] [id=6305]
  0x00007efec80d0000 WatcherThread [stack: 0x00007efea1499000,0x00007efea159a000] [id=6314]

VM state:at safepoint (normal execution)

VM Mutex/Monitor currently owned by a thread:  ([mutex/lock_event])
[0x00007efec8007540] Threads_lock - owner thread: 0x00007efec8080800
[0x00007efec8007a40] Heap_lock - owner thread: 0x00007efe54008800

Heap:
 PSYoungGen      total 260608K, used 11153K [0x00000000d8000000, 0x00000000e8e00000, 0x0000000100000000)
  eden space 245248K, 0% used [0x00000000d8000000,0x00000000d8000000,0x00000000e6f80000)
  from space 15360K, 72% used [0x00000000e6f80000,0x00000000e7a646d0,0x00000000e7e80000)
  to   space 14848K, 0% used [0x00000000e7e80000,0x00000000e7e80000,0x00000000e8d00000)
 ParOldGen       total 81920K, used 33269K [0x0000000088000000, 0x000000008d000000, 0x00000000d8000000)
  object space 81920K, 40% used [0x0000000088000000,0x000000008a07d650,0x000000008d000000)
 Metaspace       used 9824K, capacity 10028K, committed 10112K, reserved 1058816K
  class space    used 1061K, capacity 1125K, committed 1152K, reserved 1048576K

Card table byte_map: [0x00007efecc315000,0x00007efecc6d6000] byte_map_base: 0x00007efecbed5000

Marking Bits: (ParMarkBitMap*) 0x00007efecf2dcfc0
 Begin Bits: [0x00007efeb0400000, 0x00007efeb2200000)
 End Bits:   [0x00007efeb2200000, 0x00007efeb4000000)

Polling page: 0x00007efed012e000

CodeCache: size=245760Kb used=2582Kb max_used=2582Kb free=243177Kb
 bounds [0x00007efeb9000000, 0x00007efeb9290000, 0x00007efec8000000]
 total_blobs=1047 nmethods=545 adapters=417
 compilation: enabled

Compilation events (10 events):
Event: 3.259 Thread 0x00007efec80c0800  541       3       sun.awt.SunToolkit::flushPendingEvents (19 bytes)
Event: 3.259 Thread 0x00007efec80c0800 nmethod 541 0x00007efeb9282790 code [0x00007efeb9282920, 0x00007efeb9282c78]
Event: 3.262 Thread 0x00007efec80c0800  543       3       sun.awt.X11.XBaseWindow::getWindow (5 bytes)
Event: 3.262 Thread 0x00007efec80c0800 nmethod 543 0x00007efeb9280d10 code [0x00007efeb9280e60, 0x00007efeb9280fb0]
Event: 3.271 Thread 0x00007efec80c0800  544       3       jrtr.swrenderer.SWRenderContext::getTextureColor (67 bytes)
Event: 3.271 Thread 0x00007efec80c0800 nmethod 544 0x00007efeb9281f10 code [0x00007efeb92820c0, 0x00007efeb9282528]
Event: 3.271 Thread 0x00007efec80c0800  545       3       jrtr.swrenderer.SWRenderContext::getBilinearInterpolationColor (274 bytes)
Event: 3.272 Thread 0x00007efec80c0800 nmethod 545 0x00007efeb9287010 code [0x00007efeb92872e0, 0x00007efeb92885b8]
Event: 3.275 Thread 0x00007efec80ba000  546       4       jrtr.swrenderer.SWRenderContext::getBilinearInterpolationColor (274 bytes)
Event: 3.276 Thread 0x00007efec80bc000  547       4       jrtr.swrenderer.SWRenderContext::getTextureColor (67 bytes)

GC Heap History (10 events):
Event: 0.561 GC heap after
Heap after GC invocations=2 (full 0):
 PSYoungGen      total 66560K, used 5096K [0x00000000d8000000, 0x00000000dc600000, 0x0000000100000000)
  eden space 61440K, 0% used [0x00000000d8000000,0x00000000d8000000,0x00000000dbc00000)
  from space 5120K, 99% used [0x00000000dc100000,0x00000000dc5fa300,0x00000000dc600000)
  to   space 5120K, 0% used [0x00000000dbc00000,0x00000000dbc00000,0x00000000dc100000)
 ParOldGen       total 81920K, used 13363K [0x0000000088000000, 0x000000008d000000, 0x00000000d8000000)
  object space 81920K, 16% used [0x0000000088000000,0x0000000088d0ce30,0x000000008d000000)
 Metaspace       used 9494K, capacity 9676K, committed 9856K, reserved 1058816K
  class space    used 1027K, capacity 1093K, committed 1152K, reserved 1048576K
}
Event: 1.838 GC heap before
{Heap before GC invocations=3 (full 0):
 PSYoungGen      total 66560K, used 66536K [0x00000000d8000000, 0x00000000dc600000, 0x0000000100000000)
  eden space 61440K, 100% used [0x00000000d8000000,0x00000000dbc00000,0x00000000dbc00000)
  from space 5120K, 99% used [0x00000000dc100000,0x00000000dc5fa300,0x00000000dc600000)
  to   space 5120K, 0% used [0x00000000dbc00000,0x00000000dbc00000,0x00000000dc100000)
 ParOldGen       total 81920K, used 13363K [0x0000000088000000, 0x000000008d000000, 0x00000000d8000000)
  object space 81920K, 16% used [0x0000000088000000,0x0000000088d0ce30,0x000000008d000000)
 Metaspace       used 9803K, capacity 9964K, committed 10112K, reserved 1058816K
  class space    used 1061K, capacity 1125K, committed 1152K, reserved 1048576K
Event: 1.848 GC heap after
Heap after GC invocations=3 (full 0):
 PSYoungGen      total 66560K, used 5110K [0x00000000d8000000, 0x00000000e0200000, 0x0000000100000000)
  eden space 61440K, 0% used [0x00000000d8000000,0x00000000d8000000,0x00000000dbc00000)
  from space 5120K, 99% used [0x00000000dbc00000,0x00000000dc0fdac0,0x00000000dc100000)
  to   space 5120K, 0% used [0x00000000dfd00000,0x00000000dfd00000,0x00000000e0200000)
 ParOldGen       total 81920K, used 19925K [0x0000000088000000, 0x000000008d000000, 0x00000000d8000000)
  object space 81920K, 24% used [0x0000000088000000,0x00000000893755a0,0x000000008d000000)
 Metaspace       used 9803K, capacity 9964K, committed 10112K, reserved 1058816K
  class space    used 1061K, capacity 1125K, committed 1152K, reserved 1048576K
}
Event: 1.952 GC heap before
{Heap before GC invocations=4 (full 0):
 PSYoungGen      total 66560K, used 66550K [0x00000000d8000000, 0x00000000e0200000, 0x0000000100000000)
  eden space 61440K, 100% used [0x00000000d8000000,0x00000000dbc00000,0x00000000dbc00000)
  from space 5120K, 99% used [0x00000000dbc00000,0x00000000dc0fdac0,0x00000000dc100000)
  to   space 5120K, 0% used [0x00000000dfd00000,0x00000000dfd00000,0x00000000e0200000)
 ParOldGen       total 81920K, used 19925K [0x0000000088000000, 0x000000008d000000, 0x00000000d8000000)
  object space 81920K, 24% used [0x0000000088000000,0x00000000893755a0,0x000000008d000000)
 Metaspace       used 9804K, capacity 9964K, committed 10112K, reserved 1058816K
  class space    used 1061K, capacity 1125K, committed 1152K, reserved 1048576K
Event: 1.965 GC heap after
Heap after GC invocations=4 (full 0):
 PSYoungGen      total 128000K, used 5110K [0x00000000d8000000, 0x00000000e0200000, 0x0000000100000000)
  eden space 122880K, 0% used [0x00000000d8000000,0x00000000d8000000,0x00000000df800000)
  from space 5120K, 99% used [0x00000000dfd00000,0x00000000e01fdac0,0x00000000e0200000)
  to   space 5120K, 0% used [0x00000000df800000,0x00000000df800000,0x00000000dfd00000)
 ParOldGen       total 81920K, used 26524K [0x0000000088000000, 0x000000008d000000, 0x00000000d8000000)
  object space 81920K, 32% used [0x0000000088000000,0x00000000899e7370,0x000000008d000000)
 Metaspace       used 9804K, capacity 9964K, committed 10112K, reserved 1058816K
  class space    used 1061K, capacity 1125K, committed 1152K, reserved 1048576K
}
Event: 2.304 GC heap before
{Heap before GC invocations=5 (full 0):
 PSYoungGen      total 128000K, used 127990K [0x00000000d8000000, 0x00000000e0200000, 0x0000000100000000)
  eden space 122880K, 100% used [0x00000000d8000000,0x00000000df800000,0x00000000df800000)
  from space 5120K, 99% used [0x00000000dfd00000,0x00000000e01fdac0,0x00000000e0200000)
  to   space 5120K, 0% used [0x00000000df800000,0x00000000df800000,0x00000000dfd00000)
 ParOldGen       total 81920K, used 26524K [0x0000000088000000, 0x000000008d000000, 0x00000000d8000000)
  object space 81920K, 32% used [0x0000000088000000,0x00000000899e7370,0x000000008d000000)
 Metaspace       used 9810K, capacity 9964K, committed 10112K, reserved 1058816K
  class space    used 1061K, capacity 1125K, committed 1152K, reserved 1048576K
Event: 2.327 GC heap after
Heap after GC invocations=5 (full 0):
 PSYoungGen      total 128000K, used 3880K [0x00000000d8000000, 0x00000000e8d00000, 0x0000000100000000)
  eden space 122880K, 0% used [0x00000000d8000000,0x00000000d8000000,0x00000000df800000)
  from space 5120K, 75% used [0x00000000df800000,0x00000000dfbca2e0,0x00000000dfd00000)
  to   space 14848K, 0% used [0x00000000e7e80000,0x00000000e7e80000,0x00000000e8d00000)
 ParOldGen       total 81920K, used 32392K [0x0000000088000000, 0x000000008d000000, 0x00000000d8000000)
  object space 81920K, 39% used [0x0000000088000000,0x0000000089fa2110,0x000000008d000000)
 Metaspace       used 9810K, capacity 9964K, committed 10112K, reserved 1058816K
  class space    used 1061K, capacity 1125K, committed 1152K, reserved 1048576K
}
Event: 2.532 GC heap before
{Heap before GC invocations=6 (full 0):
 PSYoungGen      total 128000K, used 126760K [0x00000000d8000000, 0x00000000e8d00000, 0x0000000100000000)
  eden space 122880K, 100% used [0x00000000d8000000,0x00000000df800000,0x00000000df800000)
  from space 5120K, 75% used [0x00000000df800000,0x00000000dfbca2e0,0x00000000dfd00000)
  to   space 14848K, 0% used [0x00000000e7e80000,0x00000000e7e80000,0x00000000e8d00000)
 ParOldGen       total 81920K, used 32392K [0x0000000088000000, 0x000000008d000000, 0x00000000d8000000)
  object space 81920K, 39% used [0x0000000088000000,0x0000000089fa2110,0x000000008d000000)
 Metaspace       used 9814K, capacity 10028K, committed 10112K, reserved 1058816K
  class space    used 1061K, capacity 1125K, committed 1152K, reserved 1048576K
Event: 2.545 GC heap after
Heap after GC invocations=6 (full 0):
 PSYoungGen      total 260096K, used 12844K [0x00000000d8000000, 0x00000000e8e00000, 0x0000000100000000)
  eden space 245248K, 0% used [0x00000000d8000000,0x00000000d8000000,0x00000000e6f80000)
  from space 14848K, 86% used [0x00000000e7e80000,0x00000000e8b0b0a0,0x00000000e8d00000)
  to   space 15360K, 0% used [0x00000000e6f80000,0x00000000e6f80000,0x00000000e7e80000)
 ParOldGen       total 81920K, used 32400K [0x0000000088000000, 0x000000008d000000, 0x00000000d8000000)
  object space 81920K, 39% used [0x0000000088000000,0x0000000089fa4110,0x000000008d000000)
 Metaspace       used 9814K, capacity 10028K, committed 10112K, reserved 1058816K
  class space    used 1061K, capacity 1125K, committed 1152K, reserved 1048576K
}
Event: 3.292 GC heap before
{Heap before GC invocations=7 (full 0):
 PSYoungGen      total 260096K, used 258092K [0x00000000d8000000, 0x00000000e8e00000, 0x0000000100000000)
  eden space 245248K, 100% used [0x00000000d8000000,0x00000000e6f80000,0x00000000e6f80000)
  from space 14848K, 86% used [0x00000000e7e80000,0x00000000e8b0b0a0,0x00000000e8d00000)
  to   space 15360K, 0% used [0x00000000e6f80000,0x00000000e6f80000,0x00000000e7e80000)
 ParOldGen       total 81920K, used 32400K [0x0000000088000000, 0x000000008d000000, 0x00000000d8000000)
  object space 81920K, 39% used [0x0000000088000000,0x0000000089fa4110,0x000000008d000000)
 Metaspace       used 9824K, capacity 10028K, committed 10112K, reserved 1058816K
  class space    used 1061K, capacity 1125K, committed 1152K, reserved 1048576K

Deoptimization events (5 events):
Event: 1.722 Thread 0x00007efe54008800 Uncommon trap: reason=unreached action=reinterpret pc=0x00007efeb920a548 method=jrtr.swrenderer.SWRenderContext.draw(Ljrtr/RenderItem;)V @ 947
Event: 1.722 Thread 0x00007efe54008800 Uncommon trap: reason=unstable_if action=reinterpret pc=0x00007efeb9221dc4 method=java.awt.image.ComponentColorModel.getDataElements(ILjava/lang/Object;)Ljava/lang/Object; @ 30
Event: 1.741 Thread 0x00007efe54008800 Uncommon trap: reason=unstable_if action=reinterpret pc=0x00007efeb923ca5c method=jrtr.swrenderer.SWRenderContext.drawPixel(IILjavax/vecmath/Matrix3f;[[F[[F[[D)V @ 61
Event: 3.256 Thread 0x00007efe54008800 Uncommon trap: reason=unstable_if action=reinterpret pc=0x00007efeb922ea18 method=jrtr.swrenderer.SWRenderContext.getBilinearInterpolationColor(DD)I @ 22
Event: 3.271 Thread 0x00007efe54008800 Uncommon trap: reason=unstable_if action=reinterpret pc=0x00007efeb9228788 method=jrtr.swrenderer.SWRenderContext.getBilinearInterpolationColor(DD)I @ 36

Internal exceptions (10 events):
Event: 0.109 Thread 0x00007efec800b000 Exception <a 'java/security/PrivilegedActionException'> (0x00000000d81756d0) thrown at [/build/openjdk-8-W1Ghxo/openjdk-8-8u91-b14/src/hotspot/src/share/vm/prims/jvm.cpp, line 1386]
Event: 0.109 Thread 0x00007efec800b000 Exception <a 'java/security/PrivilegedActionException'> (0x00000000d81758e0) thrown at [/build/openjdk-8-W1Ghxo/openjdk-8-8u91-b14/src/hotspot/src/share/vm/prims/jvm.cpp, line 1386]
Event: 0.109 Thread 0x00007efec800b000 Exception <a 'java/security/PrivilegedActionException'> (0x00000000d81763b0) thrown at [/build/openjdk-8-W1Ghxo/openjdk-8-8u91-b14/src/hotspot/src/share/vm/prims/jvm.cpp, line 1386]
Event: 0.109 Thread 0x00007efec800b000 Exception <a 'java/security/PrivilegedActionException'> (0x00000000d81765c0) thrown at [/build/openjdk-8-W1Ghxo/openjdk-8-8u91-b14/src/hotspot/src/share/vm/prims/jvm.cpp, line 1386]
Event: 0.144 Thread 0x00007efec800b000 Exception <a 'java/lang/NoSuchFieldError': method resolution failed> (0x00000000d8243540) thrown at [/build/openjdk-8-W1Ghxo/openjdk-8-8u91-b14/src/hotspot/src/share/vm/prims/methodHandles.cpp, line 1146]
Event: 0.146 Thread 0x00007efec800b000 Exception <a 'java/lang/NoSuchFieldError': method resolution failed> (0x00000000d8250d40) thrown at [/build/openjdk-8-W1Ghxo/openjdk-8-8u91-b14/src/hotspot/src/share/vm/prims/methodHandles.cpp, line 1146]
Event: 0.168 Thread 0x00007efec800b000 Exception <a 'java/io/FileNotFoundException'> (0x00000000d82d0a38) thrown at [/build/openjdk-8-W1Ghxo/openjdk-8-8u91-b14/src/hotspot/src/share/vm/prims/jni.cpp, line 709]
Event: 0.168 Thread 0x00007efec800b000 Exception <a 'java/io/FileNotFoundException'> (0x00000000d82d1450) thrown at [/build/openjdk-8-W1Ghxo/openjdk-8-8u91-b14/src/hotspot/src/share/vm/prims/jni.cpp, line 709]
Event: 0.192 Thread 0x00007efec800b000 Exception <a 'java/lang/ClassNotFoundException': sun/dc/DuctusRenderingEngine> (0x00000000d82fcd80) thrown at [/build/openjdk-8-W1Ghxo/openjdk-8-8u91-b14/src/hotspot/src/share/vm/classfile/systemDictionary.cpp, line 210]
Event: 0.669 Thread 0x00007efe54008800 Exception <a 'java/lang/UnsupportedOperationException': > (0x00000000d8a9dae0) thrown at [/build/openjdk-8-W1Ghxo/openjdk-8-8u91-b14/src/hotspot/src/share/vm/prims/jni.cpp, line 735]

Events (10 events):
Event: 2.327 Executing VM operation: ParallelGCFailedAllocation done
Event: 2.532 Executing VM operation: ParallelGCFailedAllocation
Event: 2.545 Executing VM operation: ParallelGCFailedAllocation done
Event: 3.256 Thread 0x00007efe54008800 Uncommon trap: trap_request=0xffffff65 fr.pc=0x00007efeb922ea18
Event: 3.256 Thread 0x00007efe54008800 DEOPT PACKING pc=0x00007efeb922ea18 sp=0x00007efe9a858570
Event: 3.256 Thread 0x00007efe54008800 DEOPT UNPACKING pc=0x00007efeb9004f69 sp=0x00007efe9a8583f8 mode 2
Event: 3.271 Thread 0x00007efe54008800 Uncommon trap: trap_request=0xffffff65 fr.pc=0x00007efeb9228788
Event: 3.271 Thread 0x00007efe54008800 DEOPT PACKING pc=0x00007efeb9228788 sp=0x00007efe9a8584e0
Event: 3.271 Thread 0x00007efe54008800 DEOPT UNPACKING pc=0x00007efeb9004f69 sp=0x00007efe9a858430 mode 2
Event: 3.292 Executing VM operation: ParallelGCFailedAllocation


Dynamic libraries:
00400000-00401000 r-xp 00000000 08:08 3940258                            /usr/lib/jvm/java-8-openjdk-amd64/jre/bin/java
00600000-00601000 r--p 00000000 08:08 3940258                            /usr/lib/jvm/java-8-openjdk-amd64/jre/bin/java
00601000-00602000 rw-p 00001000 08:08 3940258                            /usr/lib/jvm/java-8-openjdk-amd64/jre/bin/java
01453000-01474000 rw-p 00000000 00:00 0                                  [heap]
88000000-8d000000 rw-p 00000000 00:00 0 
8d000000-d8000000 ---p 00000000 00:00 0 
d8000000-e8e00000 rw-p 00000000 00:00 0 
f7d00000-100000000 ---p 00000000 00:00 0 
100000000-100120000 rw-p 00000000 00:00 0 
100120000-140000000 ---p 00000000 00:00 0 
7efe4c000000-7efe4c109000 rw-p 00000000 00:00 0 
7efe4c109000-7efe50000000 ---p 00000000 00:00 0 
7efe54000000-7efe54021000 rw-p 00000000 00:00 0 
7efe54021000-7efe58000000 ---p 00000000 00:00 0 
7efe58000000-7efe58021000 rw-p 00000000 00:00 0 
7efe58021000-7efe5c000000 ---p 00000000 00:00 0 
7efe5c000000-7efe5c021000 rw-p 00000000 00:00 0 
7efe5c021000-7efe60000000 ---p 00000000 00:00 0 
7efe60000000-7efe60021000 rw-p 00000000 00:00 0 
7efe60021000-7efe64000000 ---p 00000000 00:00 0 
7efe64000000-7efe642fd000 rw-p 00000000 00:00 0 
7efe642fd000-7efe68000000 ---p 00000000 00:00 0 
7efe68000000-7efe68021000 rw-p 00000000 00:00 0 
7efe68021000-7efe6c000000 ---p 00000000 00:00 0 
7efe6c000000-7efe6c5fe000 rw-p 00000000 00:00 0 
7efe6c5fe000-7efe70000000 ---p 00000000 00:00 0 
7efe70000000-7efe706bd000 rw-p 00000000 00:00 0 
7efe706bd000-7efe74000000 ---p 00000000 00:00 0 
7efe74000000-7efe74021000 rw-p 00000000 00:00 0 
7efe74021000-7efe78000000 ---p 00000000 00:00 0 
7efe78000000-7efe7867c000 rw-p 00000000 00:00 0 
7efe7867c000-7efe7c000000 ---p 00000000 00:00 0 
7efe7c000000-7efe7c021000 rw-p 00000000 00:00 0 
7efe7c021000-7efe80000000 ---p 00000000 00:00 0 
7efe80000000-7efe80021000 rw-p 00000000 00:00 0 
7efe80021000-7efe84000000 ---p 00000000 00:00 0 
7efe84000000-7efe84021000 rw-p 00000000 00:00 0 
7efe84021000-7efe88000000 ---p 00000000 00:00 0 
7efe88000000-7efe88021000 rw-p 00000000 00:00 0 
7efe88021000-7efe8c000000 ---p 00000000 00:00 0 
7efe8c000000-7efe8c021000 rw-p 00000000 00:00 0 
7efe8c021000-7efe90000000 ---p 00000000 00:00 0 
7efe94000000-7efe94021000 rw-p 00000000 00:00 0 
7efe94021000-7efe98000000 ---p 00000000 00:00 0 
7efe9a38a000-7efe9a75b000 rw-s 00000000 00:05 6619160                    /SYSV00000000 (deleted)
7efe9a75b000-7efe9a75e000 ---p 00000000 00:00 0 
7efe9a75e000-7efe9a91c000 rw-p 00000000 00:00 0 
7efe9a91c000-7efe9aa5c000 ---p 00000000 00:00 0 
7efe9aa5c000-7efe9aa5f000 ---p 00000000 00:00 0 
7efe9aa5f000-7efe9ab5d000 rw-p 00000000 00:00 0 
7efe9ab5d000-7efe9abb4000 r-xp 00000000 08:08 2365083                    /usr/lib/x86_64-linux-gnu/libjpeg.so.8.0.2
7efe9abb4000-7efe9adb4000 ---p 00057000 08:08 2365083                    /usr/lib/x86_64-linux-gnu/libjpeg.so.8.0.2
7efe9adb4000-7efe9adb5000 r--p 00057000 08:08 2365083                    /usr/lib/x86_64-linux-gnu/libjpeg.so.8.0.2
7efe9adb5000-7efe9adb6000 rw-p 00058000 08:08 2365083                    /usr/lib/x86_64-linux-gnu/libjpeg.so.8.0.2
7efe9adb6000-7efe9adc0000 r-xp 00000000 08:08 3945188                    /usr/lib/jvm/java-8-openjdk-amd64/jre/lib/amd64/libjavajpeg.so
7efe9adc0000-7efe9afbf000 ---p 0000a000 08:08 3945188                    /usr/lib/jvm/java-8-openjdk-amd64/jre/lib/amd64/libjavajpeg.so
7efe9afbf000-7efe9afc0000 r--p 00009000 08:08 3945188                    /usr/lib/jvm/java-8-openjdk-amd64/jre/lib/amd64/libjavajpeg.so
7efe9afc0000-7efe9afc1000 rw-p 0000a000 08:08 3945188                    /usr/lib/jvm/java-8-openjdk-amd64/jre/lib/amd64/libjavajpeg.so
7efe9afc1000-7efe9afc4000 ---p 00000000 00:00 0 
7efe9afc4000-7efe9b0c2000 rw-p 00000000 00:00 0 
7efe9b0c2000-7efe9b0c7000 r-xp 00000000 08:08 2363442                    /usr/lib/x86_64-linux-gnu/libXfixes.so.3.1.0
7efe9b0c7000-7efe9b2c6000 ---p 00005000 08:08 2363442                    /usr/lib/x86_64-linux-gnu/libXfixes.so.3.1.0
7efe9b2c6000-7efe9b2c7000 r--p 00004000 08:08 2363442                    /usr/lib/x86_64-linux-gnu/libXfixes.so.3.1.0
7efe9b2c7000-7efe9b2c8000 rw-p 00005000 08:08 2363442                    /usr/lib/x86_64-linux-gnu/libXfixes.so.3.1.0
7efe9b2c8000-7efe9b2d1000 r-xp 00000000 08:08 2367425                    /usr/lib/x86_64-linux-gnu/libXcursor.so.1.0.2
7efe9b2d1000-7efe9b4d0000 ---p 00009000 08:08 2367425                    /usr/lib/x86_64-linux-gnu/libXcursor.so.1.0.2
7efe9b4d0000-7efe9b4d1000 r--p 00008000 08:08 2367425                    /usr/lib/x86_64-linux-gnu/libXcursor.so.1.0.2
7efe9b4d1000-7efe9b4d2000 rw-p 00009000 08:08 2367425                    /usr/lib/x86_64-linux-gnu/libXcursor.so.1.0.2
7efe9b4d2000-7efe9b4f6000 r-xp 00000000 08:08 6291537                    /lib/x86_64-linux-gnu/libpng12.so.0.54.0
7efe9b4f6000-7efe9b6f5000 ---p 00024000 08:08 6291537                    /lib/x86_64-linux-gnu/libpng12.so.0.54.0
7efe9b6f5000-7efe9b6f6000 r--p 00023000 08:08 6291537                    /lib/x86_64-linux-gnu/libpng12.so.0.54.0
7efe9b6f6000-7efe9b6f7000 rw-p 00024000 08:08 6291537                    /lib/x86_64-linux-gnu/libpng12.so.0.54.0
7efe9b6f7000-7efe9b79b000 r-xp 00000000 08:08 2360087                    /usr/lib/x86_64-linux-gnu/libfreetype.so.6.12.1
7efe9b79b000-7efe9b99a000 ---p 000a4000 08:08 2360087                    /usr/lib/x86_64-linux-gnu/libfreetype.so.6.12.1
7efe9b99a000-7efe9b9a0000 r--p 000a3000 08:08 2360087                    /usr/lib/x86_64-linux-gnu/libfreetype.so.6.12.1
7efe9b9a0000-7efe9b9a1000 rw-p 000a9000 08:08 2360087                    /usr/lib/x86_64-linux-gnu/libfreetype.so.6.12.1
7efe9b9a1000-7efe9b9f3000 r-xp 00000000 08:08 3941756                    /usr/lib/jvm/java-8-openjdk-amd64/jre/lib/amd64/libfontmanager.so
7efe9b9f3000-7efe9bbf3000 ---p 00052000 08:08 3941756                    /usr/lib/jvm/java-8-openjdk-amd64/jre/lib/amd64/libfontmanager.so
7efe9bbf3000-7efe9bbf5000 r--p 00052000 08:08 3941756                    /usr/lib/jvm/java-8-openjdk-amd64/jre/lib/amd64/libfontmanager.so
7efe9bbf5000-7efe9bbf6000 rw-p 00054000 08:08 3941756                    /usr/lib/jvm/java-8-openjdk-amd64/jre/lib/amd64/libfontmanager.so
7efe9bbf6000-7efe9bbfb000 r-xp 00000000 08:08 2365923                    /usr/lib/x86_64-linux-gnu/libXdmcp.so.6.0.0
7efe9bbfb000-7efe9bdfa000 ---p 00005000 08:08 2365923                    /usr/lib/x86_64-linux-gnu/libXdmcp.so.6.0.0
7efe9bdfa000-7efe9bdfb000 r--p 00004000 08:08 2365923                    /usr/lib/x86_64-linux-gnu/libXdmcp.so.6.0.0
7efe9bdfb000-7efe9bdfc000 rw-p 00005000 08:08 2365923                    /usr/lib/x86_64-linux-gnu/libXdmcp.so.6.0.0
7efe9bdfc000-7efe9bdfe000 r-xp 00000000 08:08 2367418                    /usr/lib/x86_64-linux-gnu/libXau.so.6.0.0
7efe9bdfe000-7efe9bffe000 ---p 00002000 08:08 2367418                    /usr/lib/x86_64-linux-gnu/libXau.so.6.0.0
7efe9bffe000-7efe9bfff000 r--p 00002000 08:08 2367418                    /usr/lib/x86_64-linux-gnu/libXau.so.6.0.0
7efe9bfff000-7efe9c000000 rw-p 00003000 08:08 2367418                    /usr/lib/x86_64-linux-gnu/libXau.so.6.0.0
7efe9c000000-7efe9c021000 rw-p 00000000 00:00 0 
7efe9c021000-7efea0000000 ---p 00000000 00:00 0 
7efea009a000-7efea009d000 ---p 00000000 00:00 0 
7efea009d000-7efea019b000 rw-p 00000000 00:00 0 
7efea019b000-7efea01bc000 r-xp 00000000 08:08 2370568                    /usr/lib/x86_64-linux-gnu/libxcb.so.1.1.0
7efea01bc000-7efea03bb000 ---p 00021000 08:08 2370568                    /usr/lib/x86_64-linux-gnu/libxcb.so.1.1.0
7efea03bb000-7efea03bc000 r--p 00020000 08:08 2370568                    /usr/lib/x86_64-linux-gnu/libxcb.so.1.1.0
7efea03bc000-7efea03bd000 rw-p 00021000 08:08 2370568                    /usr/lib/x86_64-linux-gnu/libxcb.so.1.1.0
7efea03bd000-7efea03cc000 r-xp 00000000 08:08 2365926                    /usr/lib/x86_64-linux-gnu/libXi.so.6.1.0
7efea03cc000-7efea05cb000 ---p 0000f000 08:08 2365926                    /usr/lib/x86_64-linux-gnu/libXi.so.6.1.0
7efea05cb000-7efea05cc000 r--p 0000e000 08:08 2365926                    /usr/lib/x86_64-linux-gnu/libXi.so.6.1.0
7efea05cc000-7efea05cd000 rw-p 0000f000 08:08 2365926                    /usr/lib/x86_64-linux-gnu/libXi.so.6.1.0
7efea05cd000-7efea05d2000 r-xp 00000000 08:08 2367459                    /usr/lib/x86_64-linux-gnu/libXtst.so.6.1.0
7efea05d2000-7efea07d1000 ---p 00005000 08:08 2367459                    /usr/lib/x86_64-linux-gnu/libXtst.so.6.1.0
7efea07d1000-7efea07d2000 r--p 00004000 08:08 2367459                    /usr/lib/x86_64-linux-gnu/libXtst.so.6.1.0
7efea07d2000-7efea07d3000 rw-p 00005000 08:08 2367459                    /usr/lib/x86_64-linux-gnu/libXtst.so.6.1.0
7efea07d3000-7efea07dc000 r-xp 00000000 08:08 2360412                    /usr/lib/x86_64-linux-gnu/libXrender.so.1.3.0
7efea07dc000-7efea09db000 ---p 00009000 08:08 2360412                    /usr/lib/x86_64-linux-gnu/libXrender.so.1.3.0
7efea09db000-7efea09dc000 r--p 00008000 08:08 2360412                    /usr/lib/x86_64-linux-gnu/libXrender.so.1.3.0
7efea09dc000-7efea09dd000 rw-p 00009000 08:08 2360412                    /usr/lib/x86_64-linux-gnu/libXrender.so.1.3.0
7efea09dd000-7efea0b12000 r-xp 00000000 08:08 2370583                    /usr/lib/x86_64-linux-gnu/libX11.so.6.3.0
7efea0b12000-7efea0d12000 ---p 00135000 08:08 2370583                    /usr/lib/x86_64-linux-gnu/libX11.so.6.3.0
7efea0d12000-7efea0d13000 r--p 00135000 08:08 2370583                    /usr/lib/x86_64-linux-gnu/libX11.so.6.3.0
7efea0d13000-7efea0d17000 rw-p 00136000 08:08 2370583                    /usr/lib/x86_64-linux-gnu/libX11.so.6.3.0
7efea0d17000-7efea0d28000 r-xp 00000000 08:08 2364800                    /usr/lib/x86_64-linux-gnu/libXext.so.6.4.0
7efea0d28000-7efea0f27000 ---p 00011000 08:08 2364800                    /usr/lib/x86_64-linux-gnu/libXext.so.6.4.0
7efea0f27000-7efea0f28000 r--p 00010000 08:08 2364800                    /usr/lib/x86_64-linux-gnu/libXext.so.6.4.0
7efea0f28000-7efea0f29000 rw-p 00011000 08:08 2364800                    /usr/lib/x86_64-linux-gnu/libXext.so.6.4.0
7efea0f34000-7efea0f53000 r--s 00408000 00:2e 5243442                    /home/simon/.m2/repository/org/jogamp/jogl/jogl-all/2.0.2/jogl-all-2.0.2.jar
7efea0f53000-7efea0fa7000 r-xp 00000000 08:08 3945192                    /usr/lib/jvm/java-8-openjdk-amd64/jre/lib/amd64/libawt_xawt.so
7efea0fa7000-7efea11a7000 ---p 00054000 08:08 3945192                    /usr/lib/jvm/java-8-openjdk-amd64/jre/lib/amd64/libawt_xawt.so
7efea11a7000-7efea11a8000 r--p 00054000 08:08 3945192                    /usr/lib/jvm/java-8-openjdk-amd64/jre/lib/amd64/libawt_xawt.so
7efea11a8000-7efea11ab000 rw-p 00055000 08:08 3945192                    /usr/lib/jvm/java-8-openjdk-amd64/jre/lib/amd64/libawt_xawt.so
7efea11ab000-7efea11ac000 rw-p 00000000 00:00 0 
7efea11ac000-7efea124c000 r-xp 00000000 08:08 3941750                    /usr/lib/jvm/java-8-openjdk-amd64/jre/lib/amd64/libawt.so
7efea124c000-7efea144c000 ---p 000a0000 08:08 3941750                    /usr/lib/jvm/java-8-openjdk-amd64/jre/lib/amd64/libawt.so
7efea144c000-7efea144d000 r--p 000a0000 08:08 3941750                    /usr/lib/jvm/java-8-openjdk-amd64/jre/lib/amd64/libawt.so
7efea144d000-7efea1458000 rw-p 000a1000 08:08 3941750                    /usr/lib/jvm/java-8-openjdk-amd64/jre/lib/amd64/libawt.so
7efea1458000-7efea147d000 rw-p 00000000 00:00 0 
7efea147d000-7efea1499000 r--s 00393000 08:08 3946089                    /usr/lib/jvm/java-8-openjdk-amd64/jre/lib/ext/cldrdata.jar
7efea1499000-7efea149a000 ---p 00000000 00:00 0 
7efea149a000-7efea159a000 rw-p 00000000 00:00 0 
7efea159a000-7efea159d000 ---p 00000000 00:00 0 
7efea159d000-7efea169b000 rw-p 00000000 00:00 0 
7efea169b000-7efea169e000 ---p 00000000 00:00 0 
7efea169e000-7efea179c000 rw-p 00000000 00:00 0 
7efea179c000-7efea179f000 ---p 00000000 00:00 0 
7efea179f000-7efea189d000 rw-p 00000000 00:00 0 
7efea189d000-7efea18a0000 ---p 00000000 00:00 0 
7efea18a0000-7efea199e000 rw-p 00000000 00:00 0 
7efea199e000-7efea19a1000 ---p 00000000 00:00 0 
7efea19a1000-7efea1a9f000 rw-p 00000000 00:00 0 
7efea1a9f000-7efea1aa2000 ---p 00000000 00:00 0 
7efea1aa2000-7efea1ba0000 rw-p 00000000 00:00 0 
7efea1ba0000-7efea1ec6000 r--p 00000000 08:08 2359486                    /usr/lib/locale/locale-archive
7efea1ec6000-7efea1ec9000 ---p 00000000 00:00 0 
7efea1ec9000-7efea1fc7000 rw-p 00000000 00:00 0 
7efea1fc7000-7efea1fca000 ---p 00000000 00:00 0 
7efea1fca000-7efea20c8000 rw-p 00000000 00:00 0 
7efea20c8000-7efea20c9000 ---p 00000000 00:00 0 
7efea20c9000-7efea4000000 rw-p 00000000 00:00 0 
7efea4000000-7efea4021000 rw-p 00000000 00:00 0 
7efea4021000-7efea8000000 ---p 00000000 00:00 0 
7efea8000000-7efea8021000 rw-p 00000000 00:00 0 
7efea8021000-7efeac000000 ---p 00000000 00:00 0 
7efeac000000-7efeac021000 rw-p 00000000 00:00 0 
7efeac021000-7efeb0000000 ---p 00000000 00:00 0 
7efeb000b000-7efeb000c000 r--s 00001000 00:2e 5243486                    /home/simon/.m2/repository/org/jogamp/gluegen/gluegen-rt/2.0.2/gluegen-rt-2.0.2-natives-windows-i586.jar
7efeb000c000-7efeb000d000 r--s 00001000 00:2e 5243484                    /home/simon/.m2/repository/org/jogamp/gluegen/gluegen-rt/2.0.2/gluegen-rt-2.0.2-natives-windows-amd64.jar
7efeb000d000-7efeb000e000 r--s 00000000 00:2e 5243482                    /home/simon/.m2/repository/org/jogamp/gluegen/gluegen-rt/2.0.2/gluegen-rt-2.0.2-natives-solaris-i586.jar
7efeb000e000-7efeb000f000 r--s 00000000 00:2e 5243480                    /home/simon/.m2/repository/org/jogamp/gluegen/gluegen-rt/2.0.2/gluegen-rt-2.0.2-natives-solaris-amd64.jar
7efeb000f000-7efeb0010000 r--s 00000000 00:2e 5243478                    /home/simon/.m2/repository/org/jogamp/gluegen/gluegen-rt/2.0.2/gluegen-rt-2.0.2-natives-macosx-universal.jar
7efeb0010000-7efeb0011000 r--s 00000000 00:2e 5243476                    /home/simon/.m2/repository/org/jogamp/gluegen/gluegen-rt/2.0.2/gluegen-rt-2.0.2-natives-linux-i586.jar
7efeb0011000-7efeb0016000 r--s 0003a000 00:2e 5243466                    /home/simon/.m2/repository/org/jogamp/gluegen/gluegen-rt/2.0.2/gluegen-rt-2.0.2.jar
7efeb0016000-7efeb4000000 rw-p 00000000 00:00 0 
7efeb4000000-7efeb4021000 rw-p 00000000 00:00 0 
7efeb4021000-7efeb8000000 ---p 00000000 00:00 0 
7efeb8000000-7efeb8001000 r--s 00000000 00:2e 5243474                    /home/simon/.m2/repository/org/jogamp/gluegen/gluegen-rt/2.0.2/gluegen-rt-2.0.2-natives-linux-armv6hf.jar
7efeb8001000-7efeb8002000 r--s 00000000 00:2e 5243472                    /home/simon/.m2/repository/org/jogamp/gluegen/gluegen-rt/2.0.2/gluegen-rt-2.0.2-natives-linux-armv6.jar
7efeb8002000-7efeb8003000 r--s 00000000 00:2e 5243470                    /home/simon/.m2/repository/org/jogamp/gluegen/gluegen-rt/2.0.2/gluegen-rt-2.0.2-natives-linux-amd64.jar
7efeb8003000-7efeb8004000 r--s 00001000 00:2e 5243468                    /home/simon/.m2/repository/org/jogamp/gluegen/gluegen-rt/2.0.2/gluegen-rt-2.0.2-natives-android-armv6.jar
7efeb8004000-7efeb8005000 r--s 00000000 00:2e 5243464                    /home/simon/.m2/repository/org/jogamp/gluegen/gluegen-rt-main/2.0.2/gluegen-rt-main-2.0.2.jar
7efeb8005000-7efeb8006000 r--s 00023000 00:2e 5243462                    /home/simon/.m2/repository/org/jogamp/jogl/jogl-all/2.0.2/jogl-all-2.0.2-natives-windows-i586.jar
7efeb8006000-7efeb8007000 r--s 0001f000 00:2e 5243460                    /home/simon/.m2/repository/org/jogamp/jogl/jogl-all/2.0.2/jogl-all-2.0.2-natives-windows-amd64.jar
7efeb8007000-7efeb8008000 r--s 0001c000 00:2e 5243458                    /home/simon/.m2/repository/org/jogamp/jogl/jogl-all/2.0.2/jogl-all-2.0.2-natives-solaris-i586.jar
7efeb8008000-7efeb801b000 r--s 00345000 08:08 3945258                    /usr/lib/jvm/java-8-openjdk-amd64/jre/lib/resources.jar
7efeb801b000-7efeb826a000 rw-p 00000000 00:00 0 
7efeb826a000-7efeb8438000 r--s 03beb000 08:08 3945930                    /usr/lib/jvm/java-8-openjdk-amd64/jre/lib/rt.jar
7efeb8438000-7efeb87f8000 rw-p 00000000 00:00 0 
7efeb87f8000-7efeb87f9000 ---p 00000000 00:00 0 
7efeb87f9000-7efeb88f9000 rw-p 00000000 00:00 0 
7efeb88f9000-7efeb88fa000 ---p 00000000 00:00 0 
7efeb88fa000-7efeb89fa000 rw-p 00000000 00:00 0 
7efeb89fa000-7efeb89fb000 ---p 00000000 00:00 0 
7efeb89fb000-7efeb8afb000 rw-p 00000000 00:00 0 
7efeb8afb000-7efeb8afc000 ---p 00000000 00:00 0 
7efeb8afc000-7efeb8bfc000 rw-p 00000000 00:00 0 
7efeb8bfc000-7efeb8bfd000 ---p 00000000 00:00 0 
7efeb8bfd000-7efeb8cfd000 rw-p 00000000 00:00 0 
7efeb8cfd000-7efeb8cfe000 ---p 00000000 00:00 0 
7efeb8cfe000-7efeb8dfe000 rw-p 00000000 00:00 0 
7efeb8dfe000-7efeb8dff000 ---p 00000000 00:00 0 
7efeb8dff000-7efeb8eff000 rw-p 00000000 00:00 0 
7efeb8eff000-7efeb8f00000 ---p 00000000 00:00 0 
7efeb8f00000-7efeb9000000 rw-p 00000000 00:00 0 
7efeb9000000-7efeb9290000 rwxp 00000000 00:00 0 
7efeb9290000-7efec8000000 ---p 00000000 00:00 0 
7efec8000000-7efec849f000 rw-p 00000000 00:00 0 
7efec849f000-7efecc000000 ---p 00000000 00:00 0 
7efecc000000-7efecc001000 r--s 00027000 00:2e 5243456                    /home/simon/.m2/repository/org/jogamp/jogl/jogl-all/2.0.2/jogl-all-2.0.2-natives-solaris-amd64.jar
7efecc001000-7efecc003000 r--s 00059000 00:2e 5243454                    /home/simon/.m2/repository/org/jogamp/jogl/jogl-all/2.0.2/jogl-all-2.0.2-natives-macosx-universal.jar
7efecc003000-7efecc004000 r--s 0002a000 00:2e 5243452                    /home/simon/.m2/repository/org/jogamp/jogl/jogl-all/2.0.2/jogl-all-2.0.2-natives-linux-i586.jar
7efecc004000-7efecc01f000 r--s 001d7000 08:08 3945970                    /usr/lib/jvm/java-8-openjdk-amd64/jre/lib/ext/nashorn.jar
7efecc01f000-7efecc0bd000 rw-p 00000000 00:00 0 
7efecc0bd000-7efecc315000 ---p 00000000 00:00 0 
7efecc315000-7efecc33d000 rw-p 00000000 00:00 0 
7efecc33d000-7efecc595000 ---p 00000000 00:00 0 
7efecc595000-7efecc61c000 rw-p 00000000 00:00 0 
7efecc61c000-7efecc6d5000 ---p 00000000 00:00 0 
7efecc6d5000-7efecc6e1000 rw-p 00000000 00:00 0 
7efecc6e1000-7efecca96000 ---p 00000000 00:00 0 
7efecca96000-7efecca9e000 r-xp 00000000 08:08 3941773                    /usr/lib/jvm/java-8-openjdk-amd64/jre/lib/amd64/libzip.so
7efecca9e000-7efeccc9d000 ---p 00008000 08:08 3941773                    /usr/lib/jvm/java-8-openjdk-amd64/jre/lib/amd64/libzip.so
7efeccc9d000-7efeccc9e000 r--p 00007000 08:08 3941773                    /usr/lib/jvm/java-8-openjdk-amd64/jre/lib/amd64/libzip.so
7efeccc9e000-7efeccc9f000 rw-p 00008000 08:08 3941773                    /usr/lib/jvm/java-8-openjdk-amd64/jre/lib/amd64/libzip.so
7efeccc9f000-7efecccaa000 r-xp 00000000 08:08 6291930                    /lib/x86_64-linux-gnu/libnss_files-2.23.so
7efecccaa000-7efeccea9000 ---p 0000b000 08:08 6291930                    /lib/x86_64-linux-gnu/libnss_files-2.23.so
7efeccea9000-7efecceaa000 r--p 0000a000 08:08 6291930                    /lib/x86_64-linux-gnu/libnss_files-2.23.so
7efecceaa000-7efecceab000 rw-p 0000b000 08:08 6291930                    /lib/x86_64-linux-gnu/libnss_files-2.23.so
7efecceab000-7efecceb1000 rw-p 00000000 00:00 0 
7efecceb1000-7efeccebc000 r-xp 00000000 08:08 6291924                    /lib/x86_64-linux-gnu/libnss_nis-2.23.so
7efeccebc000-7efecd0bb000 ---p 0000b000 08:08 6291924                    /lib/x86_64-linux-gnu/libnss_nis-2.23.so
7efecd0bb000-7efecd0bc000 r--p 0000a000 08:08 6291924                    /lib/x86_64-linux-gnu/libnss_nis-2.23.so
7efecd0bc000-7efecd0bd000 rw-p 0000b000 08:08 6291924                    /lib/x86_64-linux-gnu/libnss_nis-2.23.so
7efecd0bd000-7efecd0d3000 r-xp 00000000 08:08 6291920                    /lib/x86_64-linux-gnu/libnsl-2.23.so
7efecd0d3000-7efecd2d2000 ---p 00016000 08:08 6291920                    /lib/x86_64-linux-gnu/libnsl-2.23.so
7efecd2d2000-7efecd2d3000 r--p 00015000 08:08 6291920                    /lib/x86_64-linux-gnu/libnsl-2.23.so
7efecd2d3000-7efecd2d4000 rw-p 00016000 08:08 6291920                    /lib/x86_64-linux-gnu/libnsl-2.23.so
7efecd2d4000-7efecd2d6000 rw-p 00000000 00:00 0 
7efecd2d6000-7efecd2de000 r-xp 00000000 08:08 6291916                    /lib/x86_64-linux-gnu/libnss_compat-2.23.so
7efecd2de000-7efecd4dd000 ---p 00008000 08:08 6291916                    /lib/x86_64-linux-gnu/libnss_compat-2.23.so
7efecd4dd000-7efecd4de000 r--p 00007000 08:08 6291916                    /lib/x86_64-linux-gnu/libnss_compat-2.23.so
7efecd4de000-7efecd4df000 rw-p 00008000 08:08 6291916                    /lib/x86_64-linux-gnu/libnss_compat-2.23.so
7efecd4df000-7efecd50c000 r-xp 00000000 08:08 3941293                    /usr/lib/jvm/java-8-openjdk-amd64/jre/lib/amd64/libjava.so
7efecd50c000-7efecd70b000 ---p 0002d000 08:08 3941293                    /usr/lib/jvm/java-8-openjdk-amd64/jre/lib/amd64/libjava.so
7efecd70b000-7efecd70c000 r--p 0002c000 08:08 3941293                    /usr/lib/jvm/java-8-openjdk-amd64/jre/lib/amd64/libjava.so
7efecd70c000-7efecd70e000 rw-p 0002d000 08:08 3941293                    /usr/lib/jvm/java-8-openjdk-amd64/jre/lib/amd64/libjava.so
7efecd70e000-7efecd71d000 r-xp 00000000 08:08 3941294                    /usr/lib/jvm/java-8-openjdk-amd64/jre/lib/amd64/libverify.so
7efecd71d000-7efecd91c000 ---p 0000f000 08:08 3941294                    /usr/lib/jvm/java-8-openjdk-amd64/jre/lib/amd64/libverify.so
7efecd91c000-7efecd91e000 r--p 0000e000 08:08 3941294                    /usr/lib/jvm/java-8-openjdk-amd64/jre/lib/amd64/libverify.so
7efecd91e000-7efecd91f000 rw-p 00010000 08:08 3941294                    /usr/lib/jvm/java-8-openjdk-amd64/jre/lib/amd64/libverify.so
7efecd91f000-7efecd926000 r-xp 00000000 08:08 6291950                    /lib/x86_64-linux-gnu/librt-2.23.so
7efecd926000-7efecdb25000 ---p 00007000 08:08 6291950                    /lib/x86_64-linux-gnu/librt-2.23.so
7efecdb25000-7efecdb26000 r--p 00006000 08:08 6291950                    /lib/x86_64-linux-gnu/librt-2.23.so
7efecdb26000-7efecdb27000 rw-p 00007000 08:08 6291950                    /lib/x86_64-linux-gnu/librt-2.23.so
7efecdb27000-7efecdb3d000 r-xp 00000000 08:08 6292349                    /lib/x86_64-linux-gnu/libgcc_s.so.1
7efecdb3d000-7efecdd3c000 ---p 00016000 08:08 6292349                    /lib/x86_64-linux-gnu/libgcc_s.so.1
7efecdd3c000-7efecdd3d000 rw-p 00015000 08:08 6292349                    /lib/x86_64-linux-gnu/libgcc_s.so.1
7efecdd3d000-7efecde45000 r-xp 00000000 08:08 6291944                    /lib/x86_64-linux-gnu/libm-2.23.so
7efecde45000-7efece044000 ---p 00108000 08:08 6291944                    /lib/x86_64-linux-gnu/libm-2.23.so
7efece044000-7efece045000 r--p 00107000 08:08 6291944                    /lib/x86_64-linux-gnu/libm-2.23.so
7efece045000-7efece046000 rw-p 00108000 08:08 6291944                    /lib/x86_64-linux-gnu/libm-2.23.so
7efece046000-7efece1b8000 r-xp 00000000 08:08 2360049                    /usr/lib/x86_64-linux-gnu/libstdc++.so.6.0.21
7efece1b8000-7efece3b8000 ---p 00172000 08:08 2360049                    /usr/lib/x86_64-linux-gnu/libstdc++.so.6.0.21
7efece3b8000-7efece3c2000 r--p 00172000 08:08 2360049                    /usr/lib/x86_64-linux-gnu/libstdc++.so.6.0.21
7efece3c2000-7efece3c4000 rw-p 0017c000 08:08 2360049                    /usr/lib/x86_64-linux-gnu/libstdc++.so.6.0.21
7efece3c4000-7efece3c8000 rw-p 00000000 00:00 0 
7efece3c8000-7efecf00e000 r-xp 00000000 08:08 3941769                    /usr/lib/jvm/java-8-openjdk-amd64/jre/lib/amd64/server/libjvm.so
7efecf00e000-7efecf20e000 ---p 00c46000 08:08 3941769                    /usr/lib/jvm/java-8-openjdk-amd64/jre/lib/amd64/server/libjvm.so
7efecf20e000-7efecf2a1000 r--p 00c46000 08:08 3941769                    /usr/lib/jvm/java-8-openjdk-amd64/jre/lib/amd64/server/libjvm.so
7efecf2a1000-7efecf2c9000 rw-p 00cd9000 08:08 3941769                    /usr/lib/jvm/java-8-openjdk-amd64/jre/lib/amd64/server/libjvm.so
7efecf2c9000-7efecf2f9000 rw-p 00000000 00:00 0 
7efecf2f9000-7efecf311000 r-xp 00000000 08:08 6291957                    /lib/x86_64-linux-gnu/libpthread-2.23.so
7efecf311000-7efecf510000 ---p 00018000 08:08 6291957                    /lib/x86_64-linux-gnu/libpthread-2.23.so
7efecf510000-7efecf511000 r--p 00017000 08:08 6291957                    /lib/x86_64-linux-gnu/libpthread-2.23.so
7efecf511000-7efecf512000 rw-p 00018000 08:08 6291957                    /lib/x86_64-linux-gnu/libpthread-2.23.so
7efecf512000-7efecf516000 rw-p 00000000 00:00 0 
7efecf516000-7efecf519000 r-xp 00000000 08:08 6291959                    /lib/x86_64-linux-gnu/libdl-2.23.so
7efecf519000-7efecf718000 ---p 00003000 08:08 6291959                    /lib/x86_64-linux-gnu/libdl-2.23.so
7efecf718000-7efecf719000 r--p 00002000 08:08 6291959                    /lib/x86_64-linux-gnu/libdl-2.23.so
7efecf719000-7efecf71a000 rw-p 00003000 08:08 6291959                    /lib/x86_64-linux-gnu/libdl-2.23.so
7efecf71a000-7efecf733000 r-xp 00000000 08:08 6291533                    /lib/x86_64-linux-gnu/libz.so.1.2.8
7efecf733000-7efecf932000 ---p 00019000 08:08 6291533                    /lib/x86_64-linux-gnu/libz.so.1.2.8
7efecf932000-7efecf933000 r--p 00018000 08:08 6291533                    /lib/x86_64-linux-gnu/libz.so.1.2.8
7efecf933000-7efecf934000 rw-p 00019000 08:08 6291533                    /lib/x86_64-linux-gnu/libz.so.1.2.8
7efecf934000-7efecfaf3000 r-xp 00000000 08:08 6291958                    /lib/x86_64-linux-gnu/libc-2.23.so
7efecfaf3000-7efecfcf3000 ---p 001bf000 08:08 6291958                    /lib/x86_64-linux-gnu/libc-2.23.so
7efecfcf3000-7efecfcf7000 r--p 001bf000 08:08 6291958                    /lib/x86_64-linux-gnu/libc-2.23.so
7efecfcf7000-7efecfcf9000 rw-p 001c3000 08:08 6291958                    /lib/x86_64-linux-gnu/libc-2.23.so
7efecfcf9000-7efecfcfd000 rw-p 00000000 00:00 0 
7efecfcfd000-7efecfd0a000 r-xp 00000000 08:08 3945183                    /usr/lib/jvm/java-8-openjdk-amd64/jre/lib/amd64/jli/libjli.so
7efecfd0a000-7efecff0a000 ---p 0000d000 08:08 3945183                    /usr/lib/jvm/java-8-openjdk-amd64/jre/lib/amd64/jli/libjli.so
7efecff0a000-7efecff0b000 r--p 0000d000 08:08 3945183                    /usr/lib/jvm/java-8-openjdk-amd64/jre/lib/amd64/jli/libjli.so
7efecff0b000-7efecff0c000 rw-p 0000e000 08:08 3945183                    /usr/lib/jvm/java-8-openjdk-amd64/jre/lib/amd64/jli/libjli.so
7efecff0c000-7efecff32000 r-xp 00000000 08:08 6291952                    /lib/x86_64-linux-gnu/ld-2.23.so
7efecff32000-7efecff34000 r--s 0001b000 00:2e 5243450                    /home/simon/.m2/repository/org/jogamp/jogl/jogl-all/2.0.2/jogl-all-2.0.2-natives-linux-armv6hf.jar
7efecff34000-7efecff35000 r--s 0001b000 00:2e 5243448                    /home/simon/.m2/repository/org/jogamp/jogl/jogl-all/2.0.2/jogl-all-2.0.2-natives-linux-armv6.jar
7efecff35000-7efecffff000 rw-p 00000000 00:00 0 
7efecffff000-7efed0002000 ---p 00000000 00:00 0 
7efed0002000-7efed0105000 rw-p 00000000 00:00 0 
7efed0105000-7efed0106000 r--s 0002a000 00:2e 5243446                    /home/simon/.m2/repository/org/jogamp/jogl/jogl-all/2.0.2/jogl-all-2.0.2-natives-linux-amd64.jar
7efed0106000-7efed0107000 r--s 00009000 00:2e 5243444                    /home/simon/.m2/repository/org/jogamp/jogl/jogl-all/2.0.2/jogl-all-2.0.2-natives-android-armv6.jar
7efed0107000-7efed0108000 r--s 00000000 00:2e 5243440                    /home/simon/.m2/repository/org/jogamp/jogl/jogl-all-main/2.0.2/jogl-all-main-2.0.2.jar
7efed0108000-7efed010a000 r--s 00045000 00:2e 5243438                    /home/simon/.m2/repository/java3d/vecmath/1.3.1/vecmath-1.3.1.jar
7efed010a000-7efed010c000 r--s 00001000 08:08 3946082                    /usr/lib/jvm/java-8-openjdk-amd64/jre/lib/ext/dnsns.jar
7efed010c000-7efed010d000 r--s 0000a000 08:08 3946095                    /usr/lib/jvm/java-8-openjdk-amd64/jre/lib/ext/jaccess.jar
7efed010d000-7efed010e000 r--s 00010000 08:08 3946097                    /usr/lib/jvm/java-8-openjdk-amd64/jre/lib/ext/zipfs.jar
7efed010e000-7efed0118000 r--s 00116000 08:08 3968043                    /usr/lib/jvm/java-8-openjdk-amd64/jre/lib/ext/localedata.jar
7efed0118000-7efed0119000 r--s 00008000 08:08 3946093                    /usr/lib/jvm/java-8-openjdk-amd64/jre/lib/ext/sunec.jar
7efed0119000-7efed011e000 r--s 0003b000 08:08 3946099                    /usr/lib/jvm/java-8-openjdk-amd64/jre/lib/ext/sunjce_provider.jar
7efed011e000-7efed0121000 r--s 0000f000 08:08 3946103                    /usr/lib/jvm/java-8-openjdk-amd64/jre/lib/ext/icedtea-sound.jar
7efed0121000-7efed0125000 r--s 00037000 08:08 3968045                    /usr/lib/jvm/java-8-openjdk-amd64/jre/lib/ext/sunpkcs11.jar
7efed0125000-7efed012d000 rw-s 00000000 08:08 5244186                    /tmp/hsperfdata_simon/6289
7efed012d000-7efed012e000 rw-p 00000000 00:00 0 
7efed012e000-7efed012f000 ---p 00000000 00:00 0 
7efed012f000-7efed0131000 rw-p 00000000 00:00 0 
7efed0131000-7efed0132000 r--p 00025000 08:08 6291952                    /lib/x86_64-linux-gnu/ld-2.23.so
7efed0132000-7efed0133000 rw-p 00026000 08:08 6291952                    /lib/x86_64-linux-gnu/ld-2.23.so
7efed0133000-7efed0134000 rw-p 00000000 00:00 0 
7ffe8ce15000-7ffe8ce37000 rw-p 00000000 00:00 0                          [stack]
7ffe8cebd000-7ffe8cebf000 r--p 00000000 00:00 0                          [vvar]
7ffe8cebf000-7ffe8cec1000 r-xp 00000000 00:00 0                          [vdso]
ffffffffff600000-ffffffffff601000 r-xp 00000000 00:00 0                  [vsyscall]

VM Arguments:
jvm_args: -Dfile.encoding=UTF-8 
java_command: assignment3.RasterizerScene
java_class_path (initial): /home/simon/Documents/Computer-Graphics-HS16/simple/target/classes:/home/simon/Documents/Computer-Graphics-HS16/jrtr/target/classes:/home/simon/.m2/repository/java3d/vecmath/1.3.1/vecmath-1.3.1.jar:/home/simon/.m2/repository/org/jogamp/jogl/jogl-all-main/2.0.2/jogl-all-main-2.0.2.jar:/home/simon/.m2/repository/org/jogamp/jogl/jogl-all/2.0.2/jogl-all-2.0.2.jar:/home/simon/.m2/repository/org/jogamp/jogl/jogl-all/2.0.2/jogl-all-2.0.2-natives-android-armv6.jar:/home/simon/.m2/repository/org/jogamp/jogl/jogl-all/2.0.2/jogl-all-2.0.2-natives-linux-amd64.jar:/home/simon/.m2/repository/org/jogamp/jogl/jogl-all/2.0.2/jogl-all-2.0.2-natives-linux-armv6.jar:/home/simon/.m2/repository/org/jogamp/jogl/jogl-all/2.0.2/jogl-all-2.0.2-natives-linux-armv6hf.jar:/home/simon/.m2/repository/org/jogamp/jogl/jogl-all/2.0.2/jogl-all-2.0.2-natives-linux-i586.jar:/home/simon/.m2/repository/org/jogamp/jogl/jogl-all/2.0.2/jogl-all-2.0.2-natives-macosx-universal.jar:/home/simon/.m2/repository/org/jogamp/jogl/jogl-all/2.0.2/jogl-all-2.0.2-natives-solaris-amd64.jar:/home/simon/.m2/repository/org/jogamp/jogl/jogl-all/2.0.2/jogl-all-2.0.2-natives-solaris-i586.jar:/home/simon/.m2/repository/org/jogamp/jogl/jogl-all/2.0.2/jogl-all-2.0.2-natives-windows-amd64.jar:/home/simon/.m2/repository/org/jogamp/jogl/jogl-all/2.0.2/jogl-all-2.0.2-natives-windows-i586.jar:/home/simon/.m2/repository/org/jogamp/gluegen/gluegen-rt-main/2.0.2/gluegen-rt-main-2.0.2.jar:/home/simon/.m2/repository/org/jogamp/gluegen/gluegen-rt/2.0.2/gluegen-rt-2.0.2.jar:/home/simon/.m2/repository/org/jogamp/gluegen/gluegen-rt/2.0.2/gluegen-rt-2.0.2-natives-android-armv6.jar:/home/simon/.m2/repository/org/jogamp/gluegen/gluegen-rt/2.0.2/gluegen-rt-2.0.2-natives-linux-amd64.jar:/home/simon/.m2/repository/org/jogamp/gluegen/gluegen-rt/2.0.2/gluegen-rt-2.0.2-natives-linux-armv6.jar:/home/simon/.m2/repository/org/jogamp/gluegen/gluegen-rt/2.0.2/gluegen-rt-2.0.2-natives-linux-armv6hf.jar:/home/simon/.m2/repository/
Launcher Type: SUN_STANDARD

Environment Variables:
PATH=/usr/local/sbin:/usr/local/bin:/usr/sbin:/usr/bin:/sbin:/bin:/usr/games:/usr/local/games:/opt/apache-maven-3.3.3/bin:/snap/bin:/home/simon/.rvm/bin
SHELL=/bin/bash
DISPLAY=:0

Signal Handlers:
SIGSEGV: [libjvm.so+0xa5e970], sa_mask[0]=11111111011111111101111111111110, sa_flags=SA_RESTART|SA_SIGINFO
SIGBUS: [libjvm.so+0xa5e970], sa_mask[0]=11111111011111111101111111111110, sa_flags=SA_RESTART|SA_SIGINFO
SIGFPE: [libjvm.so+0x8a9ff0], sa_mask[0]=11111111011111111101111111111110, sa_flags=SA_RESTART|SA_SIGINFO
SIGPIPE: [libjvm.so+0x8a9ff0], sa_mask[0]=11111111011111111101111111111110, sa_flags=SA_RESTART|SA_SIGINFO
SIGXFSZ: [libjvm.so+0x8a9ff0], sa_mask[0]=11111111011111111101111111111110, sa_flags=SA_RESTART|SA_SIGINFO
SIGILL: [libjvm.so+0x8a9ff0], sa_mask[0]=11111111011111111101111111111110, sa_flags=SA_RESTART|SA_SIGINFO
SIGUSR1: SIG_DFL, sa_mask[0]=00000000000000000000000000000000, sa_flags=none
SIGUSR2: [libjvm.so+0x8a9ea0], sa_mask[0]=00100000000000000000000000000000, sa_flags=SA_RESTART|SA_SIGINFO
SIGHUP: [libjvm.so+0x8aa370], sa_mask[0]=11111111011111111101111111111110, sa_flags=SA_RESTART|SA_SIGINFO
SIGINT: [libjvm.so+0x8aa370], sa_mask[0]=11111111011111111101111111111110, sa_flags=SA_RESTART|SA_SIGINFO
SIGTERM: [libjvm.so+0x8aa370], sa_mask[0]=11111111011111111101111111111110, sa_flags=SA_RESTART|SA_SIGINFO
SIGQUIT: [libjvm.so+0x8aa370], sa_mask[0]=11111111011111111101111111111110, sa_flags=SA_RESTART|SA_SIGINFO


---------------  S Y S T E M  ---------------

OS:DISTRIB_ID=Ubuntu
DISTRIB_RELEASE=16.04
DISTRIB_CODENAME=xenial
DISTRIB_DESCRIPTION="Ubuntu 16.04.1 LTS"

uname:Linux 4.4.0-45-generic #66-Ubuntu SMP Wed Oct 19 14:12:37 UTC 2016 x86_64
libc:glibc 2.23 NPTL 2.23 
rlimit: STACK 8192k, CORE 0k, NPROC 30542, NOFILE 65536, AS infinity
load average:0.74 1.22 1.25

/proc/meminfo:
MemTotal:        7859440 kB
MemFree:          148532 kB
MemAvailable:      53148 kB
Buffers:            1204 kB
Cached:           597440 kB
SwapCached:            0 kB
Active:          7050524 kB
Inactive:         449680 kB
Active(anon):    7029864 kB
Inactive(anon):   428812 kB
Active(file):      20660 kB
Inactive(file):    20868 kB
Unevictable:          48 kB
Mlocked:              48 kB
SwapTotal:             0 kB
SwapFree:              0 kB
Dirty:               264 kB
Writeback:             0 kB
AnonPages:       6899276 kB
Mapped:           325920 kB
Shmem:            559540 kB
Slab:              93368 kB
SReclaimable:      41576 kB
SUnreclaim:        51792 kB
KernelStack:       14000 kB
PageTables:        52008 kB
NFS_Unstable:          0 kB
Bounce:                0 kB
WritebackTmp:          0 kB
CommitLimit:     3929720 kB
Committed_AS:   12489492 kB
VmallocTotal:   34359738367 kB
VmallocUsed:           0 kB
VmallocChunk:          0 kB
HardwareCorrupted:     0 kB
AnonHugePages:   2091008 kB
CmaTotal:              0 kB
CmaFree:               0 kB
HugePages_Total:       0
HugePages_Free:        0
HugePages_Rsvd:        0
HugePages_Surp:        0
Hugepagesize:       2048 kB
DirectMap4k:      120976 kB
DirectMap2M:     4802560 kB
DirectMap1G:     3145728 kB


CPU:total 8 (4 cores per cpu, 2 threads per core) family 6 model 60 stepping 3, cmov, cx8, fxsr, mmx, sse, sse2, sse3, ssse3, sse4.1, sse4.2, popcnt, avx, avx2, aes, clmul, erms, lzcnt, ht, tsc, tscinvbit, bmi1, bmi2

/proc/cpuinfo:
processor	: 0
vendor_id	: GenuineIntel
cpu family	: 6
model		: 60
model name	: Intel(R) Core(TM) i7-4710MQ CPU @ 2.50GHz
stepping	: 3
microcode	: 0x19
cpu MHz		: 3330.175
cache size	: 6144 KB
physical id	: 0
siblings	: 8
core id		: 0
cpu cores	: 4
apicid		: 0
initial apicid	: 0
fpu		: yes
fpu_exception	: yes
cpuid level	: 13
wp		: yes
flags		: fpu vme de pse tsc msr pae mce cx8 apic sep mtrr pge mca cmov pat pse36 clflush dts acpi mmx fxsr sse sse2 ss ht tm pbe syscall nx pdpe1gb rdtscp lm constant_tsc arch_perfmon pebs bts rep_good nopl xtopology nonstop_tsc aperfmperf eagerfpu pni pclmulqdq dtes64 monitor ds_cpl vmx est tm2 ssse3 sdbg fma cx16 xtpr pdcm pcid sse4_1 sse4_2 movbe popcnt tsc_deadline_timer aes xsave avx f16c rdrand lahf_lm abm epb tpr_shadow vnmi flexpriority ept vpid fsgsbase tsc_adjust bmi1 avx2 smep bmi2 erms invpcid xsaveopt dtherm ida arat pln pts
bugs		:
bogomips	: 4988.89
clflush size	: 64
cache_alignment	: 64
address sizes	: 39 bits physical, 48 bits virtual
power management:

processor	: 1
vendor_id	: GenuineIntel
cpu family	: 6
model		: 60
model name	: Intel(R) Core(TM) i7-4710MQ CPU @ 2.50GHz
stepping	: 3
microcode	: 0x19
cpu MHz		: 3330.175
cache size	: 6144 KB
physical id	: 0
siblings	: 8
core id		: 0
cpu cores	: 4
apicid		: 1
initial apicid	: 1
fpu		: yes
fpu_exception	: yes
cpuid level	: 13
wp		: yes
flags		: fpu vme de pse tsc msr pae mce cx8 apic sep mtrr pge mca cmov pat pse36 clflush dts acpi mmx fxsr sse sse2 ss ht tm pbe syscall nx pdpe1gb rdtscp lm constant_tsc arch_perfmon pebs bts rep_good nopl xtopology nonstop_tsc aperfmperf eagerfpu pni pclmulqdq dtes64 monitor ds_cpl vmx est tm2 ssse3 sdbg fma cx16 xtpr pdcm pcid sse4_1 sse4_2 movbe popcnt tsc_deadline_timer aes xsave avx f16c rdrand lahf_lm abm epb tpr_shadow vnmi flexpriority ept vpid fsgsbase tsc_adjust bmi1 avx2 smep bmi2 erms invpcid xsaveopt dtherm ida arat pln pts
bugs		:
bogomips	: 4988.89
clflush size	: 64
cache_alignment	: 64
address sizes	: 39 bits physical, 48 bits virtual
power management:

processor	: 2
vendor_id	: GenuineIntel
cpu family	: 6
model		: 60
model name	: Intel(R) Core(TM) i7-4710MQ CPU @ 2.50GHz
stepping	: 3
microcode	: 0x19
cpu MHz		: 3397.949
cache size	: 6144 KB
physical id	: 0
siblings	: 8
core id		: 1
cpu cores	: 4
apicid		: 2
initial apicid	: 2
fpu		: yes
fpu_exception	: yes
cpuid level	: 13
wp		: yes
flags		: fpu vme de pse tsc msr pae mce cx8 apic sep mtrr pge mca cmov pat pse36 clflush dts acpi mmx fxsr sse sse2 ss ht tm pbe syscall nx pdpe1gb rdtscp lm constant_tsc arch_perfmon pebs bts rep_good nopl xtopology nonstop_tsc aperfmperf eagerfpu pni pclmulqdq dtes64 monitor ds_cpl vmx est tm2 ssse3 sdbg fma cx16 xtpr pdcm pcid sse4_1 sse4_2 movbe popcnt tsc_deadline_timer aes xsave avx f16c rdrand lahf_lm abm epb tpr_shadow vnmi flexpriority ept vpid fsgsbase tsc_adjust bmi1 avx2 smep bmi2 erms invpcid xsaveopt dtherm ida arat pln pts
bugs		:
bogomips	: 4988.89
clflush size	: 64
cache_alignment	: 64
address sizes	: 39 bits physical, 48 bits virtual
power management:

processor	: 3
vendor_id	: GenuineIntel
cpu family	: 6
model		: 60
model name	: Intel(R) Core(TM) i7-4710MQ CPU @ 2.50GHz
stepping	: 3
microcode	: 0x19
cpu MHz		: 3299.902
cache size	: 6144 KB
physical id	: 0
siblings	: 8
core id		: 1
cpu cores	: 4
apicid		: 3
initial apicid	: 3
fpu		: yes
fpu_exception	: yes
cpuid level	: 13
wp		: yes
flags		: fpu vme de pse tsc msr pae mce cx8 apic sep mtrr pge mca cmov pat pse36 clflush dts acpi mmx fxsr sse sse2 ss ht tm pbe syscall nx pdpe1gb rdtscp lm constant_tsc arch_perfmon pebs bts rep_good nopl xtopology nonstop_tsc aperfmperf eagerfpu pni pclmulqdq dtes64 monitor ds_cpl vmx est tm2 ssse3 sdbg fma cx16 xtpr pdcm pcid sse4_1 sse4_2 movbe popcnt tsc_deadline_timer aes xsave avx f16c rdrand lahf_lm abm epb tpr_shadow vnmi flexpriority ept vpid fsgsbase tsc_adjust bmi1 avx2 smep bmi2 erms invpcid xsaveopt dtherm ida arat pln pts
bugs		:
bogomips	: 4988.89
clflush size	: 64
cache_alignment	: 64
address sizes	: 39 bits physical, 48 bits virtual
power management:

processor	: 4
vendor_id	: GenuineIntel
cpu family	: 6
model		: 60
model name	: Intel(R) Core(TM) i7-4710MQ CPU @ 2.50GHz
stepping	: 3
microcode	: 0x19
cpu MHz		: 3300.683
cache size	: 6144 KB
physical id	: 0
siblings	: 8
core id		: 2
cpu cores	: 4
apicid		: 4
initial apicid	: 4
fpu		: yes
fpu_exception	: yes
cpuid level	: 13
wp		: yes
flags		: fpu vme de pse tsc msr pae mce cx8 apic sep mtrr pge mca cmov pat pse36 clflush dts acpi mmx fxsr sse sse2 ss ht tm pbe syscall nx pdpe1gb rdtscp lm constant_tsc arch_perfmon pebs bts rep_good nopl xtopology nonstop_tsc aperfmperf eagerfpu pni pclmulqdq dtes64 monitor ds_cpl vmx est tm2 ssse3 sdbg fma cx16 xtpr pdcm pcid sse4_1 sse4_2 movbe popcnt tsc_deadline_timer aes xsave avx f16c rdrand lahf_lm abm epb tpr_shadow vnmi flexpriority ept vpid fsgsbase tsc_adjust bmi1 avx2 smep bmi2 erms invpcid xsaveopt dtherm ida arat pln pts
bugs		:
bogomips	: 4988.89
clflush size	: 64
cache_alignment	: 64
address sizes	: 39 bits physical, 48 bits virtual
power management:

processor	: 5
vendor_id	: GenuineIntel
cpu family	: 6
model		: 60
model name	: Intel(R) Core(TM) i7-4710MQ CPU @ 2.50GHz
stepping	: 3
microcode	: 0x19
cpu MHz		: 3307.128
cache size	: 6144 KB
physical id	: 0
siblings	: 8
core id		: 2
cpu cores	: 4
apicid		: 5
initial apicid	: 5
fpu		: yes
fpu_exception	: yes
cpuid level	: 13
wp		: yes
flags		: fpu vme de pse tsc msr pae mce cx8 apic sep mtrr pge mca cmov pat pse36 clflush dts acpi mmx fxsr sse sse2 ss ht tm pbe syscall nx pdpe1gb rdtscp lm constant_tsc arch_perfmon pebs bts rep_good nopl xtopology nonstop_tsc aperfmperf eagerfpu pni pclmulqdq dtes64 monitor ds_cpl vmx est tm2 ssse3 sdbg fma cx16 xtpr pdcm pcid sse4_1 sse4_2 movbe popcnt tsc_deadline_timer aes xsave avx f16c rdrand lahf_lm abm epb tpr_shadow vnmi flexpriority ept vpid fsgsbase tsc_adjust bmi1 avx2 smep bmi2 erms invpcid xsaveopt dtherm ida arat pln pts
bugs		:
bogomips	: 4988.89
clflush size	: 64
cache_alignment	: 64
address sizes	: 39 bits physical, 48 bits virtual
power management:

processor	: 6
vendor_id	: GenuineIntel
cpu family	: 6
model		: 60
model name	: Intel(R) Core(TM) i7-4710MQ CPU @ 2.50GHz
stepping	: 3
microcode	: 0x19
cpu MHz		: 3324.316
cache size	: 6144 KB
physical id	: 0
siblings	: 8
core id		: 3
cpu cores	: 4
apicid		: 6
initial apicid	: 6
fpu		: yes
fpu_exception	: yes
cpuid level	: 13
wp		: yes
flags		: fpu vme de pse tsc msr pae mce cx8 apic sep mtrr pge mca cmov pat pse36 clflush dts acpi mmx fxsr sse sse2 ss ht tm pbe syscall nx pdpe1gb rdtscp lm constant_tsc arch_perfmon pebs bts rep_good nopl xtopology nonstop_tsc aperfmperf eagerfpu pni pclmulqdq dtes64 monitor ds_cpl vmx est tm2 ssse3 sdbg fma cx16 xtpr pdcm pcid sse4_1 sse4_2 movbe popcnt tsc_deadline_timer aes xsave avx f16c rdrand lahf_lm abm epb tpr_shadow vnmi flexpriority ept vpid fsgsbase tsc_adjust bmi1 avx2 smep bmi2 erms invpcid xsaveopt dtherm ida arat pln pts
bugs		:
bogomips	: 4988.89
clflush size	: 64
cache_alignment	: 64
address sizes	: 39 bits physical, 48 bits virtual
power management:

processor	: 7
vendor_id	: GenuineIntel
cpu family	: 6
model		: 60
model name	: Intel(R) Core(TM) i7-4710MQ CPU @ 2.50GHz
stepping	: 3
microcode	: 0x19
cpu MHz		: 3313.085
cache size	: 6144 KB
physical id	: 0
siblings	: 8
core id		: 3
cpu cores	: 4
apicid		: 7
initial apicid	: 7
fpu		: yes
fpu_exception	: yes
cpuid level	: 13
wp		: yes
flags		: fpu vme de pse tsc msr pae mce cx8 apic sep mtrr pge mca cmov pat pse36 clflush dts acpi mmx fxsr sse sse2 ss ht tm pbe syscall nx pdpe1gb rdtscp lm constant_tsc arch_perfmon pebs bts rep_good nopl xtopology nonstop_tsc aperfmperf eagerfpu pni pclmulqdq dtes64 monitor ds_cpl vmx est tm2 ssse3 sdbg fma cx16 xtpr pdcm pcid sse4_1 sse4_2 movbe popcnt tsc_deadline_timer aes xsave avx f16c rdrand lahf_lm abm epb tpr_shadow vnmi flexpriority ept vpid fsgsbase tsc_adjust bmi1 avx2 smep bmi2 erms invpcid xsaveopt dtherm ida arat pln pts
bugs		:
bogomips	: 4988.89
clflush size	: 64
cache_alignment	: 64
address sizes	: 39 bits physical, 48 bits virtual
power management:



Memory: 4k page, physical 7859440k(149672k free), swap 0k(0k free)

vm_info: OpenJDK 64-Bit Server VM (25.91-b14) for linux-amd64 JRE (1.8.0_91-8u91-b14-3ubuntu1~16.04.1-b14), built on Jul 21 2016 04:13:34 by "buildd" with gcc 5.3.1 20160413

time: Wed Nov  2 16:01:02 2016
elapsed time: 3 seconds (0d 0h 0m 3s)

