#
# There is insufficient memory for the Java Runtime Environment to continue.
# Native memory allocation (mmap) failed to map 249561088 bytes for committing reserved memory.
# Possible reasons:
#   The system is out of physical RAM or swap space
#   In 32 bit mode, the process size limit was hit
# Possible solutions:
#   Reduce memory load on the system
#   Increase physical memory or swap space
#   Check if swap backing store is full
#   Use 64 bit Java on a 64 bit OS
#   Decrease Java heap size (-Xmx/-Xms)
#   Decrease number of Java threads
#   Decrease Java thread stack sizes (-Xss)
#   Set larger code cache with -XX:ReservedCodeCacheSize=
# This output file may be truncated or incomplete.
#
#  Out of Memory Error (os_linux.cpp:2630), pid=12633, tid=140029527459584
#
# JRE version: OpenJDK Runtime Environment (8.0_91-b14) (build 1.8.0_91-8u91-b14-3ubuntu1~16.04.1-b14)
# Java VM: OpenJDK 64-Bit Server VM (25.91-b14 mixed mode linux-amd64 compressed oops)
# Failed to write core dump. Core dumps have been disabled. To enable core dumping, try "ulimit -c unlimited" before starting Java again
#

---------------  T H R E A D  ---------------

Current thread (0x00007f5b60080800):  VMThread [stack: 0x00007f5b2a2e0000,0x00007f5b2a3e1000] [id=12647]

Stack: [0x00007f5b2a2e0000,0x00007f5b2a3e1000],  sp=0x00007f5b2a3df4c0,  free space=1021k
Native frames: (J=compiled Java code, j=interpreted, Vv=VM code, C=native code)
V  [libjvm.so+0xa5de1b]
V  [libjvm.so+0x4c178c]
V  [libjvm.so+0x8ae9d0]
V  [libjvm.so+0x8a8e4e]
V  [libjvm.so+0x922f46]
V  [libjvm.so+0x924273]
V  [libjvm.so+0x920923]
V  [libjvm.so+0x920bec]
V  [libjvm.so+0x8d3263]
V  [libjvm.so+0xa5fad2]
V  [libjvm.so+0xa64b57]
V  [libjvm.so+0xa62327]
V  [libjvm.so+0xa637af]
V  [libjvm.so+0xa63ca1]
V  [libjvm.so+0x8abeb2]

VM_Operation (0x00007f5b02c5c2b0): ParallelGCFailedAllocation, mode: safepoint, requested by thread 0x00007f5b6039a000


---------------  P R O C E S S  ---------------

Java Threads: ( => current thread )
  0x00007f5b6000b000 JavaThread "DestroyJavaVM" [_thread_blocked, id=12638, stack(0x00007f5b681fa000,0x00007f5b682fb000)]
  0x00007f5b6039a000 JavaThread "AWT-EventQueue-0" [_thread_blocked, id=12660, stack(0x00007f5b02b5f000,0x00007f5b02c60000)]
  0x00007f5b60396800 JavaThread "AWT-Shutdown" [_thread_blocked, id=12659, stack(0x00007f5b02c60000,0x00007f5b02d61000)]
  0x00007f5b6025e800 JavaThread "AWT-XAWT" daemon [_thread_blocked, id=12658, stack(0x00007f5b031c5000,0x00007f5b032c6000)]
  0x00007f5b6023f800 JavaThread "Java2D Disposer" daemon [_thread_blocked, id=12657, stack(0x00007f5b280ae000,0x00007f5b281af000)]
  0x00007f5b600cd800 JavaThread "Service Thread" daemon [_thread_blocked, id=12655, stack(0x00007f5b297b2000,0x00007f5b298b3000)]
  0x00007f5b600c0800 JavaThread "C1 CompilerThread3" daemon [_thread_blocked, id=12654, stack(0x00007f5b298b3000,0x00007f5b299b4000)]
  0x00007f5b600bc000 JavaThread "C2 CompilerThread2" daemon [_thread_blocked, id=12653, stack(0x00007f5b299b4000,0x00007f5b29ab5000)]
  0x00007f5b600ba000 JavaThread "C2 CompilerThread1" daemon [_thread_blocked, id=12652, stack(0x00007f5b29ab5000,0x00007f5b29bb6000)]
  0x00007f5b600b7800 JavaThread "C2 CompilerThread0" daemon [_thread_blocked, id=12651, stack(0x00007f5b29bb6000,0x00007f5b29cb7000)]
  0x00007f5b600b5000 JavaThread "Signal Dispatcher" daemon [_thread_blocked, id=12650, stack(0x00007f5b29cb7000,0x00007f5b29db8000)]
  0x00007f5b6008d000 JavaThread "Finalizer" daemon [_thread_blocked, id=12649, stack(0x00007f5b2a0de000,0x00007f5b2a1df000)]
  0x00007f5b60088000 JavaThread "Reference Handler" daemon [_thread_blocked, id=12648, stack(0x00007f5b2a1df000,0x00007f5b2a2e0000)]

Other Threads:
=>0x00007f5b60080800 VMThread [stack: 0x00007f5b2a2e0000,0x00007f5b2a3e1000] [id=12647]
  0x00007f5b600d0000 WatcherThread [stack: 0x00007f5b296b1000,0x00007f5b297b2000] [id=12656]

VM state:at safepoint (normal execution)

VM Mutex/Monitor currently owned by a thread:  ([mutex/lock_event])
[0x00007f5b60007540] Threads_lock - owner thread: 0x00007f5b60080800
[0x00007f5b60007a40] Heap_lock - owner thread: 0x00007f5b6039a000

Heap:
 PSYoungGen      total 262656K, used 8949K [0x00000000d8000000, 0x00000000e9100000, 0x0000000100000000)
  eden space 245760K, 0% used [0x00000000d8000000,0x00000000d8000000,0x00000000e7000000)
  from space 16896K, 52% used [0x00000000e7000000,0x00000000e78bd470,0x00000000e8080000)
  to   space 16384K, 0% used [0x00000000e8100000,0x00000000e8100000,0x00000000e9100000)
 ParOldGen       total 81920K, used 36531K [0x0000000088000000, 0x000000008d000000, 0x00000000d8000000)
  object space 81920K, 44% used [0x0000000088000000,0x000000008a3acc28,0x000000008d000000)
 Metaspace       used 9921K, capacity 10084K, committed 10112K, reserved 1058816K
  class space    used 1061K, capacity 1125K, committed 1152K, reserved 1048576K

Card table byte_map: [0x00007f5b64510000,0x00007f5b648d1000] byte_map_base: 0x00007f5b640d0000

Marking Bits: (ParMarkBitMap*) 0x00007f5b674d7fc0
 Begin Bits: [0x00007f5b2c400000, 0x00007f5b2e200000)
 End Bits:   [0x00007f5b2e200000, 0x00007f5b30000000)

Polling page: 0x00007f5b68329000

CodeCache: size=245760Kb used=2820Kb max_used=2820Kb free=242939Kb
 bounds [0x00007f5b51000000, 0x00007f5b512d0000, 0x00007f5b60000000]
 total_blobs=1195 nmethods=693 adapters=417
 compilation: enabled

Compilation events (10 events):
Event: 2.884 Thread 0x00007f5b600c0800 nmethod 688 0x00007f5b512bf750 code [0x00007f5b512bf8c0, 0x00007f5b512bfb90]
Event: 2.895 Thread 0x00007f5b600c0800  689       3       java.util.IdentityHashMap::clear (39 bytes)
Event: 2.896 Thread 0x00007f5b600c0800 nmethod 689 0x00007f5b512bfc50 code [0x00007f5b512bfdc0, 0x00007f5b512c0110]
Event: 2.896 Thread 0x00007f5b600c0800  690       3       java.awt.EventQueue::coalesceEvent (86 bytes)
Event: 2.896 Thread 0x00007f5b600c0800 nmethod 690 0x00007f5b512c0250 code [0x00007f5b512c0440, 0x00007f5b512c1158]
Event: 2.903 Thread 0x00007f5b600c0800  692       3       sun.awt.X11.XDropTargetEventProcessor::processEvent (18 bytes)
Event: 2.903 Thread 0x00007f5b600c0800 nmethod 692 0x00007f5b512c16d0 code [0x00007f5b512c1840, 0x00007f5b512c1a28]
Event: 2.904 Thread 0x00007f5b600c0800  693   !   3       sun.awt.X11.XDragSourceContextPeer::processEvent (34 bytes)
Event: 2.904 Thread 0x00007f5b600c0800 nmethod 693 0x00007f5b512c1ad0 code [0x00007f5b512c1ce0, 0x00007f5b512c2758]
Event: 2.906 Thread 0x00007f5b600ba000  694       4       javax.vecmath.Tuple3f::set (25 bytes)

GC Heap History (10 events):
Event: 1.850 GC heap after
Heap after GC invocations=2 (full 0):
 PSYoungGen      total 66560K, used 5109K [0x00000000d8000000, 0x00000000dc600000, 0x0000000100000000)
  eden space 61440K, 0% used [0x00000000d8000000,0x00000000d8000000,0x00000000dbc00000)
  from space 5120K, 99% used [0x00000000dc100000,0x00000000dc5fd6e0,0x00000000dc600000)
  to   space 5120K, 0% used [0x00000000dbc00000,0x00000000dbc00000,0x00000000dc100000)
 ParOldGen       total 81920K, used 15676K [0x0000000088000000, 0x000000008d000000, 0x00000000d8000000)
  object space 81920K, 19% used [0x0000000088000000,0x0000000088f4f2c0,0x000000008d000000)
 Metaspace       used 9827K, capacity 10016K, committed 10112K, reserved 1058816K
  class space    used 1061K, capacity 1125K, committed 1152K, reserved 1048576K
}
Event: 1.943 GC heap before
{Heap before GC invocations=3 (full 0):
 PSYoungGen      total 66560K, used 66549K [0x00000000d8000000, 0x00000000dc600000, 0x0000000100000000)
  eden space 61440K, 100% used [0x00000000d8000000,0x00000000dbc00000,0x00000000dbc00000)
  from space 5120K, 99% used [0x00000000dc100000,0x00000000dc5fd6e0,0x00000000dc600000)
  to   space 5120K, 0% used [0x00000000dbc00000,0x00000000dbc00000,0x00000000dc100000)
 ParOldGen       total 81920K, used 15676K [0x0000000088000000, 0x000000008d000000, 0x00000000d8000000)
  object space 81920K, 19% used [0x0000000088000000,0x0000000088f4f2c0,0x000000008d000000)
 Metaspace       used 9841K, capacity 10016K, committed 10112K, reserved 1058816K
  class space    used 1061K, capacity 1125K, committed 1152K, reserved 1048576K
Event: 1.967 GC heap after
Heap after GC invocations=3 (full 0):
 PSYoungGen      total 66560K, used 5093K [0x00000000d8000000, 0x00000000e0200000, 0x0000000100000000)
  eden space 61440K, 0% used [0x00000000d8000000,0x00000000d8000000,0x00000000dbc00000)
  from space 5120K, 99% used [0x00000000dbc00000,0x00000000dc0f96f0,0x00000000dc100000)
  to   space 5120K, 0% used [0x00000000dfd00000,0x00000000dfd00000,0x00000000e0200000)
 ParOldGen       total 81920K, used 23236K [0x0000000088000000, 0x000000008d000000, 0x00000000d8000000)
  object space 81920K, 28% used [0x0000000088000000,0x00000000896b12b0,0x000000008d000000)
 Metaspace       used 9841K, capacity 10016K, committed 10112K, reserved 1058816K
  class space    used 1061K, capacity 1125K, committed 1152K, reserved 1048576K
}
Event: 2.042 GC heap before
{Heap before GC invocations=4 (full 0):
 PSYoungGen      total 66560K, used 64135K [0x00000000d8000000, 0x00000000e0200000, 0x0000000100000000)
  eden space 61440K, 96% used [0x00000000d8000000,0x00000000db9a88d8,0x00000000dbc00000)
  from space 5120K, 99% used [0x00000000dbc00000,0x00000000dc0f96f0,0x00000000dc100000)
  to   space 5120K, 0% used [0x00000000dfd00000,0x00000000dfd00000,0x00000000e0200000)
 ParOldGen       total 81920K, used 23236K [0x0000000088000000, 0x000000008d000000, 0x00000000d8000000)
  object space 81920K, 28% used [0x0000000088000000,0x00000000896b12b0,0x000000008d000000)
 Metaspace       used 9845K, capacity 10020K, committed 10112K, reserved 1058816K
  class space    used 1061K, capacity 1125K, committed 1152K, reserved 1048576K
Event: 2.053 GC heap after
Heap after GC invocations=4 (full 0):
 PSYoungGen      total 128000K, used 4629K [0x00000000d8000000, 0x00000000e0200000, 0x0000000100000000)
  eden space 122880K, 0% used [0x00000000d8000000,0x00000000d8000000,0x00000000df800000)
  from space 5120K, 90% used [0x00000000dfd00000,0x00000000e0185700,0x00000000e0200000)
  to   space 5120K, 0% used [0x00000000df800000,0x00000000df800000,0x00000000dfd00000)
 ParOldGen       total 81920K, used 29096K [0x0000000088000000, 0x000000008d000000, 0x00000000d8000000)
  object space 81920K, 35% used [0x0000000088000000,0x0000000089c6a050,0x000000008d000000)
 Metaspace       used 9845K, capacity 10020K, committed 10112K, reserved 1058816K
  class space    used 1061K, capacity 1125K, committed 1152K, reserved 1048576K
}
Event: 2.230 GC heap before
{Heap before GC invocations=5 (full 0):
 PSYoungGen      total 128000K, used 127509K [0x00000000d8000000, 0x00000000e0200000, 0x0000000100000000)
  eden space 122880K, 100% used [0x00000000d8000000,0x00000000df800000,0x00000000df800000)
  from space 5120K, 90% used [0x00000000dfd00000,0x00000000e0185700,0x00000000e0200000)
  to   space 5120K, 0% used [0x00000000df800000,0x00000000df800000,0x00000000dfd00000)
 ParOldGen       total 81920K, used 29096K [0x0000000088000000, 0x000000008d000000, 0x00000000d8000000)
  object space 81920K, 35% used [0x0000000088000000,0x0000000089c6a050,0x000000008d000000)
 Metaspace       used 9861K, capacity 10020K, committed 10112K, reserved 1058816K
  class space    used 1061K, capacity 1125K, committed 1152K, reserved 1048576K
Event: 2.243 GC heap after
Heap after GC invocations=5 (full 0):
 PSYoungGen      total 128000K, used 4647K [0x00000000d8000000, 0x00000000e9200000, 0x0000000100000000)
  eden space 122880K, 0% used [0x00000000d8000000,0x00000000d8000000,0x00000000df800000)
  from space 5120K, 90% used [0x00000000df800000,0x00000000dfc89f00,0x00000000dfd00000)
  to   space 17408K, 0% used [0x00000000e8100000,0x00000000e8100000,0x00000000e9200000)
 ParOldGen       total 81920K, used 34955K [0x0000000088000000, 0x000000008d000000, 0x00000000d8000000)
  object space 81920K, 42% used [0x0000000088000000,0x000000008a222df0,0x000000008d000000)
 Metaspace       used 9861K, capacity 10020K, committed 10112K, reserved 1058816K
  class space    used 1061K, capacity 1125K, committed 1152K, reserved 1048576K
}
Event: 2.390 GC heap before
{Heap before GC invocations=6 (full 0):
 PSYoungGen      total 128000K, used 127527K [0x00000000d8000000, 0x00000000e9200000, 0x0000000100000000)
  eden space 122880K, 100% used [0x00000000d8000000,0x00000000df800000,0x00000000df800000)
  from space 5120K, 90% used [0x00000000df800000,0x00000000dfc89f00,0x00000000dfd00000)
  to   space 17408K, 0% used [0x00000000e8100000,0x00000000e8100000,0x00000000e9200000)
 ParOldGen       total 81920K, used 34955K [0x0000000088000000, 0x000000008d000000, 0x00000000d8000000)
  object space 81920K, 42% used [0x0000000088000000,0x000000008a222df0,0x000000008d000000)
 Metaspace       used 9864K, capacity 10020K, committed 10112K, reserved 1058816K
  class space    used 1061K, capacity 1125K, committed 1152K, reserved 1048576K
Event: 2.405 GC heap after
Heap after GC invocations=6 (full 0):
 PSYoungGen      total 262144K, used 10521K [0x00000000d8000000, 0x00000000e9100000, 0x0000000100000000)
  eden space 245760K, 0% used [0x00000000d8000000,0x00000000d8000000,0x00000000e7000000)
  from space 16384K, 64% used [0x00000000e8100000,0x00000000e8b46480,0x00000000e9100000)
  to   space 16896K, 0% used [0x00000000e7000000,0x00000000e7000000,0x00000000e8080000)
 ParOldGen       total 81920K, used 34955K [0x0000000088000000, 0x000000008d000000, 0x00000000d8000000)
  object space 81920K, 42% used [0x0000000088000000,0x000000008a222df0,0x000000008d000000)
 Metaspace       used 9864K, capacity 10020K, committed 10112K, reserved 1058816K
  class space    used 1061K, capacity 1125K, committed 1152K, reserved 1048576K
}
Event: 2.906 GC heap before
{Heap before GC invocations=7 (full 0):
 PSYoungGen      total 262144K, used 256281K [0x00000000d8000000, 0x00000000e9100000, 0x0000000100000000)
  eden space 245760K, 100% used [0x00000000d8000000,0x00000000e7000000,0x00000000e7000000)
  from space 16384K, 64% used [0x00000000e8100000,0x00000000e8b46480,0x00000000e9100000)
  to   space 16896K, 0% used [0x00000000e7000000,0x00000000e7000000,0x00000000e8080000)
 ParOldGen       total 81920K, used 34955K [0x0000000088000000, 0x000000008d000000, 0x00000000d8000000)
  object space 81920K, 42% used [0x0000000088000000,0x000000008a222df0,0x000000008d000000)
 Metaspace       used 9921K, capacity 10084K, committed 10112K, reserved 1058816K
  class space    used 1061K, capacity 1125K, committed 1152K, reserved 1048576K

Deoptimization events (4 events):
Event: 0.587 Thread 0x00007f5b6039a000 Uncommon trap: reason=unreached action=reinterpret pc=0x00007f5b5120b3c8 method=jrtr.swrenderer.SWRenderContext.draw(Ljrtr/RenderItem;)V @ 947
Event: 0.587 Thread 0x00007f5b6039a000 Uncommon trap: reason=unstable_if action=reinterpret pc=0x00007f5b5121ad44 method=java.awt.image.ComponentColorModel.getDataElements(ILjava/lang/Object;)Ljava/lang/Object; @ 30
Event: 1.919 Thread 0x00007f5b6039a000 Uncommon trap: reason=unstable_if action=reinterpret pc=0x00007f5b5121f490 method=jrtr.swrenderer.SWRenderContext.getColorCoord(Ljavax/vecmath/Vector3f;[[FLjavax/vecmath/Matrix3f;I)D @ 80
Event: 1.919 Thread 0x00007f5b6039a000 Uncommon trap: reason=unstable_if action=reinterpret pc=0x00007f5b51205b20 method=jrtr.swrenderer.SWRenderContext.getColorCoord(Ljavax/vecmath/Vector3f;[[FLjavax/vecmath/Matrix3f;I)D @ 80

Internal exceptions (10 events):
Event: 0.107 Thread 0x00007f5b6000b000 Exception <a 'java/security/PrivilegedActionException'> (0x00000000d8175768) thrown at [/build/openjdk-8-W1Ghxo/openjdk-8-8u91-b14/src/hotspot/src/share/vm/prims/jvm.cpp, line 1386]
Event: 0.107 Thread 0x00007f5b6000b000 Exception <a 'java/security/PrivilegedActionException'> (0x00000000d8175978) thrown at [/build/openjdk-8-W1Ghxo/openjdk-8-8u91-b14/src/hotspot/src/share/vm/prims/jvm.cpp, line 1386]
Event: 0.107 Thread 0x00007f5b6000b000 Exception <a 'java/security/PrivilegedActionException'> (0x00000000d8176448) thrown at [/build/openjdk-8-W1Ghxo/openjdk-8-8u91-b14/src/hotspot/src/share/vm/prims/jvm.cpp, line 1386]
Event: 0.107 Thread 0x00007f5b6000b000 Exception <a 'java/security/PrivilegedActionException'> (0x00000000d8176658) thrown at [/build/openjdk-8-W1Ghxo/openjdk-8-8u91-b14/src/hotspot/src/share/vm/prims/jvm.cpp, line 1386]
Event: 0.135 Thread 0x00007f5b6000b000 Exception <a 'java/lang/NoSuchFieldError': method resolution failed> (0x00000000d82435c8) thrown at [/build/openjdk-8-W1Ghxo/openjdk-8-8u91-b14/src/hotspot/src/share/vm/prims/methodHandles.cpp, line 1146]
Event: 0.136 Thread 0x00007f5b6000b000 Exception <a 'java/lang/NoSuchFieldError': method resolution failed> (0x00000000d8250dc8) thrown at [/build/openjdk-8-W1Ghxo/openjdk-8-8u91-b14/src/hotspot/src/share/vm/prims/methodHandles.cpp, line 1146]
Event: 0.153 Thread 0x00007f5b6000b000 Exception <a 'java/io/FileNotFoundException'> (0x00000000d82d0ac0) thrown at [/build/openjdk-8-W1Ghxo/openjdk-8-8u91-b14/src/hotspot/src/share/vm/prims/jni.cpp, line 709]
Event: 0.153 Thread 0x00007f5b6000b000 Exception <a 'java/io/FileNotFoundException'> (0x00000000d82d14d8) thrown at [/build/openjdk-8-W1Ghxo/openjdk-8-8u91-b14/src/hotspot/src/share/vm/prims/jni.cpp, line 709]
Event: 0.189 Thread 0x00007f5b6000b000 Exception <a 'java/lang/ClassNotFoundException': sun/dc/DuctusRenderingEngine> (0x00000000d82fce08) thrown at [/build/openjdk-8-W1Ghxo/openjdk-8-8u91-b14/src/hotspot/src/share/vm/classfile/systemDictionary.cpp, line 210]
Event: 0.561 Thread 0x00007f5b6039a000 Exception <a 'java/lang/UnsupportedOperationException': > (0x00000000d9a8ce70) thrown at [/build/openjdk-8-W1Ghxo/openjdk-8-8u91-b14/src/hotspot/src/share/vm/prims/jni.cpp, line 735]

Events (10 events):
Event: 2.285 Thread 0x00007f5b6039a000 DEOPT UNPACKING pc=0x00007f5b51047373 sp=0x00007f5b02c5c448 mode 0
Event: 2.297 Thread 0x00007f5b6039a000 DEOPT PACKING pc=0x00007f5b512657eb sp=0x00007f5b02c5c650
Event: 2.297 Thread 0x00007f5b6039a000 DEOPT UNPACKING pc=0x00007f5b51047373 sp=0x00007f5b02c5c448 mode 0
Event: 2.310 Thread 0x00007f5b6039a000 DEOPT PACKING pc=0x00007f5b512657eb sp=0x00007f5b02c5c650
Event: 2.310 Thread 0x00007f5b6039a000 DEOPT UNPACKING pc=0x00007f5b51047373 sp=0x00007f5b02c5c448 mode 0
Event: 2.315 Thread 0x00007f5b6039a000 DEOPT PACKING pc=0x00007f5b5126b9a7 sp=0x00007f5b02c5c5d0
Event: 2.315 Thread 0x00007f5b6039a000 DEOPT UNPACKING pc=0x00007f5b51047373 sp=0x00007f5b02c5c2b8 mode 0
Event: 2.390 Executing VM operation: ParallelGCFailedAllocation
Event: 2.405 Executing VM operation: ParallelGCFailedAllocation done
Event: 2.906 Executing VM operation: ParallelGCFailedAllocation


Dynamic libraries:
00400000-00401000 r-xp 00000000 08:08 3940258                            /usr/lib/jvm/java-8-openjdk-amd64/jre/bin/java
00600000-00601000 r--p 00000000 08:08 3940258                            /usr/lib/jvm/java-8-openjdk-amd64/jre/bin/java
00601000-00602000 rw-p 00001000 08:08 3940258                            /usr/lib/jvm/java-8-openjdk-amd64/jre/bin/java
00c46000-00c67000 rw-p 00000000 00:00 0                                  [heap]
88000000-8d000000 rw-p 00000000 00:00 0 
8d000000-d8000000 ---p 00000000 00:00 0 
d8000000-e9100000 rw-p 00000000 00:00 0 
f7f00000-100000000 ---p 00000000 00:00 0 
100000000-100120000 rw-p 00000000 00:00 0 
100120000-140000000 ---p 00000000 00:00 0 
7f5ae8000000-7f5ae8109000 rw-p 00000000 00:00 0 
7f5ae8109000-7f5aec000000 ---p 00000000 00:00 0 
7f5af0000000-7f5af0021000 rw-p 00000000 00:00 0 
7f5af0021000-7f5af4000000 ---p 00000000 00:00 0 
7f5af4000000-7f5af4021000 rw-p 00000000 00:00 0 
7f5af4021000-7f5af8000000 ---p 00000000 00:00 0 
7f5af8000000-7f5af8021000 rw-p 00000000 00:00 0 
7f5af8021000-7f5afc000000 ---p 00000000 00:00 0 
7f5afc000000-7f5afc021000 rw-p 00000000 00:00 0 
7f5afc021000-7f5b00000000 ---p 00000000 00:00 0 
7f5b021e4000-7f5b025b5000 rw-s 00000000 00:05 7634991                    /SYSV00000000 (deleted)
7f5b0295f000-7f5b02a1f000 rw-p 00000000 00:00 0 
7f5b02a1f000-7f5b02b5f000 ---p 00000000 00:00 0 
7f5b02b5f000-7f5b02b62000 ---p 00000000 00:00 0 
7f5b02b62000-7f5b02c60000 rw-p 00000000 00:00 0 
7f5b02c60000-7f5b02c63000 ---p 00000000 00:00 0 
7f5b02c63000-7f5b02d61000 rw-p 00000000 00:00 0 
7f5b02d61000-7f5b02db8000 r-xp 00000000 08:08 2365083                    /usr/lib/x86_64-linux-gnu/libjpeg.so.8.0.2
7f5b02db8000-7f5b02fb8000 ---p 00057000 08:08 2365083                    /usr/lib/x86_64-linux-gnu/libjpeg.so.8.0.2
7f5b02fb8000-7f5b02fb9000 r--p 00057000 08:08 2365083                    /usr/lib/x86_64-linux-gnu/libjpeg.so.8.0.2
7f5b02fb9000-7f5b02fba000 rw-p 00058000 08:08 2365083                    /usr/lib/x86_64-linux-gnu/libjpeg.so.8.0.2
7f5b02fba000-7f5b02fc4000 r-xp 00000000 08:08 3945188                    /usr/lib/jvm/java-8-openjdk-amd64/jre/lib/amd64/libjavajpeg.so
7f5b02fc4000-7f5b031c3000 ---p 0000a000 08:08 3945188                    /usr/lib/jvm/java-8-openjdk-amd64/jre/lib/amd64/libjavajpeg.so
7f5b031c3000-7f5b031c4000 r--p 00009000 08:08 3945188                    /usr/lib/jvm/java-8-openjdk-amd64/jre/lib/amd64/libjavajpeg.so
7f5b031c4000-7f5b031c5000 rw-p 0000a000 08:08 3945188                    /usr/lib/jvm/java-8-openjdk-amd64/jre/lib/amd64/libjavajpeg.so
7f5b031c5000-7f5b031c8000 ---p 00000000 00:00 0 
7f5b031c8000-7f5b032c6000 rw-p 00000000 00:00 0 
7f5b032c6000-7f5b032cb000 r-xp 00000000 08:08 2363442                    /usr/lib/x86_64-linux-gnu/libXfixes.so.3.1.0
7f5b032cb000-7f5b034ca000 ---p 00005000 08:08 2363442                    /usr/lib/x86_64-linux-gnu/libXfixes.so.3.1.0
7f5b034ca000-7f5b034cb000 r--p 00004000 08:08 2363442                    /usr/lib/x86_64-linux-gnu/libXfixes.so.3.1.0
7f5b034cb000-7f5b034cc000 rw-p 00005000 08:08 2363442                    /usr/lib/x86_64-linux-gnu/libXfixes.so.3.1.0
7f5b034cc000-7f5b034d5000 r-xp 00000000 08:08 2367425                    /usr/lib/x86_64-linux-gnu/libXcursor.so.1.0.2
7f5b034d5000-7f5b036d4000 ---p 00009000 08:08 2367425                    /usr/lib/x86_64-linux-gnu/libXcursor.so.1.0.2
7f5b036d4000-7f5b036d5000 r--p 00008000 08:08 2367425                    /usr/lib/x86_64-linux-gnu/libXcursor.so.1.0.2
7f5b036d5000-7f5b036d6000 rw-p 00009000 08:08 2367425                    /usr/lib/x86_64-linux-gnu/libXcursor.so.1.0.2
7f5b036d6000-7f5b036fa000 r-xp 00000000 08:08 6291537                    /lib/x86_64-linux-gnu/libpng12.so.0.54.0
7f5b036fa000-7f5b038f9000 ---p 00024000 08:08 6291537                    /lib/x86_64-linux-gnu/libpng12.so.0.54.0
7f5b038f9000-7f5b038fa000 r--p 00023000 08:08 6291537                    /lib/x86_64-linux-gnu/libpng12.so.0.54.0
7f5b038fa000-7f5b038fb000 rw-p 00024000 08:08 6291537                    /lib/x86_64-linux-gnu/libpng12.so.0.54.0
7f5b038fb000-7f5b0399f000 r-xp 00000000 08:08 2360087                    /usr/lib/x86_64-linux-gnu/libfreetype.so.6.12.1
7f5b0399f000-7f5b03b9e000 ---p 000a4000 08:08 2360087                    /usr/lib/x86_64-linux-gnu/libfreetype.so.6.12.1
7f5b03b9e000-7f5b03ba4000 r--p 000a3000 08:08 2360087                    /usr/lib/x86_64-linux-gnu/libfreetype.so.6.12.1
7f5b03ba4000-7f5b03ba5000 rw-p 000a9000 08:08 2360087                    /usr/lib/x86_64-linux-gnu/libfreetype.so.6.12.1
7f5b03ba5000-7f5b03bf7000 r-xp 00000000 08:08 3941756                    /usr/lib/jvm/java-8-openjdk-amd64/jre/lib/amd64/libfontmanager.so
7f5b03bf7000-7f5b03df7000 ---p 00052000 08:08 3941756                    /usr/lib/jvm/java-8-openjdk-amd64/jre/lib/amd64/libfontmanager.so
7f5b03df7000-7f5b03df9000 r--p 00052000 08:08 3941756                    /usr/lib/jvm/java-8-openjdk-amd64/jre/lib/amd64/libfontmanager.so
7f5b03df9000-7f5b03dfa000 rw-p 00054000 08:08 3941756                    /usr/lib/jvm/java-8-openjdk-amd64/jre/lib/amd64/libfontmanager.so
7f5b03dfa000-7f5b03dff000 r-xp 00000000 08:08 2365923                    /usr/lib/x86_64-linux-gnu/libXdmcp.so.6.0.0
7f5b03dff000-7f5b03ffe000 ---p 00005000 08:08 2365923                    /usr/lib/x86_64-linux-gnu/libXdmcp.so.6.0.0
7f5b03ffe000-7f5b03fff000 r--p 00004000 08:08 2365923                    /usr/lib/x86_64-linux-gnu/libXdmcp.so.6.0.0
7f5b03fff000-7f5b04000000 rw-p 00005000 08:08 2365923                    /usr/lib/x86_64-linux-gnu/libXdmcp.so.6.0.0
7f5b04000000-7f5b042fd000 rw-p 00000000 00:00 0 
7f5b042fd000-7f5b08000000 ---p 00000000 00:00 0 
7f5b08000000-7f5b08021000 rw-p 00000000 00:00 0 
7f5b08021000-7f5b0c000000 ---p 00000000 00:00 0 
7f5b0c000000-7f5b0c253000 rw-p 00000000 00:00 0 
7f5b0c253000-7f5b10000000 ---p 00000000 00:00 0 
7f5b10000000-7f5b103ff000 rw-p 00000000 00:00 0 
7f5b103ff000-7f5b14000000 ---p 00000000 00:00 0 
7f5b14000000-7f5b14021000 rw-p 00000000 00:00 0 
7f5b14021000-7f5b18000000 ---p 00000000 00:00 0 
7f5b18000000-7f5b1843b000 rw-p 00000000 00:00 0 
7f5b1843b000-7f5b1c000000 ---p 00000000 00:00 0 
7f5b1c000000-7f5b1c021000 rw-p 00000000 00:00 0 
7f5b1c021000-7f5b20000000 ---p 00000000 00:00 0 
7f5b20000000-7f5b20021000 rw-p 00000000 00:00 0 
7f5b20021000-7f5b24000000 ---p 00000000 00:00 0 
7f5b24000000-7f5b24021000 rw-p 00000000 00:00 0 
7f5b24021000-7f5b28000000 ---p 00000000 00:00 0 
7f5b280a7000-7f5b280a8000 r--s 00001000 00:2e 5243486                    /home/simon/.m2/repository/org/jogamp/gluegen/gluegen-rt/2.0.2/gluegen-rt-2.0.2-natives-windows-i586.jar
7f5b280a8000-7f5b280a9000 r--s 00001000 00:2e 5243484                    /home/simon/.m2/repository/org/jogamp/gluegen/gluegen-rt/2.0.2/gluegen-rt-2.0.2-natives-windows-amd64.jar
7f5b280a9000-7f5b280aa000 r--s 00000000 00:2e 5243482                    /home/simon/.m2/repository/org/jogamp/gluegen/gluegen-rt/2.0.2/gluegen-rt-2.0.2-natives-solaris-i586.jar
7f5b280aa000-7f5b280ab000 r--s 00000000 00:2e 5243480                    /home/simon/.m2/repository/org/jogamp/gluegen/gluegen-rt/2.0.2/gluegen-rt-2.0.2-natives-solaris-amd64.jar
7f5b280ab000-7f5b280ac000 r--s 00000000 00:2e 5243478                    /home/simon/.m2/repository/org/jogamp/gluegen/gluegen-rt/2.0.2/gluegen-rt-2.0.2-natives-macosx-universal.jar
7f5b280ac000-7f5b280ad000 r--s 00000000 00:2e 5243476                    /home/simon/.m2/repository/org/jogamp/gluegen/gluegen-rt/2.0.2/gluegen-rt-2.0.2-natives-linux-i586.jar
7f5b280ad000-7f5b280ae000 r--s 00000000 00:2e 5243474                    /home/simon/.m2/repository/org/jogamp/gluegen/gluegen-rt/2.0.2/gluegen-rt-2.0.2-natives-linux-armv6hf.jar
7f5b280ae000-7f5b280b1000 ---p 00000000 00:00 0 
7f5b280b1000-7f5b281af000 rw-p 00000000 00:00 0 
7f5b281af000-7f5b281b1000 r-xp 00000000 08:08 2367418                    /usr/lib/x86_64-linux-gnu/libXau.so.6.0.0
7f5b281b1000-7f5b283b1000 ---p 00002000 08:08 2367418                    /usr/lib/x86_64-linux-gnu/libXau.so.6.0.0
7f5b283b1000-7f5b283b2000 r--p 00002000 08:08 2367418                    /usr/lib/x86_64-linux-gnu/libXau.so.6.0.0
7f5b283b2000-7f5b283b3000 rw-p 00003000 08:08 2367418                    /usr/lib/x86_64-linux-gnu/libXau.so.6.0.0
7f5b283b3000-7f5b283d4000 r-xp 00000000 08:08 2370568                    /usr/lib/x86_64-linux-gnu/libxcb.so.1.1.0
7f5b283d4000-7f5b285d3000 ---p 00021000 08:08 2370568                    /usr/lib/x86_64-linux-gnu/libxcb.so.1.1.0
7f5b285d3000-7f5b285d4000 r--p 00020000 08:08 2370568                    /usr/lib/x86_64-linux-gnu/libxcb.so.1.1.0
7f5b285d4000-7f5b285d5000 rw-p 00021000 08:08 2370568                    /usr/lib/x86_64-linux-gnu/libxcb.so.1.1.0
7f5b285d5000-7f5b285e4000 r-xp 00000000 08:08 2365926                    /usr/lib/x86_64-linux-gnu/libXi.so.6.1.0
7f5b285e4000-7f5b287e3000 ---p 0000f000 08:08 2365926                    /usr/lib/x86_64-linux-gnu/libXi.so.6.1.0
7f5b287e3000-7f5b287e4000 r--p 0000e000 08:08 2365926                    /usr/lib/x86_64-linux-gnu/libXi.so.6.1.0
7f5b287e4000-7f5b287e5000 rw-p 0000f000 08:08 2365926                    /usr/lib/x86_64-linux-gnu/libXi.so.6.1.0
7f5b287e5000-7f5b287ea000 r-xp 00000000 08:08 2367459                    /usr/lib/x86_64-linux-gnu/libXtst.so.6.1.0
7f5b287ea000-7f5b289e9000 ---p 00005000 08:08 2367459                    /usr/lib/x86_64-linux-gnu/libXtst.so.6.1.0
7f5b289e9000-7f5b289ea000 r--p 00004000 08:08 2367459                    /usr/lib/x86_64-linux-gnu/libXtst.so.6.1.0
7f5b289ea000-7f5b289eb000 rw-p 00005000 08:08 2367459                    /usr/lib/x86_64-linux-gnu/libXtst.so.6.1.0
7f5b289eb000-7f5b289f4000 r-xp 00000000 08:08 2360412                    /usr/lib/x86_64-linux-gnu/libXrender.so.1.3.0
7f5b289f4000-7f5b28bf3000 ---p 00009000 08:08 2360412                    /usr/lib/x86_64-linux-gnu/libXrender.so.1.3.0
7f5b28bf3000-7f5b28bf4000 r--p 00008000 08:08 2360412                    /usr/lib/x86_64-linux-gnu/libXrender.so.1.3.0
7f5b28bf4000-7f5b28bf5000 rw-p 00009000 08:08 2360412                    /usr/lib/x86_64-linux-gnu/libXrender.so.1.3.0
7f5b28bf5000-7f5b28d2a000 r-xp 00000000 08:08 2370583                    /usr/lib/x86_64-linux-gnu/libX11.so.6.3.0
7f5b28d2a000-7f5b28f2a000 ---p 00135000 08:08 2370583                    /usr/lib/x86_64-linux-gnu/libX11.so.6.3.0
7f5b28f2a000-7f5b28f2b000 r--p 00135000 08:08 2370583                    /usr/lib/x86_64-linux-gnu/libX11.so.6.3.0
7f5b28f2b000-7f5b28f2f000 rw-p 00136000 08:08 2370583                    /usr/lib/x86_64-linux-gnu/libX11.so.6.3.0
7f5b28f2f000-7f5b28f40000 r-xp 00000000 08:08 2364800                    /usr/lib/x86_64-linux-gnu/libXext.so.6.4.0
7f5b28f40000-7f5b2913f000 ---p 00011000 08:08 2364800                    /usr/lib/x86_64-linux-gnu/libXext.so.6.4.0
7f5b2913f000-7f5b29140000 r--p 00010000 08:08 2364800                    /usr/lib/x86_64-linux-gnu/libXext.so.6.4.0
7f5b29140000-7f5b29141000 rw-p 00011000 08:08 2364800                    /usr/lib/x86_64-linux-gnu/libXext.so.6.4.0
7f5b29141000-7f5b29142000 r--s 00000000 00:2e 5243472                    /home/simon/.m2/repository/org/jogamp/gluegen/gluegen-rt/2.0.2/gluegen-rt-2.0.2-natives-linux-armv6.jar
7f5b29142000-7f5b29143000 r--s 00000000 00:2e 5243470                    /home/simon/.m2/repository/org/jogamp/gluegen/gluegen-rt/2.0.2/gluegen-rt-2.0.2-natives-linux-amd64.jar
7f5b29143000-7f5b29144000 r--s 00001000 00:2e 5243468                    /home/simon/.m2/repository/org/jogamp/gluegen/gluegen-rt/2.0.2/gluegen-rt-2.0.2-natives-android-armv6.jar
7f5b29144000-7f5b29149000 r--s 0003a000 00:2e 5243466                    /home/simon/.m2/repository/org/jogamp/gluegen/gluegen-rt/2.0.2/gluegen-rt-2.0.2.jar
7f5b29149000-7f5b2914a000 r--s 00000000 00:2e 5243464                    /home/simon/.m2/repository/org/jogamp/gluegen/gluegen-rt-main/2.0.2/gluegen-rt-main-2.0.2.jar
7f5b2914a000-7f5b2914b000 r--s 00023000 00:2e 5243462                    /home/simon/.m2/repository/org/jogamp/jogl/jogl-all/2.0.2/jogl-all-2.0.2-natives-windows-i586.jar
7f5b2914b000-7f5b2914c000 r--s 0001f000 00:2e 5243460                    /home/simon/.m2/repository/org/jogamp/jogl/jogl-all/2.0.2/jogl-all-2.0.2-natives-windows-amd64.jar
7f5b2914c000-7f5b2916b000 r--s 00408000 00:2e 5243442                    /home/simon/.m2/repository/org/jogamp/jogl/jogl-all/2.0.2/jogl-all-2.0.2.jar
7f5b2916b000-7f5b291bf000 r-xp 00000000 08:08 3945192                    /usr/lib/jvm/java-8-openjdk-amd64/jre/lib/amd64/libawt_xawt.so
7f5b291bf000-7f5b293bf000 ---p 00054000 08:08 3945192                    /usr/lib/jvm/java-8-openjdk-amd64/jre/lib/amd64/libawt_xawt.so
7f5b293bf000-7f5b293c0000 r--p 00054000 08:08 3945192                    /usr/lib/jvm/java-8-openjdk-amd64/jre/lib/amd64/libawt_xawt.so
7f5b293c0000-7f5b293c3000 rw-p 00055000 08:08 3945192                    /usr/lib/jvm/java-8-openjdk-amd64/jre/lib/amd64/libawt_xawt.so
7f5b293c3000-7f5b293c4000 rw-p 00000000 00:00 0 
7f5b293c4000-7f5b29464000 r-xp 00000000 08:08 3941750                    /usr/lib/jvm/java-8-openjdk-amd64/jre/lib/amd64/libawt.so
7f5b29464000-7f5b29664000 ---p 000a0000 08:08 3941750                    /usr/lib/jvm/java-8-openjdk-amd64/jre/lib/amd64/libawt.so
7f5b29664000-7f5b29665000 r--p 000a0000 08:08 3941750                    /usr/lib/jvm/java-8-openjdk-amd64/jre/lib/amd64/libawt.so
7f5b29665000-7f5b29670000 rw-p 000a1000 08:08 3941750                    /usr/lib/jvm/java-8-openjdk-amd64/jre/lib/amd64/libawt.so
7f5b29670000-7f5b29695000 rw-p 00000000 00:00 0 
7f5b29695000-7f5b296b1000 r--s 00393000 08:08 3946089                    /usr/lib/jvm/java-8-openjdk-amd64/jre/lib/ext/cldrdata.jar
7f5b296b1000-7f5b296b2000 ---p 00000000 00:00 0 
7f5b296b2000-7f5b297b2000 rw-p 00000000 00:00 0 
7f5b297b2000-7f5b297b5000 ---p 00000000 00:00 0 
7f5b297b5000-7f5b298b3000 rw-p 00000000 00:00 0 
7f5b298b3000-7f5b298b6000 ---p 00000000 00:00 0 
7f5b298b6000-7f5b299b4000 rw-p 00000000 00:00 0 
7f5b299b4000-7f5b299b7000 ---p 00000000 00:00 0 
7f5b299b7000-7f5b29ab5000 rw-p 00000000 00:00 0 
7f5b29ab5000-7f5b29ab8000 ---p 00000000 00:00 0 
7f5b29ab8000-7f5b29bb6000 rw-p 00000000 00:00 0 
7f5b29bb6000-7f5b29bb9000 ---p 00000000 00:00 0 
7f5b29bb9000-7f5b29cb7000 rw-p 00000000 00:00 0 
7f5b29cb7000-7f5b29cba000 ---p 00000000 00:00 0 
7f5b29cba000-7f5b29db8000 rw-p 00000000 00:00 0 
7f5b29db8000-7f5b2a0de000 r--p 00000000 08:08 2359486                    /usr/lib/locale/locale-archive
7f5b2a0de000-7f5b2a0e1000 ---p 00000000 00:00 0 
7f5b2a0e1000-7f5b2a1df000 rw-p 00000000 00:00 0 
7f5b2a1df000-7f5b2a1e2000 ---p 00000000 00:00 0 
7f5b2a1e2000-7f5b2a2e0000 rw-p 00000000 00:00 0 
7f5b2a2e0000-7f5b2a2e1000 ---p 00000000 00:00 0 
7f5b2a2e1000-7f5b30000000 rw-p 00000000 00:00 0 
7f5b30000000-7f5b30021000 rw-p 00000000 00:00 0 
7f5b30021000-7f5b34000000 ---p 00000000 00:00 0 
7f5b34000000-7f5b34021000 rw-p 00000000 00:00 0 
7f5b34021000-7f5b38000000 ---p 00000000 00:00 0 
7f5b38000000-7f5b38021000 rw-p 00000000 00:00 0 
7f5b38021000-7f5b3c000000 ---p 00000000 00:00 0 
7f5b3c000000-7f5b3c021000 rw-p 00000000 00:00 0 
7f5b3c021000-7f5b40000000 ---p 00000000 00:00 0 
7f5b40000000-7f5b40021000 rw-p 00000000 00:00 0 
7f5b40021000-7f5b44000000 ---p 00000000 00:00 0 
7f5b44000000-7f5b44021000 rw-p 00000000 00:00 0 
7f5b44021000-7f5b48000000 ---p 00000000 00:00 0 
7f5b48000000-7f5b48021000 rw-p 00000000 00:00 0 
7f5b48021000-7f5b4c000000 ---p 00000000 00:00 0 
7f5b4c000000-7f5b4c021000 rw-p 00000000 00:00 0 
7f5b4c021000-7f5b50000000 ---p 00000000 00:00 0 
7f5b50000000-7f5b5001b000 r--s 001d7000 08:08 3945970                    /usr/lib/jvm/java-8-openjdk-amd64/jre/lib/ext/nashorn.jar
7f5b5001b000-7f5b5046c000 rw-p 00000000 00:00 0 
7f5b5046c000-7f5b5063a000 r--s 03beb000 08:08 3945930                    /usr/lib/jvm/java-8-openjdk-amd64/jre/lib/rt.jar
7f5b5063a000-7f5b509fa000 rw-p 00000000 00:00 0 
7f5b509fa000-7f5b509fb000 ---p 00000000 00:00 0 
7f5b509fb000-7f5b50afb000 rw-p 00000000 00:00 0 
7f5b50afb000-7f5b50afc000 ---p 00000000 00:00 0 
7f5b50afc000-7f5b50bfc000 rw-p 00000000 00:00 0 
7f5b50bfc000-7f5b50bfd000 ---p 00000000 00:00 0 
7f5b50bfd000-7f5b50cfd000 rw-p 00000000 00:00 0 
7f5b50cfd000-7f5b50cfe000 ---p 00000000 00:00 0 
7f5b50cfe000-7f5b50dfe000 rw-p 00000000 00:00 0 
7f5b50dfe000-7f5b50dff000 ---p 00000000 00:00 0 
7f5b50dff000-7f5b50eff000 rw-p 00000000 00:00 0 
7f5b50eff000-7f5b50f00000 ---p 00000000 00:00 0 
7f5b50f00000-7f5b51000000 rw-p 00000000 00:00 0 
7f5b51000000-7f5b512d0000 rwxp 00000000 00:00 0 
7f5b512d0000-7f5b60000000 ---p 00000000 00:00 0 
7f5b60000000-7f5b60497000 rw-p 00000000 00:00 0 
7f5b60497000-7f5b64000000 ---p 00000000 00:00 0 
7f5b64000000-7f5b64001000 r--s 0001c000 00:2e 5243458                    /home/simon/.m2/repository/org/jogamp/jogl/jogl-all/2.0.2/jogl-all-2.0.2-natives-solaris-i586.jar
7f5b64001000-7f5b64002000 r--s 00027000 00:2e 5243456                    /home/simon/.m2/repository/org/jogamp/jogl/jogl-all/2.0.2/jogl-all-2.0.2-natives-solaris-amd64.jar
7f5b64002000-7f5b64004000 r--s 00059000 00:2e 5243454                    /home/simon/.m2/repository/org/jogamp/jogl/jogl-all/2.0.2/jogl-all-2.0.2-natives-macosx-universal.jar
7f5b64004000-7f5b64005000 r--s 0002a000 00:2e 5243452                    /home/simon/.m2/repository/org/jogamp/jogl/jogl-all/2.0.2/jogl-all-2.0.2-natives-linux-i586.jar
7f5b64005000-7f5b64018000 r--s 00345000 08:08 3945258                    /usr/lib/jvm/java-8-openjdk-amd64/jre/lib/resources.jar
7f5b64018000-7f5b6408e000 rw-p 00000000 00:00 0 
7f5b6408e000-7f5b6408f000 ---p 00000000 00:00 0 
7f5b6408f000-7f5b6418f000 rw-p 00000000 00:00 0 
7f5b6418f000-7f5b64190000 ---p 00000000 00:00 0 
7f5b64190000-7f5b642b8000 rw-p 00000000 00:00 0 
7f5b642b8000-7f5b64510000 ---p 00000000 00:00 0 
7f5b64510000-7f5b64538000 rw-p 00000000 00:00 0 
7f5b64538000-7f5b64790000 ---p 00000000 00:00 0 
7f5b64790000-7f5b64819000 rw-p 00000000 00:00 0 
7f5b64819000-7f5b648d0000 ---p 00000000 00:00 0 
7f5b648d0000-7f5b648dd000 rw-p 00000000 00:00 0 
7f5b648dd000-7f5b64c91000 ---p 00000000 00:00 0 
7f5b64c91000-7f5b64c99000 r-xp 00000000 08:08 3941773                    /usr/lib/jvm/java-8-openjdk-amd64/jre/lib/amd64/libzip.so
7f5b64c99000-7f5b64e98000 ---p 00008000 08:08 3941773                    /usr/lib/jvm/java-8-openjdk-amd64/jre/lib/amd64/libzip.so
7f5b64e98000-7f5b64e99000 r--p 00007000 08:08 3941773                    /usr/lib/jvm/java-8-openjdk-amd64/jre/lib/amd64/libzip.so
7f5b64e99000-7f5b64e9a000 rw-p 00008000 08:08 3941773                    /usr/lib/jvm/java-8-openjdk-amd64/jre/lib/amd64/libzip.so
7f5b64e9a000-7f5b64ea5000 r-xp 00000000 08:08 6291930                    /lib/x86_64-linux-gnu/libnss_files-2.23.so
7f5b64ea5000-7f5b650a4000 ---p 0000b000 08:08 6291930                    /lib/x86_64-linux-gnu/libnss_files-2.23.so
7f5b650a4000-7f5b650a5000 r--p 0000a000 08:08 6291930                    /lib/x86_64-linux-gnu/libnss_files-2.23.so
7f5b650a5000-7f5b650a6000 rw-p 0000b000 08:08 6291930                    /lib/x86_64-linux-gnu/libnss_files-2.23.so
7f5b650a6000-7f5b650ac000 rw-p 00000000 00:00 0 
7f5b650ac000-7f5b650b7000 r-xp 00000000 08:08 6291924                    /lib/x86_64-linux-gnu/libnss_nis-2.23.so
7f5b650b7000-7f5b652b6000 ---p 0000b000 08:08 6291924                    /lib/x86_64-linux-gnu/libnss_nis-2.23.so
7f5b652b6000-7f5b652b7000 r--p 0000a000 08:08 6291924                    /lib/x86_64-linux-gnu/libnss_nis-2.23.so
7f5b652b7000-7f5b652b8000 rw-p 0000b000 08:08 6291924                    /lib/x86_64-linux-gnu/libnss_nis-2.23.so
7f5b652b8000-7f5b652ce000 r-xp 00000000 08:08 6291920                    /lib/x86_64-linux-gnu/libnsl-2.23.so
7f5b652ce000-7f5b654cd000 ---p 00016000 08:08 6291920                    /lib/x86_64-linux-gnu/libnsl-2.23.so
7f5b654cd000-7f5b654ce000 r--p 00015000 08:08 6291920                    /lib/x86_64-linux-gnu/libnsl-2.23.so
7f5b654ce000-7f5b654cf000 rw-p 00016000 08:08 6291920                    /lib/x86_64-linux-gnu/libnsl-2.23.so
7f5b654cf000-7f5b654d1000 rw-p 00000000 00:00 0 
7f5b654d1000-7f5b654d9000 r-xp 00000000 08:08 6291916                    /lib/x86_64-linux-gnu/libnss_compat-2.23.so
7f5b654d9000-7f5b656d8000 ---p 00008000 08:08 6291916                    /lib/x86_64-linux-gnu/libnss_compat-2.23.so
7f5b656d8000-7f5b656d9000 r--p 00007000 08:08 6291916                    /lib/x86_64-linux-gnu/libnss_compat-2.23.so
7f5b656d9000-7f5b656da000 rw-p 00008000 08:08 6291916                    /lib/x86_64-linux-gnu/libnss_compat-2.23.so
7f5b656da000-7f5b65707000 r-xp 00000000 08:08 3941293                    /usr/lib/jvm/java-8-openjdk-amd64/jre/lib/amd64/libjava.so
7f5b65707000-7f5b65906000 ---p 0002d000 08:08 3941293                    /usr/lib/jvm/java-8-openjdk-amd64/jre/lib/amd64/libjava.so
7f5b65906000-7f5b65907000 r--p 0002c000 08:08 3941293                    /usr/lib/jvm/java-8-openjdk-amd64/jre/lib/amd64/libjava.so
7f5b65907000-7f5b65909000 rw-p 0002d000 08:08 3941293                    /usr/lib/jvm/java-8-openjdk-amd64/jre/lib/amd64/libjava.so
7f5b65909000-7f5b65918000 r-xp 00000000 08:08 3941294                    /usr/lib/jvm/java-8-openjdk-amd64/jre/lib/amd64/libverify.so
7f5b65918000-7f5b65b17000 ---p 0000f000 08:08 3941294                    /usr/lib/jvm/java-8-openjdk-amd64/jre/lib/amd64/libverify.so
7f5b65b17000-7f5b65b19000 r--p 0000e000 08:08 3941294                    /usr/lib/jvm/java-8-openjdk-amd64/jre/lib/amd64/libverify.so
7f5b65b19000-7f5b65b1a000 rw-p 00010000 08:08 3941294                    /usr/lib/jvm/java-8-openjdk-amd64/jre/lib/amd64/libverify.so
7f5b65b1a000-7f5b65b21000 r-xp 00000000 08:08 6291950                    /lib/x86_64-linux-gnu/librt-2.23.so
7f5b65b21000-7f5b65d20000 ---p 00007000 08:08 6291950                    /lib/x86_64-linux-gnu/librt-2.23.so
7f5b65d20000-7f5b65d21000 r--p 00006000 08:08 6291950                    /lib/x86_64-linux-gnu/librt-2.23.so
7f5b65d21000-7f5b65d22000 rw-p 00007000 08:08 6291950                    /lib/x86_64-linux-gnu/librt-2.23.so
7f5b65d22000-7f5b65d38000 r-xp 00000000 08:08 6292349                    /lib/x86_64-linux-gnu/libgcc_s.so.1
7f5b65d38000-7f5b65f37000 ---p 00016000 08:08 6292349                    /lib/x86_64-linux-gnu/libgcc_s.so.1
7f5b65f37000-7f5b65f38000 rw-p 00015000 08:08 6292349                    /lib/x86_64-linux-gnu/libgcc_s.so.1
7f5b65f38000-7f5b66040000 r-xp 00000000 08:08 6291944                    /lib/x86_64-linux-gnu/libm-2.23.so
7f5b66040000-7f5b6623f000 ---p 00108000 08:08 6291944                    /lib/x86_64-linux-gnu/libm-2.23.so
7f5b6623f000-7f5b66240000 r--p 00107000 08:08 6291944                    /lib/x86_64-linux-gnu/libm-2.23.so
7f5b66240000-7f5b66241000 rw-p 00108000 08:08 6291944                    /lib/x86_64-linux-gnu/libm-2.23.so
7f5b66241000-7f5b663b3000 r-xp 00000000 08:08 2360049                    /usr/lib/x86_64-linux-gnu/libstdc++.so.6.0.21
7f5b663b3000-7f5b665b3000 ---p 00172000 08:08 2360049                    /usr/lib/x86_64-linux-gnu/libstdc++.so.6.0.21
7f5b665b3000-7f5b665bd000 r--p 00172000 08:08 2360049                    /usr/lib/x86_64-linux-gnu/libstdc++.so.6.0.21
7f5b665bd000-7f5b665bf000 rw-p 0017c000 08:08 2360049                    /usr/lib/x86_64-linux-gnu/libstdc++.so.6.0.21
7f5b665bf000-7f5b665c3000 rw-p 00000000 00:00 0 
7f5b665c3000-7f5b67209000 r-xp 00000000 08:08 3941769                    /usr/lib/jvm/java-8-openjdk-amd64/jre/lib/amd64/server/libjvm.so
7f5b67209000-7f5b67409000 ---p 00c46000 08:08 3941769                    /usr/lib/jvm/java-8-openjdk-amd64/jre/lib/amd64/server/libjvm.so
7f5b67409000-7f5b6749c000 r--p 00c46000 08:08 3941769                    /usr/lib/jvm/java-8-openjdk-amd64/jre/lib/amd64/server/libjvm.so
7f5b6749c000-7f5b674c4000 rw-p 00cd9000 08:08 3941769                    /usr/lib/jvm/java-8-openjdk-amd64/jre/lib/amd64/server/libjvm.so
7f5b674c4000-7f5b674f4000 rw-p 00000000 00:00 0 
7f5b674f4000-7f5b6750c000 r-xp 00000000 08:08 6291957                    /lib/x86_64-linux-gnu/libpthread-2.23.so
7f5b6750c000-7f5b6770b000 ---p 00018000 08:08 6291957                    /lib/x86_64-linux-gnu/libpthread-2.23.so
7f5b6770b000-7f5b6770c000 r--p 00017000 08:08 6291957                    /lib/x86_64-linux-gnu/libpthread-2.23.so
7f5b6770c000-7f5b6770d000 rw-p 00018000 08:08 6291957                    /lib/x86_64-linux-gnu/libpthread-2.23.so
7f5b6770d000-7f5b67711000 rw-p 00000000 00:00 0 
7f5b67711000-7f5b67714000 r-xp 00000000 08:08 6291959                    /lib/x86_64-linux-gnu/libdl-2.23.so
7f5b67714000-7f5b67913000 ---p 00003000 08:08 6291959                    /lib/x86_64-linux-gnu/libdl-2.23.so
7f5b67913000-7f5b67914000 r--p 00002000 08:08 6291959                    /lib/x86_64-linux-gnu/libdl-2.23.so
7f5b67914000-7f5b67915000 rw-p 00003000 08:08 6291959                    /lib/x86_64-linux-gnu/libdl-2.23.so
7f5b67915000-7f5b6792e000 r-xp 00000000 08:08 6291533                    /lib/x86_64-linux-gnu/libz.so.1.2.8
7f5b6792e000-7f5b67b2d000 ---p 00019000 08:08 6291533                    /lib/x86_64-linux-gnu/libz.so.1.2.8
7f5b67b2d000-7f5b67b2e000 r--p 00018000 08:08 6291533                    /lib/x86_64-linux-gnu/libz.so.1.2.8
7f5b67b2e000-7f5b67b2f000 rw-p 00019000 08:08 6291533                    /lib/x86_64-linux-gnu/libz.so.1.2.8
7f5b67b2f000-7f5b67cee000 r-xp 00000000 08:08 6291958                    /lib/x86_64-linux-gnu/libc-2.23.so
7f5b67cee000-7f5b67eee000 ---p 001bf000 08:08 6291958                    /lib/x86_64-linux-gnu/libc-2.23.so
7f5b67eee000-7f5b67ef2000 r--p 001bf000 08:08 6291958                    /lib/x86_64-linux-gnu/libc-2.23.so
7f5b67ef2000-7f5b67ef4000 rw-p 001c3000 08:08 6291958                    /lib/x86_64-linux-gnu/libc-2.23.so
7f5b67ef4000-7f5b67ef8000 rw-p 00000000 00:00 0 
7f5b67ef8000-7f5b67f05000 r-xp 00000000 08:08 3945183                    /usr/lib/jvm/java-8-openjdk-amd64/jre/lib/amd64/jli/libjli.so
7f5b67f05000-7f5b68105000 ---p 0000d000 08:08 3945183                    /usr/lib/jvm/java-8-openjdk-amd64/jre/lib/amd64/jli/libjli.so
7f5b68105000-7f5b68106000 r--p 0000d000 08:08 3945183                    /usr/lib/jvm/java-8-openjdk-amd64/jre/lib/amd64/jli/libjli.so
7f5b68106000-7f5b68107000 rw-p 0000e000 08:08 3945183                    /usr/lib/jvm/java-8-openjdk-amd64/jre/lib/amd64/jli/libjli.so
7f5b68107000-7f5b6812d000 r-xp 00000000 08:08 6291952                    /lib/x86_64-linux-gnu/ld-2.23.so
7f5b6812d000-7f5b6812f000 r--s 0001b000 00:2e 5243450                    /home/simon/.m2/repository/org/jogamp/jogl/jogl-all/2.0.2/jogl-all-2.0.2-natives-linux-armv6hf.jar
7f5b6812f000-7f5b68130000 r--s 0001b000 00:2e 5243448                    /home/simon/.m2/repository/org/jogamp/jogl/jogl-all/2.0.2/jogl-all-2.0.2-natives-linux-armv6.jar
7f5b68130000-7f5b681fa000 rw-p 00000000 00:00 0 
7f5b681fa000-7f5b681fd000 ---p 00000000 00:00 0 
7f5b681fd000-7f5b68300000 rw-p 00000000 00:00 0 
7f5b68300000-7f5b68301000 r--s 0002a000 00:2e 5243446                    /home/simon/.m2/repository/org/jogamp/jogl/jogl-all/2.0.2/jogl-all-2.0.2-natives-linux-amd64.jar
7f5b68301000-7f5b68302000 r--s 00009000 00:2e 5243444                    /home/simon/.m2/repository/org/jogamp/jogl/jogl-all/2.0.2/jogl-all-2.0.2-natives-android-armv6.jar
7f5b68302000-7f5b68303000 r--s 00000000 00:2e 5243440                    /home/simon/.m2/repository/org/jogamp/jogl/jogl-all-main/2.0.2/jogl-all-main-2.0.2.jar
7f5b68303000-7f5b68305000 r--s 00045000 00:2e 5243438                    /home/simon/.m2/repository/java3d/vecmath/1.3.1/vecmath-1.3.1.jar
7f5b68305000-7f5b68307000 r--s 00001000 08:08 3946082                    /usr/lib/jvm/java-8-openjdk-amd64/jre/lib/ext/dnsns.jar
7f5b68307000-7f5b68308000 r--s 0000a000 08:08 3946095                    /usr/lib/jvm/java-8-openjdk-amd64/jre/lib/ext/jaccess.jar
7f5b68308000-7f5b68309000 r--s 00010000 08:08 3946097                    /usr/lib/jvm/java-8-openjdk-amd64/jre/lib/ext/zipfs.jar
7f5b68309000-7f5b68313000 r--s 00116000 08:08 3968043                    /usr/lib/jvm/java-8-openjdk-amd64/jre/lib/ext/localedata.jar
7f5b68313000-7f5b68314000 r--s 00008000 08:08 3946093                    /usr/lib/jvm/java-8-openjdk-amd64/jre/lib/ext/sunec.jar
7f5b68314000-7f5b68319000 r--s 0003b000 08:08 3946099                    /usr/lib/jvm/java-8-openjdk-amd64/jre/lib/ext/sunjce_provider.jar
7f5b68319000-7f5b6831c000 r--s 0000f000 08:08 3946103                    /usr/lib/jvm/java-8-openjdk-amd64/jre/lib/ext/icedtea-sound.jar
7f5b6831c000-7f5b68320000 r--s 00037000 08:08 3968045                    /usr/lib/jvm/java-8-openjdk-amd64/jre/lib/ext/sunpkcs11.jar
7f5b68320000-7f5b68328000 rw-s 00000000 08:08 5244111                    /tmp/hsperfdata_simon/12633
7f5b68328000-7f5b68329000 rw-p 00000000 00:00 0 
7f5b68329000-7f5b6832a000 ---p 00000000 00:00 0 
7f5b6832a000-7f5b6832c000 rw-p 00000000 00:00 0 
7f5b6832c000-7f5b6832d000 r--p 00025000 08:08 6291952                    /lib/x86_64-linux-gnu/ld-2.23.so
7f5b6832d000-7f5b6832e000 rw-p 00026000 08:08 6291952                    /lib/x86_64-linux-gnu/ld-2.23.so
7f5b6832e000-7f5b6832f000 rw-p 00000000 00:00 0 
7ffd50941000-7ffd50963000 rw-p 00000000 00:00 0                          [stack]
7ffd509ce000-7ffd509d0000 r--p 00000000 00:00 0                          [vvar]
7ffd509d0000-7ffd509d2000 r-xp 00000000 00:00 0                          [vdso]
ffffffffff600000-ffffffffff601000 r-xp 00000000 00:00 0                  [vsyscall]

VM Arguments:
jvm_args: -Dfile.encoding=UTF-8 
java_command: assignment3.RasterizerScene
java_class_path (initial): /home/simon/Documents/Computer-Graphics-HS16/simple/target/classes:/home/simon/Documents/Computer-Graphics-HS16/jrtr/target/classes:/home/simon/.m2/repository/java3d/vecmath/1.3.1/vecmath-1.3.1.jar:/home/simon/.m2/repository/org/jogamp/jogl/jogl-all-main/2.0.2/jogl-all-main-2.0.2.jar:/home/simon/.m2/repository/org/jogamp/jogl/jogl-all/2.0.2/jogl-all-2.0.2.jar:/home/simon/.m2/repository/org/jogamp/jogl/jogl-all/2.0.2/jogl-all-2.0.2-natives-android-armv6.jar:/home/simon/.m2/repository/org/jogamp/jogl/jogl-all/2.0.2/jogl-all-2.0.2-natives-linux-amd64.jar:/home/simon/.m2/repository/org/jogamp/jogl/jogl-all/2.0.2/jogl-all-2.0.2-natives-linux-armv6.jar:/home/simon/.m2/repository/org/jogamp/jogl/jogl-all/2.0.2/jogl-all-2.0.2-natives-linux-armv6hf.jar:/home/simon/.m2/repository/org/jogamp/jogl/jogl-all/2.0.2/jogl-all-2.0.2-natives-linux-i586.jar:/home/simon/.m2/repository/org/jogamp/jogl/jogl-all/2.0.2/jogl-all-2.0.2-natives-macosx-universal.jar:/home/simon/.m2/repository/org/jogamp/jogl/jogl-all/2.0.2/jogl-all-2.0.2-natives-solaris-amd64.jar:/home/simon/.m2/repository/org/jogamp/jogl/jogl-all/2.0.2/jogl-all-2.0.2-natives-solaris-i586.jar:/home/simon/.m2/repository/org/jogamp/jogl/jogl-all/2.0.2/jogl-all-2.0.2-natives-windows-amd64.jar:/home/simon/.m2/repository/org/jogamp/jogl/jogl-all/2.0.2/jogl-all-2.0.2-natives-windows-i586.jar:/home/simon/.m2/repository/org/jogamp/gluegen/gluegen-rt-main/2.0.2/gluegen-rt-main-2.0.2.jar:/home/simon/.m2/repository/org/jogamp/gluegen/gluegen-rt/2.0.2/gluegen-rt-2.0.2.jar:/home/simon/.m2/repository/org/jogamp/gluegen/gluegen-rt/2.0.2/gluegen-rt-2.0.2-natives-android-armv6.jar:/home/simon/.m2/repository/org/jogamp/gluegen/gluegen-rt/2.0.2/gluegen-rt-2.0.2-natives-linux-amd64.jar:/home/simon/.m2/repository/org/jogamp/gluegen/gluegen-rt/2.0.2/gluegen-rt-2.0.2-natives-linux-armv6.jar:/home/simon/.m2/repository/org/jogamp/gluegen/gluegen-rt/2.0.2/gluegen-rt-2.0.2-natives-linux-armv6hf.jar:/home/simon/.m2/repository/
Launcher Type: SUN_STANDARD

Environment Variables:
PATH=/usr/local/sbin:/usr/local/bin:/usr/sbin:/usr/bin:/sbin:/bin:/usr/games:/usr/local/games:/opt/apache-maven-3.3.3/bin:/snap/bin:/home/simon/.rvm/bin
SHELL=/bin/bash
DISPLAY=:0

Signal Handlers:
SIGSEGV: [libjvm.so+0xa5e970], sa_mask[0]=11111111011111111101111111111110, sa_flags=SA_RESTART|SA_SIGINFO
SIGBUS: [libjvm.so+0xa5e970], sa_mask[0]=11111111011111111101111111111110, sa_flags=SA_RESTART|SA_SIGINFO
SIGFPE: [libjvm.so+0x8a9ff0], sa_mask[0]=11111111011111111101111111111110, sa_flags=SA_RESTART|SA_SIGINFO
SIGPIPE: [libjvm.so+0x8a9ff0], sa_mask[0]=11111111011111111101111111111110, sa_flags=SA_RESTART|SA_SIGINFO
SIGXFSZ: [libjvm.so+0x8a9ff0], sa_mask[0]=11111111011111111101111111111110, sa_flags=SA_RESTART|SA_SIGINFO
SIGILL: [libjvm.so+0x8a9ff0], sa_mask[0]=11111111011111111101111111111110, sa_flags=SA_RESTART|SA_SIGINFO
SIGUSR1: SIG_DFL, sa_mask[0]=00000000000000000000000000000000, sa_flags=none
SIGUSR2: [libjvm.so+0x8a9ea0], sa_mask[0]=00100000000000000000000000000000, sa_flags=SA_RESTART|SA_SIGINFO
SIGHUP: [libjvm.so+0x8aa370], sa_mask[0]=11111111011111111101111111111110, sa_flags=SA_RESTART|SA_SIGINFO
SIGINT: [libjvm.so+0x8aa370], sa_mask[0]=11111111011111111101111111111110, sa_flags=SA_RESTART|SA_SIGINFO
SIGTERM: [libjvm.so+0x8aa370], sa_mask[0]=11111111011111111101111111111110, sa_flags=SA_RESTART|SA_SIGINFO
SIGQUIT: [libjvm.so+0x8aa370], sa_mask[0]=11111111011111111101111111111110, sa_flags=SA_RESTART|SA_SIGINFO


---------------  S Y S T E M  ---------------

OS:DISTRIB_ID=Ubuntu
DISTRIB_RELEASE=16.04
DISTRIB_CODENAME=xenial
DISTRIB_DESCRIPTION="Ubuntu 16.04.1 LTS"

uname:Linux 4.4.0-45-generic #66-Ubuntu SMP Wed Oct 19 14:12:37 UTC 2016 x86_64
libc:glibc 2.23 NPTL 2.23 
rlimit: STACK 8192k, CORE 0k, NPROC 30542, NOFILE 65536, AS infinity
load average:0.82 0.63 0.55

/proc/meminfo:
MemTotal:        7859440 kB
MemFree:          151732 kB
MemAvailable:     120228 kB
Buffers:           21524 kB
Cached:          1198772 kB
SwapCached:            0 kB
Active:          6469428 kB
Inactive:         998444 kB
Active(anon):    6384616 kB
Inactive(anon):   920312 kB
Active(file):      84812 kB
Inactive(file):    78132 kB
Unevictable:          64 kB
Mlocked:              64 kB
SwapTotal:             0 kB
SwapFree:              0 kB
Dirty:               732 kB
Writeback:             0 kB
AnonPages:       6245088 kB
Mapped:           765752 kB
Shmem:           1060000 kB
Slab:             105504 kB
SReclaimable:      47920 kB
SUnreclaim:        57584 kB
KernelStack:       23040 kB
PageTables:        60552 kB
NFS_Unstable:          0 kB
Bounce:                0 kB
WritebackTmp:          0 kB
CommitLimit:     3929720 kB
Committed_AS:   16219076 kB
VmallocTotal:   34359738367 kB
VmallocUsed:           0 kB
VmallocChunk:          0 kB
HardwareCorrupted:     0 kB
AnonHugePages:   2848768 kB
CmaTotal:              0 kB
CmaFree:               0 kB
HugePages_Total:       0
HugePages_Free:        0
HugePages_Rsvd:        0
HugePages_Surp:        0
Hugepagesize:       2048 kB
DirectMap4k:      112784 kB
DirectMap2M:     2713600 kB
DirectMap1G:     5242880 kB


CPU:total 8 (4 cores per cpu, 2 threads per core) family 6 model 60 stepping 3, cmov, cx8, fxsr, mmx, sse, sse2, sse3, ssse3, sse4.1, sse4.2, popcnt, avx, avx2, aes, clmul, erms, lzcnt, ht, tsc, tscinvbit, bmi1, bmi2

/proc/cpuinfo:
processor	: 0
vendor_id	: GenuineIntel
cpu family	: 6
model		: 60
model name	: Intel(R) Core(TM) i7-4710MQ CPU @ 2.50GHz
stepping	: 3
microcode	: 0x19
cpu MHz		: 3300.000
cache size	: 6144 KB
physical id	: 0
siblings	: 8
core id		: 0
cpu cores	: 4
apicid		: 0
initial apicid	: 0
fpu		: yes
fpu_exception	: yes
cpuid level	: 13
wp		: yes
flags		: fpu vme de pse tsc msr pae mce cx8 apic sep mtrr pge mca cmov pat pse36 clflush dts acpi mmx fxsr sse sse2 ss ht tm pbe syscall nx pdpe1gb rdtscp lm constant_tsc arch_perfmon pebs bts rep_good nopl xtopology nonstop_tsc aperfmperf eagerfpu pni pclmulqdq dtes64 monitor ds_cpl vmx est tm2 ssse3 sdbg fma cx16 xtpr pdcm pcid sse4_1 sse4_2 movbe popcnt tsc_deadline_timer aes xsave avx f16c rdrand lahf_lm abm epb tpr_shadow vnmi flexpriority ept vpid fsgsbase tsc_adjust bmi1 avx2 smep bmi2 erms invpcid xsaveopt dtherm ida arat pln pts
bugs		:
bogomips	: 4988.44
clflush size	: 64
cache_alignment	: 64
address sizes	: 39 bits physical, 48 bits virtual
power management:

processor	: 1
vendor_id	: GenuineIntel
cpu family	: 6
model		: 60
model name	: Intel(R) Core(TM) i7-4710MQ CPU @ 2.50GHz
stepping	: 3
microcode	: 0x19
cpu MHz		: 3300.000
cache size	: 6144 KB
physical id	: 0
siblings	: 8
core id		: 0
cpu cores	: 4
apicid		: 1
initial apicid	: 1
fpu		: yes
fpu_exception	: yes
cpuid level	: 13
wp		: yes
flags		: fpu vme de pse tsc msr pae mce cx8 apic sep mtrr pge mca cmov pat pse36 clflush dts acpi mmx fxsr sse sse2 ss ht tm pbe syscall nx pdpe1gb rdtscp lm constant_tsc arch_perfmon pebs bts rep_good nopl xtopology nonstop_tsc aperfmperf eagerfpu pni pclmulqdq dtes64 monitor ds_cpl vmx est tm2 ssse3 sdbg fma cx16 xtpr pdcm pcid sse4_1 sse4_2 movbe popcnt tsc_deadline_timer aes xsave avx f16c rdrand lahf_lm abm epb tpr_shadow vnmi flexpriority ept vpid fsgsbase tsc_adjust bmi1 avx2 smep bmi2 erms invpcid xsaveopt dtherm ida arat pln pts
bugs		:
bogomips	: 4988.44
clflush size	: 64
cache_alignment	: 64
address sizes	: 39 bits physical, 48 bits virtual
power management:

processor	: 2
vendor_id	: GenuineIntel
cpu family	: 6
model		: 60
model name	: Intel(R) Core(TM) i7-4710MQ CPU @ 2.50GHz
stepping	: 3
microcode	: 0x19
cpu MHz		: 3300.000
cache size	: 6144 KB
physical id	: 0
siblings	: 8
core id		: 1
cpu cores	: 4
apicid		: 2
initial apicid	: 2
fpu		: yes
fpu_exception	: yes
cpuid level	: 13
wp		: yes
flags		: fpu vme de pse tsc msr pae mce cx8 apic sep mtrr pge mca cmov pat pse36 clflush dts acpi mmx fxsr sse sse2 ss ht tm pbe syscall nx pdpe1gb rdtscp lm constant_tsc arch_perfmon pebs bts rep_good nopl xtopology nonstop_tsc aperfmperf eagerfpu pni pclmulqdq dtes64 monitor ds_cpl vmx est tm2 ssse3 sdbg fma cx16 xtpr pdcm pcid sse4_1 sse4_2 movbe popcnt tsc_deadline_timer aes xsave avx f16c rdrand lahf_lm abm epb tpr_shadow vnmi flexpriority ept vpid fsgsbase tsc_adjust bmi1 avx2 smep bmi2 erms invpcid xsaveopt dtherm ida arat pln pts
bugs		:
bogomips	: 4988.44
clflush size	: 64
cache_alignment	: 64
address sizes	: 39 bits physical, 48 bits virtual
power management:

processor	: 3
vendor_id	: GenuineIntel
cpu family	: 6
model		: 60
model name	: Intel(R) Core(TM) i7-4710MQ CPU @ 2.50GHz
stepping	: 3
microcode	: 0x19
cpu MHz		: 3299.902
cache size	: 6144 KB
physical id	: 0
siblings	: 8
core id		: 1
cpu cores	: 4
apicid		: 3
initial apicid	: 3
fpu		: yes
fpu_exception	: yes
cpuid level	: 13
wp		: yes
flags		: fpu vme de pse tsc msr pae mce cx8 apic sep mtrr pge mca cmov pat pse36 clflush dts acpi mmx fxsr sse sse2 ss ht tm pbe syscall nx pdpe1gb rdtscp lm constant_tsc arch_perfmon pebs bts rep_good nopl xtopology nonstop_tsc aperfmperf eagerfpu pni pclmulqdq dtes64 monitor ds_cpl vmx est tm2 ssse3 sdbg fma cx16 xtpr pdcm pcid sse4_1 sse4_2 movbe popcnt tsc_deadline_timer aes xsave avx f16c rdrand lahf_lm abm epb tpr_shadow vnmi flexpriority ept vpid fsgsbase tsc_adjust bmi1 avx2 smep bmi2 erms invpcid xsaveopt dtherm ida arat pln pts
bugs		:
bogomips	: 4988.44
clflush size	: 64
cache_alignment	: 64
address sizes	: 39 bits physical, 48 bits virtual
power management:

processor	: 4
vendor_id	: GenuineIntel
cpu family	: 6
model		: 60
model name	: Intel(R) Core(TM) i7-4710MQ CPU @ 2.50GHz
stepping	: 3
microcode	: 0x19
cpu MHz		: 3300.000
cache size	: 6144 KB
physical id	: 0
siblings	: 8
core id		: 2
cpu cores	: 4
apicid		: 4
initial apicid	: 4
fpu		: yes
fpu_exception	: yes
cpuid level	: 13
wp		: yes
flags		: fpu vme de pse tsc msr pae mce cx8 apic sep mtrr pge mca cmov pat pse36 clflush dts acpi mmx fxsr sse sse2 ss ht tm pbe syscall nx pdpe1gb rdtscp lm constant_tsc arch_perfmon pebs bts rep_good nopl xtopology nonstop_tsc aperfmperf eagerfpu pni pclmulqdq dtes64 monitor ds_cpl vmx est tm2 ssse3 sdbg fma cx16 xtpr pdcm pcid sse4_1 sse4_2 movbe popcnt tsc_deadline_timer aes xsave avx f16c rdrand lahf_lm abm epb tpr_shadow vnmi flexpriority ept vpid fsgsbase tsc_adjust bmi1 avx2 smep bmi2 erms invpcid xsaveopt dtherm ida arat pln pts
bugs		:
bogomips	: 4988.44
clflush size	: 64
cache_alignment	: 64
address sizes	: 39 bits physical, 48 bits virtual
power management:

processor	: 5
vendor_id	: GenuineIntel
cpu family	: 6
model		: 60
model name	: Intel(R) Core(TM) i7-4710MQ CPU @ 2.50GHz
stepping	: 3
microcode	: 0x19
cpu MHz		: 3300.000
cache size	: 6144 KB
physical id	: 0
siblings	: 8
core id		: 2
cpu cores	: 4
apicid		: 5
initial apicid	: 5
fpu		: yes
fpu_exception	: yes
cpuid level	: 13
wp		: yes
flags		: fpu vme de pse tsc msr pae mce cx8 apic sep mtrr pge mca cmov pat pse36 clflush dts acpi mmx fxsr sse sse2 ss ht tm pbe syscall nx pdpe1gb rdtscp lm constant_tsc arch_perfmon pebs bts rep_good nopl xtopology nonstop_tsc aperfmperf eagerfpu pni pclmulqdq dtes64 monitor ds_cpl vmx est tm2 ssse3 sdbg fma cx16 xtpr pdcm pcid sse4_1 sse4_2 movbe popcnt tsc_deadline_timer aes xsave avx f16c rdrand lahf_lm abm epb tpr_shadow vnmi flexpriority ept vpid fsgsbase tsc_adjust bmi1 avx2 smep bmi2 erms invpcid xsaveopt dtherm ida arat pln pts
bugs		:
bogomips	: 4988.44
clflush size	: 64
cache_alignment	: 64
address sizes	: 39 bits physical, 48 bits virtual
power management:

processor	: 6
vendor_id	: GenuineIntel
cpu family	: 6
model		: 60
model name	: Intel(R) Core(TM) i7-4710MQ CPU @ 2.50GHz
stepping	: 3
microcode	: 0x19
cpu MHz		: 3300.000
cache size	: 6144 KB
physical id	: 0
siblings	: 8
core id		: 3
cpu cores	: 4
apicid		: 6
initial apicid	: 6
fpu		: yes
fpu_exception	: yes
cpuid level	: 13
wp		: yes
flags		: fpu vme de pse tsc msr pae mce cx8 apic sep mtrr pge mca cmov pat pse36 clflush dts acpi mmx fxsr sse sse2 ss ht tm pbe syscall nx pdpe1gb rdtscp lm constant_tsc arch_perfmon pebs bts rep_good nopl xtopology nonstop_tsc aperfmperf eagerfpu pni pclmulqdq dtes64 monitor ds_cpl vmx est tm2 ssse3 sdbg fma cx16 xtpr pdcm pcid sse4_1 sse4_2 movbe popcnt tsc_deadline_timer aes xsave avx f16c rdrand lahf_lm abm epb tpr_shadow vnmi flexpriority ept vpid fsgsbase tsc_adjust bmi1 avx2 smep bmi2 erms invpcid xsaveopt dtherm ida arat pln pts
bugs		:
bogomips	: 4988.44
clflush size	: 64
cache_alignment	: 64
address sizes	: 39 bits physical, 48 bits virtual
power management:

processor	: 7
vendor_id	: GenuineIntel
cpu family	: 6
model		: 60
model name	: Intel(R) Core(TM) i7-4710MQ CPU @ 2.50GHz
stepping	: 3
microcode	: 0x19
cpu MHz		: 3300.000
cache size	: 6144 KB
physical id	: 0
siblings	: 8
core id		: 3
cpu cores	: 4
apicid		: 7
initial apicid	: 7
fpu		: yes
fpu_exception	: yes
cpuid level	: 13
wp		: yes
flags		: fpu vme de pse tsc msr pae mce cx8 apic sep mtrr pge mca cmov pat pse36 clflush dts acpi mmx fxsr sse sse2 ss ht tm pbe syscall nx pdpe1gb rdtscp lm constant_tsc arch_perfmon pebs bts rep_good nopl xtopology nonstop_tsc aperfmperf eagerfpu pni pclmulqdq dtes64 monitor ds_cpl vmx est tm2 ssse3 sdbg fma cx16 xtpr pdcm pcid sse4_1 sse4_2 movbe popcnt tsc_deadline_timer aes xsave avx f16c rdrand lahf_lm abm epb tpr_shadow vnmi flexpriority ept vpid fsgsbase tsc_adjust bmi1 avx2 smep bmi2 erms invpcid xsaveopt dtherm ida arat pln pts
bugs		:
bogomips	: 4988.44
clflush size	: 64
cache_alignment	: 64
address sizes	: 39 bits physical, 48 bits virtual
power management:



Memory: 4k page, physical 7859440k(152168k free), swap 0k(0k free)

vm_info: OpenJDK 64-Bit Server VM (25.91-b14) for linux-amd64 JRE (1.8.0_91-8u91-b14-3ubuntu1~16.04.1-b14), built on Jul 21 2016 04:13:34 by "buildd" with gcc 5.3.1 20160413

time: Wed Nov  2 14:14:39 2016
elapsed time: 2 seconds (0d 0h 0m 2s)

