#
# There is insufficient memory for the Java Runtime Environment to continue.
# Native memory allocation (mmap) failed to map 127926272 bytes for committing reserved memory.
# Possible reasons:
#   The system is out of physical RAM or swap space
#   In 32 bit mode, the process size limit was hit
# Possible solutions:
#   Reduce memory load on the system
#   Increase physical memory or swap space
#   Check if swap backing store is full
#   Use 64 bit Java on a 64 bit OS
#   Decrease Java heap size (-Xmx/-Xms)
#   Decrease number of Java threads
#   Decrease Java thread stack sizes (-Xss)
#   Set larger code cache with -XX:ReservedCodeCacheSize=
# This output file may be truncated or incomplete.
#
#  Out of Memory Error (os_linux.cpp:2630), pid=7940, tid=140398949238528
#
# JRE version: OpenJDK Runtime Environment (8.0_91-b14) (build 1.8.0_91-8u91-b14-3ubuntu1~16.04.1-b14)
# Java VM: OpenJDK 64-Bit Server VM (25.91-b14 mixed mode linux-amd64 compressed oops)
# Failed to write core dump. Core dumps have been disabled. To enable core dumping, try "ulimit -c unlimited" before starting Java again
#

---------------  T H R E A D  ---------------

Current thread (0x00007fb160080800):  VMThread [stack: 0x00007fb12d6f0000,0x00007fb12d7f1000] [id=7956]

Stack: [0x00007fb12d6f0000,0x00007fb12d7f1000],  sp=0x00007fb12d7ef4c0,  free space=1021k
Native frames: (J=compiled Java code, j=interpreted, Vv=VM code, C=native code)
V  [libjvm.so+0xa5de1b]
V  [libjvm.so+0x4c178c]
V  [libjvm.so+0x8ae9d0]
V  [libjvm.so+0x8a8e4e]
V  [libjvm.so+0x922f46]
V  [libjvm.so+0x924273]
V  [libjvm.so+0x920923]
V  [libjvm.so+0x920bec]
V  [libjvm.so+0x8d3263]
V  [libjvm.so+0xa5fad2]
V  [libjvm.so+0xa64b57]
V  [libjvm.so+0xa62327]
V  [libjvm.so+0xa637af]
V  [libjvm.so+0xa63ca1]
V  [libjvm.so+0x8abeb2]

VM_Operation (0x00007fb1020c1540): ParallelGCFailedAllocation, mode: safepoint, requested by thread 0x00007fb1603b5000


---------------  P R O C E S S  ---------------

Java Threads: ( => current thread )
  0x00007fb16000b000 JavaThread "DestroyJavaVM" [_thread_blocked, id=7947, stack(0x00007fb1675fd000,0x00007fb1676fe000)]
  0x00007fb1603b5000 JavaThread "AWT-EventQueue-0" [_thread_blocked, id=7969, stack(0x00007fb101fc4000,0x00007fb1020c5000)]
  0x00007fb1603b3800 JavaThread "AWT-Shutdown" [_thread_blocked, id=7968, stack(0x00007fb1020c5000,0x00007fb1021c6000)]
  0x00007fb16027e800 JavaThread "AWT-XAWT" daemon [_thread_blocked, id=7967, stack(0x00007fb102654000,0x00007fb102755000)]
  0x00007fb160260000 JavaThread "Java2D Disposer" daemon [_thread_blocked, id=7966, stack(0x00007fb102b65000,0x00007fb102c66000)]
  0x00007fb1600cd800 JavaThread "Service Thread" daemon [_thread_blocked, id=7964, stack(0x00007fb12cbc2000,0x00007fb12ccc3000)]
  0x00007fb1600c0800 JavaThread "C1 CompilerThread3" daemon [_thread_blocked, id=7963, stack(0x00007fb12ccc3000,0x00007fb12cdc4000)]
  0x00007fb1600bc000 JavaThread "C2 CompilerThread2" daemon [_thread_blocked, id=7962, stack(0x00007fb12cdc4000,0x00007fb12cec5000)]
  0x00007fb1600ba000 JavaThread "C2 CompilerThread1" daemon [_thread_blocked, id=7961, stack(0x00007fb12cec5000,0x00007fb12cfc6000)]
  0x00007fb1600b7800 JavaThread "C2 CompilerThread0" daemon [_thread_blocked, id=7960, stack(0x00007fb12cfc6000,0x00007fb12d0c7000)]
  0x00007fb1600b5000 JavaThread "Signal Dispatcher" daemon [_thread_blocked, id=7959, stack(0x00007fb12d0c7000,0x00007fb12d1c8000)]
  0x00007fb16008d000 JavaThread "Finalizer" daemon [_thread_blocked, id=7958, stack(0x00007fb12d4ee000,0x00007fb12d5ef000)]
  0x00007fb160088000 JavaThread "Reference Handler" daemon [_thread_blocked, id=7957, stack(0x00007fb12d5ef000,0x00007fb12d6f0000)]

Other Threads:
=>0x00007fb160080800 VMThread [stack: 0x00007fb12d6f0000,0x00007fb12d7f1000] [id=7956]
  0x00007fb1600d0000 WatcherThread [stack: 0x00007fb12cac1000,0x00007fb12cbc2000] [id=7965]

VM state:at safepoint (normal execution)

VM Mutex/Monitor currently owned by a thread:  ([mutex/lock_event])
[0x00007fb160007540] Threads_lock - owner thread: 0x00007fb160080800
[0x00007fb160007a40] Heap_lock - owner thread: 0x00007fb1603b5000

Heap:
 PSYoungGen      total 508928K, used 6851K [0x00000000d8000000, 0x00000000f8600000, 0x0000000100000000)
  eden space 489472K, 0% used [0x00000000d8000000,0x00000000d8000000,0x00000000f5e00000)
  from space 19456K, 35% used [0x00000000f5e00000,0x00000000f64b0da0,0x00000000f7100000)
  to   space 17408K, 0% used [0x00000000f7100000,0x00000000f7100000,0x00000000f8200000)
 ParOldGen       total 81920K, used 29095K [0x0000000088000000, 0x000000008d000000, 0x00000000d8000000)
  object space 81920K, 35% used [0x0000000088000000,0x0000000089c69fe8,0x000000008d000000)
 Metaspace       used 9906K, capacity 10080K, committed 10112K, reserved 1058816K
  class space    used 1060K, capacity 1125K, committed 1152K, reserved 1048576K

Card table byte_map: [0x00007fb15087f000,0x00007fb150c40000] byte_map_base: 0x00007fb15043f000

Marking Bits: (ParMarkBitMap*) 0x00007fb1668dafc0
 Begin Bits: [0x00007fb14c1f7000, 0x00007fb14dff7000)
 End Bits:   [0x00007fb14dff7000, 0x00007fb14fdf7000)

Polling page: 0x00007fb16772c000

CodeCache: size=245760Kb used=2871Kb max_used=2871Kb free=242888Kb
 bounds [0x00007fb151000000, 0x00007fb1512d0000, 0x00007fb160000000]
 total_blobs=1162 nmethods=660 adapters=417
 compilation: enabled

Compilation events (10 events):
Event: 3.443 Thread 0x00007fb1600c0800  655       3       java.util.HashMap::afterNodeAccess (1 bytes)
Event: 3.443 Thread 0x00007fb1600c0800 nmethod 655 0x00007fb1512cddd0 code [0x00007fb1512cdf20, 0x00007fb1512ce070]
Event: 3.445 Thread 0x00007fb1600c0800  657       3       java.util.LinkedList$ListItr::next (56 bytes)
Event: 3.445 Thread 0x00007fb1600c0800 nmethod 657 0x00007fb1512cd590 code [0x00007fb1512cd740, 0x00007fb1512cdbf8]
Event: 3.485 Thread 0x00007fb1600c0800  658       3       sun.java2d.SunGraphics2D::validateColor (102 bytes)
Event: 3.486 Thread 0x00007fb1600c0800 nmethod 658 0x00007fb1512ccc10 code [0x00007fb1512ccdc0, 0x00007fb1512cd3d8]
Event: 3.486 Thread 0x00007fb1600c0800  659       3       sun.java2d.SurfaceData::pixelFor (13 bytes)
Event: 3.487 Thread 0x00007fb1600c0800 nmethod 659 0x00007fb1512cc650 code [0x00007fb1512cc7c0, 0x00007fb1512ccac8]
Event: 3.487 Thread 0x00007fb1600c0800  660       3       sun.reflect.UnsafeFieldAccessorImpl::ensureObj (23 bytes)
Event: 3.487 Thread 0x00007fb1600c0800 nmethod 660 0x00007fb1512cecd0 code [0x00007fb1512ceea0, 0x00007fb1512cf7f8]

GC Heap History (10 events):
Event: 1.502 GC heap after
Heap after GC invocations=4 (full 0):
 PSYoungGen      total 128000K, used 4232K [0x00000000d8000000, 0x00000000e0200000, 0x0000000100000000)
  eden space 122880K, 0% used [0x00000000d8000000,0x00000000d8000000,0x00000000df800000)
  from space 5120K, 82% used [0x00000000dfd00000,0x00000000e01222e0,0x00000000e0200000)
  to   space 5120K, 0% used [0x00000000df800000,0x00000000df800000,0x00000000dfd00000)
 ParOldGen       total 81920K, used 20862K [0x0000000088000000, 0x000000008d000000, 0x00000000d8000000)
  object space 81920K, 25% used [0x0000000088000000,0x000000008945fa20,0x000000008d000000)
 Metaspace       used 9801K, capacity 10012K, committed 10112K, reserved 1058816K
  class space    used 1060K, capacity 1125K, committed 1152K, reserved 1048576K
}
Event: 1.726 GC heap before
{Heap before GC invocations=5 (full 0):
 PSYoungGen      total 128000K, used 127112K [0x00000000d8000000, 0x00000000e0200000, 0x0000000100000000)
  eden space 122880K, 100% used [0x00000000d8000000,0x00000000df800000,0x00000000df800000)
  from space 5120K, 82% used [0x00000000dfd00000,0x00000000e01222e0,0x00000000e0200000)
  to   space 5120K, 0% used [0x00000000df800000,0x00000000df800000,0x00000000dfd00000)
 ParOldGen       total 81920K, used 20862K [0x0000000088000000, 0x000000008d000000, 0x00000000d8000000)
  object space 81920K, 25% used [0x0000000088000000,0x000000008945fa20,0x000000008d000000)
 Metaspace       used 9815K, capacity 10012K, committed 10112K, reserved 1058816K
  class space    used 1060K, capacity 1125K, committed 1152K, reserved 1048576K
Event: 1.739 GC heap after
Heap after GC invocations=5 (full 0):
 PSYoungGen      total 128000K, used 5094K [0x00000000d8000000, 0x00000000e9600000, 0x0000000100000000)
  eden space 122880K, 0% used [0x00000000d8000000,0x00000000d8000000,0x00000000df800000)
  from space 5120K, 99% used [0x00000000df800000,0x00000000dfcf9ad0,0x00000000dfd00000)
  to   space 19456K, 0% used [0x00000000e8300000,0x00000000e8300000,0x00000000e9600000)
 ParOldGen       total 81920K, used 27791K [0x0000000088000000, 0x000000008d000000, 0x00000000d8000000)
  object space 81920K, 33% used [0x0000000088000000,0x0000000089b23dd0,0x000000008d000000)
 Metaspace       used 9815K, capacity 10012K, committed 10112K, reserved 1058816K
  class space    used 1060K, capacity 1125K, committed 1152K, reserved 1048576K
}
Event: 1.937 GC heap before
{Heap before GC invocations=6 (full 0):
 PSYoungGen      total 128000K, used 127884K [0x00000000d8000000, 0x00000000e9600000, 0x0000000100000000)
  eden space 122880K, 99% used [0x00000000d8000000,0x00000000df7e9680,0x00000000df800000)
  from space 5120K, 99% used [0x00000000df800000,0x00000000dfcf9ad0,0x00000000dfd00000)
  to   space 19456K, 0% used [0x00000000e8300000,0x00000000e8300000,0x00000000e9600000)
 ParOldGen       total 81920K, used 27791K [0x0000000088000000, 0x000000008d000000, 0x00000000d8000000)
  object space 81920K, 33% used [0x0000000088000000,0x0000000089b23dd0,0x000000008d000000)
 Metaspace       used 9822K, capacity 10012K, committed 10112K, reserved 1058816K
  class space    used 1060K, capacity 1125K, committed 1152K, reserved 1048576K
Event: 1.953 GC heap after
Heap after GC invocations=6 (full 0):
 PSYoungGen      total 263168K, used 10138K [0x00000000d8000000, 0x00000000e9400000, 0x0000000100000000)
  eden space 245760K, 0% used [0x00000000d8000000,0x00000000d8000000,0x00000000e7000000)
  from space 17408K, 58% used [0x00000000e8300000,0x00000000e8ce6860,0x00000000e9400000)
  to   space 18432K, 0% used [0x00000000e7000000,0x00000000e7000000,0x00000000e8200000)
 ParOldGen       total 81920K, used 27799K [0x0000000088000000, 0x000000008d000000, 0x00000000d8000000)
  object space 81920K, 33% used [0x0000000088000000,0x0000000089b25dd0,0x000000008d000000)
 Metaspace       used 9822K, capacity 10012K, committed 10112K, reserved 1058816K
  class space    used 1060K, capacity 1125K, committed 1152K, reserved 1048576K
}
Event: 2.370 GC heap before
{Heap before GC invocations=7 (full 0):
 PSYoungGen      total 263168K, used 255898K [0x00000000d8000000, 0x00000000e9400000, 0x0000000100000000)
  eden space 245760K, 100% used [0x00000000d8000000,0x00000000e7000000,0x00000000e7000000)
  from space 17408K, 58% used [0x00000000e8300000,0x00000000e8ce6860,0x00000000e9400000)
  to   space 18432K, 0% used [0x00000000e7000000,0x00000000e7000000,0x00000000e8200000)
 ParOldGen       total 81920K, used 27799K [0x0000000088000000, 0x000000008d000000, 0x00000000d8000000)
  object space 81920K, 33% used [0x0000000088000000,0x0000000089b25dd0,0x000000008d000000)
 Metaspace       used 9838K, capacity 10012K, committed 10112K, reserved 1058816K
  class space    used 1060K, capacity 1125K, committed 1152K, reserved 1048576K
Event: 2.379 GC heap after
Heap after GC invocations=7 (full 0):
 PSYoungGen      total 264192K, used 8881K [0x00000000d8000000, 0x00000000f8200000, 0x0000000100000000)
  eden space 245760K, 0% used [0x00000000d8000000,0x00000000d8000000,0x00000000e7000000)
  from space 18432K, 48% used [0x00000000e7000000,0x00000000e78ac6d0,0x00000000e8200000)
  to   space 17408K, 0% used [0x00000000f7100000,0x00000000f7100000,0x00000000f8200000)
 ParOldGen       total 81920K, used 29007K [0x0000000088000000, 0x000000008d000000, 0x00000000d8000000)
  object space 81920K, 35% used [0x0000000088000000,0x0000000089c53fe8,0x000000008d000000)
 Metaspace       used 9838K, capacity 10012K, committed 10112K, reserved 1058816K
  class space    used 1060K, capacity 1125K, committed 1152K, reserved 1048576K
}
Event: 2.721 GC heap before
{Heap before GC invocations=8 (full 0):
 PSYoungGen      total 264192K, used 254641K [0x00000000d8000000, 0x00000000f8200000, 0x0000000100000000)
  eden space 245760K, 100% used [0x00000000d8000000,0x00000000e7000000,0x00000000e7000000)
  from space 18432K, 48% used [0x00000000e7000000,0x00000000e78ac6d0,0x00000000e8200000)
  to   space 17408K, 0% used [0x00000000f7100000,0x00000000f7100000,0x00000000f8200000)
 ParOldGen       total 81920K, used 29007K [0x0000000088000000, 0x000000008d000000, 0x00000000d8000000)
  object space 81920K, 35% used [0x0000000088000000,0x0000000089c53fe8,0x000000008d000000)
 Metaspace       used 9850K, capacity 10016K, committed 10112K, reserved 1058816K
  class space    used 1060K, capacity 1125K, committed 1152K, reserved 1048576K
Event: 2.732 GC heap after
Heap after GC invocations=8 (full 0):
 PSYoungGen      total 506880K, used 16949K [0x00000000d8000000, 0x00000000f8600000, 0x0000000100000000)
  eden space 489472K, 0% used [0x00000000d8000000,0x00000000d8000000,0x00000000f5e00000)
  from space 17408K, 97% used [0x00000000f7100000,0x00000000f818d470,0x00000000f8200000)
  to   space 19456K, 0% used [0x00000000f5e00000,0x00000000f5e00000,0x00000000f7100000)
 ParOldGen       total 81920K, used 29063K [0x0000000088000000, 0x000000008d000000, 0x00000000d8000000)
  object space 81920K, 35% used [0x0000000088000000,0x0000000089c61fe8,0x000000008d000000)
 Metaspace       used 9850K, capacity 10016K, committed 10112K, reserved 1058816K
  class space    used 1060K, capacity 1125K, committed 1152K, reserved 1048576K
}
Event: 3.489 GC heap before
{Heap before GC invocations=9 (full 0):
 PSYoungGen      total 506880K, used 506421K [0x00000000d8000000, 0x00000000f8600000, 0x0000000100000000)
  eden space 489472K, 100% used [0x00000000d8000000,0x00000000f5e00000,0x00000000f5e00000)
  from space 17408K, 97% used [0x00000000f7100000,0x00000000f818d470,0x00000000f8200000)
  to   space 19456K, 0% used [0x00000000f5e00000,0x00000000f5e00000,0x00000000f7100000)
 ParOldGen       total 81920K, used 29063K [0x0000000088000000, 0x000000008d000000, 0x00000000d8000000)
  object space 81920K, 35% used [0x0000000088000000,0x0000000089c61fe8,0x000000008d000000)
 Metaspace       used 9906K, capacity 10080K, committed 10112K, reserved 1058816K
  class space    used 1060K, capacity 1125K, committed 1152K, reserved 1048576K

Deoptimization events (5 events):
Event: 1.258 Thread 0x00007fb1603b5000 Uncommon trap: reason=unstable_if action=reinterpret pc=0x00007fb151201500 method=jrtr.swrenderer.SWRenderContext.draw(Ljrtr/RenderItem;)V @ 433
Event: 1.258 Thread 0x00007fb1603b5000 Uncommon trap: reason=unstable_if action=reinterpret pc=0x00007fb151227284 method=java.awt.image.ComponentColorModel.getDataElements(ILjava/lang/Object;)Ljava/lang/Object; @ 30
Event: 1.274 Thread 0x00007fb1603b5000 Uncommon trap: reason=unstable_if action=reinterpret pc=0x00007fb1512472dc method=jrtr.swrenderer.SWRenderContext.drawPixel(IILjavax/vecmath/Matrix3f;[[F[[F[[D)V @ 61
Event: 1.447 Thread 0x00007fb1603b5000 Uncommon trap: reason=unstable_if action=reinterpret pc=0x00007fb1512392c8 method=jrtr.swrenderer.SWRenderContext.getBilinearInterpolationColor(DD)I @ 36
Event: 1.449 Thread 0x00007fb1603b5000 Uncommon trap: reason=unstable_if action=reinterpret pc=0x00007fb15122fc58 method=jrtr.swrenderer.SWRenderContext.getBilinearInterpolationColor(DD)I @ 22

Internal exceptions (10 events):
Event: 0.102 Thread 0x00007fb16000b000 Exception <a 'java/security/PrivilegedActionException'> (0x00000000d8175700) thrown at [/build/openjdk-8-W1Ghxo/openjdk-8-8u91-b14/src/hotspot/src/share/vm/prims/jvm.cpp, line 1386]
Event: 0.102 Thread 0x00007fb16000b000 Exception <a 'java/security/PrivilegedActionException'> (0x00000000d8175910) thrown at [/build/openjdk-8-W1Ghxo/openjdk-8-8u91-b14/src/hotspot/src/share/vm/prims/jvm.cpp, line 1386]
Event: 0.102 Thread 0x00007fb16000b000 Exception <a 'java/security/PrivilegedActionException'> (0x00000000d81763e0) thrown at [/build/openjdk-8-W1Ghxo/openjdk-8-8u91-b14/src/hotspot/src/share/vm/prims/jvm.cpp, line 1386]
Event: 0.102 Thread 0x00007fb16000b000 Exception <a 'java/security/PrivilegedActionException'> (0x00000000d81765f0) thrown at [/build/openjdk-8-W1Ghxo/openjdk-8-8u91-b14/src/hotspot/src/share/vm/prims/jvm.cpp, line 1386]
Event: 0.130 Thread 0x00007fb16000b000 Exception <a 'java/lang/NoSuchFieldError': method resolution failed> (0x00000000d8243580) thrown at [/build/openjdk-8-W1Ghxo/openjdk-8-8u91-b14/src/hotspot/src/share/vm/prims/methodHandles.cpp, line 1146]
Event: 0.131 Thread 0x00007fb16000b000 Exception <a 'java/lang/NoSuchFieldError': method resolution failed> (0x00000000d8250d80) thrown at [/build/openjdk-8-W1Ghxo/openjdk-8-8u91-b14/src/hotspot/src/share/vm/prims/methodHandles.cpp, line 1146]
Event: 0.145 Thread 0x00007fb16000b000 Exception <a 'java/io/FileNotFoundException'> (0x00000000d82d0a98) thrown at [/build/openjdk-8-W1Ghxo/openjdk-8-8u91-b14/src/hotspot/src/share/vm/prims/jni.cpp, line 709]
Event: 0.145 Thread 0x00007fb16000b000 Exception <a 'java/io/FileNotFoundException'> (0x00000000d82d14b0) thrown at [/build/openjdk-8-W1Ghxo/openjdk-8-8u91-b14/src/hotspot/src/share/vm/prims/jni.cpp, line 709]
Event: 0.175 Thread 0x00007fb16000b000 Exception <a 'java/lang/ClassNotFoundException': sun/dc/DuctusRenderingEngine> (0x00000000d82fcde0) thrown at [/build/openjdk-8-W1Ghxo/openjdk-8-8u91-b14/src/hotspot/src/share/vm/classfile/systemDictionary.cpp, line 210]
Event: 0.699 Thread 0x00007fb1603b5000 Exception <a 'java/lang/UnsupportedOperationException': > (0x00000000d8a3a940) thrown at [/build/openjdk-8-W1Ghxo/openjdk-8-8u91-b14/src/hotspot/src/share/vm/prims/jni.cpp, line 735]

Events (10 events):
Event: 1.502 Executing VM operation: ParallelGCFailedAllocation done
Event: 1.726 Executing VM operation: ParallelGCFailedAllocation
Event: 1.739 Executing VM operation: ParallelGCFailedAllocation done
Event: 1.937 Executing VM operation: ParallelGCFailedAllocation
Event: 1.953 Executing VM operation: ParallelGCFailedAllocation done
Event: 2.369 Executing VM operation: ParallelGCFailedAllocation
Event: 2.379 Executing VM operation: ParallelGCFailedAllocation done
Event: 2.721 Executing VM operation: ParallelGCFailedAllocation
Event: 2.732 Executing VM operation: ParallelGCFailedAllocation done
Event: 3.489 Executing VM operation: ParallelGCFailedAllocation


Dynamic libraries:
00400000-00401000 r-xp 00000000 08:08 3940258                            /usr/lib/jvm/java-8-openjdk-amd64/jre/bin/java
00600000-00601000 r--p 00000000 08:08 3940258                            /usr/lib/jvm/java-8-openjdk-amd64/jre/bin/java
00601000-00602000 rw-p 00001000 08:08 3940258                            /usr/lib/jvm/java-8-openjdk-amd64/jre/bin/java
00aa0000-00ac1000 rw-p 00000000 00:00 0                                  [heap]
88000000-8d000000 rw-p 00000000 00:00 0 
8d000000-d8000000 ---p 00000000 00:00 0 
d8000000-f8600000 rw-p 00000000 00:00 0 
100000000-100120000 rw-p 00000000 00:00 0 
100120000-140000000 ---p 00000000 00:00 0 
7fb0e8000000-7fb0e8109000 rw-p 00000000 00:00 0 
7fb0e8109000-7fb0ec000000 ---p 00000000 00:00 0 
7fb0f0000000-7fb0f0021000 rw-p 00000000 00:00 0 
7fb0f0021000-7fb0f4000000 ---p 00000000 00:00 0 
7fb0f4000000-7fb0f4021000 rw-p 00000000 00:00 0 
7fb0f4021000-7fb0f8000000 ---p 00000000 00:00 0 
7fb0f8000000-7fb0f8021000 rw-p 00000000 00:00 0 
7fb0f8021000-7fb0fc000000 ---p 00000000 00:00 0 
7fb0fc000000-7fb0fc021000 rw-p 00000000 00:00 0 
7fb0fc021000-7fb100000000 ---p 00000000 00:00 0 
7fb1019f3000-7fb101dc4000 rw-s 00000000 00:05 9928732                    /SYSV00000000 (deleted)
7fb101dc4000-7fb101e84000 rw-p 00000000 00:00 0 
7fb101e84000-7fb101fc4000 ---p 00000000 00:00 0 
7fb101fc4000-7fb101fc7000 ---p 00000000 00:00 0 
7fb101fc7000-7fb1020c5000 rw-p 00000000 00:00 0 
7fb1020c5000-7fb1020c8000 ---p 00000000 00:00 0 
7fb1020c8000-7fb1021c6000 rw-p 00000000 00:00 0 
7fb1021c6000-7fb10221d000 r-xp 00000000 08:08 2365083                    /usr/lib/x86_64-linux-gnu/libjpeg.so.8.0.2
7fb10221d000-7fb10241d000 ---p 00057000 08:08 2365083                    /usr/lib/x86_64-linux-gnu/libjpeg.so.8.0.2
7fb10241d000-7fb10241e000 r--p 00057000 08:08 2365083                    /usr/lib/x86_64-linux-gnu/libjpeg.so.8.0.2
7fb10241e000-7fb10241f000 rw-p 00058000 08:08 2365083                    /usr/lib/x86_64-linux-gnu/libjpeg.so.8.0.2
7fb102449000-7fb102453000 r-xp 00000000 08:08 3945188                    /usr/lib/jvm/java-8-openjdk-amd64/jre/lib/amd64/libjavajpeg.so
7fb102453000-7fb102652000 ---p 0000a000 08:08 3945188                    /usr/lib/jvm/java-8-openjdk-amd64/jre/lib/amd64/libjavajpeg.so
7fb102652000-7fb102653000 r--p 00009000 08:08 3945188                    /usr/lib/jvm/java-8-openjdk-amd64/jre/lib/amd64/libjavajpeg.so
7fb102653000-7fb102654000 rw-p 0000a000 08:08 3945188                    /usr/lib/jvm/java-8-openjdk-amd64/jre/lib/amd64/libjavajpeg.so
7fb102654000-7fb102657000 ---p 00000000 00:00 0 
7fb102657000-7fb102755000 rw-p 00000000 00:00 0 
7fb102755000-7fb10275a000 r-xp 00000000 08:08 2363442                    /usr/lib/x86_64-linux-gnu/libXfixes.so.3.1.0
7fb10275a000-7fb102959000 ---p 00005000 08:08 2363442                    /usr/lib/x86_64-linux-gnu/libXfixes.so.3.1.0
7fb102959000-7fb10295a000 r--p 00004000 08:08 2363442                    /usr/lib/x86_64-linux-gnu/libXfixes.so.3.1.0
7fb10295a000-7fb10295b000 rw-p 00005000 08:08 2363442                    /usr/lib/x86_64-linux-gnu/libXfixes.so.3.1.0
7fb10295b000-7fb102964000 r-xp 00000000 08:08 2367425                    /usr/lib/x86_64-linux-gnu/libXcursor.so.1.0.2
7fb102964000-7fb102b63000 ---p 00009000 08:08 2367425                    /usr/lib/x86_64-linux-gnu/libXcursor.so.1.0.2
7fb102b63000-7fb102b64000 r--p 00008000 08:08 2367425                    /usr/lib/x86_64-linux-gnu/libXcursor.so.1.0.2
7fb102b64000-7fb102b65000 rw-p 00009000 08:08 2367425                    /usr/lib/x86_64-linux-gnu/libXcursor.so.1.0.2
7fb102b65000-7fb102b68000 ---p 00000000 00:00 0 
7fb102b68000-7fb102c66000 rw-p 00000000 00:00 0 
7fb102c66000-7fb102c8a000 r-xp 00000000 08:08 6291537                    /lib/x86_64-linux-gnu/libpng12.so.0.54.0
7fb102c8a000-7fb102e89000 ---p 00024000 08:08 6291537                    /lib/x86_64-linux-gnu/libpng12.so.0.54.0
7fb102e89000-7fb102e8a000 r--p 00023000 08:08 6291537                    /lib/x86_64-linux-gnu/libpng12.so.0.54.0
7fb102e8a000-7fb102e8b000 rw-p 00024000 08:08 6291537                    /lib/x86_64-linux-gnu/libpng12.so.0.54.0
7fb102e8b000-7fb102f2f000 r-xp 00000000 08:08 2360087                    /usr/lib/x86_64-linux-gnu/libfreetype.so.6.12.1
7fb102f2f000-7fb10312e000 ---p 000a4000 08:08 2360087                    /usr/lib/x86_64-linux-gnu/libfreetype.so.6.12.1
7fb10312e000-7fb103134000 r--p 000a3000 08:08 2360087                    /usr/lib/x86_64-linux-gnu/libfreetype.so.6.12.1
7fb103134000-7fb103135000 rw-p 000a9000 08:08 2360087                    /usr/lib/x86_64-linux-gnu/libfreetype.so.6.12.1
7fb103140000-7fb10315f000 r--s 00408000 00:2e 5243442                    /home/simon/.m2/repository/org/jogamp/jogl/jogl-all/2.0.2/jogl-all-2.0.2.jar
7fb10315f000-7fb1031b1000 r-xp 00000000 08:08 3941756                    /usr/lib/jvm/java-8-openjdk-amd64/jre/lib/amd64/libfontmanager.so
7fb1031b1000-7fb1033b1000 ---p 00052000 08:08 3941756                    /usr/lib/jvm/java-8-openjdk-amd64/jre/lib/amd64/libfontmanager.so
7fb1033b1000-7fb1033b3000 r--p 00052000 08:08 3941756                    /usr/lib/jvm/java-8-openjdk-amd64/jre/lib/amd64/libfontmanager.so
7fb1033b3000-7fb1033b4000 rw-p 00054000 08:08 3941756                    /usr/lib/jvm/java-8-openjdk-amd64/jre/lib/amd64/libfontmanager.so
7fb1033b4000-7fb1033b9000 r-xp 00000000 08:08 2365923                    /usr/lib/x86_64-linux-gnu/libXdmcp.so.6.0.0
7fb1033b9000-7fb1035b8000 ---p 00005000 08:08 2365923                    /usr/lib/x86_64-linux-gnu/libXdmcp.so.6.0.0
7fb1035b8000-7fb1035b9000 r--p 00004000 08:08 2365923                    /usr/lib/x86_64-linux-gnu/libXdmcp.so.6.0.0
7fb1035b9000-7fb1035ba000 rw-p 00005000 08:08 2365923                    /usr/lib/x86_64-linux-gnu/libXdmcp.so.6.0.0
7fb1035ba000-7fb1035bc000 r-xp 00000000 08:08 2367418                    /usr/lib/x86_64-linux-gnu/libXau.so.6.0.0
7fb1035bc000-7fb1037bc000 ---p 00002000 08:08 2367418                    /usr/lib/x86_64-linux-gnu/libXau.so.6.0.0
7fb1037bc000-7fb1037bd000 r--p 00002000 08:08 2367418                    /usr/lib/x86_64-linux-gnu/libXau.so.6.0.0
7fb1037bd000-7fb1037be000 rw-p 00003000 08:08 2367418                    /usr/lib/x86_64-linux-gnu/libXau.so.6.0.0
7fb1037be000-7fb1037df000 r-xp 00000000 08:08 2370568                    /usr/lib/x86_64-linux-gnu/libxcb.so.1.1.0
7fb1037df000-7fb1039de000 ---p 00021000 08:08 2370568                    /usr/lib/x86_64-linux-gnu/libxcb.so.1.1.0
7fb1039de000-7fb1039df000 r--p 00020000 08:08 2370568                    /usr/lib/x86_64-linux-gnu/libxcb.so.1.1.0
7fb1039df000-7fb1039e0000 rw-p 00021000 08:08 2370568                    /usr/lib/x86_64-linux-gnu/libxcb.so.1.1.0
7fb1039e0000-7fb1039ef000 r-xp 00000000 08:08 2365926                    /usr/lib/x86_64-linux-gnu/libXi.so.6.1.0
7fb1039ef000-7fb103bee000 ---p 0000f000 08:08 2365926                    /usr/lib/x86_64-linux-gnu/libXi.so.6.1.0
7fb103bee000-7fb103bef000 r--p 0000e000 08:08 2365926                    /usr/lib/x86_64-linux-gnu/libXi.so.6.1.0
7fb103bef000-7fb103bf0000 rw-p 0000f000 08:08 2365926                    /usr/lib/x86_64-linux-gnu/libXi.so.6.1.0
7fb103bf0000-7fb103bf5000 r-xp 00000000 08:08 2367459                    /usr/lib/x86_64-linux-gnu/libXtst.so.6.1.0
7fb103bf5000-7fb103df4000 ---p 00005000 08:08 2367459                    /usr/lib/x86_64-linux-gnu/libXtst.so.6.1.0
7fb103df4000-7fb103df5000 r--p 00004000 08:08 2367459                    /usr/lib/x86_64-linux-gnu/libXtst.so.6.1.0
7fb103df5000-7fb103df6000 rw-p 00005000 08:08 2367459                    /usr/lib/x86_64-linux-gnu/libXtst.so.6.1.0
7fb103df6000-7fb103dff000 r-xp 00000000 08:08 2360412                    /usr/lib/x86_64-linux-gnu/libXrender.so.1.3.0
7fb103dff000-7fb103ffe000 ---p 00009000 08:08 2360412                    /usr/lib/x86_64-linux-gnu/libXrender.so.1.3.0
7fb103ffe000-7fb103fff000 r--p 00008000 08:08 2360412                    /usr/lib/x86_64-linux-gnu/libXrender.so.1.3.0
7fb103fff000-7fb104000000 rw-p 00009000 08:08 2360412                    /usr/lib/x86_64-linux-gnu/libXrender.so.1.3.0
7fb104000000-7fb10429b000 rw-p 00000000 00:00 0 
7fb10429b000-7fb108000000 ---p 00000000 00:00 0 
7fb108000000-7fb108021000 rw-p 00000000 00:00 0 
7fb108021000-7fb10c000000 ---p 00000000 00:00 0 
7fb10c000000-7fb10c5f1000 rw-p 00000000 00:00 0 
7fb10c5f1000-7fb110000000 ---p 00000000 00:00 0 
7fb110000000-7fb1106cf000 rw-p 00000000 00:00 0 
7fb1106cf000-7fb114000000 ---p 00000000 00:00 0 
7fb114000000-7fb114021000 rw-p 00000000 00:00 0 
7fb114021000-7fb118000000 ---p 00000000 00:00 0 
7fb118000000-7fb11866b000 rw-p 00000000 00:00 0 
7fb11866b000-7fb11c000000 ---p 00000000 00:00 0 
7fb11c000000-7fb11c021000 rw-p 00000000 00:00 0 
7fb11c021000-7fb120000000 ---p 00000000 00:00 0 
7fb120000000-7fb120021000 rw-p 00000000 00:00 0 
7fb120021000-7fb124000000 ---p 00000000 00:00 0 
7fb124000000-7fb124021000 rw-p 00000000 00:00 0 
7fb124021000-7fb128000000 ---p 00000000 00:00 0 
7fb128000000-7fb128021000 rw-p 00000000 00:00 0 
7fb128021000-7fb12c000000 ---p 00000000 00:00 0 
7fb12c005000-7fb12c13a000 r-xp 00000000 08:08 2370583                    /usr/lib/x86_64-linux-gnu/libX11.so.6.3.0
7fb12c13a000-7fb12c33a000 ---p 00135000 08:08 2370583                    /usr/lib/x86_64-linux-gnu/libX11.so.6.3.0
7fb12c33a000-7fb12c33b000 r--p 00135000 08:08 2370583                    /usr/lib/x86_64-linux-gnu/libX11.so.6.3.0
7fb12c33b000-7fb12c33f000 rw-p 00136000 08:08 2370583                    /usr/lib/x86_64-linux-gnu/libX11.so.6.3.0
7fb12c33f000-7fb12c350000 r-xp 00000000 08:08 2364800                    /usr/lib/x86_64-linux-gnu/libXext.so.6.4.0
7fb12c350000-7fb12c54f000 ---p 00011000 08:08 2364800                    /usr/lib/x86_64-linux-gnu/libXext.so.6.4.0
7fb12c54f000-7fb12c550000 r--p 00010000 08:08 2364800                    /usr/lib/x86_64-linux-gnu/libXext.so.6.4.0
7fb12c550000-7fb12c551000 rw-p 00011000 08:08 2364800                    /usr/lib/x86_64-linux-gnu/libXext.so.6.4.0
7fb12c55c000-7fb12c55d000 r--s 00001000 00:2e 5243486                    /home/simon/.m2/repository/org/jogamp/gluegen/gluegen-rt/2.0.2/gluegen-rt-2.0.2-natives-windows-i586.jar
7fb12c55d000-7fb12c55e000 r--s 00001000 00:2e 5243484                    /home/simon/.m2/repository/org/jogamp/gluegen/gluegen-rt/2.0.2/gluegen-rt-2.0.2-natives-windows-amd64.jar
7fb12c55e000-7fb12c55f000 r--s 00000000 00:2e 5243482                    /home/simon/.m2/repository/org/jogamp/gluegen/gluegen-rt/2.0.2/gluegen-rt-2.0.2-natives-solaris-i586.jar
7fb12c55f000-7fb12c560000 r--s 00000000 00:2e 5243480                    /home/simon/.m2/repository/org/jogamp/gluegen/gluegen-rt/2.0.2/gluegen-rt-2.0.2-natives-solaris-amd64.jar
7fb12c560000-7fb12c561000 r--s 00000000 00:2e 5243478                    /home/simon/.m2/repository/org/jogamp/gluegen/gluegen-rt/2.0.2/gluegen-rt-2.0.2-natives-macosx-universal.jar
7fb12c561000-7fb12c562000 r--s 00000000 00:2e 5243476                    /home/simon/.m2/repository/org/jogamp/gluegen/gluegen-rt/2.0.2/gluegen-rt-2.0.2-natives-linux-i586.jar
7fb12c562000-7fb12c563000 r--s 00000000 00:2e 5243474                    /home/simon/.m2/repository/org/jogamp/gluegen/gluegen-rt/2.0.2/gluegen-rt-2.0.2-natives-linux-armv6hf.jar
7fb12c563000-7fb12c568000 r--s 0003a000 00:2e 5243466                    /home/simon/.m2/repository/org/jogamp/gluegen/gluegen-rt/2.0.2/gluegen-rt-2.0.2.jar
7fb12c568000-7fb12c57b000 r--s 00345000 08:08 3945258                    /usr/lib/jvm/java-8-openjdk-amd64/jre/lib/resources.jar
7fb12c57b000-7fb12c5cf000 r-xp 00000000 08:08 3945192                    /usr/lib/jvm/java-8-openjdk-amd64/jre/lib/amd64/libawt_xawt.so
7fb12c5cf000-7fb12c7cf000 ---p 00054000 08:08 3945192                    /usr/lib/jvm/java-8-openjdk-amd64/jre/lib/amd64/libawt_xawt.so
7fb12c7cf000-7fb12c7d0000 r--p 00054000 08:08 3945192                    /usr/lib/jvm/java-8-openjdk-amd64/jre/lib/amd64/libawt_xawt.so
7fb12c7d0000-7fb12c7d3000 rw-p 00055000 08:08 3945192                    /usr/lib/jvm/java-8-openjdk-amd64/jre/lib/amd64/libawt_xawt.so
7fb12c7d3000-7fb12c7d4000 rw-p 00000000 00:00 0 
7fb12c7d4000-7fb12c874000 r-xp 00000000 08:08 3941750                    /usr/lib/jvm/java-8-openjdk-amd64/jre/lib/amd64/libawt.so
7fb12c874000-7fb12ca74000 ---p 000a0000 08:08 3941750                    /usr/lib/jvm/java-8-openjdk-amd64/jre/lib/amd64/libawt.so
7fb12ca74000-7fb12ca75000 r--p 000a0000 08:08 3941750                    /usr/lib/jvm/java-8-openjdk-amd64/jre/lib/amd64/libawt.so
7fb12ca75000-7fb12ca80000 rw-p 000a1000 08:08 3941750                    /usr/lib/jvm/java-8-openjdk-amd64/jre/lib/amd64/libawt.so
7fb12ca80000-7fb12caa5000 rw-p 00000000 00:00 0 
7fb12caa5000-7fb12cac1000 r--s 00393000 08:08 3946089                    /usr/lib/jvm/java-8-openjdk-amd64/jre/lib/ext/cldrdata.jar
7fb12cac1000-7fb12cac2000 ---p 00000000 00:00 0 
7fb12cac2000-7fb12cbc2000 rw-p 00000000 00:00 0 
7fb12cbc2000-7fb12cbc5000 ---p 00000000 00:00 0 
7fb12cbc5000-7fb12ccc3000 rw-p 00000000 00:00 0 
7fb12ccc3000-7fb12ccc6000 ---p 00000000 00:00 0 
7fb12ccc6000-7fb12cdc4000 rw-p 00000000 00:00 0 
7fb12cdc4000-7fb12cdc7000 ---p 00000000 00:00 0 
7fb12cdc7000-7fb12cec5000 rw-p 00000000 00:00 0 
7fb12cec5000-7fb12cec8000 ---p 00000000 00:00 0 
7fb12cec8000-7fb12cfc6000 rw-p 00000000 00:00 0 
7fb12cfc6000-7fb12cfc9000 ---p 00000000 00:00 0 
7fb12cfc9000-7fb12d0c7000 rw-p 00000000 00:00 0 
7fb12d0c7000-7fb12d0ca000 ---p 00000000 00:00 0 
7fb12d0ca000-7fb12d1c8000 rw-p 00000000 00:00 0 
7fb12d1c8000-7fb12d4ee000 r--p 00000000 08:08 2359486                    /usr/lib/locale/locale-archive
7fb12d4ee000-7fb12d4f1000 ---p 00000000 00:00 0 
7fb12d4f1000-7fb12d5ef000 rw-p 00000000 00:00 0 
7fb12d5ef000-7fb12d5f2000 ---p 00000000 00:00 0 
7fb12d5f2000-7fb12d6f0000 rw-p 00000000 00:00 0 
7fb12d6f0000-7fb12d6f1000 ---p 00000000 00:00 0 
7fb12d6f1000-7fb130000000 rw-p 00000000 00:00 0 
7fb130000000-7fb130021000 rw-p 00000000 00:00 0 
7fb130021000-7fb134000000 ---p 00000000 00:00 0 
7fb134000000-7fb134021000 rw-p 00000000 00:00 0 
7fb134021000-7fb138000000 ---p 00000000 00:00 0 
7fb138000000-7fb138021000 rw-p 00000000 00:00 0 
7fb138021000-7fb13c000000 ---p 00000000 00:00 0 
7fb13c000000-7fb13c021000 rw-p 00000000 00:00 0 
7fb13c021000-7fb140000000 ---p 00000000 00:00 0 
7fb140000000-7fb140021000 rw-p 00000000 00:00 0 
7fb140021000-7fb144000000 ---p 00000000 00:00 0 
7fb144000000-7fb144021000 rw-p 00000000 00:00 0 
7fb144021000-7fb148000000 ---p 00000000 00:00 0 
7fb148000000-7fb148021000 rw-p 00000000 00:00 0 
7fb148021000-7fb14c000000 ---p 00000000 00:00 0 
7fb14c000000-7fb14c001000 r--s 00000000 00:2e 5243472                    /home/simon/.m2/repository/org/jogamp/gluegen/gluegen-rt/2.0.2/gluegen-rt-2.0.2-natives-linux-armv6.jar
7fb14c001000-7fb14c002000 r--s 00000000 00:2e 5243470                    /home/simon/.m2/repository/org/jogamp/gluegen/gluegen-rt/2.0.2/gluegen-rt-2.0.2-natives-linux-amd64.jar
7fb14c002000-7fb14c003000 r--s 00001000 00:2e 5243468                    /home/simon/.m2/repository/org/jogamp/gluegen/gluegen-rt/2.0.2/gluegen-rt-2.0.2-natives-android-armv6.jar
7fb14c003000-7fb14c004000 r--s 00000000 00:2e 5243464                    /home/simon/.m2/repository/org/jogamp/gluegen/gluegen-rt-main/2.0.2/gluegen-rt-main-2.0.2.jar
7fb14c004000-7fb14c005000 r--s 00023000 00:2e 5243462                    /home/simon/.m2/repository/org/jogamp/jogl/jogl-all/2.0.2/jogl-all-2.0.2-natives-windows-i586.jar
7fb14c005000-7fb14c006000 r--s 0001f000 00:2e 5243460                    /home/simon/.m2/repository/org/jogamp/jogl/jogl-all/2.0.2/jogl-all-2.0.2-natives-windows-amd64.jar
7fb14c006000-7fb14c007000 r--s 0001c000 00:2e 5243458                    /home/simon/.m2/repository/org/jogamp/jogl/jogl-all/2.0.2/jogl-all-2.0.2-natives-solaris-i586.jar
7fb14c007000-7fb14c008000 r--s 00027000 00:2e 5243456                    /home/simon/.m2/repository/org/jogamp/jogl/jogl-all/2.0.2/jogl-all-2.0.2-natives-solaris-amd64.jar
7fb14c008000-7fb14c029000 rw-p 00000000 00:00 0 
7fb14c029000-7fb14c1f7000 r--s 03beb000 08:08 3945930                    /usr/lib/jvm/java-8-openjdk-amd64/jre/lib/rt.jar
7fb14c1f7000-7fb14fdf7000 rw-p 00000000 00:00 0 
7fb14fdf7000-7fb14fdf8000 ---p 00000000 00:00 0 
7fb14fdf8000-7fb14fef8000 rw-p 00000000 00:00 0 
7fb14fef8000-7fb14fef9000 ---p 00000000 00:00 0 
7fb14fef9000-7fb14fff9000 rw-p 00000000 00:00 0 
7fb14fff9000-7fb14fffa000 ---p 00000000 00:00 0 
7fb14fffa000-7fb1500fa000 rw-p 00000000 00:00 0 
7fb1500fa000-7fb1500fb000 ---p 00000000 00:00 0 
7fb1500fb000-7fb1501fb000 rw-p 00000000 00:00 0 
7fb1501fb000-7fb1501fc000 ---p 00000000 00:00 0 
7fb1501fc000-7fb1502fc000 rw-p 00000000 00:00 0 
7fb1502fc000-7fb1502fd000 ---p 00000000 00:00 0 
7fb1502fd000-7fb1503fd000 rw-p 00000000 00:00 0 
7fb1503fd000-7fb1503fe000 ---p 00000000 00:00 0 
7fb1503fe000-7fb1504fe000 rw-p 00000000 00:00 0 
7fb1504fe000-7fb1504ff000 ---p 00000000 00:00 0 
7fb1504ff000-7fb150627000 rw-p 00000000 00:00 0 
7fb150627000-7fb15087f000 ---p 00000000 00:00 0 
7fb15087f000-7fb1508a7000 rw-p 00000000 00:00 0 
7fb1508a7000-7fb150aff000 ---p 00000000 00:00 0 
7fb150aff000-7fb150c02000 rw-p 00000000 00:00 0 
7fb150c02000-7fb150c3f000 ---p 00000000 00:00 0 
7fb150c3f000-7fb150c4c000 rw-p 00000000 00:00 0 
7fb150c4c000-7fb151000000 ---p 00000000 00:00 0 
7fb151000000-7fb1512d0000 rwxp 00000000 00:00 0 
7fb1512d0000-7fb160000000 ---p 00000000 00:00 0 
7fb160000000-7fb1604b9000 rw-p 00000000 00:00 0 
7fb1604b9000-7fb164000000 ---p 00000000 00:00 0 
7fb164000000-7fb164002000 r--s 00059000 00:2e 5243454                    /home/simon/.m2/repository/org/jogamp/jogl/jogl-all/2.0.2/jogl-all-2.0.2-natives-macosx-universal.jar
7fb164002000-7fb164003000 r--s 0002a000 00:2e 5243452                    /home/simon/.m2/repository/org/jogamp/jogl/jogl-all/2.0.2/jogl-all-2.0.2-natives-linux-i586.jar
7fb164003000-7fb16401e000 r--s 001d7000 08:08 3945970                    /usr/lib/jvm/java-8-openjdk-amd64/jre/lib/ext/nashorn.jar
7fb16401e000-7fb164094000 rw-p 00000000 00:00 0 
7fb164094000-7fb16409c000 r-xp 00000000 08:08 3941773                    /usr/lib/jvm/java-8-openjdk-amd64/jre/lib/amd64/libzip.so
7fb16409c000-7fb16429b000 ---p 00008000 08:08 3941773                    /usr/lib/jvm/java-8-openjdk-amd64/jre/lib/amd64/libzip.so
7fb16429b000-7fb16429c000 r--p 00007000 08:08 3941773                    /usr/lib/jvm/java-8-openjdk-amd64/jre/lib/amd64/libzip.so
7fb16429c000-7fb16429d000 rw-p 00008000 08:08 3941773                    /usr/lib/jvm/java-8-openjdk-amd64/jre/lib/amd64/libzip.so
7fb16429d000-7fb1642a8000 r-xp 00000000 08:08 6291930                    /lib/x86_64-linux-gnu/libnss_files-2.23.so
7fb1642a8000-7fb1644a7000 ---p 0000b000 08:08 6291930                    /lib/x86_64-linux-gnu/libnss_files-2.23.so
7fb1644a7000-7fb1644a8000 r--p 0000a000 08:08 6291930                    /lib/x86_64-linux-gnu/libnss_files-2.23.so
7fb1644a8000-7fb1644a9000 rw-p 0000b000 08:08 6291930                    /lib/x86_64-linux-gnu/libnss_files-2.23.so
7fb1644a9000-7fb1644af000 rw-p 00000000 00:00 0 
7fb1644af000-7fb1644ba000 r-xp 00000000 08:08 6291924                    /lib/x86_64-linux-gnu/libnss_nis-2.23.so
7fb1644ba000-7fb1646b9000 ---p 0000b000 08:08 6291924                    /lib/x86_64-linux-gnu/libnss_nis-2.23.so
7fb1646b9000-7fb1646ba000 r--p 0000a000 08:08 6291924                    /lib/x86_64-linux-gnu/libnss_nis-2.23.so
7fb1646ba000-7fb1646bb000 rw-p 0000b000 08:08 6291924                    /lib/x86_64-linux-gnu/libnss_nis-2.23.so
7fb1646bb000-7fb1646d1000 r-xp 00000000 08:08 6291920                    /lib/x86_64-linux-gnu/libnsl-2.23.so
7fb1646d1000-7fb1648d0000 ---p 00016000 08:08 6291920                    /lib/x86_64-linux-gnu/libnsl-2.23.so
7fb1648d0000-7fb1648d1000 r--p 00015000 08:08 6291920                    /lib/x86_64-linux-gnu/libnsl-2.23.so
7fb1648d1000-7fb1648d2000 rw-p 00016000 08:08 6291920                    /lib/x86_64-linux-gnu/libnsl-2.23.so
7fb1648d2000-7fb1648d4000 rw-p 00000000 00:00 0 
7fb1648d4000-7fb1648dc000 r-xp 00000000 08:08 6291916                    /lib/x86_64-linux-gnu/libnss_compat-2.23.so
7fb1648dc000-7fb164adb000 ---p 00008000 08:08 6291916                    /lib/x86_64-linux-gnu/libnss_compat-2.23.so
7fb164adb000-7fb164adc000 r--p 00007000 08:08 6291916                    /lib/x86_64-linux-gnu/libnss_compat-2.23.so
7fb164adc000-7fb164add000 rw-p 00008000 08:08 6291916                    /lib/x86_64-linux-gnu/libnss_compat-2.23.so
7fb164add000-7fb164b0a000 r-xp 00000000 08:08 3941293                    /usr/lib/jvm/java-8-openjdk-amd64/jre/lib/amd64/libjava.so
7fb164b0a000-7fb164d09000 ---p 0002d000 08:08 3941293                    /usr/lib/jvm/java-8-openjdk-amd64/jre/lib/amd64/libjava.so
7fb164d09000-7fb164d0a000 r--p 0002c000 08:08 3941293                    /usr/lib/jvm/java-8-openjdk-amd64/jre/lib/amd64/libjava.so
7fb164d0a000-7fb164d0c000 rw-p 0002d000 08:08 3941293                    /usr/lib/jvm/java-8-openjdk-amd64/jre/lib/amd64/libjava.so
7fb164d0c000-7fb164d1b000 r-xp 00000000 08:08 3941294                    /usr/lib/jvm/java-8-openjdk-amd64/jre/lib/amd64/libverify.so
7fb164d1b000-7fb164f1a000 ---p 0000f000 08:08 3941294                    /usr/lib/jvm/java-8-openjdk-amd64/jre/lib/amd64/libverify.so
7fb164f1a000-7fb164f1c000 r--p 0000e000 08:08 3941294                    /usr/lib/jvm/java-8-openjdk-amd64/jre/lib/amd64/libverify.so
7fb164f1c000-7fb164f1d000 rw-p 00010000 08:08 3941294                    /usr/lib/jvm/java-8-openjdk-amd64/jre/lib/amd64/libverify.so
7fb164f1d000-7fb164f24000 r-xp 00000000 08:08 6291950                    /lib/x86_64-linux-gnu/librt-2.23.so
7fb164f24000-7fb165123000 ---p 00007000 08:08 6291950                    /lib/x86_64-linux-gnu/librt-2.23.so
7fb165123000-7fb165124000 r--p 00006000 08:08 6291950                    /lib/x86_64-linux-gnu/librt-2.23.so
7fb165124000-7fb165125000 rw-p 00007000 08:08 6291950                    /lib/x86_64-linux-gnu/librt-2.23.so
7fb165125000-7fb16513b000 r-xp 00000000 08:08 6292349                    /lib/x86_64-linux-gnu/libgcc_s.so.1
7fb16513b000-7fb16533a000 ---p 00016000 08:08 6292349                    /lib/x86_64-linux-gnu/libgcc_s.so.1
7fb16533a000-7fb16533b000 rw-p 00015000 08:08 6292349                    /lib/x86_64-linux-gnu/libgcc_s.so.1
7fb16533b000-7fb165443000 r-xp 00000000 08:08 6291944                    /lib/x86_64-linux-gnu/libm-2.23.so
7fb165443000-7fb165642000 ---p 00108000 08:08 6291944                    /lib/x86_64-linux-gnu/libm-2.23.so
7fb165642000-7fb165643000 r--p 00107000 08:08 6291944                    /lib/x86_64-linux-gnu/libm-2.23.so
7fb165643000-7fb165644000 rw-p 00108000 08:08 6291944                    /lib/x86_64-linux-gnu/libm-2.23.so
7fb165644000-7fb1657b6000 r-xp 00000000 08:08 2360049                    /usr/lib/x86_64-linux-gnu/libstdc++.so.6.0.21
7fb1657b6000-7fb1659b6000 ---p 00172000 08:08 2360049                    /usr/lib/x86_64-linux-gnu/libstdc++.so.6.0.21
7fb1659b6000-7fb1659c0000 r--p 00172000 08:08 2360049                    /usr/lib/x86_64-linux-gnu/libstdc++.so.6.0.21
7fb1659c0000-7fb1659c2000 rw-p 0017c000 08:08 2360049                    /usr/lib/x86_64-linux-gnu/libstdc++.so.6.0.21
7fb1659c2000-7fb1659c6000 rw-p 00000000 00:00 0 
7fb1659c6000-7fb16660c000 r-xp 00000000 08:08 3941769                    /usr/lib/jvm/java-8-openjdk-amd64/jre/lib/amd64/server/libjvm.so
7fb16660c000-7fb16680c000 ---p 00c46000 08:08 3941769                    /usr/lib/jvm/java-8-openjdk-amd64/jre/lib/amd64/server/libjvm.so
7fb16680c000-7fb16689f000 r--p 00c46000 08:08 3941769                    /usr/lib/jvm/java-8-openjdk-amd64/jre/lib/amd64/server/libjvm.so
7fb16689f000-7fb1668c7000 rw-p 00cd9000 08:08 3941769                    /usr/lib/jvm/java-8-openjdk-amd64/jre/lib/amd64/server/libjvm.so
7fb1668c7000-7fb1668f7000 rw-p 00000000 00:00 0 
7fb1668f7000-7fb16690f000 r-xp 00000000 08:08 6291957                    /lib/x86_64-linux-gnu/libpthread-2.23.so
7fb16690f000-7fb166b0e000 ---p 00018000 08:08 6291957                    /lib/x86_64-linux-gnu/libpthread-2.23.so
7fb166b0e000-7fb166b0f000 r--p 00017000 08:08 6291957                    /lib/x86_64-linux-gnu/libpthread-2.23.so
7fb166b0f000-7fb166b10000 rw-p 00018000 08:08 6291957                    /lib/x86_64-linux-gnu/libpthread-2.23.so
7fb166b10000-7fb166b14000 rw-p 00000000 00:00 0 
7fb166b14000-7fb166b17000 r-xp 00000000 08:08 6291959                    /lib/x86_64-linux-gnu/libdl-2.23.so
7fb166b17000-7fb166d16000 ---p 00003000 08:08 6291959                    /lib/x86_64-linux-gnu/libdl-2.23.so
7fb166d16000-7fb166d17000 r--p 00002000 08:08 6291959                    /lib/x86_64-linux-gnu/libdl-2.23.so
7fb166d17000-7fb166d18000 rw-p 00003000 08:08 6291959                    /lib/x86_64-linux-gnu/libdl-2.23.so
7fb166d18000-7fb166d31000 r-xp 00000000 08:08 6291533                    /lib/x86_64-linux-gnu/libz.so.1.2.8
7fb166d31000-7fb166f30000 ---p 00019000 08:08 6291533                    /lib/x86_64-linux-gnu/libz.so.1.2.8
7fb166f30000-7fb166f31000 r--p 00018000 08:08 6291533                    /lib/x86_64-linux-gnu/libz.so.1.2.8
7fb166f31000-7fb166f32000 rw-p 00019000 08:08 6291533                    /lib/x86_64-linux-gnu/libz.so.1.2.8
7fb166f32000-7fb1670f1000 r-xp 00000000 08:08 6291958                    /lib/x86_64-linux-gnu/libc-2.23.so
7fb1670f1000-7fb1672f1000 ---p 001bf000 08:08 6291958                    /lib/x86_64-linux-gnu/libc-2.23.so
7fb1672f1000-7fb1672f5000 r--p 001bf000 08:08 6291958                    /lib/x86_64-linux-gnu/libc-2.23.so
7fb1672f5000-7fb1672f7000 rw-p 001c3000 08:08 6291958                    /lib/x86_64-linux-gnu/libc-2.23.so
7fb1672f7000-7fb1672fb000 rw-p 00000000 00:00 0 
7fb1672fb000-7fb167308000 r-xp 00000000 08:08 3945183                    /usr/lib/jvm/java-8-openjdk-amd64/jre/lib/amd64/jli/libjli.so
7fb167308000-7fb167508000 ---p 0000d000 08:08 3945183                    /usr/lib/jvm/java-8-openjdk-amd64/jre/lib/amd64/jli/libjli.so
7fb167508000-7fb167509000 r--p 0000d000 08:08 3945183                    /usr/lib/jvm/java-8-openjdk-amd64/jre/lib/amd64/jli/libjli.so
7fb167509000-7fb16750a000 rw-p 0000e000 08:08 3945183                    /usr/lib/jvm/java-8-openjdk-amd64/jre/lib/amd64/jli/libjli.so
7fb16750a000-7fb167530000 r-xp 00000000 08:08 6291952                    /lib/x86_64-linux-gnu/ld-2.23.so
7fb167530000-7fb167532000 r--s 0001b000 00:2e 5243450                    /home/simon/.m2/repository/org/jogamp/jogl/jogl-all/2.0.2/jogl-all-2.0.2-natives-linux-armv6hf.jar
7fb167532000-7fb167533000 r--s 0001b000 00:2e 5243448                    /home/simon/.m2/repository/org/jogamp/jogl/jogl-all/2.0.2/jogl-all-2.0.2-natives-linux-armv6.jar
7fb167533000-7fb1675fd000 rw-p 00000000 00:00 0 
7fb1675fd000-7fb167600000 ---p 00000000 00:00 0 
7fb167600000-7fb167703000 rw-p 00000000 00:00 0 
7fb167703000-7fb167704000 r--s 0002a000 00:2e 5243446                    /home/simon/.m2/repository/org/jogamp/jogl/jogl-all/2.0.2/jogl-all-2.0.2-natives-linux-amd64.jar
7fb167704000-7fb167705000 r--s 00009000 00:2e 5243444                    /home/simon/.m2/repository/org/jogamp/jogl/jogl-all/2.0.2/jogl-all-2.0.2-natives-android-armv6.jar
7fb167705000-7fb167706000 r--s 00000000 00:2e 5243440                    /home/simon/.m2/repository/org/jogamp/jogl/jogl-all-main/2.0.2/jogl-all-main-2.0.2.jar
7fb167706000-7fb167708000 r--s 00045000 00:2e 5243438                    /home/simon/.m2/repository/java3d/vecmath/1.3.1/vecmath-1.3.1.jar
7fb167708000-7fb16770a000 r--s 00001000 08:08 3946082                    /usr/lib/jvm/java-8-openjdk-amd64/jre/lib/ext/dnsns.jar
7fb16770a000-7fb16770b000 r--s 0000a000 08:08 3946095                    /usr/lib/jvm/java-8-openjdk-amd64/jre/lib/ext/jaccess.jar
7fb16770b000-7fb16770c000 r--s 00010000 08:08 3946097                    /usr/lib/jvm/java-8-openjdk-amd64/jre/lib/ext/zipfs.jar
7fb16770c000-7fb167716000 r--s 00116000 08:08 3968043                    /usr/lib/jvm/java-8-openjdk-amd64/jre/lib/ext/localedata.jar
7fb167716000-7fb167717000 r--s 00008000 08:08 3946093                    /usr/lib/jvm/java-8-openjdk-amd64/jre/lib/ext/sunec.jar
7fb167717000-7fb16771c000 r--s 0003b000 08:08 3946099                    /usr/lib/jvm/java-8-openjdk-amd64/jre/lib/ext/sunjce_provider.jar
7fb16771c000-7fb16771f000 r--s 0000f000 08:08 3946103                    /usr/lib/jvm/java-8-openjdk-amd64/jre/lib/ext/icedtea-sound.jar
7fb16771f000-7fb167723000 r--s 00037000 08:08 3968045                    /usr/lib/jvm/java-8-openjdk-amd64/jre/lib/ext/sunpkcs11.jar
7fb167723000-7fb16772b000 rw-s 00000000 08:08 5244087                    /tmp/hsperfdata_simon/7940
7fb16772b000-7fb16772c000 rw-p 00000000 00:00 0 
7fb16772c000-7fb16772d000 ---p 00000000 00:00 0 
7fb16772d000-7fb16772f000 rw-p 00000000 00:00 0 
7fb16772f000-7fb167730000 r--p 00025000 08:08 6291952                    /lib/x86_64-linux-gnu/ld-2.23.so
7fb167730000-7fb167731000 rw-p 00026000 08:08 6291952                    /lib/x86_64-linux-gnu/ld-2.23.so
7fb167731000-7fb167732000 rw-p 00000000 00:00 0 
7ffc2560c000-7ffc2562e000 rw-p 00000000 00:00 0                          [stack]
7ffc257e1000-7ffc257e3000 r--p 00000000 00:00 0                          [vvar]
7ffc257e3000-7ffc257e5000 r-xp 00000000 00:00 0                          [vdso]
ffffffffff600000-ffffffffff601000 r-xp 00000000 00:00 0                  [vsyscall]

VM Arguments:
jvm_args: -Dfile.encoding=UTF-8 
java_command: assignment3.RasterizerScene
java_class_path (initial): /home/simon/Documents/Computer-Graphics-HS16/simple/target/classes:/home/simon/Documents/Computer-Graphics-HS16/jrtr/target/classes:/home/simon/.m2/repository/java3d/vecmath/1.3.1/vecmath-1.3.1.jar:/home/simon/.m2/repository/org/jogamp/jogl/jogl-all-main/2.0.2/jogl-all-main-2.0.2.jar:/home/simon/.m2/repository/org/jogamp/jogl/jogl-all/2.0.2/jogl-all-2.0.2.jar:/home/simon/.m2/repository/org/jogamp/jogl/jogl-all/2.0.2/jogl-all-2.0.2-natives-android-armv6.jar:/home/simon/.m2/repository/org/jogamp/jogl/jogl-all/2.0.2/jogl-all-2.0.2-natives-linux-amd64.jar:/home/simon/.m2/repository/org/jogamp/jogl/jogl-all/2.0.2/jogl-all-2.0.2-natives-linux-armv6.jar:/home/simon/.m2/repository/org/jogamp/jogl/jogl-all/2.0.2/jogl-all-2.0.2-natives-linux-armv6hf.jar:/home/simon/.m2/repository/org/jogamp/jogl/jogl-all/2.0.2/jogl-all-2.0.2-natives-linux-i586.jar:/home/simon/.m2/repository/org/jogamp/jogl/jogl-all/2.0.2/jogl-all-2.0.2-natives-macosx-universal.jar:/home/simon/.m2/repository/org/jogamp/jogl/jogl-all/2.0.2/jogl-all-2.0.2-natives-solaris-amd64.jar:/home/simon/.m2/repository/org/jogamp/jogl/jogl-all/2.0.2/jogl-all-2.0.2-natives-solaris-i586.jar:/home/simon/.m2/repository/org/jogamp/jogl/jogl-all/2.0.2/jogl-all-2.0.2-natives-windows-amd64.jar:/home/simon/.m2/repository/org/jogamp/jogl/jogl-all/2.0.2/jogl-all-2.0.2-natives-windows-i586.jar:/home/simon/.m2/repository/org/jogamp/gluegen/gluegen-rt-main/2.0.2/gluegen-rt-main-2.0.2.jar:/home/simon/.m2/repository/org/jogamp/gluegen/gluegen-rt/2.0.2/gluegen-rt-2.0.2.jar:/home/simon/.m2/repository/org/jogamp/gluegen/gluegen-rt/2.0.2/gluegen-rt-2.0.2-natives-android-armv6.jar:/home/simon/.m2/repository/org/jogamp/gluegen/gluegen-rt/2.0.2/gluegen-rt-2.0.2-natives-linux-amd64.jar:/home/simon/.m2/repository/org/jogamp/gluegen/gluegen-rt/2.0.2/gluegen-rt-2.0.2-natives-linux-armv6.jar:/home/simon/.m2/repository/org/jogamp/gluegen/gluegen-rt/2.0.2/gluegen-rt-2.0.2-natives-linux-armv6hf.jar:/home/simon/.m2/repository/
Launcher Type: SUN_STANDARD

Environment Variables:
PATH=/usr/local/sbin:/usr/local/bin:/usr/sbin:/usr/bin:/sbin:/bin:/usr/games:/usr/local/games:/opt/apache-maven-3.3.3/bin:/snap/bin:/home/simon/.rvm/bin
SHELL=/bin/bash
DISPLAY=:0

Signal Handlers:
SIGSEGV: [libjvm.so+0xa5e970], sa_mask[0]=11111111011111111101111111111110, sa_flags=SA_RESTART|SA_SIGINFO
SIGBUS: [libjvm.so+0xa5e970], sa_mask[0]=11111111011111111101111111111110, sa_flags=SA_RESTART|SA_SIGINFO
SIGFPE: [libjvm.so+0x8a9ff0], sa_mask[0]=11111111011111111101111111111110, sa_flags=SA_RESTART|SA_SIGINFO
SIGPIPE: [libjvm.so+0x8a9ff0], sa_mask[0]=11111111011111111101111111111110, sa_flags=SA_RESTART|SA_SIGINFO
SIGXFSZ: [libjvm.so+0x8a9ff0], sa_mask[0]=11111111011111111101111111111110, sa_flags=SA_RESTART|SA_SIGINFO
SIGILL: [libjvm.so+0x8a9ff0], sa_mask[0]=11111111011111111101111111111110, sa_flags=SA_RESTART|SA_SIGINFO
SIGUSR1: SIG_DFL, sa_mask[0]=00000000000000000000000000000000, sa_flags=none
SIGUSR2: [libjvm.so+0x8a9ea0], sa_mask[0]=00100000000000000000000000000000, sa_flags=SA_RESTART|SA_SIGINFO
SIGHUP: [libjvm.so+0x8aa370], sa_mask[0]=11111111011111111101111111111110, sa_flags=SA_RESTART|SA_SIGINFO
SIGINT: [libjvm.so+0x8aa370], sa_mask[0]=11111111011111111101111111111110, sa_flags=SA_RESTART|SA_SIGINFO
SIGTERM: [libjvm.so+0x8aa370], sa_mask[0]=11111111011111111101111111111110, sa_flags=SA_RESTART|SA_SIGINFO
SIGQUIT: [libjvm.so+0x8aa370], sa_mask[0]=11111111011111111101111111111110, sa_flags=SA_RESTART|SA_SIGINFO


---------------  S Y S T E M  ---------------

OS:DISTRIB_ID=Ubuntu
DISTRIB_RELEASE=16.04
DISTRIB_CODENAME=xenial
DISTRIB_DESCRIPTION="Ubuntu 16.04.1 LTS"

uname:Linux 4.4.0-45-generic #66-Ubuntu SMP Wed Oct 19 14:12:37 UTC 2016 x86_64
libc:glibc 2.23 NPTL 2.23 
rlimit: STACK 8192k, CORE 0k, NPROC 30542, NOFILE 65536, AS infinity
load average:1.03 1.17 1.24

/proc/meminfo:
MemTotal:        7859440 kB
MemFree:          145648 kB
MemAvailable:      50528 kB
Buffers:             772 kB
Cached:           542920 kB
SwapCached:            0 kB
Active:          7100384 kB
Inactive:         403908 kB
Active(anon):    7078828 kB
Inactive(anon):   382140 kB
Active(file):      21556 kB
Inactive(file):    21768 kB
Unevictable:          48 kB
Mlocked:              48 kB
SwapTotal:             0 kB
SwapFree:              0 kB
Dirty:               436 kB
Writeback:             0 kB
AnonPages:       6960764 kB
Mapped:           273976 kB
Shmem:            502372 kB
Slab:              91588 kB
SReclaimable:      40300 kB
SUnreclaim:        51288 kB
KernelStack:       13264 kB
PageTables:        53272 kB
NFS_Unstable:          0 kB
Bounce:                0 kB
WritebackTmp:          0 kB
CommitLimit:     3929720 kB
Committed_AS:   11748456 kB
VmallocTotal:   34359738367 kB
VmallocUsed:           0 kB
VmallocChunk:          0 kB
HardwareCorrupted:     0 kB
AnonHugePages:   1470464 kB
CmaTotal:              0 kB
CmaFree:               0 kB
HugePages_Total:       0
HugePages_Free:        0
HugePages_Rsvd:        0
HugePages_Surp:        0
Hugepagesize:       2048 kB
DirectMap4k:      131216 kB
DirectMap2M:     6889472 kB
DirectMap1G:     1048576 kB


CPU:total 8 (4 cores per cpu, 2 threads per core) family 6 model 60 stepping 3, cmov, cx8, fxsr, mmx, sse, sse2, sse3, ssse3, sse4.1, sse4.2, popcnt, avx, avx2, aes, clmul, erms, lzcnt, ht, tsc, tscinvbit, bmi1, bmi2

/proc/cpuinfo:
processor	: 0
vendor_id	: GenuineIntel
cpu family	: 6
model		: 60
model name	: Intel(R) Core(TM) i7-4710MQ CPU @ 2.50GHz
stepping	: 3
microcode	: 0x19
cpu MHz		: 3361.035
cache size	: 6144 KB
physical id	: 0
siblings	: 8
core id		: 0
cpu cores	: 4
apicid		: 0
initial apicid	: 0
fpu		: yes
fpu_exception	: yes
cpuid level	: 13
wp		: yes
flags		: fpu vme de pse tsc msr pae mce cx8 apic sep mtrr pge mca cmov pat pse36 clflush dts acpi mmx fxsr sse sse2 ss ht tm pbe syscall nx pdpe1gb rdtscp lm constant_tsc arch_perfmon pebs bts rep_good nopl xtopology nonstop_tsc aperfmperf eagerfpu pni pclmulqdq dtes64 monitor ds_cpl vmx est tm2 ssse3 sdbg fma cx16 xtpr pdcm pcid sse4_1 sse4_2 movbe popcnt tsc_deadline_timer aes xsave avx f16c rdrand lahf_lm abm epb tpr_shadow vnmi flexpriority ept vpid fsgsbase tsc_adjust bmi1 avx2 smep bmi2 erms invpcid xsaveopt dtherm ida arat pln pts
bugs		:
bogomips	: 4988.89
clflush size	: 64
cache_alignment	: 64
address sizes	: 39 bits physical, 48 bits virtual
power management:

processor	: 1
vendor_id	: GenuineIntel
cpu family	: 6
model		: 60
model name	: Intel(R) Core(TM) i7-4710MQ CPU @ 2.50GHz
stepping	: 3
microcode	: 0x19
cpu MHz		: 3307.910
cache size	: 6144 KB
physical id	: 0
siblings	: 8
core id		: 0
cpu cores	: 4
apicid		: 1
initial apicid	: 1
fpu		: yes
fpu_exception	: yes
cpuid level	: 13
wp		: yes
flags		: fpu vme de pse tsc msr pae mce cx8 apic sep mtrr pge mca cmov pat pse36 clflush dts acpi mmx fxsr sse sse2 ss ht tm pbe syscall nx pdpe1gb rdtscp lm constant_tsc arch_perfmon pebs bts rep_good nopl xtopology nonstop_tsc aperfmperf eagerfpu pni pclmulqdq dtes64 monitor ds_cpl vmx est tm2 ssse3 sdbg fma cx16 xtpr pdcm pcid sse4_1 sse4_2 movbe popcnt tsc_deadline_timer aes xsave avx f16c rdrand lahf_lm abm epb tpr_shadow vnmi flexpriority ept vpid fsgsbase tsc_adjust bmi1 avx2 smep bmi2 erms invpcid xsaveopt dtherm ida arat pln pts
bugs		:
bogomips	: 4988.89
clflush size	: 64
cache_alignment	: 64
address sizes	: 39 bits physical, 48 bits virtual
power management:

processor	: 2
vendor_id	: GenuineIntel
cpu family	: 6
model		: 60
model name	: Intel(R) Core(TM) i7-4710MQ CPU @ 2.50GHz
stepping	: 3
microcode	: 0x19
cpu MHz		: 3333.105
cache size	: 6144 KB
physical id	: 0
siblings	: 8
core id		: 1
cpu cores	: 4
apicid		: 2
initial apicid	: 2
fpu		: yes
fpu_exception	: yes
cpuid level	: 13
wp		: yes
flags		: fpu vme de pse tsc msr pae mce cx8 apic sep mtrr pge mca cmov pat pse36 clflush dts acpi mmx fxsr sse sse2 ss ht tm pbe syscall nx pdpe1gb rdtscp lm constant_tsc arch_perfmon pebs bts rep_good nopl xtopology nonstop_tsc aperfmperf eagerfpu pni pclmulqdq dtes64 monitor ds_cpl vmx est tm2 ssse3 sdbg fma cx16 xtpr pdcm pcid sse4_1 sse4_2 movbe popcnt tsc_deadline_timer aes xsave avx f16c rdrand lahf_lm abm epb tpr_shadow vnmi flexpriority ept vpid fsgsbase tsc_adjust bmi1 avx2 smep bmi2 erms invpcid xsaveopt dtherm ida arat pln pts
bugs		:
bogomips	: 4988.89
clflush size	: 64
cache_alignment	: 64
address sizes	: 39 bits physical, 48 bits virtual
power management:

processor	: 3
vendor_id	: GenuineIntel
cpu family	: 6
model		: 60
model name	: Intel(R) Core(TM) i7-4710MQ CPU @ 2.50GHz
stepping	: 3
microcode	: 0x19
cpu MHz		: 3300.292
cache size	: 6144 KB
physical id	: 0
siblings	: 8
core id		: 1
cpu cores	: 4
apicid		: 3
initial apicid	: 3
fpu		: yes
fpu_exception	: yes
cpuid level	: 13
wp		: yes
flags		: fpu vme de pse tsc msr pae mce cx8 apic sep mtrr pge mca cmov pat pse36 clflush dts acpi mmx fxsr sse sse2 ss ht tm pbe syscall nx pdpe1gb rdtscp lm constant_tsc arch_perfmon pebs bts rep_good nopl xtopology nonstop_tsc aperfmperf eagerfpu pni pclmulqdq dtes64 monitor ds_cpl vmx est tm2 ssse3 sdbg fma cx16 xtpr pdcm pcid sse4_1 sse4_2 movbe popcnt tsc_deadline_timer aes xsave avx f16c rdrand lahf_lm abm epb tpr_shadow vnmi flexpriority ept vpid fsgsbase tsc_adjust bmi1 avx2 smep bmi2 erms invpcid xsaveopt dtherm ida arat pln pts
bugs		:
bogomips	: 4988.89
clflush size	: 64
cache_alignment	: 64
address sizes	: 39 bits physical, 48 bits virtual
power management:

processor	: 4
vendor_id	: GenuineIntel
cpu family	: 6
model		: 60
model name	: Intel(R) Core(TM) i7-4710MQ CPU @ 2.50GHz
stepping	: 3
microcode	: 0x19
cpu MHz		: 3292.285
cache size	: 6144 KB
physical id	: 0
siblings	: 8
core id		: 2
cpu cores	: 4
apicid		: 4
initial apicid	: 4
fpu		: yes
fpu_exception	: yes
cpuid level	: 13
wp		: yes
flags		: fpu vme de pse tsc msr pae mce cx8 apic sep mtrr pge mca cmov pat pse36 clflush dts acpi mmx fxsr sse sse2 ss ht tm pbe syscall nx pdpe1gb rdtscp lm constant_tsc arch_perfmon pebs bts rep_good nopl xtopology nonstop_tsc aperfmperf eagerfpu pni pclmulqdq dtes64 monitor ds_cpl vmx est tm2 ssse3 sdbg fma cx16 xtpr pdcm pcid sse4_1 sse4_2 movbe popcnt tsc_deadline_timer aes xsave avx f16c rdrand lahf_lm abm epb tpr_shadow vnmi flexpriority ept vpid fsgsbase tsc_adjust bmi1 avx2 smep bmi2 erms invpcid xsaveopt dtherm ida arat pln pts
bugs		:
bogomips	: 4988.89
clflush size	: 64
cache_alignment	: 64
address sizes	: 39 bits physical, 48 bits virtual
power management:

processor	: 5
vendor_id	: GenuineIntel
cpu family	: 6
model		: 60
model name	: Intel(R) Core(TM) i7-4710MQ CPU @ 2.50GHz
stepping	: 3
microcode	: 0x19
cpu MHz		: 3327.050
cache size	: 6144 KB
physical id	: 0
siblings	: 8
core id		: 2
cpu cores	: 4
apicid		: 5
initial apicid	: 5
fpu		: yes
fpu_exception	: yes
cpuid level	: 13
wp		: yes
flags		: fpu vme de pse tsc msr pae mce cx8 apic sep mtrr pge mca cmov pat pse36 clflush dts acpi mmx fxsr sse sse2 ss ht tm pbe syscall nx pdpe1gb rdtscp lm constant_tsc arch_perfmon pebs bts rep_good nopl xtopology nonstop_tsc aperfmperf eagerfpu pni pclmulqdq dtes64 monitor ds_cpl vmx est tm2 ssse3 sdbg fma cx16 xtpr pdcm pcid sse4_1 sse4_2 movbe popcnt tsc_deadline_timer aes xsave avx f16c rdrand lahf_lm abm epb tpr_shadow vnmi flexpriority ept vpid fsgsbase tsc_adjust bmi1 avx2 smep bmi2 erms invpcid xsaveopt dtherm ida arat pln pts
bugs		:
bogomips	: 4988.89
clflush size	: 64
cache_alignment	: 64
address sizes	: 39 bits physical, 48 bits virtual
power management:

processor	: 6
vendor_id	: GenuineIntel
cpu family	: 6
model		: 60
model name	: Intel(R) Core(TM) i7-4710MQ CPU @ 2.50GHz
stepping	: 3
microcode	: 0x19
cpu MHz		: 3355.273
cache size	: 6144 KB
physical id	: 0
siblings	: 8
core id		: 3
cpu cores	: 4
apicid		: 6
initial apicid	: 6
fpu		: yes
fpu_exception	: yes
cpuid level	: 13
wp		: yes
flags		: fpu vme de pse tsc msr pae mce cx8 apic sep mtrr pge mca cmov pat pse36 clflush dts acpi mmx fxsr sse sse2 ss ht tm pbe syscall nx pdpe1gb rdtscp lm constant_tsc arch_perfmon pebs bts rep_good nopl xtopology nonstop_tsc aperfmperf eagerfpu pni pclmulqdq dtes64 monitor ds_cpl vmx est tm2 ssse3 sdbg fma cx16 xtpr pdcm pcid sse4_1 sse4_2 movbe popcnt tsc_deadline_timer aes xsave avx f16c rdrand lahf_lm abm epb tpr_shadow vnmi flexpriority ept vpid fsgsbase tsc_adjust bmi1 avx2 smep bmi2 erms invpcid xsaveopt dtherm ida arat pln pts
bugs		:
bogomips	: 4988.89
clflush size	: 64
cache_alignment	: 64
address sizes	: 39 bits physical, 48 bits virtual
power management:

processor	: 7
vendor_id	: GenuineIntel
cpu family	: 6
model		: 60
model name	: Intel(R) Core(TM) i7-4710MQ CPU @ 2.50GHz
stepping	: 3
microcode	: 0x19
cpu MHz		: 3339.941
cache size	: 6144 KB
physical id	: 0
siblings	: 8
core id		: 3
cpu cores	: 4
apicid		: 7
initial apicid	: 7
fpu		: yes
fpu_exception	: yes
cpuid level	: 13
wp		: yes
flags		: fpu vme de pse tsc msr pae mce cx8 apic sep mtrr pge mca cmov pat pse36 clflush dts acpi mmx fxsr sse sse2 ss ht tm pbe syscall nx pdpe1gb rdtscp lm constant_tsc arch_perfmon pebs bts rep_good nopl xtopology nonstop_tsc aperfmperf eagerfpu pni pclmulqdq dtes64 monitor ds_cpl vmx est tm2 ssse3 sdbg fma cx16 xtpr pdcm pcid sse4_1 sse4_2 movbe popcnt tsc_deadline_timer aes xsave avx f16c rdrand lahf_lm abm epb tpr_shadow vnmi flexpriority ept vpid fsgsbase tsc_adjust bmi1 avx2 smep bmi2 erms invpcid xsaveopt dtherm ida arat pln pts
bugs		:
bogomips	: 4988.89
clflush size	: 64
cache_alignment	: 64
address sizes	: 39 bits physical, 48 bits virtual
power management:



Memory: 4k page, physical 7859440k(145648k free), swap 0k(0k free)

vm_info: OpenJDK 64-Bit Server VM (25.91-b14) for linux-amd64 JRE (1.8.0_91-8u91-b14-3ubuntu1~16.04.1-b14), built on Jul 21 2016 04:13:34 by "buildd" with gcc 5.3.1 20160413

time: Wed Nov  2 16:07:57 2016
elapsed time: 3 seconds (0d 0h 0m 3s)

