#
# There is insufficient memory for the Java Runtime Environment to continue.
# Native memory allocation (mmap) failed to map 252706816 bytes for committing reserved memory.
# Possible reasons:
#   The system is out of physical RAM or swap space
#   In 32 bit mode, the process size limit was hit
# Possible solutions:
#   Reduce memory load on the system
#   Increase physical memory or swap space
#   Check if swap backing store is full
#   Use 64 bit Java on a 64 bit OS
#   Decrease Java heap size (-Xmx/-Xms)
#   Decrease number of Java threads
#   Decrease Java thread stack sizes (-Xss)
#   Set larger code cache with -XX:ReservedCodeCacheSize=
# This output file may be truncated or incomplete.
#
#  Out of Memory Error (os_linux.cpp:2630), pid=3412, tid=140341488936704
#
# JRE version: OpenJDK Runtime Environment (8.0_91-b14) (build 1.8.0_91-8u91-b14-3ubuntu1~16.04.1-b14)
# Java VM: OpenJDK 64-Bit Server VM (25.91-b14 mixed mode linux-amd64 compressed oops)
# Failed to write core dump. Core dumps have been disabled. To enable core dumping, try "ulimit -c unlimited" before starting Java again
#

---------------  T H R E A D  ---------------

Current thread (0x00007fa3e0080800):  VMThread [stack: 0x00007fa3cc886000,0x00007fa3cc987000] [id=3427]

Stack: [0x00007fa3cc886000,0x00007fa3cc987000],  sp=0x00007fa3cc9854c0,  free space=1021k
Native frames: (J=compiled Java code, j=interpreted, Vv=VM code, C=native code)
V  [libjvm.so+0xa5de1b]
V  [libjvm.so+0x4c178c]
V  [libjvm.so+0x8ae9d0]
V  [libjvm.so+0x8a8e4e]
V  [libjvm.so+0x922f46]
V  [libjvm.so+0x924273]
V  [libjvm.so+0x920923]
V  [libjvm.so+0x920bec]
V  [libjvm.so+0x8d3263]
V  [libjvm.so+0xa5fad2]
V  [libjvm.so+0xa64b57]
V  [libjvm.so+0xa62327]
V  [libjvm.so+0xa637af]
V  [libjvm.so+0xa63ca1]
V  [libjvm.so+0x8abeb2]

VM_Operation (0x00007fa3acf42520): ParallelGCFailedAllocation, mode: safepoint, requested by thread 0x00007fa3e03f6000


---------------  P R O C E S S  ---------------

Java Threads: ( => current thread )
  0x00007fa3e000b000 JavaThread "DestroyJavaVM" [_thread_blocked, id=3418, stack(0x00007fa3e6b8c000,0x00007fa3e6c8d000)]
  0x00007fa3e03f6000 JavaThread "AWT-EventQueue-0" [_thread_blocked, id=3440, stack(0x00007fa3ace45000,0x00007fa3acf46000)]
  0x00007fa3e03ed800 JavaThread "AWT-Shutdown" [_thread_blocked, id=3439, stack(0x00007fa3acf46000,0x00007fa3ad047000)]
  0x00007fa3e0286800 JavaThread "AWT-XAWT" daemon [_thread_blocked, id=3438, stack(0x00007fa3adb07000,0x00007fa3adc08000)]
  0x00007fa3e0268000 JavaThread "Java2D Disposer" daemon [_thread_blocked, id=3437, stack(0x00007fa3ae018000,0x00007fa3ae119000)]
  0x00007fa3e00cd800 JavaThread "Service Thread" daemon [_thread_blocked, id=3435, stack(0x00007fa3bc0fd000,0x00007fa3bc1fe000)]
  0x00007fa3e00c0800 JavaThread "C1 CompilerThread3" daemon [_thread_blocked, id=3434, stack(0x00007fa3bc1fe000,0x00007fa3bc2ff000)]
  0x00007fa3e00bc000 JavaThread "C2 CompilerThread2" daemon [_thread_blocked, id=3433, stack(0x00007fa3bc2ff000,0x00007fa3bc400000)]
  0x00007fa3e00ba000 JavaThread "C2 CompilerThread1" daemon [_thread_blocked, id=3432, stack(0x00007fa3cc05b000,0x00007fa3cc15c000)]
  0x00007fa3e00b7800 JavaThread "C2 CompilerThread0" daemon [_thread_blocked, id=3431, stack(0x00007fa3cc15c000,0x00007fa3cc25d000)]
  0x00007fa3e00b5000 JavaThread "Signal Dispatcher" daemon [_thread_blocked, id=3430, stack(0x00007fa3cc25d000,0x00007fa3cc35e000)]
  0x00007fa3e008d000 JavaThread "Finalizer" daemon [_thread_blocked, id=3429, stack(0x00007fa3cc684000,0x00007fa3cc785000)]
  0x00007fa3e0088000 JavaThread "Reference Handler" daemon [_thread_blocked, id=3428, stack(0x00007fa3cc785000,0x00007fa3cc886000)]

Other Threads:
=>0x00007fa3e0080800 VMThread [stack: 0x00007fa3cc886000,0x00007fa3cc987000] [id=3427]
  0x00007fa3e00d0000 WatcherThread [stack: 0x00007fa3afeff000,0x00007fa3b0000000] [id=3436]

VM state:at safepoint (normal execution)

VM Mutex/Monitor currently owned by a thread:  ([mutex/lock_event])
[0x00007fa3e0007540] Threads_lock - owner thread: 0x00007fa3e0080800
[0x00007fa3e0007a40] Heap_lock - owner thread: 0x00007fa3e03f6000

Heap:
 PSYoungGen      total 261120K, used 14261K [0x00000000d8000000, 0x00000000e9000000, 0x0000000100000000)
  eden space 244736K, 0% used [0x00000000d8000000,0x00000000d8000000,0x00000000e6f00000)
  from space 16384K, 87% used [0x00000000e6f00000,0x00000000e7ced470,0x00000000e7f00000)
  to   space 15360K, 0% used [0x00000000e7f00000,0x00000000e7f00000,0x00000000e8e00000)
 ParOldGen       total 81920K, used 33202K [0x0000000088000000, 0x000000008d000000, 0x00000000d8000000)
  object space 81920K, 40% used [0x0000000088000000,0x000000008a06c8d8,0x000000008d000000)
 Metaspace       used 10089K, capacity 10304K, committed 10496K, reserved 1058816K
  class space    used 1085K, capacity 1157K, committed 1280K, reserved 1048576K

Card table byte_map: [0x00007fa3cfe36000,0x00007fa3d01f7000] byte_map_base: 0x00007fa3cf9f6000

Marking Bits: (ParMarkBitMap*) 0x00007fa3e5e69fc0
 Begin Bits: [0x00007fa3bc400000, 0x00007fa3be200000)
 End Bits:   [0x00007fa3be200000, 0x00007fa3c0000000)

Polling page: 0x00007fa3e6cbb000

CodeCache: size=245760Kb used=2934Kb max_used=2934Kb free=242826Kb
 bounds [0x00007fa3d05b7000, 0x00007fa3d0897000, 0x00007fa3df5b7000]
 total_blobs=1143 nmethods=637 adapters=421
 compilation: enabled

Compilation events (10 events):
Event: 2.586 Thread 0x00007fa3e00c0800  633       3       java.awt.image.Raster::getNumDataElements (8 bytes)
Event: 2.586 Thread 0x00007fa3e00c0800 nmethod 633 0x00007fa3d0894690 code [0x00007fa3d0894800, 0x00007fa3d0894a28]
Event: 2.594 Thread 0x00007fa3e00c0800  634       3       java.lang.Math::min (46 bytes)
Event: 2.595 Thread 0x00007fa3e00c0800 nmethod 634 0x00007fa3d0894ad0 code [0x00007fa3d0894c40, 0x00007fa3d0894f90]
Event: 2.676 Thread 0x00007fa3e00c0800  635       3       java.awt.GraphicsEnvironment::isHeadless (4 bytes)
Event: 2.679 Thread 0x00007fa3e00c0800 nmethod 635 0x00007fa3d0895010 code [0x00007fa3d08951c0, 0x00007fa3d08956e8]
Event: 2.679 Thread 0x00007fa3e00c0800  637       3       javax.vecmath.Quat4d::mul (183 bytes)
Event: 2.679 Thread 0x00007fa3e00c0800 nmethod 637 0x00007fa3d0895850 code [0x00007fa3d08959c0, 0x00007fa3d0895bf0]
Event: 2.679 Thread 0x00007fa3e00c0800  636       3       java.awt.GraphicsEnvironment::getHeadlessProperty (22 bytes)
Event: 2.679 Thread 0x00007fa3e00c0800 nmethod 636 0x00007fa3d0895cd0 code [0x00007fa3d0895e60, 0x00007fa3d0896328]

GC Heap History (10 events):
Event: 0.610 GC heap after
Heap after GC invocations=2 (full 0):
 PSYoungGen      total 66560K, used 5098K [0x00000000d8000000, 0x00000000dc600000, 0x0000000100000000)
  eden space 61440K, 0% used [0x00000000d8000000,0x00000000d8000000,0x00000000dbc00000)
  from space 5120K, 99% used [0x00000000dc100000,0x00000000dc5fa980,0x00000000dc600000)
  to   space 5120K, 0% used [0x00000000dbc00000,0x00000000dbc00000,0x00000000dc100000)
 ParOldGen       total 81920K, used 13471K [0x0000000088000000, 0x000000008d000000, 0x00000000d8000000)
  object space 81920K, 16% used [0x0000000088000000,0x0000000088d27d60,0x000000008d000000)
 Metaspace       used 9748K, capacity 9884K, committed 10112K, reserved 1058816K
  class space    used 1050K, capacity 1125K, committed 1152K, reserved 1048576K
}
Event: 1.573 GC heap before
{Heap before GC invocations=3 (full 0):
 PSYoungGen      total 66560K, used 66538K [0x00000000d8000000, 0x00000000dc600000, 0x0000000100000000)
  eden space 61440K, 100% used [0x00000000d8000000,0x00000000dbc00000,0x00000000dbc00000)
  from space 5120K, 99% used [0x00000000dc100000,0x00000000dc5fa980,0x00000000dc600000)
  to   space 5120K, 0% used [0x00000000dbc00000,0x00000000dbc00000,0x00000000dc100000)
 ParOldGen       total 81920K, used 13471K [0x0000000088000000, 0x000000008d000000, 0x00000000d8000000)
  object space 81920K, 16% used [0x0000000088000000,0x0000000088d27d60,0x000000008d000000)
 Metaspace       used 10051K, capacity 10236K, committed 10496K, reserved 1058816K
  class space    used 1085K, capacity 1157K, committed 1280K, reserved 1048576K
Event: 1.611 GC heap after
Heap after GC invocations=3 (full 0):
 PSYoungGen      total 66560K, used 5098K [0x00000000d8000000, 0x00000000e0200000, 0x0000000100000000)
  eden space 61440K, 0% used [0x00000000d8000000,0x00000000d8000000,0x00000000dbc00000)
  from space 5120K, 99% used [0x00000000dbc00000,0x00000000dc0fa980,0x00000000dc100000)
  to   space 5120K, 0% used [0x00000000dfd00000,0x00000000dfd00000,0x00000000e0200000)
 ParOldGen       total 81920K, used 20313K [0x0000000088000000, 0x000000008d000000, 0x00000000d8000000)
  object space 81920K, 24% used [0x0000000088000000,0x00000000893d6530,0x000000008d000000)
 Metaspace       used 10051K, capacity 10236K, committed 10496K, reserved 1058816K
  class space    used 1085K, capacity 1157K, committed 1280K, reserved 1048576K
}
Event: 1.744 GC heap before
{Heap before GC invocations=4 (full 0):
 PSYoungGen      total 66560K, used 65807K [0x00000000d8000000, 0x00000000e0200000, 0x0000000100000000)
  eden space 61440K, 98% used [0x00000000d8000000,0x00000000dbb493a0,0x00000000dbc00000)
  from space 5120K, 99% used [0x00000000dbc00000,0x00000000dc0fa980,0x00000000dc100000)
  to   space 5120K, 0% used [0x00000000dfd00000,0x00000000dfd00000,0x00000000e0200000)
 ParOldGen       total 81920K, used 20313K [0x0000000088000000, 0x000000008d000000, 0x00000000d8000000)
  object space 81920K, 24% used [0x0000000088000000,0x00000000893d6530,0x000000008d000000)
 Metaspace       used 10062K, capacity 10236K, committed 10496K, reserved 1058816K
  class space    used 1085K, capacity 1157K, committed 1280K, reserved 1048576K
Event: 1.751 GC heap after
Heap after GC invocations=4 (full 0):
 PSYoungGen      total 128000K, used 4266K [0x00000000d8000000, 0x00000000e0200000, 0x0000000100000000)
  eden space 122880K, 0% used [0x00000000d8000000,0x00000000d8000000,0x00000000df800000)
  from space 5120K, 83% used [0x00000000dfd00000,0x00000000e012a980,0x00000000e0200000)
  to   space 5120K, 0% used [0x00000000df800000,0x00000000df800000,0x00000000dfd00000)
 ParOldGen       total 81920K, used 26180K [0x0000000088000000, 0x000000008d000000, 0x00000000d8000000)
  object space 81920K, 31% used [0x0000000088000000,0x00000000899912d0,0x000000008d000000)
 Metaspace       used 10062K, capacity 10236K, committed 10496K, reserved 1058816K
  class space    used 1085K, capacity 1157K, committed 1280K, reserved 1048576K
}
Event: 1.981 GC heap before
{Heap before GC invocations=5 (full 0):
 PSYoungGen      total 128000K, used 127146K [0x00000000d8000000, 0x00000000e0200000, 0x0000000100000000)
  eden space 122880K, 100% used [0x00000000d8000000,0x00000000df800000,0x00000000df800000)
  from space 5120K, 83% used [0x00000000dfd00000,0x00000000e012a980,0x00000000e0200000)
  to   space 5120K, 0% used [0x00000000df800000,0x00000000df800000,0x00000000dfd00000)
 ParOldGen       total 81920K, used 26180K [0x0000000088000000, 0x000000008d000000, 0x00000000d8000000)
  object space 81920K, 31% used [0x0000000088000000,0x00000000899912d0,0x000000008d000000)
 Metaspace       used 10066K, capacity 10236K, committed 10496K, reserved 1058816K
  class space    used 1085K, capacity 1157K, committed 1280K, reserved 1048576K
Event: 1.987 GC heap after
Heap after GC invocations=5 (full 0):
 PSYoungGen      total 128000K, used 4216K [0x00000000d8000000, 0x00000000e8e00000, 0x0000000100000000)
  eden space 122880K, 0% used [0x00000000d8000000,0x00000000d8000000,0x00000000df800000)
  from space 5120K, 82% used [0x00000000df800000,0x00000000dfc1e160,0x00000000dfd00000)
  to   space 15360K, 0% used [0x00000000e7f00000,0x00000000e7f00000,0x00000000e8e00000)
 ParOldGen       total 81920K, used 32048K [0x0000000088000000, 0x000000008d000000, 0x00000000d8000000)
  object space 81920K, 39% used [0x0000000088000000,0x0000000089f4c070,0x000000008d000000)
 Metaspace       used 10066K, capacity 10236K, committed 10496K, reserved 1058816K
  class space    used 1085K, capacity 1157K, committed 1280K, reserved 1048576K
}
Event: 2.186 GC heap before
{Heap before GC invocations=6 (full 0):
 PSYoungGen      total 128000K, used 127096K [0x00000000d8000000, 0x00000000e8e00000, 0x0000000100000000)
  eden space 122880K, 100% used [0x00000000d8000000,0x00000000df800000,0x00000000df800000)
  from space 5120K, 82% used [0x00000000df800000,0x00000000dfc1e160,0x00000000dfd00000)
  to   space 15360K, 0% used [0x00000000e7f00000,0x00000000e7f00000,0x00000000e8e00000)
 ParOldGen       total 81920K, used 32048K [0x0000000088000000, 0x000000008d000000, 0x00000000d8000000)
  object space 81920K, 39% used [0x0000000088000000,0x0000000089f4c070,0x000000008d000000)
 Metaspace       used 10070K, capacity 10236K, committed 10496K, reserved 1058816K
  class space    used 1085K, capacity 1157K, committed 1280K, reserved 1048576K
Event: 2.193 GC heap after
Heap after GC invocations=6 (full 0):
 PSYoungGen      total 260096K, used 12475K [0x00000000d8000000, 0x00000000e9000000, 0x0000000100000000)
  eden space 244736K, 0% used [0x00000000d8000000,0x00000000d8000000,0x00000000e6f00000)
  from space 15360K, 81% used [0x00000000e7f00000,0x00000000e8b2ef00,0x00000000e8e00000)
  to   space 16384K, 0% used [0x00000000e6f00000,0x00000000e6f00000,0x00000000e7f00000)
 ParOldGen       total 81920K, used 32048K [0x0000000088000000, 0x000000008d000000, 0x00000000d8000000)
  object space 81920K, 39% used [0x0000000088000000,0x0000000089f4c070,0x000000008d000000)
 Metaspace       used 10070K, capacity 10236K, committed 10496K, reserved 1058816K
  class space    used 1085K, capacity 1157K, committed 1280K, reserved 1048576K
}
Event: 2.683 GC heap before
{Heap before GC invocations=7 (full 0):
 PSYoungGen      total 260096K, used 257211K [0x00000000d8000000, 0x00000000e9000000, 0x0000000100000000)
  eden space 244736K, 100% used [0x00000000d8000000,0x00000000e6f00000,0x00000000e6f00000)
  from space 15360K, 81% used [0x00000000e7f00000,0x00000000e8b2ef00,0x00000000e8e00000)
  to   space 16384K, 0% used [0x00000000e6f00000,0x00000000e6f00000,0x00000000e7f00000)
 ParOldGen       total 81920K, used 32048K [0x0000000088000000, 0x000000008d000000, 0x00000000d8000000)
  object space 81920K, 39% used [0x0000000088000000,0x0000000089f4c070,0x000000008d000000)
 Metaspace       used 10089K, capacity 10304K, committed 10496K, reserved 1058816K
  class space    used 1085K, capacity 1157K, committed 1280K, reserved 1048576K

Deoptimization events (7 events):
Event: 0.365 Thread 0x00007fa3e000b000 Uncommon trap: reason=unstable_if action=reinterpret pc=0x00007fa3d07984f0 method=sun.awt.image.ByteInterleavedRaster.putByteData(IIII[B)V @ 395
Event: 0.567 Thread 0x00007fa3e03f6000 Uncommon trap: reason=unstable_if action=reinterpret pc=0x00007fa3d080bc94 method=jrtr.swrenderer.SWRenderContext.drawPixel(IILjavax/vecmath/Matrix3f;[[F[[F[[D)V @ 61
Event: 0.567 Thread 0x00007fa3e03f6000 Uncommon trap: reason=unstable_if action=reinterpret pc=0x00007fa3d080fbb8 method=jrtr.swrenderer.SWRenderContext.rasterizeTriangle([[F[[F[[F[[F[[D)V @ 288
Event: 1.453 Thread 0x00007fa3e03f6000 Uncommon trap: reason=unreached action=reinterpret pc=0x00007fa3d07f4cc8 method=jrtr.swrenderer.SWRenderContext.draw(Ljrtr/RenderItem;)V @ 947
Event: 1.453 Thread 0x00007fa3e03f6000 Uncommon trap: reason=unstable_if action=reinterpret pc=0x00007fa3d080ad04 method=java.awt.image.ComponentColorModel.getDataElements(ILjava/lang/Object;)Ljava/lang/Object; @ 30
Event: 1.573 Thread 0x00007fa3e03f6000 Uncommon trap: reason=unstable_if action=reinterpret pc=0x00007fa3d0845b20 method=jrtr.swrenderer.SWRenderContext.getBilinearInterpolationColor(DD)I @ 36
Event: 1.573 Thread 0x00007fa3e03f6000 Uncommon trap: reason=unstable_if action=reinterpret pc=0x00007fa3d081c1c0 method=jrtr.swrenderer.SWRenderContext.getBilinearInterpolationColor(DD)I @ 36

Internal exceptions (10 events):
Event: 0.113 Thread 0x00007fa3e000b000 Exception <a 'java/security/PrivilegedActionException'> (0x00000000d81756d0) thrown at [/build/openjdk-8-W1Ghxo/openjdk-8-8u91-b14/src/hotspot/src/share/vm/prims/jvm.cpp, line 1386]
Event: 0.113 Thread 0x00007fa3e000b000 Exception <a 'java/security/PrivilegedActionException'> (0x00000000d81758e0) thrown at [/build/openjdk-8-W1Ghxo/openjdk-8-8u91-b14/src/hotspot/src/share/vm/prims/jvm.cpp, line 1386]
Event: 0.114 Thread 0x00007fa3e000b000 Exception <a 'java/security/PrivilegedActionException'> (0x00000000d81763b0) thrown at [/build/openjdk-8-W1Ghxo/openjdk-8-8u91-b14/src/hotspot/src/share/vm/prims/jvm.cpp, line 1386]
Event: 0.114 Thread 0x00007fa3e000b000 Exception <a 'java/security/PrivilegedActionException'> (0x00000000d81765c0) thrown at [/build/openjdk-8-W1Ghxo/openjdk-8-8u91-b14/src/hotspot/src/share/vm/prims/jvm.cpp, line 1386]
Event: 0.150 Thread 0x00007fa3e000b000 Exception <a 'java/lang/NoSuchFieldError': method resolution failed> (0x00000000d8243540) thrown at [/build/openjdk-8-W1Ghxo/openjdk-8-8u91-b14/src/hotspot/src/share/vm/prims/methodHandles.cpp, line 1146]
Event: 0.151 Thread 0x00007fa3e000b000 Exception <a 'java/lang/NoSuchFieldError': method resolution failed> (0x00000000d8250d40) thrown at [/build/openjdk-8-W1Ghxo/openjdk-8-8u91-b14/src/hotspot/src/share/vm/prims/methodHandles.cpp, line 1146]
Event: 0.170 Thread 0x00007fa3e000b000 Exception <a 'java/io/FileNotFoundException'> (0x00000000d82d0a38) thrown at [/build/openjdk-8-W1Ghxo/openjdk-8-8u91-b14/src/hotspot/src/share/vm/prims/jni.cpp, line 709]
Event: 0.170 Thread 0x00007fa3e000b000 Exception <a 'java/io/FileNotFoundException'> (0x00000000d82d1450) thrown at [/build/openjdk-8-W1Ghxo/openjdk-8-8u91-b14/src/hotspot/src/share/vm/prims/jni.cpp, line 709]
Event: 0.200 Thread 0x00007fa3e000b000 Exception <a 'java/lang/ClassNotFoundException': sun/dc/DuctusRenderingEngine> (0x00000000d82fcd80) thrown at [/build/openjdk-8-W1Ghxo/openjdk-8-8u91-b14/src/hotspot/src/share/vm/classfile/systemDictionary.cpp, line 210]
Event: 0.705 Thread 0x00007fa3e03f6000 Exception <a 'java/lang/UnsupportedOperationException': > (0x00000000d84c2a88) thrown at [/build/openjdk-8-W1Ghxo/openjdk-8-8u91-b14/src/hotspot/src/share/vm/prims/jni.cpp, line 735]

Events (10 events):
Event: 1.611 Executing VM operation: ParallelGCFailedAllocation done
Event: 1.662 Thread 0x00007fa3e03f6000 DEOPT PACKING pc=0x00007fa3d08652ec sp=0x00007fa3acf42620
Event: 1.662 Thread 0x00007fa3e03f6000 DEOPT UNPACKING pc=0x00007fa3d05fe373 sp=0x00007fa3acf42388 mode 0
Event: 1.744 Executing VM operation: ParallelGCFailedAllocation
Event: 1.751 Executing VM operation: ParallelGCFailedAllocation done
Event: 1.980 Executing VM operation: ParallelGCFailedAllocation
Event: 1.987 Executing VM operation: ParallelGCFailedAllocation done
Event: 2.185 Executing VM operation: ParallelGCFailedAllocation
Event: 2.193 Executing VM operation: ParallelGCFailedAllocation done
Event: 2.683 Executing VM operation: ParallelGCFailedAllocation


Dynamic libraries:
00400000-00401000 r-xp 00000000 08:08 3940258                            /usr/lib/jvm/java-8-openjdk-amd64/jre/bin/java
00600000-00601000 r--p 00000000 08:08 3940258                            /usr/lib/jvm/java-8-openjdk-amd64/jre/bin/java
00601000-00602000 rw-p 00001000 08:08 3940258                            /usr/lib/jvm/java-8-openjdk-amd64/jre/bin/java
02229000-0224a000 rw-p 00000000 00:00 0                                  [heap]
88000000-8d000000 rw-p 00000000 00:00 0 
8d000000-d8000000 ---p 00000000 00:00 0 
d8000000-e9000000 rw-p 00000000 00:00 0 
f8100000-100000000 ---p 00000000 00:00 0 
100000000-100140000 rw-p 00000000 00:00 0 
100140000-140000000 ---p 00000000 00:00 0 
7fa368000000-7fa368109000 rw-p 00000000 00:00 0 
7fa368109000-7fa36c000000 ---p 00000000 00:00 0 
7fa370000000-7fa370021000 rw-p 00000000 00:00 0 
7fa370021000-7fa374000000 ---p 00000000 00:00 0 
7fa374000000-7fa374021000 rw-p 00000000 00:00 0 
7fa374021000-7fa378000000 ---p 00000000 00:00 0 
7fa378000000-7fa378021000 rw-p 00000000 00:00 0 
7fa378021000-7fa37c000000 ---p 00000000 00:00 0 
7fa37c000000-7fa37c021000 rw-p 00000000 00:00 0 
7fa37c021000-7fa380000000 ---p 00000000 00:00 0 
7fa380000000-7fa380326000 rw-p 00000000 00:00 0 
7fa380326000-7fa384000000 ---p 00000000 00:00 0 
7fa384000000-7fa384021000 rw-p 00000000 00:00 0 
7fa384021000-7fa388000000 ---p 00000000 00:00 0 
7fa388000000-7fa388baa000 rw-p 00000000 00:00 0 
7fa388baa000-7fa38c000000 ---p 00000000 00:00 0 
7fa38c000000-7fa38c666000 rw-p 00000000 00:00 0 
7fa38c666000-7fa390000000 ---p 00000000 00:00 0 
7fa390000000-7fa390021000 rw-p 00000000 00:00 0 
7fa390021000-7fa394000000 ---p 00000000 00:00 0 
7fa394000000-7fa394543000 rw-p 00000000 00:00 0 
7fa394543000-7fa398000000 ---p 00000000 00:00 0 
7fa398000000-7fa398021000 rw-p 00000000 00:00 0 
7fa398021000-7fa39c000000 ---p 00000000 00:00 0 
7fa39c000000-7fa39c021000 rw-p 00000000 00:00 0 
7fa39c021000-7fa3a0000000 ---p 00000000 00:00 0 
7fa3a0000000-7fa3a0021000 rw-p 00000000 00:00 0 
7fa3a0021000-7fa3a4000000 ---p 00000000 00:00 0 
7fa3a4000000-7fa3a4021000 rw-p 00000000 00:00 0 
7fa3a4021000-7fa3a8000000 ---p 00000000 00:00 0 
7fa3a8000000-7fa3a8021000 rw-p 00000000 00:00 0 
7fa3a8021000-7fa3ac000000 ---p 00000000 00:00 0 
7fa3aca74000-7fa3ace45000 rw-s 00000000 00:05 3473439                    /SYSV00000000 (deleted)
7fa3ace45000-7fa3ace48000 ---p 00000000 00:00 0 
7fa3ace48000-7fa3acf46000 rw-p 00000000 00:00 0 
7fa3acf46000-7fa3acf49000 ---p 00000000 00:00 0 
7fa3acf49000-7fa3ad147000 rw-p 00000000 00:00 0 
7fa3ad147000-7fa3ad247000 ---p 00000000 00:00 0 
7fa3ad247000-7fa3ad299000 r-xp 00000000 08:08 2360888                    /usr/lib/x86_64-linux-gnu/liblcms2.so.2.0.6
7fa3ad299000-7fa3ad498000 ---p 00052000 08:08 2360888                    /usr/lib/x86_64-linux-gnu/liblcms2.so.2.0.6
7fa3ad498000-7fa3ad499000 r--p 00051000 08:08 2360888                    /usr/lib/x86_64-linux-gnu/liblcms2.so.2.0.6
7fa3ad499000-7fa3ad49d000 rw-p 00052000 08:08 2360888                    /usr/lib/x86_64-linux-gnu/liblcms2.so.2.0.6
7fa3ad49d000-7fa3ad49e000 rw-p 00000000 00:00 0 
7fa3ad49e000-7fa3ad4a2000 r-xp 00000000 08:08 3941435                    /usr/lib/jvm/java-8-openjdk-amd64/jre/lib/amd64/libjavalcms.so
7fa3ad4a2000-7fa3ad6a1000 ---p 00004000 08:08 3941435                    /usr/lib/jvm/java-8-openjdk-amd64/jre/lib/amd64/libjavalcms.so
7fa3ad6a1000-7fa3ad6a2000 r--p 00003000 08:08 3941435                    /usr/lib/jvm/java-8-openjdk-amd64/jre/lib/amd64/libjavalcms.so
7fa3ad6a2000-7fa3ad6a3000 rw-p 00004000 08:08 3941435                    /usr/lib/jvm/java-8-openjdk-amd64/jre/lib/amd64/libjavalcms.so
7fa3ad6a3000-7fa3ad6fa000 r-xp 00000000 08:08 2365083                    /usr/lib/x86_64-linux-gnu/libjpeg.so.8.0.2
7fa3ad6fa000-7fa3ad8fa000 ---p 00057000 08:08 2365083                    /usr/lib/x86_64-linux-gnu/libjpeg.so.8.0.2
7fa3ad8fa000-7fa3ad8fb000 r--p 00057000 08:08 2365083                    /usr/lib/x86_64-linux-gnu/libjpeg.so.8.0.2
7fa3ad8fb000-7fa3ad8fc000 rw-p 00058000 08:08 2365083                    /usr/lib/x86_64-linux-gnu/libjpeg.so.8.0.2
7fa3ad8fc000-7fa3ad906000 r-xp 00000000 08:08 3945188                    /usr/lib/jvm/java-8-openjdk-amd64/jre/lib/amd64/libjavajpeg.so
7fa3ad906000-7fa3adb05000 ---p 0000a000 08:08 3945188                    /usr/lib/jvm/java-8-openjdk-amd64/jre/lib/amd64/libjavajpeg.so
7fa3adb05000-7fa3adb06000 r--p 00009000 08:08 3945188                    /usr/lib/jvm/java-8-openjdk-amd64/jre/lib/amd64/libjavajpeg.so
7fa3adb06000-7fa3adb07000 rw-p 0000a000 08:08 3945188                    /usr/lib/jvm/java-8-openjdk-amd64/jre/lib/amd64/libjavajpeg.so
7fa3adb07000-7fa3adb0a000 ---p 00000000 00:00 0 
7fa3adb0a000-7fa3adc08000 rw-p 00000000 00:00 0 
7fa3adc08000-7fa3adc0d000 r-xp 00000000 08:08 2363442                    /usr/lib/x86_64-linux-gnu/libXfixes.so.3.1.0
7fa3adc0d000-7fa3ade0c000 ---p 00005000 08:08 2363442                    /usr/lib/x86_64-linux-gnu/libXfixes.so.3.1.0
7fa3ade0c000-7fa3ade0d000 r--p 00004000 08:08 2363442                    /usr/lib/x86_64-linux-gnu/libXfixes.so.3.1.0
7fa3ade0d000-7fa3ade0e000 rw-p 00005000 08:08 2363442                    /usr/lib/x86_64-linux-gnu/libXfixes.so.3.1.0
7fa3ade0e000-7fa3ade17000 r-xp 00000000 08:08 2367425                    /usr/lib/x86_64-linux-gnu/libXcursor.so.1.0.2
7fa3ade17000-7fa3ae016000 ---p 00009000 08:08 2367425                    /usr/lib/x86_64-linux-gnu/libXcursor.so.1.0.2
7fa3ae016000-7fa3ae017000 r--p 00008000 08:08 2367425                    /usr/lib/x86_64-linux-gnu/libXcursor.so.1.0.2
7fa3ae017000-7fa3ae018000 rw-p 00009000 08:08 2367425                    /usr/lib/x86_64-linux-gnu/libXcursor.so.1.0.2
7fa3ae018000-7fa3ae01b000 ---p 00000000 00:00 0 
7fa3ae01b000-7fa3ae119000 rw-p 00000000 00:00 0 
7fa3ae119000-7fa3ae13d000 r-xp 00000000 08:08 6291537                    /lib/x86_64-linux-gnu/libpng12.so.0.54.0
7fa3ae13d000-7fa3ae33c000 ---p 00024000 08:08 6291537                    /lib/x86_64-linux-gnu/libpng12.so.0.54.0
7fa3ae33c000-7fa3ae33d000 r--p 00023000 08:08 6291537                    /lib/x86_64-linux-gnu/libpng12.so.0.54.0
7fa3ae33d000-7fa3ae33e000 rw-p 00024000 08:08 6291537                    /lib/x86_64-linux-gnu/libpng12.so.0.54.0
7fa3ae33e000-7fa3ae3e2000 r-xp 00000000 08:08 2360087                    /usr/lib/x86_64-linux-gnu/libfreetype.so.6.12.1
7fa3ae3e2000-7fa3ae5e1000 ---p 000a4000 08:08 2360087                    /usr/lib/x86_64-linux-gnu/libfreetype.so.6.12.1
7fa3ae5e1000-7fa3ae5e7000 r--p 000a3000 08:08 2360087                    /usr/lib/x86_64-linux-gnu/libfreetype.so.6.12.1
7fa3ae5e7000-7fa3ae5e8000 rw-p 000a9000 08:08 2360087                    /usr/lib/x86_64-linux-gnu/libfreetype.so.6.12.1
7fa3ae5e8000-7fa3ae63a000 r-xp 00000000 08:08 3941756                    /usr/lib/jvm/java-8-openjdk-amd64/jre/lib/amd64/libfontmanager.so
7fa3ae63a000-7fa3ae83a000 ---p 00052000 08:08 3941756                    /usr/lib/jvm/java-8-openjdk-amd64/jre/lib/amd64/libfontmanager.so
7fa3ae83a000-7fa3ae83c000 r--p 00052000 08:08 3941756                    /usr/lib/jvm/java-8-openjdk-amd64/jre/lib/amd64/libfontmanager.so
7fa3ae83c000-7fa3ae83d000 rw-p 00054000 08:08 3941756                    /usr/lib/jvm/java-8-openjdk-amd64/jre/lib/amd64/libfontmanager.so
7fa3ae83d000-7fa3ae842000 r-xp 00000000 08:08 2365923                    /usr/lib/x86_64-linux-gnu/libXdmcp.so.6.0.0
7fa3ae842000-7fa3aea41000 ---p 00005000 08:08 2365923                    /usr/lib/x86_64-linux-gnu/libXdmcp.so.6.0.0
7fa3aea41000-7fa3aea42000 r--p 00004000 08:08 2365923                    /usr/lib/x86_64-linux-gnu/libXdmcp.so.6.0.0
7fa3aea42000-7fa3aea43000 rw-p 00005000 08:08 2365923                    /usr/lib/x86_64-linux-gnu/libXdmcp.so.6.0.0
7fa3aea43000-7fa3aea45000 r-xp 00000000 08:08 2367418                    /usr/lib/x86_64-linux-gnu/libXau.so.6.0.0
7fa3aea45000-7fa3aec45000 ---p 00002000 08:08 2367418                    /usr/lib/x86_64-linux-gnu/libXau.so.6.0.0
7fa3aec45000-7fa3aec46000 r--p 00002000 08:08 2367418                    /usr/lib/x86_64-linux-gnu/libXau.so.6.0.0
7fa3aec46000-7fa3aec47000 rw-p 00003000 08:08 2367418                    /usr/lib/x86_64-linux-gnu/libXau.so.6.0.0
7fa3aec47000-7fa3aec68000 r-xp 00000000 08:08 2370568                    /usr/lib/x86_64-linux-gnu/libxcb.so.1.1.0
7fa3aec68000-7fa3aee67000 ---p 00021000 08:08 2370568                    /usr/lib/x86_64-linux-gnu/libxcb.so.1.1.0
7fa3aee67000-7fa3aee68000 r--p 00020000 08:08 2370568                    /usr/lib/x86_64-linux-gnu/libxcb.so.1.1.0
7fa3aee68000-7fa3aee69000 rw-p 00021000 08:08 2370568                    /usr/lib/x86_64-linux-gnu/libxcb.so.1.1.0
7fa3aee69000-7fa3aee78000 r-xp 00000000 08:08 2365926                    /usr/lib/x86_64-linux-gnu/libXi.so.6.1.0
7fa3aee78000-7fa3af077000 ---p 0000f000 08:08 2365926                    /usr/lib/x86_64-linux-gnu/libXi.so.6.1.0
7fa3af077000-7fa3af078000 r--p 0000e000 08:08 2365926                    /usr/lib/x86_64-linux-gnu/libXi.so.6.1.0
7fa3af078000-7fa3af079000 rw-p 0000f000 08:08 2365926                    /usr/lib/x86_64-linux-gnu/libXi.so.6.1.0
7fa3af079000-7fa3af07e000 r-xp 00000000 08:08 2367459                    /usr/lib/x86_64-linux-gnu/libXtst.so.6.1.0
7fa3af07e000-7fa3af27d000 ---p 00005000 08:08 2367459                    /usr/lib/x86_64-linux-gnu/libXtst.so.6.1.0
7fa3af27d000-7fa3af27e000 r--p 00004000 08:08 2367459                    /usr/lib/x86_64-linux-gnu/libXtst.so.6.1.0
7fa3af27e000-7fa3af27f000 rw-p 00005000 08:08 2367459                    /usr/lib/x86_64-linux-gnu/libXtst.so.6.1.0
7fa3af27f000-7fa3af288000 r-xp 00000000 08:08 2360412                    /usr/lib/x86_64-linux-gnu/libXrender.so.1.3.0
7fa3af288000-7fa3af487000 ---p 00009000 08:08 2360412                    /usr/lib/x86_64-linux-gnu/libXrender.so.1.3.0
7fa3af487000-7fa3af488000 r--p 00008000 08:08 2360412                    /usr/lib/x86_64-linux-gnu/libXrender.so.1.3.0
7fa3af488000-7fa3af489000 rw-p 00009000 08:08 2360412                    /usr/lib/x86_64-linux-gnu/libXrender.so.1.3.0
7fa3af489000-7fa3af5be000 r-xp 00000000 08:08 2370583                    /usr/lib/x86_64-linux-gnu/libX11.so.6.3.0
7fa3af5be000-7fa3af7be000 ---p 00135000 08:08 2370583                    /usr/lib/x86_64-linux-gnu/libX11.so.6.3.0
7fa3af7be000-7fa3af7bf000 r--p 00135000 08:08 2370583                    /usr/lib/x86_64-linux-gnu/libX11.so.6.3.0
7fa3af7bf000-7fa3af7c3000 rw-p 00136000 08:08 2370583                    /usr/lib/x86_64-linux-gnu/libX11.so.6.3.0
7fa3af7c3000-7fa3af7d4000 r-xp 00000000 08:08 2364800                    /usr/lib/x86_64-linux-gnu/libXext.so.6.4.0
7fa3af7d4000-7fa3af9d3000 ---p 00011000 08:08 2364800                    /usr/lib/x86_64-linux-gnu/libXext.so.6.4.0
7fa3af9d3000-7fa3af9d4000 r--p 00010000 08:08 2364800                    /usr/lib/x86_64-linux-gnu/libXext.so.6.4.0
7fa3af9d4000-7fa3af9d5000 rw-p 00011000 08:08 2364800                    /usr/lib/x86_64-linux-gnu/libXext.so.6.4.0
7fa3af9d5000-7fa3afa29000 r-xp 00000000 08:08 3945192                    /usr/lib/jvm/java-8-openjdk-amd64/jre/lib/amd64/libawt_xawt.so
7fa3afa29000-7fa3afc29000 ---p 00054000 08:08 3945192                    /usr/lib/jvm/java-8-openjdk-amd64/jre/lib/amd64/libawt_xawt.so
7fa3afc29000-7fa3afc2a000 r--p 00054000 08:08 3945192                    /usr/lib/jvm/java-8-openjdk-amd64/jre/lib/amd64/libawt_xawt.so
7fa3afc2a000-7fa3afc2d000 rw-p 00055000 08:08 3945192                    /usr/lib/jvm/java-8-openjdk-amd64/jre/lib/amd64/libawt_xawt.so
7fa3afc2d000-7fa3afc2e000 rw-p 00000000 00:00 0 
7fa3afc2e000-7fa3afcce000 r-xp 00000000 08:08 3941750                    /usr/lib/jvm/java-8-openjdk-amd64/jre/lib/amd64/libawt.so
7fa3afcce000-7fa3afece000 ---p 000a0000 08:08 3941750                    /usr/lib/jvm/java-8-openjdk-amd64/jre/lib/amd64/libawt.so
7fa3afece000-7fa3afecf000 r--p 000a0000 08:08 3941750                    /usr/lib/jvm/java-8-openjdk-amd64/jre/lib/amd64/libawt.so
7fa3afecf000-7fa3afeda000 rw-p 000a1000 08:08 3941750                    /usr/lib/jvm/java-8-openjdk-amd64/jre/lib/amd64/libawt.so
7fa3afeda000-7fa3afeff000 rw-p 00000000 00:00 0 
7fa3afeff000-7fa3aff00000 ---p 00000000 00:00 0 
7fa3aff00000-7fa3b0000000 rw-p 00000000 00:00 0 
7fa3b0000000-7fa3b0021000 rw-p 00000000 00:00 0 
7fa3b0021000-7fa3b4000000 ---p 00000000 00:00 0 
7fa3b4000000-7fa3b4021000 rw-p 00000000 00:00 0 
7fa3b4021000-7fa3b8000000 ---p 00000000 00:00 0 
7fa3b8000000-7fa3b8021000 rw-p 00000000 00:00 0 
7fa3b8021000-7fa3bc000000 ---p 00000000 00:00 0 
7fa3bc0f7000-7fa3bc0f8000 r--s 00001000 00:2e 5243486                    /home/simon/.m2/repository/org/jogamp/gluegen/gluegen-rt/2.0.2/gluegen-rt-2.0.2-natives-windows-i586.jar
7fa3bc0f8000-7fa3bc0f9000 r--s 00001000 00:2e 5243484                    /home/simon/.m2/repository/org/jogamp/gluegen/gluegen-rt/2.0.2/gluegen-rt-2.0.2-natives-windows-amd64.jar
7fa3bc0f9000-7fa3bc0fa000 r--s 00000000 00:2e 5243482                    /home/simon/.m2/repository/org/jogamp/gluegen/gluegen-rt/2.0.2/gluegen-rt-2.0.2-natives-solaris-i586.jar
7fa3bc0fa000-7fa3bc0fb000 r--s 00000000 00:2e 5243480                    /home/simon/.m2/repository/org/jogamp/gluegen/gluegen-rt/2.0.2/gluegen-rt-2.0.2-natives-solaris-amd64.jar
7fa3bc0fb000-7fa3bc0fc000 r--s 00000000 00:2e 5243478                    /home/simon/.m2/repository/org/jogamp/gluegen/gluegen-rt/2.0.2/gluegen-rt-2.0.2-natives-macosx-universal.jar
7fa3bc0fc000-7fa3bc0fd000 r--s 00000000 00:2e 5243476                    /home/simon/.m2/repository/org/jogamp/gluegen/gluegen-rt/2.0.2/gluegen-rt-2.0.2-natives-linux-i586.jar
7fa3bc0fd000-7fa3bc100000 ---p 00000000 00:00 0 
7fa3bc100000-7fa3bc1fe000 rw-p 00000000 00:00 0 
7fa3bc1fe000-7fa3bc201000 ---p 00000000 00:00 0 
7fa3bc201000-7fa3bc2ff000 rw-p 00000000 00:00 0 
7fa3bc2ff000-7fa3bc302000 ---p 00000000 00:00 0 
7fa3bc302000-7fa3c0000000 rw-p 00000000 00:00 0 
7fa3c0000000-7fa3c0021000 rw-p 00000000 00:00 0 
7fa3c0021000-7fa3c4000000 ---p 00000000 00:00 0 
7fa3c4000000-7fa3c4021000 rw-p 00000000 00:00 0 
7fa3c4021000-7fa3c8000000 ---p 00000000 00:00 0 
7fa3c8000000-7fa3c8021000 rw-p 00000000 00:00 0 
7fa3c8021000-7fa3cc000000 ---p 00000000 00:00 0 
7fa3cc000000-7fa3cc001000 r--s 00000000 00:2e 5243474                    /home/simon/.m2/repository/org/jogamp/gluegen/gluegen-rt/2.0.2/gluegen-rt-2.0.2-natives-linux-armv6hf.jar
7fa3cc001000-7fa3cc002000 r--s 00000000 00:2e 5243472                    /home/simon/.m2/repository/org/jogamp/gluegen/gluegen-rt/2.0.2/gluegen-rt-2.0.2-natives-linux-armv6.jar
7fa3cc002000-7fa3cc003000 r--s 00000000 00:2e 5243470                    /home/simon/.m2/repository/org/jogamp/gluegen/gluegen-rt/2.0.2/gluegen-rt-2.0.2-natives-linux-amd64.jar
7fa3cc003000-7fa3cc004000 r--s 00001000 00:2e 5243468                    /home/simon/.m2/repository/org/jogamp/gluegen/gluegen-rt/2.0.2/gluegen-rt-2.0.2-natives-android-armv6.jar
7fa3cc004000-7fa3cc009000 r--s 0003a000 00:2e 5243466                    /home/simon/.m2/repository/org/jogamp/gluegen/gluegen-rt/2.0.2/gluegen-rt-2.0.2.jar
7fa3cc009000-7fa3cc00a000 r--s 00000000 00:2e 5243464                    /home/simon/.m2/repository/org/jogamp/gluegen/gluegen-rt-main/2.0.2/gluegen-rt-main-2.0.2.jar
7fa3cc00a000-7fa3cc00b000 r--s 00023000 00:2e 5243462                    /home/simon/.m2/repository/org/jogamp/jogl/jogl-all/2.0.2/jogl-all-2.0.2-natives-windows-i586.jar
7fa3cc00b000-7fa3cc00c000 r--s 0001f000 00:2e 5243460                    /home/simon/.m2/repository/org/jogamp/jogl/jogl-all/2.0.2/jogl-all-2.0.2-natives-windows-amd64.jar
7fa3cc00c000-7fa3cc00d000 r--s 0001c000 00:2e 5243458                    /home/simon/.m2/repository/org/jogamp/jogl/jogl-all/2.0.2/jogl-all-2.0.2-natives-solaris-i586.jar
7fa3cc00d000-7fa3cc02c000 r--s 00408000 00:2e 5243442                    /home/simon/.m2/repository/org/jogamp/jogl/jogl-all/2.0.2/jogl-all-2.0.2.jar
7fa3cc02c000-7fa3cc03f000 r--s 00345000 08:08 3945258                    /usr/lib/jvm/java-8-openjdk-amd64/jre/lib/resources.jar
7fa3cc03f000-7fa3cc05b000 r--s 00393000 08:08 3946089                    /usr/lib/jvm/java-8-openjdk-amd64/jre/lib/ext/cldrdata.jar
7fa3cc05b000-7fa3cc05e000 ---p 00000000 00:00 0 
7fa3cc05e000-7fa3cc15c000 rw-p 00000000 00:00 0 
7fa3cc15c000-7fa3cc15f000 ---p 00000000 00:00 0 
7fa3cc15f000-7fa3cc25d000 rw-p 00000000 00:00 0 
7fa3cc25d000-7fa3cc260000 ---p 00000000 00:00 0 
7fa3cc260000-7fa3cc35e000 rw-p 00000000 00:00 0 
7fa3cc35e000-7fa3cc684000 r--p 00000000 08:08 2359486                    /usr/lib/locale/locale-archive
7fa3cc684000-7fa3cc687000 ---p 00000000 00:00 0 
7fa3cc687000-7fa3cc785000 rw-p 00000000 00:00 0 
7fa3cc785000-7fa3cc788000 ---p 00000000 00:00 0 
7fa3cc788000-7fa3cc886000 rw-p 00000000 00:00 0 
7fa3cc886000-7fa3cc887000 ---p 00000000 00:00 0 
7fa3cc887000-7fa3ce5aa000 rw-p 00000000 00:00 0 
7fa3ce5aa000-7fa3ce778000 r--s 03beb000 08:08 3945930                    /usr/lib/jvm/java-8-openjdk-amd64/jre/lib/rt.jar
7fa3ce778000-7fa3cf3ae000 rw-p 00000000 00:00 0 
7fa3cf3ae000-7fa3cf3af000 ---p 00000000 00:00 0 
7fa3cf3af000-7fa3cf4af000 rw-p 00000000 00:00 0 
7fa3cf4af000-7fa3cf4b0000 ---p 00000000 00:00 0 
7fa3cf4b0000-7fa3cf5b0000 rw-p 00000000 00:00 0 
7fa3cf5b0000-7fa3cf5b1000 ---p 00000000 00:00 0 
7fa3cf5b1000-7fa3cf6b1000 rw-p 00000000 00:00 0 
7fa3cf6b1000-7fa3cf6b2000 ---p 00000000 00:00 0 
7fa3cf6b2000-7fa3cf7b2000 rw-p 00000000 00:00 0 
7fa3cf7b2000-7fa3cf7b3000 ---p 00000000 00:00 0 
7fa3cf7b3000-7fa3cf8b3000 rw-p 00000000 00:00 0 
7fa3cf8b3000-7fa3cf8b4000 ---p 00000000 00:00 0 
7fa3cf8b4000-7fa3cf9b4000 rw-p 00000000 00:00 0 
7fa3cf9b4000-7fa3cf9b5000 ---p 00000000 00:00 0 
7fa3cf9b5000-7fa3cfab5000 rw-p 00000000 00:00 0 
7fa3cfab5000-7fa3cfab6000 ---p 00000000 00:00 0 
7fa3cfab6000-7fa3cfbde000 rw-p 00000000 00:00 0 
7fa3cfbde000-7fa3cfe36000 ---p 00000000 00:00 0 
7fa3cfe36000-7fa3cfe5e000 rw-p 00000000 00:00 0 
7fa3cfe5e000-7fa3d00b6000 ---p 00000000 00:00 0 
7fa3d00b6000-7fa3d013e000 rw-p 00000000 00:00 0 
7fa3d013e000-7fa3d01f6000 ---p 00000000 00:00 0 
7fa3d01f6000-7fa3d0203000 rw-p 00000000 00:00 0 
7fa3d0203000-7fa3d05b7000 ---p 00000000 00:00 0 
7fa3d05b7000-7fa3d0897000 rwxp 00000000 00:00 0 
7fa3d0897000-7fa3df5b7000 ---p 00000000 00:00 0 
7fa3df5b7000-7fa3df5bf000 r-xp 00000000 08:08 3941773                    /usr/lib/jvm/java-8-openjdk-amd64/jre/lib/amd64/libzip.so
7fa3df5bf000-7fa3df7be000 ---p 00008000 08:08 3941773                    /usr/lib/jvm/java-8-openjdk-amd64/jre/lib/amd64/libzip.so
7fa3df7be000-7fa3df7bf000 r--p 00007000 08:08 3941773                    /usr/lib/jvm/java-8-openjdk-amd64/jre/lib/amd64/libzip.so
7fa3df7bf000-7fa3df7c0000 rw-p 00008000 08:08 3941773                    /usr/lib/jvm/java-8-openjdk-amd64/jre/lib/amd64/libzip.so
7fa3df7c0000-7fa3df7cb000 r-xp 00000000 08:08 6291930                    /lib/x86_64-linux-gnu/libnss_files-2.23.so
7fa3df7cb000-7fa3df9ca000 ---p 0000b000 08:08 6291930                    /lib/x86_64-linux-gnu/libnss_files-2.23.so
7fa3df9ca000-7fa3df9cb000 r--p 0000a000 08:08 6291930                    /lib/x86_64-linux-gnu/libnss_files-2.23.so
7fa3df9cb000-7fa3df9cc000 rw-p 0000b000 08:08 6291930                    /lib/x86_64-linux-gnu/libnss_files-2.23.so
7fa3df9cc000-7fa3df9d2000 rw-p 00000000 00:00 0 
7fa3df9d2000-7fa3df9dd000 r-xp 00000000 08:08 6291924                    /lib/x86_64-linux-gnu/libnss_nis-2.23.so
7fa3df9dd000-7fa3dfbdc000 ---p 0000b000 08:08 6291924                    /lib/x86_64-linux-gnu/libnss_nis-2.23.so
7fa3dfbdc000-7fa3dfbdd000 r--p 0000a000 08:08 6291924                    /lib/x86_64-linux-gnu/libnss_nis-2.23.so
7fa3dfbdd000-7fa3dfbde000 rw-p 0000b000 08:08 6291924                    /lib/x86_64-linux-gnu/libnss_nis-2.23.so
7fa3dfbde000-7fa3dfbf4000 r-xp 00000000 08:08 6291920                    /lib/x86_64-linux-gnu/libnsl-2.23.so
7fa3dfbf4000-7fa3dfdf3000 ---p 00016000 08:08 6291920                    /lib/x86_64-linux-gnu/libnsl-2.23.so
7fa3dfdf3000-7fa3dfdf4000 r--p 00015000 08:08 6291920                    /lib/x86_64-linux-gnu/libnsl-2.23.so
7fa3dfdf4000-7fa3dfdf5000 rw-p 00016000 08:08 6291920                    /lib/x86_64-linux-gnu/libnsl-2.23.so
7fa3dfdf5000-7fa3dfdf7000 rw-p 00000000 00:00 0 
7fa3dfdf7000-7fa3dfdff000 r-xp 00000000 08:08 6291916                    /lib/x86_64-linux-gnu/libnss_compat-2.23.so
7fa3dfdff000-7fa3dfffe000 ---p 00008000 08:08 6291916                    /lib/x86_64-linux-gnu/libnss_compat-2.23.so
7fa3dfffe000-7fa3dffff000 r--p 00007000 08:08 6291916                    /lib/x86_64-linux-gnu/libnss_compat-2.23.so
7fa3dffff000-7fa3e0000000 rw-p 00008000 08:08 6291916                    /lib/x86_64-linux-gnu/libnss_compat-2.23.so
7fa3e0000000-7fa3e04f2000 rw-p 00000000 00:00 0 
7fa3e04f2000-7fa3e4000000 ---p 00000000 00:00 0 
7fa3e4000000-7fa3e4001000 r--s 00027000 00:2e 5243456                    /home/simon/.m2/repository/org/jogamp/jogl/jogl-all/2.0.2/jogl-all-2.0.2-natives-solaris-amd64.jar
7fa3e4001000-7fa3e4003000 r--s 00059000 00:2e 5243454                    /home/simon/.m2/repository/org/jogamp/jogl/jogl-all/2.0.2/jogl-all-2.0.2-natives-macosx-universal.jar
7fa3e4003000-7fa3e4004000 r--s 0002a000 00:2e 5243452                    /home/simon/.m2/repository/org/jogamp/jogl/jogl-all/2.0.2/jogl-all-2.0.2-natives-linux-i586.jar
7fa3e4004000-7fa3e401f000 r--s 001d7000 08:08 3945970                    /usr/lib/jvm/java-8-openjdk-amd64/jre/lib/ext/nashorn.jar
7fa3e401f000-7fa3e406c000 rw-p 00000000 00:00 0 
7fa3e406c000-7fa3e4099000 r-xp 00000000 08:08 3941293                    /usr/lib/jvm/java-8-openjdk-amd64/jre/lib/amd64/libjava.so
7fa3e4099000-7fa3e4298000 ---p 0002d000 08:08 3941293                    /usr/lib/jvm/java-8-openjdk-amd64/jre/lib/amd64/libjava.so
7fa3e4298000-7fa3e4299000 r--p 0002c000 08:08 3941293                    /usr/lib/jvm/java-8-openjdk-amd64/jre/lib/amd64/libjava.so
7fa3e4299000-7fa3e429b000 rw-p 0002d000 08:08 3941293                    /usr/lib/jvm/java-8-openjdk-amd64/jre/lib/amd64/libjava.so
7fa3e429b000-7fa3e42aa000 r-xp 00000000 08:08 3941294                    /usr/lib/jvm/java-8-openjdk-amd64/jre/lib/amd64/libverify.so
7fa3e42aa000-7fa3e44a9000 ---p 0000f000 08:08 3941294                    /usr/lib/jvm/java-8-openjdk-amd64/jre/lib/amd64/libverify.so
7fa3e44a9000-7fa3e44ab000 r--p 0000e000 08:08 3941294                    /usr/lib/jvm/java-8-openjdk-amd64/jre/lib/amd64/libverify.so
7fa3e44ab000-7fa3e44ac000 rw-p 00010000 08:08 3941294                    /usr/lib/jvm/java-8-openjdk-amd64/jre/lib/amd64/libverify.so
7fa3e44ac000-7fa3e44b3000 r-xp 00000000 08:08 6291950                    /lib/x86_64-linux-gnu/librt-2.23.so
7fa3e44b3000-7fa3e46b2000 ---p 00007000 08:08 6291950                    /lib/x86_64-linux-gnu/librt-2.23.so
7fa3e46b2000-7fa3e46b3000 r--p 00006000 08:08 6291950                    /lib/x86_64-linux-gnu/librt-2.23.so
7fa3e46b3000-7fa3e46b4000 rw-p 00007000 08:08 6291950                    /lib/x86_64-linux-gnu/librt-2.23.so
7fa3e46b4000-7fa3e46ca000 r-xp 00000000 08:08 6292349                    /lib/x86_64-linux-gnu/libgcc_s.so.1
7fa3e46ca000-7fa3e48c9000 ---p 00016000 08:08 6292349                    /lib/x86_64-linux-gnu/libgcc_s.so.1
7fa3e48c9000-7fa3e48ca000 rw-p 00015000 08:08 6292349                    /lib/x86_64-linux-gnu/libgcc_s.so.1
7fa3e48ca000-7fa3e49d2000 r-xp 00000000 08:08 6291944                    /lib/x86_64-linux-gnu/libm-2.23.so
7fa3e49d2000-7fa3e4bd1000 ---p 00108000 08:08 6291944                    /lib/x86_64-linux-gnu/libm-2.23.so
7fa3e4bd1000-7fa3e4bd2000 r--p 00107000 08:08 6291944                    /lib/x86_64-linux-gnu/libm-2.23.so
7fa3e4bd2000-7fa3e4bd3000 rw-p 00108000 08:08 6291944                    /lib/x86_64-linux-gnu/libm-2.23.so
7fa3e4bd3000-7fa3e4d45000 r-xp 00000000 08:08 2360049                    /usr/lib/x86_64-linux-gnu/libstdc++.so.6.0.21
7fa3e4d45000-7fa3e4f45000 ---p 00172000 08:08 2360049                    /usr/lib/x86_64-linux-gnu/libstdc++.so.6.0.21
7fa3e4f45000-7fa3e4f4f000 r--p 00172000 08:08 2360049                    /usr/lib/x86_64-linux-gnu/libstdc++.so.6.0.21
7fa3e4f4f000-7fa3e4f51000 rw-p 0017c000 08:08 2360049                    /usr/lib/x86_64-linux-gnu/libstdc++.so.6.0.21
7fa3e4f51000-7fa3e4f55000 rw-p 00000000 00:00 0 
7fa3e4f55000-7fa3e5b9b000 r-xp 00000000 08:08 3941769                    /usr/lib/jvm/java-8-openjdk-amd64/jre/lib/amd64/server/libjvm.so
7fa3e5b9b000-7fa3e5d9b000 ---p 00c46000 08:08 3941769                    /usr/lib/jvm/java-8-openjdk-amd64/jre/lib/amd64/server/libjvm.so
7fa3e5d9b000-7fa3e5e2e000 r--p 00c46000 08:08 3941769                    /usr/lib/jvm/java-8-openjdk-amd64/jre/lib/amd64/server/libjvm.so
7fa3e5e2e000-7fa3e5e56000 rw-p 00cd9000 08:08 3941769                    /usr/lib/jvm/java-8-openjdk-amd64/jre/lib/amd64/server/libjvm.so
7fa3e5e56000-7fa3e5e86000 rw-p 00000000 00:00 0 
7fa3e5e86000-7fa3e5e9e000 r-xp 00000000 08:08 6291957                    /lib/x86_64-linux-gnu/libpthread-2.23.so
7fa3e5e9e000-7fa3e609d000 ---p 00018000 08:08 6291957                    /lib/x86_64-linux-gnu/libpthread-2.23.so
7fa3e609d000-7fa3e609e000 r--p 00017000 08:08 6291957                    /lib/x86_64-linux-gnu/libpthread-2.23.so
7fa3e609e000-7fa3e609f000 rw-p 00018000 08:08 6291957                    /lib/x86_64-linux-gnu/libpthread-2.23.so
7fa3e609f000-7fa3e60a3000 rw-p 00000000 00:00 0 
7fa3e60a3000-7fa3e60a6000 r-xp 00000000 08:08 6291959                    /lib/x86_64-linux-gnu/libdl-2.23.so
7fa3e60a6000-7fa3e62a5000 ---p 00003000 08:08 6291959                    /lib/x86_64-linux-gnu/libdl-2.23.so
7fa3e62a5000-7fa3e62a6000 r--p 00002000 08:08 6291959                    /lib/x86_64-linux-gnu/libdl-2.23.so
7fa3e62a6000-7fa3e62a7000 rw-p 00003000 08:08 6291959                    /lib/x86_64-linux-gnu/libdl-2.23.so
7fa3e62a7000-7fa3e62c0000 r-xp 00000000 08:08 6291533                    /lib/x86_64-linux-gnu/libz.so.1.2.8
7fa3e62c0000-7fa3e64bf000 ---p 00019000 08:08 6291533                    /lib/x86_64-linux-gnu/libz.so.1.2.8
7fa3e64bf000-7fa3e64c0000 r--p 00018000 08:08 6291533                    /lib/x86_64-linux-gnu/libz.so.1.2.8
7fa3e64c0000-7fa3e64c1000 rw-p 00019000 08:08 6291533                    /lib/x86_64-linux-gnu/libz.so.1.2.8
7fa3e64c1000-7fa3e6680000 r-xp 00000000 08:08 6291958                    /lib/x86_64-linux-gnu/libc-2.23.so
7fa3e6680000-7fa3e6880000 ---p 001bf000 08:08 6291958                    /lib/x86_64-linux-gnu/libc-2.23.so
7fa3e6880000-7fa3e6884000 r--p 001bf000 08:08 6291958                    /lib/x86_64-linux-gnu/libc-2.23.so
7fa3e6884000-7fa3e6886000 rw-p 001c3000 08:08 6291958                    /lib/x86_64-linux-gnu/libc-2.23.so
7fa3e6886000-7fa3e688a000 rw-p 00000000 00:00 0 
7fa3e688a000-7fa3e6897000 r-xp 00000000 08:08 3945183                    /usr/lib/jvm/java-8-openjdk-amd64/jre/lib/amd64/jli/libjli.so
7fa3e6897000-7fa3e6a97000 ---p 0000d000 08:08 3945183                    /usr/lib/jvm/java-8-openjdk-amd64/jre/lib/amd64/jli/libjli.so
7fa3e6a97000-7fa3e6a98000 r--p 0000d000 08:08 3945183                    /usr/lib/jvm/java-8-openjdk-amd64/jre/lib/amd64/jli/libjli.so
7fa3e6a98000-7fa3e6a99000 rw-p 0000e000 08:08 3945183                    /usr/lib/jvm/java-8-openjdk-amd64/jre/lib/amd64/jli/libjli.so
7fa3e6a99000-7fa3e6abf000 r-xp 00000000 08:08 6291952                    /lib/x86_64-linux-gnu/ld-2.23.so
7fa3e6abf000-7fa3e6ac1000 r--s 0001b000 00:2e 5243450                    /home/simon/.m2/repository/org/jogamp/jogl/jogl-all/2.0.2/jogl-all-2.0.2-natives-linux-armv6hf.jar
7fa3e6ac1000-7fa3e6ac2000 r--s 0001b000 00:2e 5243448                    /home/simon/.m2/repository/org/jogamp/jogl/jogl-all/2.0.2/jogl-all-2.0.2-natives-linux-armv6.jar
7fa3e6ac2000-7fa3e6b8c000 rw-p 00000000 00:00 0 
7fa3e6b8c000-7fa3e6b8f000 ---p 00000000 00:00 0 
7fa3e6b8f000-7fa3e6c92000 rw-p 00000000 00:00 0 
7fa3e6c92000-7fa3e6c93000 r--s 0002a000 00:2e 5243446                    /home/simon/.m2/repository/org/jogamp/jogl/jogl-all/2.0.2/jogl-all-2.0.2-natives-linux-amd64.jar
7fa3e6c93000-7fa3e6c94000 r--s 00009000 00:2e 5243444                    /home/simon/.m2/repository/org/jogamp/jogl/jogl-all/2.0.2/jogl-all-2.0.2-natives-android-armv6.jar
7fa3e6c94000-7fa3e6c95000 r--s 00000000 00:2e 5243440                    /home/simon/.m2/repository/org/jogamp/jogl/jogl-all-main/2.0.2/jogl-all-main-2.0.2.jar
7fa3e6c95000-7fa3e6c97000 r--s 00045000 00:2e 5243438                    /home/simon/.m2/repository/java3d/vecmath/1.3.1/vecmath-1.3.1.jar
7fa3e6c97000-7fa3e6c99000 r--s 00001000 08:08 3946082                    /usr/lib/jvm/java-8-openjdk-amd64/jre/lib/ext/dnsns.jar
7fa3e6c99000-7fa3e6c9a000 r--s 0000a000 08:08 3946095                    /usr/lib/jvm/java-8-openjdk-amd64/jre/lib/ext/jaccess.jar
7fa3e6c9a000-7fa3e6c9b000 r--s 00010000 08:08 3946097                    /usr/lib/jvm/java-8-openjdk-amd64/jre/lib/ext/zipfs.jar
7fa3e6c9b000-7fa3e6ca5000 r--s 00116000 08:08 3968043                    /usr/lib/jvm/java-8-openjdk-amd64/jre/lib/ext/localedata.jar
7fa3e6ca5000-7fa3e6ca6000 r--s 00008000 08:08 3946093                    /usr/lib/jvm/java-8-openjdk-amd64/jre/lib/ext/sunec.jar
7fa3e6ca6000-7fa3e6cab000 r--s 0003b000 08:08 3946099                    /usr/lib/jvm/java-8-openjdk-amd64/jre/lib/ext/sunjce_provider.jar
7fa3e6cab000-7fa3e6cae000 r--s 0000f000 08:08 3946103                    /usr/lib/jvm/java-8-openjdk-amd64/jre/lib/ext/icedtea-sound.jar
7fa3e6cae000-7fa3e6cb2000 r--s 00037000 08:08 3968045                    /usr/lib/jvm/java-8-openjdk-amd64/jre/lib/ext/sunpkcs11.jar
7fa3e6cb2000-7fa3e6cba000 rw-s 00000000 08:08 5244208                    /tmp/hsperfdata_simon/3412
7fa3e6cba000-7fa3e6cbb000 rw-p 00000000 00:00 0 
7fa3e6cbb000-7fa3e6cbc000 ---p 00000000 00:00 0 
7fa3e6cbc000-7fa3e6cbe000 rw-p 00000000 00:00 0 
7fa3e6cbe000-7fa3e6cbf000 r--p 00025000 08:08 6291952                    /lib/x86_64-linux-gnu/ld-2.23.so
7fa3e6cbf000-7fa3e6cc0000 rw-p 00026000 08:08 6291952                    /lib/x86_64-linux-gnu/ld-2.23.so
7fa3e6cc0000-7fa3e6cc1000 rw-p 00000000 00:00 0 
7ffdcfab4000-7ffdcfad6000 rw-p 00000000 00:00 0                          [stack]
7ffdcfae5000-7ffdcfae7000 r--p 00000000 00:00 0                          [vvar]
7ffdcfae7000-7ffdcfae9000 r-xp 00000000 00:00 0                          [vdso]
ffffffffff600000-ffffffffff601000 r-xp 00000000 00:00 0                  [vsyscall]

VM Arguments:
jvm_args: -Dfile.encoding=UTF-8 
java_command: assignment3.RasterizerScene
java_class_path (initial): /home/simon/Documents/Computer-Graphics-HS16/simple/target/classes:/home/simon/Documents/Computer-Graphics-HS16/jrtr/target/classes:/home/simon/.m2/repository/java3d/vecmath/1.3.1/vecmath-1.3.1.jar:/home/simon/.m2/repository/org/jogamp/jogl/jogl-all-main/2.0.2/jogl-all-main-2.0.2.jar:/home/simon/.m2/repository/org/jogamp/jogl/jogl-all/2.0.2/jogl-all-2.0.2.jar:/home/simon/.m2/repository/org/jogamp/jogl/jogl-all/2.0.2/jogl-all-2.0.2-natives-android-armv6.jar:/home/simon/.m2/repository/org/jogamp/jogl/jogl-all/2.0.2/jogl-all-2.0.2-natives-linux-amd64.jar:/home/simon/.m2/repository/org/jogamp/jogl/jogl-all/2.0.2/jogl-all-2.0.2-natives-linux-armv6.jar:/home/simon/.m2/repository/org/jogamp/jogl/jogl-all/2.0.2/jogl-all-2.0.2-natives-linux-armv6hf.jar:/home/simon/.m2/repository/org/jogamp/jogl/jogl-all/2.0.2/jogl-all-2.0.2-natives-linux-i586.jar:/home/simon/.m2/repository/org/jogamp/jogl/jogl-all/2.0.2/jogl-all-2.0.2-natives-macosx-universal.jar:/home/simon/.m2/repository/org/jogamp/jogl/jogl-all/2.0.2/jogl-all-2.0.2-natives-solaris-amd64.jar:/home/simon/.m2/repository/org/jogamp/jogl/jogl-all/2.0.2/jogl-all-2.0.2-natives-solaris-i586.jar:/home/simon/.m2/repository/org/jogamp/jogl/jogl-all/2.0.2/jogl-all-2.0.2-natives-windows-amd64.jar:/home/simon/.m2/repository/org/jogamp/jogl/jogl-all/2.0.2/jogl-all-2.0.2-natives-windows-i586.jar:/home/simon/.m2/repository/org/jogamp/gluegen/gluegen-rt-main/2.0.2/gluegen-rt-main-2.0.2.jar:/home/simon/.m2/repository/org/jogamp/gluegen/gluegen-rt/2.0.2/gluegen-rt-2.0.2.jar:/home/simon/.m2/repository/org/jogamp/gluegen/gluegen-rt/2.0.2/gluegen-rt-2.0.2-natives-android-armv6.jar:/home/simon/.m2/repository/org/jogamp/gluegen/gluegen-rt/2.0.2/gluegen-rt-2.0.2-natives-linux-amd64.jar:/home/simon/.m2/repository/org/jogamp/gluegen/gluegen-rt/2.0.2/gluegen-rt-2.0.2-natives-linux-armv6.jar:/home/simon/.m2/repository/org/jogamp/gluegen/gluegen-rt/2.0.2/gluegen-rt-2.0.2-natives-linux-armv6hf.jar:/home/simon/.m2/repository/
Launcher Type: SUN_STANDARD

Environment Variables:
PATH=/usr/local/sbin:/usr/local/bin:/usr/sbin:/usr/bin:/sbin:/bin:/usr/games:/usr/local/games:/opt/apache-maven-3.3.3/bin:/snap/bin:/home/simon/.rvm/bin
SHELL=/bin/bash
DISPLAY=:0

Signal Handlers:
SIGSEGV: [libjvm.so+0xa5e970], sa_mask[0]=11111111011111111101111111111110, sa_flags=SA_RESTART|SA_SIGINFO
SIGBUS: [libjvm.so+0xa5e970], sa_mask[0]=11111111011111111101111111111110, sa_flags=SA_RESTART|SA_SIGINFO
SIGFPE: [libjvm.so+0x8a9ff0], sa_mask[0]=11111111011111111101111111111110, sa_flags=SA_RESTART|SA_SIGINFO
SIGPIPE: [libjvm.so+0x8a9ff0], sa_mask[0]=11111111011111111101111111111110, sa_flags=SA_RESTART|SA_SIGINFO
SIGXFSZ: [libjvm.so+0x8a9ff0], sa_mask[0]=11111111011111111101111111111110, sa_flags=SA_RESTART|SA_SIGINFO
SIGILL: [libjvm.so+0x8a9ff0], sa_mask[0]=11111111011111111101111111111110, sa_flags=SA_RESTART|SA_SIGINFO
SIGUSR1: SIG_DFL, sa_mask[0]=00000000000000000000000000000000, sa_flags=none
SIGUSR2: [libjvm.so+0x8a9ea0], sa_mask[0]=00100000000000000000000000000000, sa_flags=SA_RESTART|SA_SIGINFO
SIGHUP: [libjvm.so+0x8aa370], sa_mask[0]=11111111011111111101111111111110, sa_flags=SA_RESTART|SA_SIGINFO
SIGINT: [libjvm.so+0x8aa370], sa_mask[0]=11111111011111111101111111111110, sa_flags=SA_RESTART|SA_SIGINFO
SIGTERM: [libjvm.so+0x8aa370], sa_mask[0]=11111111011111111101111111111110, sa_flags=SA_RESTART|SA_SIGINFO
SIGQUIT: [libjvm.so+0x8aa370], sa_mask[0]=11111111011111111101111111111110, sa_flags=SA_RESTART|SA_SIGINFO


---------------  S Y S T E M  ---------------

OS:DISTRIB_ID=Ubuntu
DISTRIB_RELEASE=16.04
DISTRIB_CODENAME=xenial
DISTRIB_DESCRIPTION="Ubuntu 16.04.1 LTS"

uname:Linux 4.4.0-45-generic #66-Ubuntu SMP Wed Oct 19 14:12:37 UTC 2016 x86_64
libc:glibc 2.23 NPTL 2.23 
rlimit: STACK 8192k, CORE 0k, NPROC 30542, NOFILE 65536, AS infinity
load average:0.46 0.54 0.42

/proc/meminfo:
MemTotal:        7859440 kB
MemFree:          105516 kB
MemAvailable:          0 kB
Buffers:            1072 kB
Cached:           530992 kB
SwapCached:            0 kB
Active:          7147612 kB
Inactive:         397268 kB
Active(anon):    7139340 kB
Inactive(anon):   392744 kB
Active(file):       8272 kB
Inactive(file):     4524 kB
Unevictable:          64 kB
Mlocked:              64 kB
SwapTotal:             0 kB
SwapFree:              0 kB
Dirty:                 0 kB
Writeback:             0 kB
AnonPages:       7013088 kB
Mapped:           257860 kB
Shmem:            519124 kB
Slab:              83952 kB
SReclaimable:      35316 kB
SUnreclaim:        48636 kB
KernelStack:       13888 kB
PageTables:        54156 kB
NFS_Unstable:          0 kB
Bounce:                0 kB
WritebackTmp:          0 kB
CommitLimit:     3929720 kB
Committed_AS:   12117288 kB
VmallocTotal:   34359738367 kB
VmallocUsed:           0 kB
VmallocChunk:          0 kB
HardwareCorrupted:     0 kB
AnonHugePages:   2430976 kB
CmaTotal:              0 kB
CmaFree:               0 kB
HugePages_Total:       0
HugePages_Free:        0
HugePages_Rsvd:        0
HugePages_Surp:        0
Hugepagesize:       2048 kB
DirectMap4k:      114832 kB
DirectMap2M:     3760128 kB
DirectMap1G:     4194304 kB


CPU:total 8 (4 cores per cpu, 2 threads per core) family 6 model 60 stepping 3, cmov, cx8, fxsr, mmx, sse, sse2, sse3, ssse3, sse4.1, sse4.2, popcnt, avx, avx2, aes, clmul, erms, lzcnt, ht, tsc, tscinvbit, bmi1, bmi2

/proc/cpuinfo:
processor	: 0
vendor_id	: GenuineIntel
cpu family	: 6
model		: 60
model name	: Intel(R) Core(TM) i7-4710MQ CPU @ 2.50GHz
stepping	: 3
microcode	: 0x19
cpu MHz		: 3271.386
cache size	: 6144 KB
physical id	: 0
siblings	: 8
core id		: 0
cpu cores	: 4
apicid		: 0
initial apicid	: 0
fpu		: yes
fpu_exception	: yes
cpuid level	: 13
wp		: yes
flags		: fpu vme de pse tsc msr pae mce cx8 apic sep mtrr pge mca cmov pat pse36 clflush dts acpi mmx fxsr sse sse2 ss ht tm pbe syscall nx pdpe1gb rdtscp lm constant_tsc arch_perfmon pebs bts rep_good nopl xtopology nonstop_tsc aperfmperf eagerfpu pni pclmulqdq dtes64 monitor ds_cpl vmx est tm2 ssse3 sdbg fma cx16 xtpr pdcm pcid sse4_1 sse4_2 movbe popcnt tsc_deadline_timer aes xsave avx f16c rdrand lahf_lm abm epb tpr_shadow vnmi flexpriority ept vpid fsgsbase tsc_adjust bmi1 avx2 smep bmi2 erms invpcid xsaveopt dtherm ida arat pln pts
bugs		:
bogomips	: 4988.39
clflush size	: 64
cache_alignment	: 64
address sizes	: 39 bits physical, 48 bits virtual
power management:

processor	: 1
vendor_id	: GenuineIntel
cpu family	: 6
model		: 60
model name	: Intel(R) Core(TM) i7-4710MQ CPU @ 2.50GHz
stepping	: 3
microcode	: 0x19
cpu MHz		: 3211.328
cache size	: 6144 KB
physical id	: 0
siblings	: 8
core id		: 0
cpu cores	: 4
apicid		: 1
initial apicid	: 1
fpu		: yes
fpu_exception	: yes
cpuid level	: 13
wp		: yes
flags		: fpu vme de pse tsc msr pae mce cx8 apic sep mtrr pge mca cmov pat pse36 clflush dts acpi mmx fxsr sse sse2 ss ht tm pbe syscall nx pdpe1gb rdtscp lm constant_tsc arch_perfmon pebs bts rep_good nopl xtopology nonstop_tsc aperfmperf eagerfpu pni pclmulqdq dtes64 monitor ds_cpl vmx est tm2 ssse3 sdbg fma cx16 xtpr pdcm pcid sse4_1 sse4_2 movbe popcnt tsc_deadline_timer aes xsave avx f16c rdrand lahf_lm abm epb tpr_shadow vnmi flexpriority ept vpid fsgsbase tsc_adjust bmi1 avx2 smep bmi2 erms invpcid xsaveopt dtherm ida arat pln pts
bugs		:
bogomips	: 4988.39
clflush size	: 64
cache_alignment	: 64
address sizes	: 39 bits physical, 48 bits virtual
power management:

processor	: 2
vendor_id	: GenuineIntel
cpu family	: 6
model		: 60
model name	: Intel(R) Core(TM) i7-4710MQ CPU @ 2.50GHz
stepping	: 3
microcode	: 0x19
cpu MHz		: 3187.890
cache size	: 6144 KB
physical id	: 0
siblings	: 8
core id		: 1
cpu cores	: 4
apicid		: 2
initial apicid	: 2
fpu		: yes
fpu_exception	: yes
cpuid level	: 13
wp		: yes
flags		: fpu vme de pse tsc msr pae mce cx8 apic sep mtrr pge mca cmov pat pse36 clflush dts acpi mmx fxsr sse sse2 ss ht tm pbe syscall nx pdpe1gb rdtscp lm constant_tsc arch_perfmon pebs bts rep_good nopl xtopology nonstop_tsc aperfmperf eagerfpu pni pclmulqdq dtes64 monitor ds_cpl vmx est tm2 ssse3 sdbg fma cx16 xtpr pdcm pcid sse4_1 sse4_2 movbe popcnt tsc_deadline_timer aes xsave avx f16c rdrand lahf_lm abm epb tpr_shadow vnmi flexpriority ept vpid fsgsbase tsc_adjust bmi1 avx2 smep bmi2 erms invpcid xsaveopt dtherm ida arat pln pts
bugs		:
bogomips	: 4988.39
clflush size	: 64
cache_alignment	: 64
address sizes	: 39 bits physical, 48 bits virtual
power management:

processor	: 3
vendor_id	: GenuineIntel
cpu family	: 6
model		: 60
model name	: Intel(R) Core(TM) i7-4710MQ CPU @ 2.50GHz
stepping	: 3
microcode	: 0x19
cpu MHz		: 3160.839
cache size	: 6144 KB
physical id	: 0
siblings	: 8
core id		: 1
cpu cores	: 4
apicid		: 3
initial apicid	: 3
fpu		: yes
fpu_exception	: yes
cpuid level	: 13
wp		: yes
flags		: fpu vme de pse tsc msr pae mce cx8 apic sep mtrr pge mca cmov pat pse36 clflush dts acpi mmx fxsr sse sse2 ss ht tm pbe syscall nx pdpe1gb rdtscp lm constant_tsc arch_perfmon pebs bts rep_good nopl xtopology nonstop_tsc aperfmperf eagerfpu pni pclmulqdq dtes64 monitor ds_cpl vmx est tm2 ssse3 sdbg fma cx16 xtpr pdcm pcid sse4_1 sse4_2 movbe popcnt tsc_deadline_timer aes xsave avx f16c rdrand lahf_lm abm epb tpr_shadow vnmi flexpriority ept vpid fsgsbase tsc_adjust bmi1 avx2 smep bmi2 erms invpcid xsaveopt dtherm ida arat pln pts
bugs		:
bogomips	: 4988.39
clflush size	: 64
cache_alignment	: 64
address sizes	: 39 bits physical, 48 bits virtual
power management:

processor	: 4
vendor_id	: GenuineIntel
cpu family	: 6
model		: 60
model name	: Intel(R) Core(TM) i7-4710MQ CPU @ 2.50GHz
stepping	: 3
microcode	: 0x19
cpu MHz		: 3113.671
cache size	: 6144 KB
physical id	: 0
siblings	: 8
core id		: 2
cpu cores	: 4
apicid		: 4
initial apicid	: 4
fpu		: yes
fpu_exception	: yes
cpuid level	: 13
wp		: yes
flags		: fpu vme de pse tsc msr pae mce cx8 apic sep mtrr pge mca cmov pat pse36 clflush dts acpi mmx fxsr sse sse2 ss ht tm pbe syscall nx pdpe1gb rdtscp lm constant_tsc arch_perfmon pebs bts rep_good nopl xtopology nonstop_tsc aperfmperf eagerfpu pni pclmulqdq dtes64 monitor ds_cpl vmx est tm2 ssse3 sdbg fma cx16 xtpr pdcm pcid sse4_1 sse4_2 movbe popcnt tsc_deadline_timer aes xsave avx f16c rdrand lahf_lm abm epb tpr_shadow vnmi flexpriority ept vpid fsgsbase tsc_adjust bmi1 avx2 smep bmi2 erms invpcid xsaveopt dtherm ida arat pln pts
bugs		:
bogomips	: 4988.39
clflush size	: 64
cache_alignment	: 64
address sizes	: 39 bits physical, 48 bits virtual
power management:

processor	: 5
vendor_id	: GenuineIntel
cpu family	: 6
model		: 60
model name	: Intel(R) Core(TM) i7-4710MQ CPU @ 2.50GHz
stepping	: 3
microcode	: 0x19
cpu MHz		: 2730.273
cache size	: 6144 KB
physical id	: 0
siblings	: 8
core id		: 2
cpu cores	: 4
apicid		: 5
initial apicid	: 5
fpu		: yes
fpu_exception	: yes
cpuid level	: 13
wp		: yes
flags		: fpu vme de pse tsc msr pae mce cx8 apic sep mtrr pge mca cmov pat pse36 clflush dts acpi mmx fxsr sse sse2 ss ht tm pbe syscall nx pdpe1gb rdtscp lm constant_tsc arch_perfmon pebs bts rep_good nopl xtopology nonstop_tsc aperfmperf eagerfpu pni pclmulqdq dtes64 monitor ds_cpl vmx est tm2 ssse3 sdbg fma cx16 xtpr pdcm pcid sse4_1 sse4_2 movbe popcnt tsc_deadline_timer aes xsave avx f16c rdrand lahf_lm abm epb tpr_shadow vnmi flexpriority ept vpid fsgsbase tsc_adjust bmi1 avx2 smep bmi2 erms invpcid xsaveopt dtherm ida arat pln pts
bugs		:
bogomips	: 4988.39
clflush size	: 64
cache_alignment	: 64
address sizes	: 39 bits physical, 48 bits virtual
power management:

processor	: 6
vendor_id	: GenuineIntel
cpu family	: 6
model		: 60
model name	: Intel(R) Core(TM) i7-4710MQ CPU @ 2.50GHz
stepping	: 3
microcode	: 0x19
cpu MHz		: 3042.871
cache size	: 6144 KB
physical id	: 0
siblings	: 8
core id		: 3
cpu cores	: 4
apicid		: 6
initial apicid	: 6
fpu		: yes
fpu_exception	: yes
cpuid level	: 13
wp		: yes
flags		: fpu vme de pse tsc msr pae mce cx8 apic sep mtrr pge mca cmov pat pse36 clflush dts acpi mmx fxsr sse sse2 ss ht tm pbe syscall nx pdpe1gb rdtscp lm constant_tsc arch_perfmon pebs bts rep_good nopl xtopology nonstop_tsc aperfmperf eagerfpu pni pclmulqdq dtes64 monitor ds_cpl vmx est tm2 ssse3 sdbg fma cx16 xtpr pdcm pcid sse4_1 sse4_2 movbe popcnt tsc_deadline_timer aes xsave avx f16c rdrand lahf_lm abm epb tpr_shadow vnmi flexpriority ept vpid fsgsbase tsc_adjust bmi1 avx2 smep bmi2 erms invpcid xsaveopt dtherm ida arat pln pts
bugs		:
bogomips	: 4988.39
clflush size	: 64
cache_alignment	: 64
address sizes	: 39 bits physical, 48 bits virtual
power management:

processor	: 7
vendor_id	: GenuineIntel
cpu family	: 6
model		: 60
model name	: Intel(R) Core(TM) i7-4710MQ CPU @ 2.50GHz
stepping	: 3
microcode	: 0x19
cpu MHz		: 3071.386
cache size	: 6144 KB
physical id	: 0
siblings	: 8
core id		: 3
cpu cores	: 4
apicid		: 7
initial apicid	: 7
fpu		: yes
fpu_exception	: yes
cpuid level	: 13
wp		: yes
flags		: fpu vme de pse tsc msr pae mce cx8 apic sep mtrr pge mca cmov pat pse36 clflush dts acpi mmx fxsr sse sse2 ss ht tm pbe syscall nx pdpe1gb rdtscp lm constant_tsc arch_perfmon pebs bts rep_good nopl xtopology nonstop_tsc aperfmperf eagerfpu pni pclmulqdq dtes64 monitor ds_cpl vmx est tm2 ssse3 sdbg fma cx16 xtpr pdcm pcid sse4_1 sse4_2 movbe popcnt tsc_deadline_timer aes xsave avx f16c rdrand lahf_lm abm epb tpr_shadow vnmi flexpriority ept vpid fsgsbase tsc_adjust bmi1 avx2 smep bmi2 erms invpcid xsaveopt dtherm ida arat pln pts
bugs		:
bogomips	: 4988.39
clflush size	: 64
cache_alignment	: 64
address sizes	: 39 bits physical, 48 bits virtual
power management:



Memory: 4k page, physical 7859440k(106436k free), swap 0k(0k free)

vm_info: OpenJDK 64-Bit Server VM (25.91-b14) for linux-amd64 JRE (1.8.0_91-8u91-b14-3ubuntu1~16.04.1-b14), built on Jul 21 2016 04:13:34 by "buildd" with gcc 5.3.1 20160413

time: Wed Nov  2 16:41:11 2016
elapsed time: 2 seconds (0d 0h 0m 2s)

